<<<<<<< HEAD
﻿STEAMAUTH: Client KaiserSoze received failure code 6
L 09/05/2013 - 10:14:56: STEAMAUTH: Client KaiserSoze received failure code 6
L 09/05/2013 - 10:14:56: "KaiserSoze<21><STEAM_1:1:34140120><CT>" disconnected (reason "No Steam logon")
Dropped KaiserSoze from server (No Steam logon)
L 09/05/2013 - 10:14:56: server_cvar: "nextlevel" "de_dust"
L 09/05/2013 - 10:14:58: "$able<22><STEAM_1:0:12763314><TERRORIST>" disconnected (reason "$able timed out")
Dropped $able from server ($able timed out)
CHANGELEVEL: ConVar 'nextlevel' is set, next map will be 'de_dust'
CHANGELEVEL: Not changing level, mp_match_end_restart is false, mp_match_end_changelevel is false 
L 09/05/2013 - 10:15:01: server_cvar: "nextlevel" ""
L 09/05/2013 - 10:15:01: World triggered "Round_Start"
-> Reservation cookie 0:  reason reserved(yes), clients(no), reservationexpires(0.00)
Server is hibernating
L 09/05/2013 - 10:15:03: "Battle Pro Beta TV GOTV<20><BOT><Unassigned>" disconnected (reason "Punting bot, server is hibernating")
Game will not start until both teams have players.
Banning 66.199.234.66 for rcon hacking attempts
L 09/05/2013 - 10:47:47: Addip: "<><><>" was banned by IP "permanently" by "Console" (IP "66.199.234.66")
-> Reservation cookie 18600007d0ab265:  reason ReplyReservationRequest
ApplyGameSettings: Map ar_shoots not part of Mapgroup mg_bomb
ApplyGameSettings: MapGroup mg_bomb not part of type gungame mode deathmatch
=======
<<<<<<< HEAD
﻿Connection to Steam servers lost.  (Result = 3)
Connection to Steam servers successful.
   Public IP is 173.199.104.17.
Assigned anonymous gameserver Steam ID [A:1:1563888642(3624)].
VAC secure mode is activated.
Banning 66.199.234.66 for rcon hacking attempts
L 09/04/2013 - 00:08:36: Addip: "<><><>" was banned by IP "permanently" by "Console" (IP "66.199.234.66")
Banning 66.199.234.66 for rcon hacking attempts
L 09/04/2013 - 00:54:48: Addip: "<><><>" was banned by IP "permanently" by "Console" (IP "66.199.234.66")
Banning 66.199.234.66 for rcon hacking attempts
L 09/04/2013 - 01:24:37: Addip: "<><><>" was banned by IP "permanently" by "Console" (IP "66.199.234.66")
Banning 66.199.234.66 for rcon hacking attempts
L 09/04/2013 - 01:38:30: Addip: "<><><>" was banned by IP "permanently" by "Console" (IP "66.199.234.66")
Banning 66.199.234.66 for rcon hacking attempts
L 09/04/2013 - 02:08:03: Addip: "<><><>" was banned by IP "permanently" by "Console" (IP "66.199.234.66")
Banning 66.199.234.66 for rcon hacking attempts
L 09/04/2013 - 02:24:25: Addip: "<><><>" was banned by IP "permanently" by "Console" (IP "66.199.234.66")
Banning 66.199.234.66 for rcon hacking attempts
L 09/04/2013 - 02:38:55: Addip: "<><><>" was banned by IP "permanently" by "Console" (IP "66.199.234.66")
Banning 66.199.234.66 for rcon hacking attempts
L 09/04/2013 - 03:10:11: Addip: "<><><>" was banned by IP "permanently" by "Console" (IP "66.199.234.66")
Banning 66.199.234.66 for rcon hacking attempts
L 09/04/2013 - 04:37:27: Addip: "<><><>" was banned by IP "permanently" by "Console" (IP "66.199.234.66")
Banning 66.199.234.66 for rcon hacking attempts
L 09/04/2013 - 04:54:16: Addip: "<><><>" was banned by IP "permanently" by "Console" (IP "66.199.234.66")
Banning 66.199.234.66 for rcon hacking attempts
L 09/04/2013 - 05:24:27: Addip: "<><><>" was banned by IP "permanently" by "Console" (IP "66.199.234.66")
Banning 66.199.234.66 for rcon hacking attempts
L 09/04/2013 - 05:52:27: Addip: "<><><>" was banned by IP "permanently" by "Console" (IP "66.199.234.66")
Banning 66.199.234.66 for rcon hacking attempts
L 09/04/2013 - 06:09:30: Addip: "<><><>" was banned by IP "permanently" by "Console" (IP "66.199.234.66")
Banning 66.199.234.66 for rcon hacking attempts
L 09/04/2013 - 08:39:26: Addip: "<><><>" was banned by IP "permanently" by "Console" (IP "66.199.234.66")
Banning 66.199.234.66 for rcon hacking attempts
L 09/04/2013 - 08:54:26: Addip: "<><><>" was banned by IP "permanently" by "Console" (IP "66.199.234.66")
Banning 66.199.234.66 for rcon hacking attempts
L 09/04/2013 - 09:10:57: Addip: "<><><>" was banned by IP "permanently" by "Console" (IP "66.199.234.66")
Banning 66.199.234.66 for rcon hacking attempts
L 09/04/2013 - 10:37:37: Addip: "<><><>" was banned by IP "permanently" by "Console" (IP "66.199.234.66")
Banning 66.199.234.66 for rcon hacking attempts
L 09/04/2013 - 10:50:51: Addip: "<><><>" was banned by IP "permanently" by "Console" (IP "66.199.234.66")
Banning 66.199.234.66 for rcon hacking attempts
L 09/04/2013 - 12:06:02: Addip: "<><><>" was banned by IP "permanently" by "Console" (IP "66.199.234.66")
Banning 66.199.234.66 for rcon hacking attempts
L 09/04/2013 - 13:06:35: Addip: "<><><>" was banned by IP "permanently" by "Console" (IP "66.199.234.66")
Banning 66.199.234.66 for rcon hacking attempts
L 09/04/2013 - 13:22:19: Addip: "<><><>" was banned by IP "permanently" by "Console" (IP "66.199.234.66")
Banning 66.199.234.66 for rcon hacking attempts
L 09/04/2013 - 14:26:41: Addip: "<><><>" was banned by IP "permanently" by "Console" (IP "66.199.234.66")
Banning 66.199.234.66 for rcon hacking attempts
L 09/04/2013 - 14:39:48: Addip: "<><><>" was banned by IP "permanently" by "Console" (IP "66.199.234.66")
Banning 66.199.234.66 for rcon hacking attempts
L 09/04/2013 - 16:06:54: Addip: "<><><>" was banned by IP "permanently" by "Console" (IP "66.199.234.66")
Banning 66.199.234.66 for rcon hacking attempts
L 09/04/2013 - 16:40:50: Addip: "<><><>" was banned by IP "permanently" by "Console" (IP "66.199.234.66")
Banning 66.199.234.66 for rcon hacking attempts
L 09/04/2013 - 17:29:29: Addip: "<><><>" was banned by IP "permanently" by "Console" (IP "66.199.234.66")
Banning 66.199.234.66 for rcon hacking attempts
L 09/04/2013 - 17:46:50: Addip: "<><><>" was banned by IP "permanently" by "Console" (IP "66.199.234.66")
Banning 66.199.234.66 for rcon hacking attempts
L 09/04/2013 - 19:47:10: Addip: "<><><>" was banned by IP "permanently" by "Console" (IP "66.199.234.66")
Banning 66.199.234.66 for rcon hacking attempts
L 09/04/2013 - 21:47:15: Addip: "<><><>" was banned by IP "permanently" by "Console" (IP "66.199.234.66")
Banning 66.199.234.66 for rcon hacking attempts
L 09/04/2013 - 23:33:03: Addip: "<><><>" was banned by IP "permanently" by "Console" (IP "66.199.234.66")
Banning 66.199.234.66 for rcon hacking attempts
L 09/05/2013 - 00:22:29: Addip: "<><><>" was banned by IP "permanently" by "Console" (IP "66.199.234.66")
Banning 66.199.234.66 for rcon hacking attempts
L 09/05/2013 - 01:20:30: Addip: "<><><>" was banned by IP "permanently" by "Console" (IP "66.199.234.66")
Banning 66.199.234.66 for rcon hacking attempts
L 09/05/2013 - 02:07:31: Addip: "<><><>" was banned by IP "permanently" by "Console" (IP "66.199.234.66")
Banning 66.199.234.66 for rcon hacking attempts
L 09/05/2013 - 02:37:35: Addip: "<><><>" was banned by IP "permanently" by "Console" (IP "66.199.234.66")
Banning 66.199.234.66 for rcon hacking attempts
L 09/05/2013 - 03:24:20: Addip: "<><><>" was banned by IP "permanently" by "Console" (IP "66.199.234.66")
Banning 66.199.234.66 for rcon hacking attempts
L 09/05/2013 - 04:08:40: Addip: "<><><>" was banned by IP "permanently" by "Console" (IP "66.199.234.66")
Banning 66.199.234.66 for rcon hacking attempts
L 09/05/2013 - 04:45:47: Addip: "<><><>" was banned by IP "permanently" by "Console" (IP "66.199.234.66")
Banning 66.199.234.66 for rcon hacking attempts
L 09/05/2013 - 06:03:54: Addip: "<><><>" was banned by IP "permanently" by "Console" (IP "66.199.234.66")
Banning 66.199.234.66 for rcon hacking attempts
L 09/05/2013 - 07:01:29: Addip: "<><><>" was banned by IP "permanently" by "Console" (IP "66.199.234.66")
Banning 66.199.234.66 for rcon hacking attempts
L 09/05/2013 - 09:02:15: Addip: "<><><>" was banned by IP "permanently" by "Console" (IP "66.199.234.66")
Banning 66.199.234.66 for rcon hacking attempts
L 09/05/2013 - 09:32:55: Addip: "<><><>" was banned by IP "permanently" by "Console" (IP "66.199.234.66")
-> Reservation cookie 18600007d0862c6:  reason ReplyReservationRequest
ApplyGameSettings: Map ar_shoots not part of Mapgroup mg_bomb
ApplyGameSettings: MapGroup mg_bomb not part of type gungame mode deathmatch
Executing server command:
mapgroup mg_bomb
nextlevel ar_shoots
map ar_shoots reserved

---
Setting mapgroup to 'mg_bomb'
L 09/05/2013 - 09:33:45: server_cvar: "nextlevel" "ar_shoots"
Server waking up from hibernation
L 09/05/2013 - 09:33:45: [META] Loaded 0 plugins (1 already loaded)
---- Host_Changelevel ----
L 09/05/2013 - 09:33:45: [META] Loaded 0 plugins (1 already loaded)
*** Map Load: ar_shoots: Map Group mg_bombL 09/05/2013 - 09:33:45: Loading map "ar_shoots"
L 09/05/2013 - 09:33:45: server cvars start
L 09/05/2013 - 09:33:45: "cash_player_killed_teammate" = "0"
L 09/05/2013 - 09:33:45: "sv_maxspeed" = "320"
L 09/05/2013 - 09:33:45: "cash_player_respawn_amount" = "0"
L 09/05/2013 - 09:33:45: "cash_team_rescued_hostage" = "0"
L 09/05/2013 - 09:33:45: "cash_team_win_by_defusing_bomb" = "0"
L 09/05/2013 - 09:33:45: "sv_rollangle" = "0"
L 09/05/2013 - 09:33:45: "r_AirboatViewZHeight" = "0.0"
L 09/05/2013 - 09:33:45: "sv_cheats" = "0"
L 09/05/2013 - 09:33:45: "r_VehicleViewDampen" = "1"
L 09/05/2013 - 09:33:45: "metamod_version" = "1.10.0-devV"
L 09/05/2013 - 09:33:45: "mp_allowNPCs" = "1"
L 09/05/2013 - 09:33:45: "mp_tournament" = "0"
L 09/05/2013 - 09:33:45: "sv_spec_hear" = "1"
L 09/05/2013 - 09:33:45: "cash_player_interact_with_hostage" = "0"
L 09/05/2013 - 09:33:45: "mp_flashlight" = "0"
L 09/05/2013 - 09:33:45: "mp_maxrounds" = "0"
L 09/05/2013 - 09:33:45: "sv_tags" = ""
L 09/05/2013 - 09:33:45: "sv_stepsize" = "18"
L 09/05/2013 - 09:33:45: "mp_teamlist" = "hgrunt;scientist"
L 09/05/2013 - 09:33:45: "sv_alltalk" = "1"
L 09/05/2013 - 09:33:45: "mp_footsteps" = "1"
L 09/05/2013 - 09:33:45: "sv_noclipaccelerate" = "5"
L 09/05/2013 - 09:33:45: "sv_wateraccelerate" = "10"
L 09/05/2013 - 09:33:45: "mp_autocrosshair" = "1"
L 09/05/2013 - 09:33:45: "mp_stalemate_enable" = "0"
L 09/05/2013 - 09:33:45: "sourcemod_version" = "1.5.0-dev+3755"
L 09/05/2013 - 09:33:45: "cash_team_elimination_bomb_map" = "0"
L 09/05/2013 - 09:33:45: "cash_player_get_killed" = "0"
L 09/05/2013 - 09:33:45: "mp_roundtime_defuse" = "0"
L 09/05/2013 - 09:33:45: "sv_autobuyammo" = "1"
L 09/05/2013 - 09:33:45: "sv_rollspeed" = "200"
L 09/05/2013 - 09:33:45: "sv_airaccelerate" = "10"
L 09/05/2013 - 09:33:45: "mp_teams_unbalance_limit" = "1"
L 09/05/2013 - 09:33:45: "mp_timelimit" = "10"
L 09/05/2013 - 09:33:45: "cash_team_loser_bonus" = "0"
L 09/05/2013 - 09:33:45: "sv_deadtalk" = "1"
L 09/05/2013 - 09:33:45: "cash_player_rescued_hostage" = "0"
L 09/05/2013 - 09:33:45: "sv_waterfriction" = "1"
L 09/05/2013 - 09:33:45: "sv_competitive_official_5v5" = "0"
L 09/05/2013 - 09:33:45: "sv_steamgroup" = ""
L 09/05/2013 - 09:33:45: "cash_player_killed_enemy_default" = "0"
L 09/05/2013 - 09:33:45: "coop" = "0"
L 09/05/2013 - 09:33:45: "mp_respawnwavetime" = "10.0"
L 09/05/2013 - 09:33:45: "nextlevel" = "ar_shoots"
L 09/05/2013 - 09:33:45: "sv_stopspeed" = "75"
L 09/05/2013 - 09:33:45: "sv_specaccelerate" = "5"
L 09/05/2013 - 09:33:45: "deathmatch" = "1"
L 09/05/2013 - 09:33:45: "tv_enable" = "1"
L 09/05/2013 - 09:33:45: "mp_falldamage" = "0"
L 09/05/2013 - 09:33:45: "mp_teammates_are_enemies" = "0"
L 09/05/2013 - 09:33:45: "mp_roundtime_hostage" = "0"
L 09/05/2013 - 09:33:45: "mp_freezetime" = "0"
L 09/05/2013 - 09:33:45: "sv_accelerate_use_weapon_speed" = "0"
L 09/05/2013 - 09:33:45: "sv_voiceenable" = "1"
L 09/05/2013 - 09:33:45: "sv_bounce" = "0"
L 09/05/2013 - 09:33:45: "r_AirboatViewDampenFreq" = "7.0"
L 09/05/2013 - 09:33:45: "mp_disable_respawn_times" = "0"
L 09/05/2013 - 09:33:45: "mp_weaponstay" = "0"
L 09/05/2013 - 09:33:45: "mp_hostagepenalty" = "10"
L 09/05/2013 - 09:33:45: "tv_advertise_watchable" = "0"
L 09/05/2013 - 09:33:45: "mp_friendlyfire" = "1"
L 09/05/2013 - 09:33:45: "sv_noclipspeed" = "5"
L 09/05/2013 - 09:33:45: "cash_team_hostage_interaction" = "0"
L 09/05/2013 - 09:33:45: "sv_allchat" = "1"
L 09/05/2013 - 09:33:45: "cash_team_win_by_time_running_out_bomb" = "0"
L 09/05/2013 - 09:33:45: "mp_buy_during_immunity" = "1"
L 09/05/2013 - 09:33:45: "cash_player_killed_enemy_factor" = "0"
L 09/05/2013 - 09:33:45: "r_JeepViewDampenDamp" = "1.0"
L 09/05/2013 - 09:33:45: "mp_c4timer" = "45"
L 09/05/2013 - 09:33:45: "r_AirboatViewDampenDamp" = "1.0"
L 09/05/2013 - 09:33:45: "sv_competitive_minspec" = "1"
L 09/05/2013 - 09:33:45: "sm_nextmap" = ""
L 09/05/2013 - 09:33:45: "mp_stalemate_at_timelimit" = "0"
L 09/05/2013 - 09:33:45: "sv_footsteps" = "1"
L 09/05/2013 - 09:33:45: "mp_limitteams" = "0"
L 09/05/2013 - 09:33:45: "sv_vote_issue_kick_allowed" = "1"
L 09/05/2013 - 09:33:45: "tv_relaypassword" = ""
L 09/05/2013 - 09:33:45: "mp_teamplay" = "0"
L 09/05/2013 - 09:33:45: "cash_team_terrorist_win_bomb" = "0"
L 09/05/2013 - 09:33:45: "cash_team_elimination_hostage_map_t" = "0"
L 09/05/2013 - 09:33:45: "r_JeepViewDampenFreq" = "7.0"
L 09/05/2013 - 09:33:45: "sv_specnoclip" = "1"
L 09/05/2013 - 09:33:45: "sv_friction" = "4.8"
L 09/05/2013 - 09:33:45: "cash_team_win_by_time_running_out_hostage" = "0"
L 09/05/2013 - 09:33:45: "cash_player_bomb_planted" = "0"
L 09/05/2013 - 09:33:45: "mp_autoteambalance" = "0"
L 09/05/2013 - 09:33:45: "sv_contact" = ""
L 09/05/2013 - 09:33:45: "sv_vote_kick_ban_duration" = "15"
L 09/05/2013 - 09:33:45: "cash_player_bomb_defused" = "0"
L 09/05/2013 - 09:33:45: "mp_roundtime" = "10"
L 09/05/2013 - 09:33:45: "sv_kick_ban_duration" = "15"
L 09/05/2013 - 09:33:45: "cash_team_planted_bomb_but_defused" = "0"
L 09/05/2013 - 09:33:45: "cash_player_killed_hostage" = "0"
L 09/05/2013 - 09:33:45: "mp_fraglimit" = "0"
L 09/05/2013 - 09:33:45: "mp_forcerespawn" = "1"
L 09/05/2013 - 09:33:45: "decalfrequency" = "10"
L 09/05/2013 - 09:33:45: "mp_buy_anywhere" = "1"
L 09/05/2013 - 09:33:45: "sv_accelerate" = "5.6"
L 09/05/2013 - 09:33:45: "mp_winlimit" = "0"
L 09/05/2013 - 09:33:45: "sv_gravity" = "800"
L 09/05/2013 - 09:33:45: "sv_password" = "battle2011"
L 09/05/2013 - 09:33:45: "cash_team_elimination_hostage_map_ct" = "0"
L 09/05/2013 - 09:33:45: "cash_team_win_by_hostage_rescue" = "0"
L 09/05/2013 - 09:33:45: "r_JeepViewZHeight" = "10.0"
L 09/05/2013 - 09:33:45: "cash_team_loser_bonus_consecutive_rounds" = "0"
L 09/05/2013 - 09:33:45: "cash_player_damage_hostage" = "0"
L 09/05/2013 - 09:33:45: "cash_team_hostage_alive" = "0"
L 09/05/2013 - 09:33:45: "tv_password" = "battle2011"
L 09/05/2013 - 09:33:45: "sv_specspeed" = "3"
L 09/05/2013 - 09:33:45: server cvars end
L 09/05/2013 - 09:33:45: Started map "ar_shoots" (CRC "-1646274097")
L 09/05/2013 - 09:33:45: -------- Mapchange to ar_shoots --------
=======
﻿-> Reservation cookie 18600007cba5deb:  reason ReplyReservationRequest
ApplyGameSettings: Map ar_baggage not part of Mapgroup 
ApplyGameSettings: MapGroup  not part of type classic mode competitive
>>>>>>> a50f1e7885c71edd1cf8cf2d72733bfee233e3df
Executing server command:
mapgroup mg_bomb
nextlevel ar_shoots
map ar_shoots reserved

---
Setting mapgroup to 'mg_bomb'
L 09/05/2013 - 12:29:10: server_cvar: "nextlevel" "ar_shoots"
Server waking up from hibernation
L 09/05/2013 - 12:29:10: [META] Loaded 0 plugins (1 already loaded)
---- Host_Changelevel ----
<<<<<<< HEAD
L 09/05/2013 - 12:29:10: [META] Loaded 0 plugins (1 already loaded)
*** Map Load: ar_shoots: Map Group mg_bombL 09/05/2013 - 12:29:10: Loading map "ar_shoots"
L 09/05/2013 - 12:29:10: server cvars start
L 09/05/2013 - 12:29:10: "cash_player_killed_teammate" = "0"
L 09/05/2013 - 12:29:10: "sv_maxspeed" = "320"
L 09/05/2013 - 12:29:10: "cash_player_respawn_amount" = "0"
L 09/05/2013 - 12:29:10: "cash_team_rescued_hostage" = "0"
L 09/05/2013 - 12:29:10: "cash_team_win_by_defusing_bomb" = "0"
L 09/05/2013 - 12:29:10: "sv_rollangle" = "0"
L 09/05/2013 - 12:29:10: "r_AirboatViewZHeight" = "0.0"
L 09/05/2013 - 12:29:10: "sv_cheats" = "0"
L 09/05/2013 - 12:29:10: "r_VehicleViewDampen" = "1"
L 09/05/2013 - 12:29:10: "metamod_version" = "1.10.0-devV"
L 09/05/2013 - 12:29:10: "mp_allowNPCs" = "1"
L 09/05/2013 - 12:29:10: "mp_tournament" = "0"
L 09/05/2013 - 12:29:10: "sv_spec_hear" = "1"
L 09/05/2013 - 12:29:10: "cash_player_interact_with_hostage" = "0"
L 09/05/2013 - 12:29:10: "mp_flashlight" = "0"
L 09/05/2013 - 12:29:10: "mp_maxrounds" = "0"
L 09/05/2013 - 12:29:10: "sv_tags" = ""
L 09/05/2013 - 12:29:10: "sv_stepsize" = "18"
L 09/05/2013 - 12:29:10: "mp_teamlist" = "hgrunt;scientist"
L 09/05/2013 - 12:29:10: "sv_alltalk" = "1"
L 09/05/2013 - 12:29:10: "mp_footsteps" = "1"
L 09/05/2013 - 12:29:10: "sv_noclipaccelerate" = "5"
L 09/05/2013 - 12:29:10: "sv_wateraccelerate" = "10"
L 09/05/2013 - 12:29:10: "mp_autocrosshair" = "1"
L 09/05/2013 - 12:29:10: "mp_stalemate_enable" = "0"
L 09/05/2013 - 12:29:10: "sourcemod_version" = "1.5.0-dev+3755"
L 09/05/2013 - 12:29:10: "cash_team_elimination_bomb_map" = "0"
L 09/05/2013 - 12:29:10: "cash_player_get_killed" = "0"
L 09/05/2013 - 12:29:10: "mp_roundtime_defuse" = "0"
L 09/05/2013 - 12:29:10: "sv_autobuyammo" = "1"
L 09/05/2013 - 12:29:10: "sv_rollspeed" = "200"
L 09/05/2013 - 12:29:10: "sv_airaccelerate" = "10"
L 09/05/2013 - 12:29:10: "mp_teams_unbalance_limit" = "1"
L 09/05/2013 - 12:29:10: "mp_timelimit" = "10"
L 09/05/2013 - 12:29:10: "cash_team_loser_bonus" = "0"
L 09/05/2013 - 12:29:10: "sv_deadtalk" = "1"
L 09/05/2013 - 12:29:10: "cash_player_rescued_hostage" = "0"
L 09/05/2013 - 12:29:10: "sv_waterfriction" = "1"
L 09/05/2013 - 12:29:10: "sv_competitive_official_5v5" = "0"
L 09/05/2013 - 12:29:10: "sv_steamgroup" = ""
L 09/05/2013 - 12:29:10: "cash_player_killed_enemy_default" = "0"
L 09/05/2013 - 12:29:10: "coop" = "0"
L 09/05/2013 - 12:29:10: "mp_respawnwavetime" = "10.0"
L 09/05/2013 - 12:29:10: "nextlevel" = "ar_shoots"
L 09/05/2013 - 12:29:10: "sv_stopspeed" = "75"
L 09/05/2013 - 12:29:10: "sv_specaccelerate" = "5"
L 09/05/2013 - 12:29:10: "deathmatch" = "1"
L 09/05/2013 - 12:29:10: "tv_enable" = "1"
L 09/05/2013 - 12:29:10: "mp_falldamage" = "0"
L 09/05/2013 - 12:29:10: "mp_teammates_are_enemies" = "0"
L 09/05/2013 - 12:29:10: "mp_roundtime_hostage" = "0"
L 09/05/2013 - 12:29:10: "mp_freezetime" = "0"
L 09/05/2013 - 12:29:10: "sv_accelerate_use_weapon_speed" = "0"
L 09/05/2013 - 12:29:10: "sv_voiceenable" = "1"
L 09/05/2013 - 12:29:10: "sv_bounce" = "0"
L 09/05/2013 - 12:29:10: "r_AirboatViewDampenFreq" = "7.0"
L 09/05/2013 - 12:29:10: "mp_disable_respawn_times" = "0"
L 09/05/2013 - 12:29:10: "mp_weaponstay" = "0"
L 09/05/2013 - 12:29:10: "mp_hostagepenalty" = "10"
L 09/05/2013 - 12:29:10: "tv_advertise_watchable" = "0"
L 09/05/2013 - 12:29:10: "mp_friendlyfire" = "1"
L 09/05/2013 - 12:29:10: "sv_noclipspeed" = "5"
L 09/05/2013 - 12:29:10: "cash_team_hostage_interaction" = "0"
L 09/05/2013 - 12:29:10: "sv_allchat" = "1"
L 09/05/2013 - 12:29:10: "cash_team_win_by_time_running_out_bomb" = "0"
L 09/05/2013 - 12:29:10: "mp_buy_during_immunity" = "1"
L 09/05/2013 - 12:29:10: "cash_player_killed_enemy_factor" = "0"
L 09/05/2013 - 12:29:10: "r_JeepViewDampenDamp" = "1.0"
L 09/05/2013 - 12:29:10: "mp_c4timer" = "45"
L 09/05/2013 - 12:29:10: "r_AirboatViewDampenDamp" = "1.0"
L 09/05/2013 - 12:29:10: "sv_competitive_minspec" = "1"
L 09/05/2013 - 12:29:10: "sm_nextmap" = ""
L 09/05/2013 - 12:29:10: "mp_stalemate_at_timelimit" = "0"
L 09/05/2013 - 12:29:10: "sv_footsteps" = "1"
L 09/05/2013 - 12:29:10: "mp_limitteams" = "0"
L 09/05/2013 - 12:29:10: "sv_vote_issue_kick_allowed" = "1"
L 09/05/2013 - 12:29:10: "tv_relaypassword" = ""
L 09/05/2013 - 12:29:10: "mp_teamplay" = "0"
L 09/05/2013 - 12:29:10: "cash_team_terrorist_win_bomb" = "0"
L 09/05/2013 - 12:29:10: "cash_team_elimination_hostage_map_t" = "0"
L 09/05/2013 - 12:29:10: "r_JeepViewDampenFreq" = "7.0"
L 09/05/2013 - 12:29:10: "sv_specnoclip" = "1"
L 09/05/2013 - 12:29:10: "sv_friction" = "4.8"
L 09/05/2013 - 12:29:10: "cash_team_win_by_time_running_out_hostage" = "0"
L 09/05/2013 - 12:29:10: "cash_player_bomb_planted" = "0"
L 09/05/2013 - 12:29:10: "mp_autoteambalance" = "0"
L 09/05/2013 - 12:29:10: "sv_contact" = ""
L 09/05/2013 - 12:29:10: "sv_vote_kick_ban_duration" = "15"
L 09/05/2013 - 12:29:10: "cash_player_bomb_defused" = "0"
L 09/05/2013 - 12:29:10: "mp_roundtime" = "10"
L 09/05/2013 - 12:29:10: "sv_kick_ban_duration" = "15"
L 09/05/2013 - 12:29:10: "cash_team_planted_bomb_but_defused" = "0"
L 09/05/2013 - 12:29:10: "cash_player_killed_hostage" = "0"
L 09/05/2013 - 12:29:10: "mp_fraglimit" = "0"
L 09/05/2013 - 12:29:10: "mp_forcerespawn" = "1"
L 09/05/2013 - 12:29:10: "decalfrequency" = "10"
L 09/05/2013 - 12:29:10: "mp_buy_anywhere" = "1"
L 09/05/2013 - 12:29:10: "sv_accelerate" = "5.6"
L 09/05/2013 - 12:29:10: "mp_winlimit" = "0"
L 09/05/2013 - 12:29:10: "sv_gravity" = "800"
L 09/05/2013 - 12:29:10: "sv_password" = "battle2011"
L 09/05/2013 - 12:29:10: "cash_team_elimination_hostage_map_ct" = "0"
L 09/05/2013 - 12:29:10: "cash_team_win_by_hostage_rescue" = "0"
L 09/05/2013 - 12:29:10: "r_JeepViewZHeight" = "10.0"
L 09/05/2013 - 12:29:10: "cash_team_loser_bonus_consecutive_rounds" = "0"
L 09/05/2013 - 12:29:10: "cash_player_damage_hostage" = "0"
L 09/05/2013 - 12:29:10: "cash_team_hostage_alive" = "0"
L 09/05/2013 - 12:29:10: "tv_password" = "battle2011"
L 09/05/2013 - 12:29:10: "sv_specspeed" = "3"
L 09/05/2013 - 12:29:10: server cvars end
L 09/05/2013 - 12:29:10: Started map "ar_shoots" (CRC "-1646274097")
L 09/05/2013 - 12:29:10: -------- Mapchange to ar_shoots --------
=======
L 09/03/2013 - 10:24:09: [META] Loaded 0 plugins (1 already loaded)
*** Map Load: ar_baggage: Map Group L 09/03/2013 - 10:24:09: Loading map "ar_baggage"
L 09/03/2013 - 10:24:09: server cvars start
L 09/03/2013 - 10:24:09: "cash_player_killed_teammate" = "-3300"
L 09/03/2013 - 10:24:09: "sv_maxspeed" = "320"
L 09/03/2013 - 10:24:09: "cash_player_respawn_amount" = "0"
L 09/03/2013 - 10:24:09: "cash_team_rescued_hostage" = "600"
L 09/03/2013 - 10:24:09: "cash_team_win_by_defusing_bomb" = "3500"
L 09/03/2013 - 10:24:09: "sv_rollangle" = "0"
L 09/03/2013 - 10:24:09: "r_AirboatViewZHeight" = "0.0"
L 09/03/2013 - 10:24:09: "sv_cheats" = "0"
L 09/03/2013 - 10:24:09: "r_VehicleViewDampen" = "1"
L 09/03/2013 - 10:24:09: "metamod_version" = "1.10.0-devV"
L 09/03/2013 - 10:24:09: "mp_allowNPCs" = "1"
L 09/03/2013 - 10:24:09: "mp_tournament" = "0"
L 09/03/2013 - 10:24:09: "sv_spec_hear" = "1"
L 09/03/2013 - 10:24:09: "cash_player_interact_with_hostage" = "300"
L 09/03/2013 - 10:24:09: "mp_flashlight" = "0"
L 09/03/2013 - 10:24:09: "mp_maxrounds" = "30"
L 09/03/2013 - 10:24:09: "sv_tags" = ""
L 09/03/2013 - 10:24:09: "sv_stepsize" = "18"
L 09/03/2013 - 10:24:09: "mp_teamlist" = "hgrunt;scientist"
L 09/03/2013 - 10:24:09: "sv_alltalk" = "0"
L 09/03/2013 - 10:24:09: "mp_footsteps" = "1"
L 09/03/2013 - 10:24:09: "sv_noclipaccelerate" = "5"
L 09/03/2013 - 10:24:09: "sv_wateraccelerate" = "10"
L 09/03/2013 - 10:24:09: "mp_autocrosshair" = "1"
L 09/03/2013 - 10:24:09: "mp_stalemate_enable" = "0"
L 09/03/2013 - 10:24:09: "sourcemod_version" = "1.5.0-dev+3755"
L 09/03/2013 - 10:24:09: "cash_team_elimination_bomb_map" = "3250"
L 09/03/2013 - 10:24:09: "cash_player_get_killed" = "0"
L 09/03/2013 - 10:24:09: "mp_roundtime_defuse" = "2"
L 09/03/2013 - 10:24:09: "sv_autobuyammo" = "1"
L 09/03/2013 - 10:24:09: "sv_rollspeed" = "200"
L 09/03/2013 - 10:24:09: "sv_airaccelerate" = "10"
L 09/03/2013 - 10:24:09: "mp_teams_unbalance_limit" = "1"
L 09/03/2013 - 10:24:09: "mp_timelimit" = "0"
L 09/03/2013 - 10:24:09: "cash_team_loser_bonus" = "1400"
L 09/03/2013 - 10:24:09: "sv_deadtalk" = "1"
L 09/03/2013 - 10:24:09: "cash_player_rescued_hostage" = "1000"
L 09/03/2013 - 10:24:09: "sv_waterfriction" = "1"
L 09/03/2013 - 10:24:09: "sv_competitive_official_5v5" = "0"
L 09/03/2013 - 10:24:09: "sv_steamgroup" = ""
L 09/03/2013 - 10:24:09: "cash_player_killed_enemy_default" = "300"
L 09/03/2013 - 10:24:09: "coop" = "0"
L 09/03/2013 - 10:24:09: "mp_respawnwavetime" = "10.0"
L 09/03/2013 - 10:24:09: "nextlevel" = "ar_baggage"
L 09/03/2013 - 10:24:09: "sv_stopspeed" = "75"
L 09/03/2013 - 10:24:09: "sv_specaccelerate" = "5"
L 09/03/2013 - 10:24:09: "deathmatch" = "1"
L 09/03/2013 - 10:24:09: "tv_enable" = "1"
L 09/03/2013 - 10:24:09: "mp_falldamage" = "0"
L 09/03/2013 - 10:24:09: "mp_teammates_are_enemies" = "0"
L 09/03/2013 - 10:24:09: "mp_roundtime_hostage" = "2"
L 09/03/2013 - 10:24:09: "mp_freezetime" = "15"
L 09/03/2013 - 10:24:09: "sv_accelerate_use_weapon_speed" = "0"
L 09/03/2013 - 10:24:09: "sv_voiceenable" = "1"
L 09/03/2013 - 10:24:09: "sv_bounce" = "0"
L 09/03/2013 - 10:24:09: "r_AirboatViewDampenFreq" = "7.0"
L 09/03/2013 - 10:24:09: "mp_disable_respawn_times" = "0"
L 09/03/2013 - 10:24:09: "mp_weaponstay" = "0"
L 09/03/2013 - 10:24:09: "mp_hostagepenalty" = "10"
L 09/03/2013 - 10:24:09: "tv_advertise_watchable" = "0"
L 09/03/2013 - 10:24:09: "mp_friendlyfire" = "1"
L 09/03/2013 - 10:24:09: "sv_noclipspeed" = "5"
L 09/03/2013 - 10:24:09: "cash_team_hostage_interaction" = "600"
L 09/03/2013 - 10:24:09: "sv_allchat" = "1"
L 09/03/2013 - 10:24:09: "cash_team_win_by_time_running_out_bomb" = "3250"
L 09/03/2013 - 10:24:09: "mp_buy_during_immunity" = "0"
L 09/03/2013 - 10:24:09: "cash_player_killed_enemy_factor" = "1"
L 09/03/2013 - 10:24:09: "r_JeepViewDampenDamp" = "1.0"
L 09/03/2013 - 10:24:09: "mp_c4timer" = "45"
L 09/03/2013 - 10:24:09: "r_AirboatViewDampenDamp" = "1.0"
L 09/03/2013 - 10:24:09: "sv_competitive_minspec" = "1"
L 09/03/2013 - 10:24:09: "sm_nextmap" = ""
L 09/03/2013 - 10:24:09: "mp_stalemate_at_timelimit" = "0"
L 09/03/2013 - 10:24:09: "sv_footsteps" = "1"
L 09/03/2013 - 10:24:09: "mp_limitteams" = "0"
L 09/03/2013 - 10:24:09: "sv_vote_issue_kick_allowed" = "1"
L 09/03/2013 - 10:24:09: "tv_relaypassword" = ""
L 09/03/2013 - 10:24:09: "mp_teamplay" = "0"
L 09/03/2013 - 10:24:09: "cash_team_terrorist_win_bomb" = "3500"
L 09/03/2013 - 10:24:09: "cash_team_elimination_hostage_map_t" = "3000"
L 09/03/2013 - 10:24:09: "r_JeepViewDampenFreq" = "7.0"
L 09/03/2013 - 10:24:09: "sv_specnoclip" = "1"
L 09/03/2013 - 10:24:09: "sv_friction" = "4.8"
L 09/03/2013 - 10:24:09: "cash_team_win_by_time_running_out_hostage" = "3250"
L 09/03/2013 - 10:24:09: "cash_player_bomb_planted" = "300"
L 09/03/2013 - 10:24:09: "mp_autoteambalance" = "0"
L 09/03/2013 - 10:24:09: "sv_contact" = ""
L 09/03/2013 - 10:24:09: "sv_vote_kick_ban_duration" = "15"
L 09/03/2013 - 10:24:09: "cash_player_bomb_defused" = "300"
L 09/03/2013 - 10:24:09: "mp_roundtime" = "2"
L 09/03/2013 - 10:24:09: "sv_kick_ban_duration" = "15"
L 09/03/2013 - 10:24:09: "cash_team_planted_bomb_but_defused" = "800"
L 09/03/2013 - 10:24:09: "cash_player_killed_hostage" = "-1000"
L 09/03/2013 - 10:24:09: "mp_fraglimit" = "0"
L 09/03/2013 - 10:24:09: "mp_forcerespawn" = "1"
L 09/03/2013 - 10:24:09: "decalfrequency" = "10"
L 09/03/2013 - 10:24:09: "mp_buy_anywhere" = "0"
L 09/03/2013 - 10:24:09: "sv_accelerate" = "5.6"
L 09/03/2013 - 10:24:09: "mp_winlimit" = "0"
L 09/03/2013 - 10:24:09: "sv_gravity" = "800"
L 09/03/2013 - 10:24:09: "sv_password" = "battle2011"
L 09/03/2013 - 10:24:09: "cash_team_elimination_hostage_map_ct" = "3000"
L 09/03/2013 - 10:24:09: "cash_team_win_by_hostage_rescue" = "2900"
L 09/03/2013 - 10:24:09: "r_JeepViewZHeight" = "10.0"
L 09/03/2013 - 10:24:09: "cash_team_loser_bonus_consecutive_rounds" = "500"
L 09/03/2013 - 10:24:09: "cash_player_damage_hostage" = "-30"
L 09/03/2013 - 10:24:09: "cash_team_hostage_alive" = "0"
L 09/03/2013 - 10:24:09: "tv_password" = "battle2011"
L 09/03/2013 - 10:24:09: "sv_specspeed" = "3"
L 09/03/2013 - 10:24:09: server cvars end
L 09/03/2013 - 10:24:09: Started map "ar_baggage" (CRC "-1458358218")
L 09/03/2013 - 10:24:09: -------- Mapchange to ar_baggage --------
>>>>>>> 3fc093d10655140b4637952d3c5fe3dac96ee88a
>>>>>>> a50f1e7885c71edd1cf8cf2d72733bfee233e3df
GameTypes: initializing game types interface from GameModes.txt.
GameTypes: merging game types interface from gamemodes_server.txt.
GameTypes: missing mapgroupsSP entry for game type/mode (custom/custom).
bot_autodifficulty_threshold_high - 2.0
bot_autodifficulty_threshold_low - -6.0
bot_chatter - normal
bot_defer_to_human_goals - 0
bot_defer_to_human_items - 1
bot_difficulty - 1
bot_quota - 10
bot_quota_mode - normal
bot_allow_grenades - 1
bot_allow_pistols - 1
bot_allow_sub_machine_guns - 1
bot_allow_shotguns - 1
bot_allow_rifles - 1
bot_allow_snipers - 1
bot_allow_machine_guns - 1
mp_playercashawards - 1
<<<<<<< HEAD
L 09/05/2013 - 12:29:10: server_cvar: "cash_player_bomb_defused" "300"
=======
<<<<<<< HEAD
L 09/05/2013 - 09:33:45: server_cvar: "cash_player_bomb_defused" "300"
cash_player_bomb_defused - 300
L 09/05/2013 - 09:33:45: server_cvar: "cash_player_bomb_planted" "300"
cash_player_bomb_planted - 300
L 09/05/2013 - 09:33:45: server_cvar: "cash_player_damage_hostage" "-30"
cash_player_damage_hostage - -30
L 09/05/2013 - 09:33:45: server_cvar: "cash_player_interact_with_hostage" "150"
cash_player_interact_with_hostage - 150
L 09/05/2013 - 09:33:45: server_cvar: "cash_player_killed_enemy_default" "300"
cash_player_killed_enemy_default - 300
L 09/05/2013 - 09:33:45: server_cvar: "cash_player_killed_enemy_factor" "1"
cash_player_killed_enemy_factor - 1
L 09/05/2013 - 09:33:45: server_cvar: "cash_player_killed_hostage" "-1000"
cash_player_killed_hostage - -1000
L 09/05/2013 - 09:33:45: server_cvar: "cash_player_killed_teammate" "-3300"
cash_player_killed_teammate - -3300
L 09/05/2013 - 09:33:45: server_cvar: "cash_player_rescued_hostage" "1000"
=======
>>>>>>> a50f1e7885c71edd1cf8cf2d72733bfee233e3df
cash_player_bomb_defused - 300
L 09/05/2013 - 12:29:10: server_cvar: "cash_player_bomb_planted" "300"
cash_player_bomb_planted - 300
L 09/05/2013 - 12:29:10: server_cvar: "cash_player_damage_hostage" "-30"
cash_player_damage_hostage - -30
L 09/05/2013 - 12:29:10: server_cvar: "cash_player_interact_with_hostage" "150"
cash_player_interact_with_hostage - 150
L 09/05/2013 - 12:29:10: server_cvar: "cash_player_killed_enemy_default" "300"
cash_player_killed_enemy_default - 300
L 09/05/2013 - 12:29:10: server_cvar: "cash_player_killed_enemy_factor" "1"
cash_player_killed_enemy_factor - 1
L 09/05/2013 - 12:29:10: server_cvar: "cash_player_killed_hostage" "-1000"
cash_player_killed_hostage - -1000
L 09/05/2013 - 12:29:10: server_cvar: "cash_player_killed_teammate" "-3300"
cash_player_killed_teammate - -3300
<<<<<<< HEAD
L 09/05/2013 - 12:29:10: server_cvar: "cash_player_rescued_hostage" "1000"
=======
>>>>>>> 3fc093d10655140b4637952d3c5fe3dac96ee88a
>>>>>>> a50f1e7885c71edd1cf8cf2d72733bfee233e3df
cash_player_rescued_hostage - 1000
cash_player_respawn_amount - 0
cash_player_get_killed - 0
mp_teamcashawards - 1
<<<<<<< HEAD
L 09/05/2013 - 12:29:10: server_cvar: "cash_team_elimination_bomb_map" "3250"
=======
<<<<<<< HEAD
L 09/05/2013 - 09:33:45: server_cvar: "cash_team_elimination_bomb_map" "3250"
cash_team_elimination_bomb_map - 3250
L 09/05/2013 - 09:33:45: server_cvar: "cash_team_elimination_hostage_map_t" "1000"
cash_team_elimination_hostage_map_t - 1000
L 09/05/2013 - 09:33:45: server_cvar: "cash_team_elimination_hostage_map_ct" "2000"
cash_team_elimination_hostage_map_ct - 2000
cash_team_hostage_alive - 0
L 09/05/2013 - 09:33:45: server_cvar: "cash_team_hostage_interaction" "500"
cash_team_hostage_interaction - 500
L 09/05/2013 - 09:33:45: server_cvar: "cash_team_loser_bonus" "1400"
cash_team_loser_bonus - 1400
L 09/05/2013 - 09:33:45: server_cvar: "cash_team_loser_bonus_consecutive_rounds" "500"
cash_team_loser_bonus_consecutive_rounds - 500
L 09/05/2013 - 09:33:45: server_cvar: "cash_team_planted_bomb_but_defused" "800"
cash_team_planted_bomb_but_defused - 800
cash_team_rescued_hostage - 0
L 09/05/2013 - 09:33:45: server_cvar: "cash_team_terrorist_win_bomb" "3500"
cash_team_terrorist_win_bomb - 3500
L 09/05/2013 - 09:33:45: server_cvar: "cash_team_win_by_defusing_bomb" "3250"
cash_team_win_by_defusing_bomb - 3250
L 09/05/2013 - 09:33:45: server_cvar: "cash_team_win_by_hostage_rescue" "3500"
cash_team_win_by_hostage_rescue - 3500
L 09/05/2013 - 09:33:45: server_cvar: "cash_team_win_by_time_running_out_bomb" "3250"
cash_team_win_by_time_running_out_bomb - 3250
L 09/05/2013 - 09:33:45: server_cvar: "cash_team_win_by_time_running_out_hostage" "3250"
cash_team_win_by_time_running_out_hostage - 3250
mp_afterroundmoney - 0
mp_buytime - 90
L 09/05/2013 - 09:33:45: server_cvar: "mp_buy_anywhere" "0"
mp_buy_anywhere - 0
L 09/05/2013 - 09:33:45: server_cvar: "mp_buy_during_immunity" "0"
=======
>>>>>>> a50f1e7885c71edd1cf8cf2d72733bfee233e3df
cash_team_elimination_bomb_map - 3250
L 09/05/2013 - 12:29:10: server_cvar: "cash_team_elimination_hostage_map_t" "1000"
cash_team_elimination_hostage_map_t - 1000
L 09/05/2013 - 12:29:10: server_cvar: "cash_team_elimination_hostage_map_ct" "2000"
cash_team_elimination_hostage_map_ct - 2000
cash_team_hostage_alive - 0
L 09/05/2013 - 12:29:10: server_cvar: "cash_team_hostage_interaction" "500"
cash_team_hostage_interaction - 500
L 09/05/2013 - 12:29:10: server_cvar: "cash_team_loser_bonus" "1400"
cash_team_loser_bonus - 1400
L 09/05/2013 - 12:29:10: server_cvar: "cash_team_loser_bonus_consecutive_rounds" "500"
cash_team_loser_bonus_consecutive_rounds - 500
L 09/05/2013 - 12:29:10: server_cvar: "cash_team_planted_bomb_but_defused" "800"
cash_team_planted_bomb_but_defused - 800
cash_team_rescued_hostage - 0
L 09/05/2013 - 12:29:10: server_cvar: "cash_team_terrorist_win_bomb" "3500"
cash_team_terrorist_win_bomb - 3500
L 09/05/2013 - 12:29:10: server_cvar: "cash_team_win_by_defusing_bomb" "3250"
cash_team_win_by_defusing_bomb - 3250
L 09/05/2013 - 12:29:10: server_cvar: "cash_team_win_by_hostage_rescue" "3500"
cash_team_win_by_hostage_rescue - 3500
L 09/05/2013 - 12:29:10: server_cvar: "cash_team_win_by_time_running_out_bomb" "3250"
cash_team_win_by_time_running_out_bomb - 3250
L 09/05/2013 - 12:29:10: server_cvar: "cash_team_win_by_time_running_out_hostage" "3250"
cash_team_win_by_time_running_out_hostage - 3250
mp_afterroundmoney - 0
mp_buytime - 90
L 09/05/2013 - 12:29:10: server_cvar: "mp_buy_anywhere" "0"
mp_buy_anywhere - 0
<<<<<<< HEAD
L 09/05/2013 - 12:29:10: server_cvar: "mp_buy_during_immunity" "0"
=======
>>>>>>> 3fc093d10655140b4637952d3c5fe3dac96ee88a
>>>>>>> a50f1e7885c71edd1cf8cf2d72733bfee233e3df
mp_buy_during_immunity - 0
mp_startmoney - 800
mp_maxmoney - 16000
mp_death_drop_defuser - 1
mp_death_drop_grenade - 2
mp_death_drop_gun - 1
mp_deathcam_skippable - 1
mp_defuser_allocation - 0
mp_give_player_c4 - 1
mp_free_armor - 0
mp_molotovusedelay - 15.0
mp_weapons_allow_zeus - 1
mp_weapons_allow_map_placed - 0
mp_weapons_glow_on_ground - 0
mp_ct_default_melee - weapon_knife
mp_ct_default_secondary - weapon_hkp2000
mp_ct_default_primary - 
mp_ct_default_grenades - 
mp_t_default_melee - weapon_knife
mp_t_default_secondary - weapon_glock
mp_t_default_primary - 
mp_t_default_grenades - 
mp_buy_allow_grenades - 1
<<<<<<< HEAD
L 09/05/2013 - 12:29:10: server_cvar: "mp_freezetime" "6"
=======
<<<<<<< HEAD
L 09/05/2013 - 09:33:45: server_cvar: "mp_freezetime" "6"
=======
L 09/03/2013 - 10:24:09: server_cvar: "mp_freezetime" "6"
>>>>>>> 3fc093d10655140b4637952d3c5fe3dac96ee88a
>>>>>>> a50f1e7885c71edd1cf8cf2d72733bfee233e3df
mp_freezetime - 6
mp_force_pick_time - 15
mp_halftime - 0
mp_match_can_clinch - 1
<<<<<<< HEAD
=======
<<<<<<< HEAD
mp_maxrounds - 0
L 09/05/2013 - 09:33:45: server_cvar: "mp_roundtime" "5"
mp_roundtime - 5
mp_roundtime_defuse - 0
mp_roundtime_hostage - 0
L 09/05/2013 - 09:33:45: server_cvar: "mp_timelimit" "5"
=======
L 09/03/2013 - 10:24:09: server_cvar: "mp_maxrounds" "0"
>>>>>>> a50f1e7885c71edd1cf8cf2d72733bfee233e3df
mp_maxrounds - 0
L 09/05/2013 - 12:29:10: server_cvar: "mp_roundtime" "5"
mp_roundtime - 5
mp_roundtime_defuse - 0
mp_roundtime_hostage - 0
<<<<<<< HEAD
L 09/05/2013 - 12:29:10: server_cvar: "mp_timelimit" "5"
=======
L 09/03/2013 - 10:24:09: server_cvar: "mp_timelimit" "5"
>>>>>>> 3fc093d10655140b4637952d3c5fe3dac96ee88a
>>>>>>> a50f1e7885c71edd1cf8cf2d72733bfee233e3df
mp_timelimit - 5
mp_warmuptime - 30
mp_warmup_pausetimer - 0
mp_halftime_pausetimer - 0
mp_default_team_winner_no_objective - -1
mp_hostagepenalty - 10
mp_solid_teammates - 1
sv_allow_votes - 1
<<<<<<< HEAD
L 09/05/2013 - 12:29:10: server_cvar: "sv_alltalk" "0"
sv_alltalk - 0
L 09/05/2013 - 12:29:10: server_cvar: "sv_deadtalk" "0"
=======
<<<<<<< HEAD
L 09/05/2013 - 09:33:45: server_cvar: "sv_alltalk" "0"
sv_alltalk - 0
L 09/05/2013 - 09:33:45: server_cvar: "sv_deadtalk" "0"
=======
sv_alltalk - 0
L 09/03/2013 - 10:24:09: server_cvar: "sv_deadtalk" "0"
>>>>>>> 3fc093d10655140b4637952d3c5fe3dac96ee88a
>>>>>>> a50f1e7885c71edd1cf8cf2d72733bfee233e3df
sv_deadtalk - 0
sv_ignoregrenaderadio - 0
mp_teammates_are_enemies - 0
mp_damage_scale_ct_body - 1.0
mp_damage_scale_ct_head - 1.0
mp_damage_scale_t_body - 1.0
mp_damage_scale_t_head - 1.0
<<<<<<< HEAD
L 09/05/2013 - 12:29:10: server_cvar: "mp_friendlyfire" "0"
=======
<<<<<<< HEAD
L 09/05/2013 - 09:33:45: server_cvar: "mp_friendlyfire" "0"
=======
L 09/03/2013 - 10:24:09: server_cvar: "mp_friendlyfire" "0"
>>>>>>> 3fc093d10655140b4637952d3c5fe3dac96ee88a
>>>>>>> a50f1e7885c71edd1cf8cf2d72733bfee233e3df
mp_friendlyfire - 0
ff_damage_reduction_bullets - 0.1
ff_damage_reduction_grenade - 0.25
ff_damage_reduction_grenade_self - 1
ff_damage_reduction_other - 0.25
<<<<<<< HEAD
L 09/05/2013 - 12:29:10: server_cvar: "mp_limitteams" "2"
=======
<<<<<<< HEAD
L 09/05/2013 - 09:33:45: server_cvar: "mp_limitteams" "2"
=======
L 09/03/2013 - 10:24:09: server_cvar: "mp_limitteams" "2"
>>>>>>> 3fc093d10655140b4637952d3c5fe3dac96ee88a
>>>>>>> a50f1e7885c71edd1cf8cf2d72733bfee233e3df
mp_limitteams - 2
spec_freeze_panel_extended_time - 0.0
spec_freeze_time - 5.0
mp_forcecamera - 1
mp_respawn_immunitytime - 4.0
mp_respawn_on_death_t - 0
mp_respawn_on_death_ct - 0
mp_display_kill_assists - 1
mp_use_respawn_waves - 0
mp_respawnwavetime_ct - 10.0
mp_respawnwavetime_t - 10.0
mp_randomspawn - 0
mp_randomspawn_los - 1
mp_radar_showall - 0
sv_gravity - 800
sv_accelerate - 5.6
sv_stopspeed - 75
sv_airaccelerate - 10
sv_wateraccelerate - 10
sv_waterfriction - 1
sv_friction - 4.8
sv_bounce - 0
sv_maxvelocity - 3500
sv_maxspeed - 320
mp_ggprogressive_round_restart_delay - 15.0
mp_ggtr_bomb_defuse_bonus - 1.0
mp_ggtr_bomb_detonation_bonus - 1.0
mp_ggtr_bomb_pts_for_flash - 4
mp_ggtr_bomb_pts_for_he - 3
mp_ggtr_bomb_pts_for_molotov - 5
mp_ggtr_bomb_pts_for_upgrade - 2.0
mp_ggtr_bomb_respawn_delay - 0.0
mp_ggtr_end_round_kill_bonus - 1
mp_ggtr_halftime_delay - 0.0
mp_ggtr_last_weapon_kill_ends_half - 0
sv_arms_race_vote_to_restart_disallowed_after - 0
Executing dedicated server config file
<<<<<<< HEAD
L 09/05/2013 - 12:29:10: server_cvar: "nextlevel" ""
=======
<<<<<<< HEAD
L 09/05/2013 - 09:33:45: server_cvar: "nextlevel" ""
Server logging enabled.
L 09/05/2013 - 09:33:45: server_cvar: "mp_freezetime" "0"
L 09/05/2013 - 09:33:45: server_cvar: "mp_limitteams" "0"
maxplayers set to 64
L 09/05/2013 - 09:33:45: server_cvar: "cash_player_bomb_defused" "0"
L 09/05/2013 - 09:33:45: server_cvar: "cash_player_bomb_planted" "0"
L 09/05/2013 - 09:33:45: server_cvar: "cash_player_damage_hostage" "0"
L 09/05/2013 - 09:33:45: server_cvar: "cash_player_interact_with_hostage" "0"
L 09/05/2013 - 09:33:45: server_cvar: "cash_player_killed_enemy_default" "0"
L 09/05/2013 - 09:33:45: server_cvar: "cash_player_killed_enemy_factor" "0"
L 09/05/2013 - 09:33:45: server_cvar: "cash_player_killed_hostage" "0"
L 09/05/2013 - 09:33:45: server_cvar: "cash_player_killed_teammate" "0"
L 09/05/2013 - 09:33:45: server_cvar: "cash_player_rescued_hostage" "0"
L 09/05/2013 - 09:33:45: server_cvar: "cash_team_elimination_bomb_map" "0"
L 09/05/2013 - 09:33:45: server_cvar: "cash_team_elimination_hostage_map_t" "0"
L 09/05/2013 - 09:33:45: server_cvar: "cash_team_elimination_hostage_map_ct" "0"
L 09/05/2013 - 09:33:45: server_cvar: "cash_team_hostage_interaction" "0"
L 09/05/2013 - 09:33:45: server_cvar: "cash_team_loser_bonus" "0"
L 09/05/2013 - 09:33:45: server_cvar: "cash_team_loser_bonus_consecutive_rounds" "0"
L 09/05/2013 - 09:33:45: server_cvar: "cash_team_planted_bomb_but_defused" "0"
L 09/05/2013 - 09:33:45: server_cvar: "cash_team_terrorist_win_bomb" "0"
L 09/05/2013 - 09:33:45: server_cvar: "cash_team_win_by_defusing_bomb" "0"
L 09/05/2013 - 09:33:45: server_cvar: "cash_team_win_by_hostage_rescue" "0"
L 09/05/2013 - 09:33:45: server_cvar: "cash_team_win_by_time_running_out_bomb" "0"
L 09/05/2013 - 09:33:45: server_cvar: "cash_team_win_by_time_running_out_hostage" "0"
L 09/05/2013 - 09:33:45: server_cvar: "mp_buy_anywhere" "1"
L 09/05/2013 - 09:33:45: server_cvar: "mp_buy_during_immunity" "1"
Unknown command "mp_deathcam_skippable"
L 09/05/2013 - 09:33:45: server_cvar: "mp_friendlyfire" "1"
L 09/05/2013 - 09:33:45: server_cvar: "mp_roundtime" "10"
L 09/05/2013 - 09:33:45: server_cvar: "mp_timelimit" "10"
L 09/05/2013 - 09:33:45: server_cvar: "sv_alltalk" "1"
L 09/05/2013 - 09:33:45: server_cvar: "sv_deadtalk" "1"
exec: couldn't exec gamemode_deathmatch_server.cfg
Commentary: Could not find commentary data file 'maps/ar_shoots_commentary.txt'. 
=======
L 09/03/2013 - 10:24:09: server_cvar: "nextlevel" ""
>>>>>>> a50f1e7885c71edd1cf8cf2d72733bfee233e3df
Server logging enabled.
L 09/05/2013 - 12:29:10: server_cvar: "mp_freezetime" "0"
L 09/05/2013 - 12:29:10: server_cvar: "mp_limitteams" "0"
maxplayers set to 64
L 09/05/2013 - 12:29:10: server_cvar: "cash_player_bomb_defused" "0"
L 09/05/2013 - 12:29:10: server_cvar: "cash_player_bomb_planted" "0"
L 09/05/2013 - 12:29:10: server_cvar: "cash_player_damage_hostage" "0"
L 09/05/2013 - 12:29:10: server_cvar: "cash_player_interact_with_hostage" "0"
L 09/05/2013 - 12:29:10: server_cvar: "cash_player_killed_enemy_default" "0"
L 09/05/2013 - 12:29:10: server_cvar: "cash_player_killed_enemy_factor" "0"
L 09/05/2013 - 12:29:10: server_cvar: "cash_player_killed_hostage" "0"
L 09/05/2013 - 12:29:10: server_cvar: "cash_player_killed_teammate" "0"
L 09/05/2013 - 12:29:10: server_cvar: "cash_player_rescued_hostage" "0"
L 09/05/2013 - 12:29:10: server_cvar: "cash_team_elimination_bomb_map" "0"
L 09/05/2013 - 12:29:10: server_cvar: "cash_team_elimination_hostage_map_t" "0"
L 09/05/2013 - 12:29:10: server_cvar: "cash_team_elimination_hostage_map_ct" "0"
L 09/05/2013 - 12:29:10: server_cvar: "cash_team_hostage_interaction" "0"
L 09/05/2013 - 12:29:10: server_cvar: "cash_team_loser_bonus" "0"
L 09/05/2013 - 12:29:10: server_cvar: "cash_team_loser_bonus_consecutive_rounds" "0"
L 09/05/2013 - 12:29:10: server_cvar: "cash_team_planted_bomb_but_defused" "0"
L 09/05/2013 - 12:29:10: server_cvar: "cash_team_terrorist_win_bomb" "0"
L 09/05/2013 - 12:29:10: server_cvar: "cash_team_win_by_defusing_bomb" "0"
L 09/05/2013 - 12:29:10: server_cvar: "cash_team_win_by_hostage_rescue" "0"
L 09/05/2013 - 12:29:10: server_cvar: "cash_team_win_by_time_running_out_bomb" "0"
L 09/05/2013 - 12:29:10: server_cvar: "cash_team_win_by_time_running_out_hostage" "0"
L 09/05/2013 - 12:29:10: server_cvar: "mp_buy_anywhere" "1"
L 09/05/2013 - 12:29:10: server_cvar: "mp_buy_during_immunity" "1"
Unknown command "mp_deathcam_skippable"
<<<<<<< HEAD
L 09/05/2013 - 12:29:10: server_cvar: "mp_friendlyfire" "1"
L 09/05/2013 - 12:29:10: server_cvar: "mp_roundtime" "10"
L 09/05/2013 - 12:29:10: server_cvar: "mp_timelimit" "10"
L 09/05/2013 - 12:29:10: server_cvar: "sv_alltalk" "1"
L 09/05/2013 - 12:29:10: server_cvar: "sv_deadtalk" "1"
exec: couldn't exec gamemode_deathmatch_server.cfg
Commentary: Could not find commentary data file 'maps/ar_shoots_commentary.txt'. 
=======
L 09/03/2013 - 10:24:09: server_cvar: "mp_freezetime" "15"
L 09/03/2013 - 10:24:09: server_cvar: "mp_friendlyfire" "1"
L 09/03/2013 - 10:24:09: server_cvar: "mp_maxrounds" "30"
L 09/03/2013 - 10:24:09: server_cvar: "mp_roundtime" "2"
L 09/03/2013 - 10:24:09: server_cvar: "mp_roundtime_hostage" "2"
L 09/03/2013 - 10:24:09: server_cvar: "mp_roundtime_defuse" "2"
L 09/03/2013 - 10:24:09: server_cvar: "mp_timelimit" "0"
L 09/03/2013 - 10:24:09: server_cvar: "sv_deadtalk" "1"
exec: couldn't exec gamemode_competitive_server.cfg
Commentary: Could not find commentary data file 'maps/ar_baggage_commentary.txt'. 
>>>>>>> 3fc093d10655140b4637952d3c5fe3dac96ee88a
>>>>>>> a50f1e7885c71edd1cf8cf2d72733bfee233e3df
Error parsing BotProfile.db - unknown attribute 'Rank'
Error parsing BotProfile.db - unknown attribute 'Rank'
Error parsing BotProfile.db - unknown attribute 'Rank'
Error parsing BotProfile.db - unknown attribute 'Rank'
Error parsing BotProfile.db - unknown attribute 'Rank'
Error parsing BotProfile.db - unknown attribute 'Rank'
Error parsing BotProfile.db - unknown attribute 'Rank'
Error parsing BotProfile.db - unknown attribute 'Rank'
<<<<<<< HEAD
L 09/05/2013 - 12:29:11: "GOTV<23><BOT><>" connected, address "none"
=======
<<<<<<< HEAD
L 09/05/2013 - 09:33:45: "GOTV<17><BOT><>" connected, address "none"
PutClientInServer: no info_player_start on level
L 09/05/2013 - 09:33:45: "GOTV<17><BOT><>" entered the game
L 09/05/2013 - 09:33:45: "GOTV<17><BOT><Unassigned>" changed name to "Battle Pro Beta TV GOTV"
L 09/05/2013 - 09:33:45: World triggered "Round_Start"
GOTV broadcast active.
L 09/05/2013 - 09:33:45: "$able<18><STEAM_1:0:12763314><>" connected, address "92.200.74.196:27005"
Client "$able" connected (92.200.74.196:27005).
L 09/05/2013 - 09:33:46: "$able<18><STEAM_1:0:12763314><>" STEAM USERID validated
Giving up attempts to make more random spawn points. Current count: 24.
L 09/05/2013 - 09:34:14: "$able<18><STEAM_1:0:12763314><>" entered the game
CreateFragmentsFromFile: 'downloads/1ab72a88.dat' doesn't exist.
L 09/05/2013 - 09:34:19: "$able<18><STEAM_1:0:12763314><Unassigned>" triggered "clantag" (value "")
L 09/05/2013 - 09:34:24: "$able<18><STEAM_1:0:12763314>" switched from team <Unassigned> to <CT>
L 09/05/2013 - 09:34:24: "$able<18><STEAM_1:0:12763314><CT>" triggered "clantag" (value "")
Game will not start until both teams have players.
L 09/05/2013 - 09:34:28: "KaiserSoze<19><STEAM_1:1:34140120><>" connected, address "186.59.10.27:19661"
Client "KaiserSoze" connected (186.59.10.27:19661).
L 09/05/2013 - 09:34:28: "KaiserSoze<19><STEAM_1:1:34140120><>" STEAM USERID validated
L 09/05/2013 - 09:34:30: "$able<18><STEAM_1:0:12763314><CT>" purchased "m4a1_silencer"
L 09/05/2013 - 09:34:32: "$able<18><STEAM_1:0:12763314><CT>" purchased "fiveseven"
CreateFragmentsFromFile: 'downloads/1ab72a88.dat' doesn't exist.
L 09/05/2013 - 09:34:50: "KaiserSoze<19><STEAM_1:1:34140120><>" entered the game
CreateFragmentsFromFile: 'downloads/1ab72a88.dat' doesn't exist.
L 09/05/2013 - 09:34:55: "KaiserSoze<19><STEAM_1:1:34140120><Unassigned>" triggered "clantag" (value "")
CreateFragmentsFromFile: 'downloads/1ab72a88.dat' doesn't exist.
L 09/05/2013 - 09:34:59: "KaiserSoze<19><STEAM_1:1:34140120>" switched from team <Unassigned> to <TERRORIST>
L 09/05/2013 - 09:35:00: "KaiserSoze<19><STEAM_1:1:34140120><TERRORIST>" triggered "clantag" (value "")
L 09/05/2013 - 09:35:00: World triggered "Game_Commencing"
L 09/05/2013 - 09:35:00: World triggered "Round_Start"
L 09/05/2013 - 09:35:01: "KaiserSoze<19><STEAM_1:1:34140120><TERRORIST>" purchased "negev"
L 09/05/2013 - 09:35:01: "KaiserSoze<19><STEAM_1:1:34140120><TERRORIST>" purchased "p250"
L 09/05/2013 - 09:35:04: "KaiserSoze<19><STEAM_1:1:34140120><TERRORIST>" purchased "ak47"
L 09/05/2013 - 09:35:33: "$able<18><STEAM_1:0:12763314><CT>" [950 -132 0] killed "KaiserSoze<19><STEAM_1:1:34140120><TERRORIST>" [559 148 158] with "hkp2000" (headshot)
L 09/05/2013 - 09:35:37: "KaiserSoze<19><STEAM_1:1:34140120><TERRORIST>" purchased "sawedoff"
L 09/05/2013 - 09:35:37: "KaiserSoze<19><STEAM_1:1:34140120><TERRORIST>" purchased "glock"
L 09/05/2013 - 09:35:37: "KaiserSoze<19><STEAM_1:1:34140120><TERRORIST>" purchased "ak47"
L 09/05/2013 - 09:35:40: "$able<18><STEAM_1:0:12763314><CT>" purchased "m4a1_silencer"
L 09/05/2013 - 09:35:40: "$able<18><STEAM_1:0:12763314><CT>" purchased "fiveseven"
L 09/05/2013 - 09:35:40: "$able<18><STEAM_1:0:12763314><CT>" purchased "m249"
L 09/05/2013 - 09:35:42: "$able<18><STEAM_1:0:12763314><CT>" purchased "m4a1_silencer"
L 09/05/2013 - 09:35:56: "KaiserSoze<19><STEAM_1:1:34140120><TERRORIST>" purchased "sawedoff"
L 09/05/2013 - 09:35:56: "KaiserSoze<19><STEAM_1:1:34140120><TERRORIST>" purchased "elite"
L 09/05/2013 - 09:35:56: "KaiserSoze<19><STEAM_1:1:34140120><TERRORIST>" purchased "m249"
L 09/05/2013 - 09:36:02: "$able<18><STEAM_1:0:12763314><CT>" [-78 304 1] killed "KaiserSoze<19><STEAM_1:1:34140120><TERRORIST>" [-146 386 64] with "m4a1_silencer"
L 09/05/2013 - 09:36:06: "KaiserSoze<19><STEAM_1:1:34140120><TERRORIST>" purchased "ump45"
L 09/05/2013 - 09:36:06: "KaiserSoze<19><STEAM_1:1:34140120><TERRORIST>" purchased "tec9"
KaiserSoze: we're gonna have to ditch gameservers
L 09/05/2013 - 09:36:10: "KaiserSoze<19><STEAM_1:1:34140120><TERRORIST>" say "we're gonna have to ditch gameservers"
$able: what do you mean?
L 09/05/2013 - 09:36:19: "$able<18><STEAM_1:0:12763314><CT>" say "what do you mean?"
KaiserSoze: isn't it lagging over there?
L 09/05/2013 - 09:36:35: "KaiserSoze<19><STEAM_1:1:34140120><TERRORIST>" say "isn't it lagging over there?"
$able: not right now
L 09/05/2013 - 09:36:43: "$able<18><STEAM_1:0:12763314><CT>" say "not right now"
KaiserSoze: oh ok
L 09/05/2013 - 09:36:47: "KaiserSoze<19><STEAM_1:1:34140120><TERRORIST>" say "oh ok"
KaiserSoze: might be because the server is from us and i'm in arg
L 09/05/2013 - 09:36:57: "KaiserSoze<19><STEAM_1:1:34140120><TERRORIST>" say "might be because the server is from us and i'm in arg"
$able: I mean the game runs not that good, but thats because of my PC :D
L 09/05/2013 - 09:36:57: "$able<18><STEAM_1:0:12763314><CT>" say "I mean the game runs not that good, but thats because of my PC :D"
$able: yea
L 09/05/2013 - 09:37:06: "$able<18><STEAM_1:0:12763314><CT>" say "yea"
$able: you had a better ping before
L 09/05/2013 - 09:37:14: "$able<18><STEAM_1:0:12763314><CT>" say "you had a better ping before"
L 09/05/2013 - 09:37:33: "$able<18><STEAM_1:0:12763314><CT>" [-682 493 0] killed "KaiserSoze<19><STEAM_1:1:34140120><TERRORIST>" [-941 703 48] with "m4a1_silencer" (headshot)
L 09/05/2013 - 09:37:36: "KaiserSoze<19><STEAM_1:1:34140120><TERRORIST>" purchased "p90"
L 09/05/2013 - 09:37:36: "KaiserSoze<19><STEAM_1:1:34140120><TERRORIST>" purchased "elite"
L 09/05/2013 - 09:37:37: "KaiserSoze<19><STEAM_1:1:34140120><TERRORIST>" purchased "sg556"
L 09/05/2013 - 09:37:43: "KaiserSoze<19><STEAM_1:1:34140120><TERRORIST>" [-757 -45 31] killed "$able<18><STEAM_1:0:12763314><CT>" [-975 1464 52] with "sg556"
L 09/05/2013 - 09:37:46: "$able<18><STEAM_1:0:12763314><CT>" purchased "m4a1_silencer"
L 09/05/2013 - 09:37:52: "KaiserSoze<19><STEAM_1:1:34140120><TERRORIST>" [-764 -310 31] killed "$able<18><STEAM_1:0:12763314><CT>" [283 -51 46] with "sg556" (headshot)
L 09/05/2013 - 09:37:54: "KaiserSoze<19><STEAM_1:1:34140120><TERRORIST>" purchased "negev"
L 09/05/2013 - 09:37:54: "KaiserSoze<19><STEAM_1:1:34140120><TERRORIST>" purchased "tec9"
L 09/05/2013 - 09:37:54: "KaiserSoze<19><STEAM_1:1:34140120><TERRORIST>" purchased "p250"
L 09/05/2013 - 09:37:55: "KaiserSoze<19><STEAM_1:1:34140120><TERRORIST>" purchased "sg556"
L 09/05/2013 - 09:37:55: "$able<18><STEAM_1:0:12763314><CT>" purchased "m4a1_silencer"
L 09/05/2013 - 09:38:17: "$able<18><STEAM_1:0:12763314><CT>" [-994 428 -0] killed "KaiserSoze<19><STEAM_1:1:34140120><TERRORIST>" [-991 42 65] with "m4a1_silencer" (headshot)
L 09/05/2013 - 09:38:20: "KaiserSoze<19><STEAM_1:1:34140120><TERRORIST>" purchased "xm1014"
L 09/05/2013 - 09:38:20: "KaiserSoze<19><STEAM_1:1:34140120><TERRORIST>" purchased "elite"
L 09/05/2013 - 09:38:21: "KaiserSoze<19><STEAM_1:1:34140120><TERRORIST>" purchased "sg556"
L 09/05/2013 - 09:38:47: "$able<18><STEAM_1:0:12763314><CT>" purchased "m4a1_silencer"
L 09/05/2013 - 09:38:47: "$able<18><STEAM_1:0:12763314><CT>" purchased "mp7"
L 09/05/2013 - 09:38:50: "$able<18><STEAM_1:0:12763314><CT>" purchased "m4a1_silencer"
L 09/05/2013 - 09:38:56: "KaiserSoze<19><STEAM_1:1:34140120><TERRORIST>" purchased "p90"
L 09/05/2013 - 09:38:56: "KaiserSoze<19><STEAM_1:1:34140120><TERRORIST>" purchased "deagle"
L 09/05/2013 - 09:38:56: "KaiserSoze<19><STEAM_1:1:34140120><TERRORIST>" purchased "mp7"
L 09/05/2013 - 09:38:56: "KaiserSoze<19><STEAM_1:1:34140120><TERRORIST>" purchased "sg556"
L 09/05/2013 - 09:39:17: "$able<18><STEAM_1:0:12763314><CT>" [653 1630 0] killed "KaiserSoze<19><STEAM_1:1:34140120><TERRORIST>" [383 1216 77] with "m4a1_silencer"
L 09/05/2013 - 09:39:20: "KaiserSoze<19><STEAM_1:1:34140120><TERRORIST>" purchased "bizon"
L 09/05/2013 - 09:39:20: "KaiserSoze<19><STEAM_1:1:34140120><TERRORIST>" purchased "elite"
L 09/05/2013 - 09:39:21: "KaiserSoze<19><STEAM_1:1:34140120><TERRORIST>" purchased "sg556"
L 09/05/2013 - 09:39:59: "$able<18><STEAM_1:0:12763314><CT>" purchased "m4a1_silencer"
L 09/05/2013 - 09:39:59: "$able<18><STEAM_1:0:12763314><CT>" purchased "ump45"
L 09/05/2013 - 09:40:00: "$able<18><STEAM_1:0:12763314><CT>" purchased "m4a1_silencer"
L 09/05/2013 - 09:40:06: "KaiserSoze<19><STEAM_1:1:34140120><TERRORIST>" purchased "nova"
L 09/05/2013 - 09:40:06: "KaiserSoze<19><STEAM_1:1:34140120><TERRORIST>" purchased "glock"
L 09/05/2013 - 09:40:06: "KaiserSoze<19><STEAM_1:1:34140120><TERRORIST>" purchased "ump45"
L 09/05/2013 - 09:40:07: "KaiserSoze<19><STEAM_1:1:34140120><TERRORIST>" purchased "sg556"
L 09/05/2013 - 09:40:12: "$able<18><STEAM_1:0:12763314><CT>" [978 375 0] killed "KaiserSoze<19><STEAM_1:1:34140120><TERRORIST>" [744 762 64] with "m4a1_silencer"
L 09/05/2013 - 09:40:16: "KaiserSoze<19><STEAM_1:1:34140120><TERRORIST>" purchased "g3sg1"
L 09/05/2013 - 09:40:16: "KaiserSoze<19><STEAM_1:1:34140120><TERRORIST>" purchased "elite"
L 09/05/2013 - 09:40:17: "KaiserSoze<19><STEAM_1:1:34140120><TERRORIST>" purchased "sg556"
L 09/05/2013 - 09:40:29: "$able<18><STEAM_1:0:12763314><CT>" [815 762 -0] killed "KaiserSoze<19><STEAM_1:1:34140120><TERRORIST>" [886 501 63] with "m4a1_silencer"
L 09/05/2013 - 09:40:33: "KaiserSoze<19><STEAM_1:1:34140120><TERRORIST>" purchased "ak47"
L 09/05/2013 - 09:40:33: "KaiserSoze<19><STEAM_1:1:34140120><TERRORIST>" purchased "tec9"
L 09/05/2013 - 09:40:34: "KaiserSoze<19><STEAM_1:1:34140120><TERRORIST>" purchased "sg556"
L 09/05/2013 - 09:40:58: "$able<18><STEAM_1:0:12763314><CT>" purchased "m4a1_silencer"
L 09/05/2013 - 09:40:58: "$able<18><STEAM_1:0:12763314><CT>" purchased "taser"
L 09/05/2013 - 09:41:01: "KaiserSoze<19><STEAM_1:1:34140120><TERRORIST>" purchased "m249"
L 09/05/2013 - 09:41:01: "KaiserSoze<19><STEAM_1:1:34140120><TERRORIST>" purchased "p250"
L 09/05/2013 - 09:41:01: "KaiserSoze<19><STEAM_1:1:34140120><TERRORIST>" purchased "taser"
L 09/05/2013 - 09:41:01: "KaiserSoze<19><STEAM_1:1:34140120><TERRORIST>" purchased "sg556"
L 09/05/2013 - 09:41:23: "$able<18><STEAM_1:0:12763314><CT>" [964 1167 0] killed "KaiserSoze<19><STEAM_1:1:34140120><TERRORIST>" [938 973 64] with "m4a1_silencer"
L 09/05/2013 - 09:41:27: "KaiserSoze<19><STEAM_1:1:34140120><TERRORIST>" purchased "negev"
L 09/05/2013 - 09:41:27: "KaiserSoze<19><STEAM_1:1:34140120><TERRORIST>" purchased "elite"
L 09/05/2013 - 09:41:28: "KaiserSoze<19><STEAM_1:1:34140120><TERRORIST>" purchased "sg556"
L 09/05/2013 - 09:41:44: "$able<18><STEAM_1:0:12763314><CT>" [984 1027 0] killed "KaiserSoze<19><STEAM_1:1:34140120><TERRORIST>" [972 1208 64] with "m4a1_silencer"
L 09/05/2013 - 09:42:00: "$able<18><STEAM_1:0:12763314><CT>" [777 1631 0] killed "KaiserSoze<19><STEAM_1:1:34140120><TERRORIST>" [393 1400 64] with "m4a1_silencer" (headshot)
L 09/05/2013 - 09:42:10: "$able<18><STEAM_1:0:12763314><CT>" purchased "m4a1_silencer"
L 09/05/2013 - 09:42:10: "$able<18><STEAM_1:0:12763314><CT>" purchased "mp7"
L 09/05/2013 - 09:42:12: "$able<18><STEAM_1:0:12763314><CT>" purchased "m4a1_silencer"
KaiserSoze: ping of 600
L 09/05/2013 - 09:42:15: "KaiserSoze<19><STEAM_1:1:34140120><TERRORIST>" say "ping of 600"
$able: lol
L 09/05/2013 - 09:42:22: "$able<18><STEAM_1:0:12763314><CT>" say "lol"
L 09/05/2013 - 09:42:33: "$able<18><STEAM_1:0:12763314><CT>" [-871 -456 1] killed "KaiserSoze<19><STEAM_1:1:34140120><TERRORIST>" [-838 -474 65] with "hkp2000"
L 09/05/2013 - 09:42:36: "KaiserSoze<19><STEAM_1:1:34140120><TERRORIST>" purchased "bizon"
L 09/05/2013 - 09:42:36: "KaiserSoze<19><STEAM_1:1:34140120><TERRORIST>" purchased "p250"
L 09/05/2013 - 09:42:39: "KaiserSoze<19><STEAM_1:1:34140120><TERRORIST>" purchased "sg556"
L 09/05/2013 - 09:42:49: "$able<18><STEAM_1:0:12763314><CT>" [-253 976 129] killed "KaiserSoze<19><STEAM_1:1:34140120><TERRORIST>" [-86 1527 47] with "hkp2000"
L 09/05/2013 - 09:42:52: "KaiserSoze<19><STEAM_1:1:34140120><TERRORIST>" purchased "sg556"
L 09/05/2013 - 09:42:52: "KaiserSoze<19><STEAM_1:1:34140120><TERRORIST>" purchased "p250"
L 09/05/2013 - 09:43:04: "KaiserSoze<19><STEAM_1:1:34140120><TERRORIST>" [124 -425 1] killed "$able<18><STEAM_1:0:12763314><CT>" [-538 -5 64] with "sg556" (headshot)
L 09/05/2013 - 09:43:07: "$able<18><STEAM_1:0:12763314><CT>" purchased "m4a1_silencer"
L 09/05/2013 - 09:43:19: "KaiserSoze<19><STEAM_1:1:34140120><TERRORIST>" purchased "bizon"
L 09/05/2013 - 09:43:19: "KaiserSoze<19><STEAM_1:1:34140120><TERRORIST>" purchased "tec9"
L 09/05/2013 - 09:43:19: "KaiserSoze<19><STEAM_1:1:34140120><TERRORIST>" purchased "elite"
L 09/05/2013 - 09:43:19: "KaiserSoze<19><STEAM_1:1:34140120><TERRORIST>" purchased "sg556"
L 09/05/2013 - 09:43:29: "$able<18><STEAM_1:0:12763314><CT>" [-199 1314 6] killed "KaiserSoze<19><STEAM_1:1:34140120><TERRORIST>" [-936 1263 63] with "m4a1_silencer"
L 09/05/2013 - 09:43:31: "$able<18><STEAM_1:0:12763314><CT>" purchased "m4a1_silencer"
L 09/05/2013 - 09:43:31: "$able<18><STEAM_1:0:12763314><CT>" purchased "elite"
L 09/05/2013 - 09:43:32: "KaiserSoze<19><STEAM_1:1:34140120><TERRORIST>" purchased "sawedoff"
L 09/05/2013 - 09:43:32: "KaiserSoze<19><STEAM_1:1:34140120><TERRORIST>" purchased "glock"
L 09/05/2013 - 09:43:33: "KaiserSoze<19><STEAM_1:1:34140120><TERRORIST>" purchased "sg556"
L 09/05/2013 - 09:43:35: "$able<18><STEAM_1:0:12763314><CT>" [401 122 1] killed "KaiserSoze<19><STEAM_1:1:34140120><TERRORIST>" [385 -181 64] with "m4a1_silencer"
L 09/05/2013 - 09:43:39: "KaiserSoze<19><STEAM_1:1:34140120><TERRORIST>" purchased "negev"
L 09/05/2013 - 09:43:39: "KaiserSoze<19><STEAM_1:1:34140120><TERRORIST>" purchased "elite"
L 09/05/2013 - 09:43:57: "$able<18><STEAM_1:0:12763314><CT>" [396 510 0] killed "KaiserSoze<19><STEAM_1:1:34140120><TERRORIST>" [749 533 64] with "elite" (headshot)
L 09/05/2013 - 09:44:00: "KaiserSoze<19><STEAM_1:1:34140120><TERRORIST>" purchased "mac10"
L 09/05/2013 - 09:44:00: "KaiserSoze<19><STEAM_1:1:34140120><TERRORIST>" purchased "p250"
KaiserSoze: i'm just gonna kill chickens
L 09/05/2013 - 09:44:27: "KaiserSoze<19><STEAM_1:1:34140120><TERRORIST>" say "i'm just gonna kill chickens"
L 09/05/2013 - 09:44:36: "KaiserSoze<19><STEAM_1:1:34140120><TERRORIST>" purchased "p90"
L 09/05/2013 - 09:44:36: "KaiserSoze<19><STEAM_1:1:34140120><TERRORIST>" purchased "glock"
L 09/05/2013 - 09:44:36: "KaiserSoze<19><STEAM_1:1:34140120><TERRORIST>" purchased "mp7"
L 09/05/2013 - 09:45:01: Team "CT" triggered "SFUI_Notice_CTs_Win" (CT "0") (T "0")
L 09/05/2013 - 09:45:01: Team "CT" scored "0" with "1" players
L 09/05/2013 - 09:45:01: Team "TERRORIST" scored "0" with "1" players
L 09/05/2013 - 09:45:01: World triggered "Round_End"
L 09/05/2013 - 09:45:01: World triggered "Intermission_Time_Limit"
Going to intermission...
CHANGELEVEL: Looking for next level in mapgroup 'mg_bomb'
Looking for next map in mapgroup 'mg_bomb'...
CHANGELEVEL: Choosing map 'de_dust2' (previous was ar_shoots)
KaiserSoze: that was painful
L 09/05/2013 - 09:45:08: "KaiserSoze<19><STEAM_1:1:34140120><TERRORIST>" say "that was painful"
=======
L 09/03/2013 - 10:24:10: "GOTV<19><BOT><>" connected, address "none"
>>>>>>> a50f1e7885c71edd1cf8cf2d72733bfee233e3df
PutClientInServer: no info_player_start on level
L 09/05/2013 - 12:29:11: "GOTV<23><BOT><>" entered the game
L 09/05/2013 - 12:29:11: "GOTV<23><BOT><Unassigned>" changed name to "Battle Pro Beta TV GOTV"
L 09/05/2013 - 12:29:11: World triggered "Round_Start"
GOTV broadcast active.
L 09/05/2013 - 12:29:11: "Cuchillin<24><STEAM_1:1:56695116><>" connected, address "186.59.10.27:11045"
Client "Cuchillin" connected (186.59.10.27:11045).
L 09/05/2013 - 12:29:11: "Cuchillin<24><STEAM_1:1:56695116><>" STEAM USERID validated
Giving up attempts to make more random spawn points. Current count: 21.
L 09/05/2013 - 12:29:34: "Cuchillin<24><STEAM_1:1:56695116><>" entered the game
L 09/05/2013 - 12:29:35: "KaiserSoze<25><STEAM_1:1:34140120><>" connected, address "190.15.199.82:25953"
Client "KaiserSoze" connected (190.15.199.82:25953).
L 09/05/2013 - 12:29:35: "KaiserSoze<25><STEAM_1:1:34140120><>" STEAM USERID validated
CreateFragmentsFromFile: 'downloads/1ab72a88.dat' doesn't exist.
L 09/05/2013 - 12:29:39: "Cuchillin<24><STEAM_1:1:56695116><Unassigned>" triggered "clantag" (value "")
CreateFragmentsFromFile: 'downloads/1ab72a88.dat' doesn't exist.
L 09/05/2013 - 12:30:05: "KaiserSoze<25><STEAM_1:1:34140120><>" entered the game
CreateFragmentsFromFile: 'downloads/1ab72a88.dat' doesn't exist.
CreateFragmentsFromFile: 'downloads/1ab72a88.dat' doesn't exist.
L 09/05/2013 - 12:30:13: "KaiserSoze<25><STEAM_1:1:34140120><Unassigned>" triggered "clantag" (value "")
L 09/05/2013 - 12:30:22: "KaiserSoze<25><STEAM_1:1:34140120>" switched from team <Unassigned> to <TERRORIST>
L 09/05/2013 - 12:30:22: "KaiserSoze<25><STEAM_1:1:34140120><TERRORIST>" triggered "clantag" (value "")
Game will not start until both teams have players.
<<<<<<< HEAD
L 09/05/2013 - 12:30:23: "KaiserSoze<25><STEAM_1:1:34140120><TERRORIST>" purchased "galilar"
L 09/05/2013 - 12:30:23: "KaiserSoze<25><STEAM_1:1:34140120><TERRORIST>" purchased "p250"
L 09/05/2013 - 12:30:44: "Cuchillin<24><STEAM_1:1:56695116>" switched from team <Unassigned> to <CT>
L 09/05/2013 - 12:30:45: "Cuchillin<24><STEAM_1:1:56695116><CT>" triggered "clantag" (value "")
L 09/05/2013 - 12:30:45: World triggered "Game_Commencing"
L 09/05/2013 - 12:30:45: World triggered "Round_Start"
L 09/05/2013 - 12:30:53: "KaiserSoze<25><STEAM_1:1:34140120><TERRORIST>" [-109 1050 123] killed "Cuchillin<24><STEAM_1:1:56695116><CT>" [-148 822 295] with "glock"
L 09/05/2013 - 12:34:15: "Cuchillin<24><STEAM_1:1:56695116><CT>" [126 4 74] killed "KaiserSoze<25><STEAM_1:1:34140120><TERRORIST>" [158 12 149] with "hkp2000" (headshot)
L 09/05/2013 - 12:34:19: "KaiserSoze<25><STEAM_1:1:34140120><TERRORIST>" purchased "m249"
L 09/05/2013 - 12:34:19: "KaiserSoze<25><STEAM_1:1:34140120><TERRORIST>" purchased "glock"
L 09/05/2013 - 12:34:36: "Cuchillin<24><STEAM_1:1:56695116><CT>" [126 4 74] killed "KaiserSoze<25><STEAM_1:1:34140120><TERRORIST>" [97 -195 64] with "hkp2000" (headshot)
L 09/05/2013 - 12:34:40: "KaiserSoze<25><STEAM_1:1:34140120><TERRORIST>" purchased "mp7"
L 09/05/2013 - 12:34:40: "KaiserSoze<25><STEAM_1:1:34140120><TERRORIST>" purchased "elite"
=======
>>>>>>> 3fc093d10655140b4637952d3c5fe3dac96ee88a
>>>>>>> a50f1e7885c71edd1cf8cf2d72733bfee233e3df
