<<<<<<< HEAD
﻿-> Reservation cookie 18600007d087fb5:  reason ReplyReservationRequest
ApplyGameSettings: Map ar_baggage not part of Mapgroup 
ApplyGameSettings: MapGroup  not part of type classic mode competitive
Executing server command:
mapgroup 
nextlevel ar_baggage
map ar_baggage reserved

---
Host_MapGroup_f: No mapgroup specified
L 09/05/2013 - 09:43:17: server_cvar: "nextlevel" "ar_baggage"
Server waking up from hibernation
L 09/05/2013 - 09:43:17: [META] Loaded 0 plugins (1 already loaded)
---- Host_Changelevel ----
L 09/05/2013 - 09:43:17: [META] Loaded 0 plugins (1 already loaded)
*** Map Load: ar_baggage: Map Group L 09/05/2013 - 09:43:17: Loading map "ar_baggage"
L 09/05/2013 - 09:43:17: server cvars start
L 09/05/2013 - 09:43:17: "cash_player_killed_teammate" = "-3300"
L 09/05/2013 - 09:43:17: "sv_maxspeed" = "320"
L 09/05/2013 - 09:43:17: "cash_player_respawn_amount" = "0"
L 09/05/2013 - 09:43:17: "cash_team_rescued_hostage" = "600"
L 09/05/2013 - 09:43:17: "cash_team_win_by_defusing_bomb" = "3500"
L 09/05/2013 - 09:43:17: "sv_rollangle" = "0"
L 09/05/2013 - 09:43:17: "r_AirboatViewZHeight" = "0.0"
L 09/05/2013 - 09:43:17: "sv_cheats" = "0"
L 09/05/2013 - 09:43:17: "r_VehicleViewDampen" = "1"
L 09/05/2013 - 09:43:17: "metamod_version" = "1.10.0-devV"
L 09/05/2013 - 09:43:17: "mp_allowNPCs" = "1"
L 09/05/2013 - 09:43:17: "mp_tournament" = "0"
L 09/05/2013 - 09:43:17: "sv_spec_hear" = "1"
L 09/05/2013 - 09:43:17: "cash_player_interact_with_hostage" = "300"
L 09/05/2013 - 09:43:17: "mp_flashlight" = "0"
L 09/05/2013 - 09:43:17: "mp_maxrounds" = "30"
L 09/05/2013 - 09:43:17: "sv_tags" = ""
L 09/05/2013 - 09:43:17: "sv_stepsize" = "18"
L 09/05/2013 - 09:43:17: "mp_teamlist" = "hgrunt;scientist"
L 09/05/2013 - 09:43:17: "sv_alltalk" = "0"
L 09/05/2013 - 09:43:17: "mp_footsteps" = "1"
L 09/05/2013 - 09:43:17: "sv_noclipaccelerate" = "5"
L 09/05/2013 - 09:43:17: "sv_wateraccelerate" = "10"
L 09/05/2013 - 09:43:17: "mp_autocrosshair" = "1"
L 09/05/2013 - 09:43:17: "mp_stalemate_enable" = "0"
L 09/05/2013 - 09:43:17: "sourcemod_version" = "1.5.0-dev+3755"
L 09/05/2013 - 09:43:17: "cash_team_elimination_bomb_map" = "3250"
L 09/05/2013 - 09:43:17: "cash_player_get_killed" = "0"
L 09/05/2013 - 09:43:17: "mp_roundtime_defuse" = "2"
L 09/05/2013 - 09:43:17: "sv_autobuyammo" = "1"
L 09/05/2013 - 09:43:17: "sv_rollspeed" = "200"
L 09/05/2013 - 09:43:17: "sv_airaccelerate" = "10"
L 09/05/2013 - 09:43:17: "mp_teams_unbalance_limit" = "1"
L 09/05/2013 - 09:43:17: "mp_timelimit" = "0"
L 09/05/2013 - 09:43:17: "cash_team_loser_bonus" = "1400"
L 09/05/2013 - 09:43:17: "sv_deadtalk" = "1"
L 09/05/2013 - 09:43:17: "cash_player_rescued_hostage" = "1000"
L 09/05/2013 - 09:43:17: "sv_waterfriction" = "1"
L 09/05/2013 - 09:43:17: "sv_competitive_official_5v5" = "0"
L 09/05/2013 - 09:43:17: "sv_steamgroup" = ""
L 09/05/2013 - 09:43:17: "cash_player_killed_enemy_default" = "300"
L 09/05/2013 - 09:43:17: "coop" = "0"
L 09/05/2013 - 09:43:17: "mp_respawnwavetime" = "10.0"
L 09/05/2013 - 09:43:17: "nextlevel" = "ar_baggage"
L 09/05/2013 - 09:43:17: "sv_stopspeed" = "75"
L 09/05/2013 - 09:43:17: "sv_specaccelerate" = "5"
L 09/05/2013 - 09:43:17: "deathmatch" = "1"
L 09/05/2013 - 09:43:17: "tv_enable" = "1"
L 09/05/2013 - 09:43:17: "mp_falldamage" = "0"
L 09/05/2013 - 09:43:17: "mp_teammates_are_enemies" = "0"
L 09/05/2013 - 09:43:17: "mp_roundtime_hostage" = "2"
L 09/05/2013 - 09:43:17: "mp_freezetime" = "15"
L 09/05/2013 - 09:43:17: "sv_accelerate_use_weapon_speed" = "0"
L 09/05/2013 - 09:43:17: "sv_voiceenable" = "1"
L 09/05/2013 - 09:43:17: "sv_bounce" = "0"
L 09/05/2013 - 09:43:17: "r_AirboatViewDampenFreq" = "7.0"
L 09/05/2013 - 09:43:17: "mp_disable_respawn_times" = "0"
L 09/05/2013 - 09:43:17: "mp_weaponstay" = "0"
L 09/05/2013 - 09:43:17: "mp_hostagepenalty" = "10"
L 09/05/2013 - 09:43:17: "tv_advertise_watchable" = "0"
L 09/05/2013 - 09:43:17: "mp_friendlyfire" = "1"
L 09/05/2013 - 09:43:17: "sv_noclipspeed" = "5"
L 09/05/2013 - 09:43:17: "cash_team_hostage_interaction" = "600"
L 09/05/2013 - 09:43:17: "sv_allchat" = "1"
L 09/05/2013 - 09:43:17: "cash_team_win_by_time_running_out_bomb" = "3250"
L 09/05/2013 - 09:43:17: "mp_buy_during_immunity" = "0"
L 09/05/2013 - 09:43:17: "cash_player_killed_enemy_factor" = "1"
L 09/05/2013 - 09:43:17: "r_JeepViewDampenDamp" = "1.0"
L 09/05/2013 - 09:43:17: "mp_c4timer" = "45"
L 09/05/2013 - 09:43:17: "r_AirboatViewDampenDamp" = "1.0"
L 09/05/2013 - 09:43:17: "sv_competitive_minspec" = "1"
L 09/05/2013 - 09:43:17: "sm_nextmap" = ""
L 09/05/2013 - 09:43:17: "mp_stalemate_at_timelimit" = "0"
L 09/05/2013 - 09:43:17: "sv_footsteps" = "1"
L 09/05/2013 - 09:43:17: "mp_limitteams" = "0"
L 09/05/2013 - 09:43:17: "sv_vote_issue_kick_allowed" = "1"
L 09/05/2013 - 09:43:17: "tv_relaypassword" = ""
L 09/05/2013 - 09:43:17: "mp_teamplay" = "0"
L 09/05/2013 - 09:43:17: "cash_team_terrorist_win_bomb" = "3500"
L 09/05/2013 - 09:43:17: "cash_team_elimination_hostage_map_t" = "3000"
L 09/05/2013 - 09:43:17: "r_JeepViewDampenFreq" = "7.0"
L 09/05/2013 - 09:43:17: "sv_specnoclip" = "1"
L 09/05/2013 - 09:43:17: "sv_friction" = "4.8"
L 09/05/2013 - 09:43:17: "cash_team_win_by_time_running_out_hostage" = "3250"
L 09/05/2013 - 09:43:17: "cash_player_bomb_planted" = "300"
L 09/05/2013 - 09:43:17: "mp_autoteambalance" = "0"
L 09/05/2013 - 09:43:17: "sv_contact" = ""
L 09/05/2013 - 09:43:17: "sv_vote_kick_ban_duration" = "15"
L 09/05/2013 - 09:43:17: "cash_player_bomb_defused" = "300"
L 09/05/2013 - 09:43:17: "mp_roundtime" = "2"
L 09/05/2013 - 09:43:17: "sv_kick_ban_duration" = "15"
L 09/05/2013 - 09:43:17: "cash_team_planted_bomb_but_defused" = "800"
L 09/05/2013 - 09:43:17: "cash_player_killed_hostage" = "-1000"
L 09/05/2013 - 09:43:17: "mp_fraglimit" = "0"
L 09/05/2013 - 09:43:17: "mp_forcerespawn" = "1"
L 09/05/2013 - 09:43:17: "decalfrequency" = "10"
L 09/05/2013 - 09:43:17: "mp_buy_anywhere" = "0"
L 09/05/2013 - 09:43:17: "sv_accelerate" = "5.6"
L 09/05/2013 - 09:43:17: "mp_winlimit" = "0"
L 09/05/2013 - 09:43:17: "sv_gravity" = "800"
L 09/05/2013 - 09:43:17: "sv_password" = "battle2011"
L 09/05/2013 - 09:43:17: "cash_team_elimination_hostage_map_ct" = "3000"
L 09/05/2013 - 09:43:17: "cash_team_win_by_hostage_rescue" = "2900"
L 09/05/2013 - 09:43:17: "r_JeepViewZHeight" = "10.0"
L 09/05/2013 - 09:43:17: "cash_team_loser_bonus_consecutive_rounds" = "500"
L 09/05/2013 - 09:43:17: "cash_player_damage_hostage" = "-30"
L 09/05/2013 - 09:43:17: "cash_team_hostage_alive" = "0"
L 09/05/2013 - 09:43:17: "tv_password" = "battle2011"
L 09/05/2013 - 09:43:17: "sv_specspeed" = "3"
L 09/05/2013 - 09:43:17: server cvars end
L 09/05/2013 - 09:43:17: Started map "ar_baggage" (CRC "-1458358218")
L 09/05/2013 - 09:43:17: -------- Mapchange to ar_baggage --------
GameTypes: initializing game types interface from GameModes.txt.
GameTypes: merging game types interface from gamemodes_server.txt.
GameTypes: missing mapgroupsSP entry for game type/mode (custom/custom).
bot_autodifficulty_threshold_high - 2.0
bot_autodifficulty_threshold_low - -6.0
bot_chatter - normal
bot_defer_to_human_goals - 0
bot_defer_to_human_items - 1
bot_difficulty - 1
bot_quota - 10
bot_quota_mode - normal
bot_allow_grenades - 1
bot_allow_pistols - 1
bot_allow_sub_machine_guns - 1
bot_allow_shotguns - 1
bot_allow_rifles - 1
bot_allow_snipers - 1
bot_allow_machine_guns - 1
mp_playercashawards - 1
cash_player_bomb_defused - 300
cash_player_bomb_planted - 300
cash_player_damage_hostage - -30
L 09/05/2013 - 09:43:17: server_cvar: "cash_player_interact_with_hostage" "150"
cash_player_interact_with_hostage - 150
cash_player_killed_enemy_default - 300
cash_player_killed_enemy_factor - 1
cash_player_killed_hostage - -1000
cash_player_killed_teammate - -3300
cash_player_rescued_hostage - 1000
cash_player_respawn_amount - 0
cash_player_get_killed - 0
mp_teamcashawards - 1
cash_team_elimination_bomb_map - 3250
L 09/05/2013 - 09:43:17: server_cvar: "cash_team_elimination_hostage_map_t" "1000"
cash_team_elimination_hostage_map_t - 1000
L 09/05/2013 - 09:43:17: server_cvar: "cash_team_elimination_hostage_map_ct" "2000"
cash_team_elimination_hostage_map_ct - 2000
cash_team_hostage_alive - 0
L 09/05/2013 - 09:43:17: server_cvar: "cash_team_hostage_interaction" "500"
cash_team_hostage_interaction - 500
cash_team_loser_bonus - 1400
cash_team_loser_bonus_consecutive_rounds - 500
cash_team_planted_bomb_but_defused - 800
L 09/05/2013 - 09:43:17: server_cvar: "cash_team_rescued_hostage" "0"
cash_team_rescued_hostage - 0
cash_team_terrorist_win_bomb - 3500
L 09/05/2013 - 09:43:17: server_cvar: "cash_team_win_by_defusing_bomb" "3250"
cash_team_win_by_defusing_bomb - 3250
L 09/05/2013 - 09:43:17: server_cvar: "cash_team_win_by_hostage_rescue" "3500"
cash_team_win_by_hostage_rescue - 3500
cash_team_win_by_time_running_out_bomb - 3250
cash_team_win_by_time_running_out_hostage - 3250
mp_afterroundmoney - 0
mp_buytime - 90
mp_buy_anywhere - 0
mp_buy_during_immunity - 0
mp_startmoney - 800
mp_maxmoney - 16000
mp_death_drop_defuser - 1
mp_death_drop_grenade - 2
mp_death_drop_gun - 1
mp_deathcam_skippable - 1
mp_defuser_allocation - 0
mp_give_player_c4 - 1
mp_free_armor - 0
mp_molotovusedelay - 15.0
mp_weapons_allow_zeus - 1
mp_weapons_allow_map_placed - 0
mp_weapons_glow_on_ground - 0
mp_ct_default_melee - weapon_knife
mp_ct_default_secondary - weapon_hkp2000
mp_ct_default_primary - 
mp_ct_default_grenades - 
mp_t_default_melee - weapon_knife
mp_t_default_secondary - weapon_glock
mp_t_default_primary - 
mp_t_default_grenades - 
mp_buy_allow_grenades - 1
L 09/05/2013 - 09:43:17: server_cvar: "mp_freezetime" "6"
mp_freezetime - 6
mp_force_pick_time - 15
mp_halftime - 0
mp_match_can_clinch - 1
L 09/05/2013 - 09:43:17: server_cvar: "mp_maxrounds" "0"
mp_maxrounds - 0
L 09/05/2013 - 09:43:17: server_cvar: "mp_roundtime" "5"
mp_roundtime - 5
L 09/05/2013 - 09:43:17: server_cvar: "mp_roundtime_defuse" "0"
mp_roundtime_defuse - 0
L 09/05/2013 - 09:43:17: server_cvar: "mp_roundtime_hostage" "0"
mp_roundtime_hostage - 0
L 09/05/2013 - 09:43:17: server_cvar: "mp_timelimit" "5"
mp_timelimit - 5
mp_warmuptime - 30
mp_warmup_pausetimer - 0
mp_halftime_pausetimer - 0
mp_default_team_winner_no_objective - -1
mp_hostagepenalty - 10
mp_solid_teammates - 1
sv_allow_votes - 1
sv_alltalk - 0
L 09/05/2013 - 09:43:17: server_cvar: "sv_deadtalk" "0"
sv_deadtalk - 0
sv_ignoregrenaderadio - 0
mp_teammates_are_enemies - 0
mp_damage_scale_ct_body - 1.0
mp_damage_scale_ct_head - 1.0
mp_damage_scale_t_body - 1.0
mp_damage_scale_t_head - 1.0
L 09/05/2013 - 09:43:17: server_cvar: "mp_friendlyfire" "0"
mp_friendlyfire - 0
ff_damage_reduction_bullets - 0.1
ff_damage_reduction_grenade - 0.25
ff_damage_reduction_grenade_self - 1
ff_damage_reduction_other - 0.25
L 09/05/2013 - 09:43:17: server_cvar: "mp_limitteams" "2"
mp_limitteams - 2
spec_freeze_panel_extended_time - 0.0
spec_freeze_time - 5.0
mp_forcecamera - 1
mp_respawn_immunitytime - 4.0
mp_respawn_on_death_t - 0
mp_respawn_on_death_ct - 0
mp_display_kill_assists - 1
mp_use_respawn_waves - 0
mp_respawnwavetime_ct - 10.0
mp_respawnwavetime_t - 10.0
mp_randomspawn - 0
mp_randomspawn_los - 1
mp_radar_showall - 0
sv_gravity - 800
sv_accelerate - 5.6
sv_stopspeed - 75
sv_airaccelerate - 10
sv_wateraccelerate - 10
sv_waterfriction - 1
sv_friction - 4.8
sv_bounce - 0
sv_maxvelocity - 3500
sv_maxspeed - 320
mp_ggprogressive_round_restart_delay - 15.0
mp_ggtr_bomb_defuse_bonus - 1.0
mp_ggtr_bomb_detonation_bonus - 1.0
mp_ggtr_bomb_pts_for_flash - 4
mp_ggtr_bomb_pts_for_he - 3
mp_ggtr_bomb_pts_for_molotov - 5
mp_ggtr_bomb_pts_for_upgrade - 2.0
mp_ggtr_bomb_respawn_delay - 0.0
mp_ggtr_end_round_kill_bonus - 1
mp_ggtr_halftime_delay - 0.0
mp_ggtr_last_weapon_kill_ends_half - 0
sv_arms_race_vote_to_restart_disallowed_after - 0
Executing dedicated server config file
L 09/05/2013 - 09:43:17: server_cvar: "nextlevel" ""
Server logging enabled.
L 09/05/2013 - 09:43:17: server_cvar: "mp_freezetime" "0"
L 09/05/2013 - 09:43:17: server_cvar: "mp_limitteams" "0"
maxplayers set to 64
L 09/05/2013 - 09:43:17: server_cvar: "cash_player_interact_with_hostage" "300"
L 09/05/2013 - 09:43:17: server_cvar: "cash_team_elimination_hostage_map_t" "3000"
L 09/05/2013 - 09:43:17: server_cvar: "cash_team_elimination_hostage_map_ct" "3000"
L 09/05/2013 - 09:43:17: server_cvar: "cash_team_hostage_interaction" "600"
L 09/05/2013 - 09:43:17: server_cvar: "cash_team_rescued_hostage" "600"
L 09/05/2013 - 09:43:17: server_cvar: "cash_team_win_by_defusing_bomb" "3500"
L 09/05/2013 - 09:43:17: server_cvar: "cash_team_win_by_hostage_rescue" "2900"
Unknown command "mp_deathcam_skippable"
L 09/05/2013 - 09:43:17: server_cvar: "mp_freezetime" "15"
L 09/05/2013 - 09:43:17: server_cvar: "mp_friendlyfire" "1"
L 09/05/2013 - 09:43:17: server_cvar: "mp_maxrounds" "30"
L 09/05/2013 - 09:43:17: server_cvar: "mp_roundtime" "2"
L 09/05/2013 - 09:43:17: server_cvar: "mp_roundtime_hostage" "2"
L 09/05/2013 - 09:43:17: server_cvar: "mp_roundtime_defuse" "2"
L 09/05/2013 - 09:43:17: server_cvar: "mp_timelimit" "0"
L 09/05/2013 - 09:43:17: server_cvar: "sv_deadtalk" "1"
exec: couldn't exec gamemode_competitive_server.cfg
Commentary: Could not find commentary data file 'maps/ar_baggage_commentary.txt'. 
Error parsing BotProfile.db - unknown attribute 'Rank'
Error parsing BotProfile.db - unknown attribute 'Rank'
Error parsing BotProfile.db - unknown attribute 'Rank'
Error parsing BotProfile.db - unknown attribute 'Rank'
Error parsing BotProfile.db - unknown attribute 'Rank'
Error parsing BotProfile.db - unknown attribute 'Rank'
Error parsing BotProfile.db - unknown attribute 'Rank'
Error parsing BotProfile.db - unknown attribute 'Rank'
L 09/05/2013 - 09:43:18: "GOTV<5><BOT><>" connected, address "none"
PutClientInServer: no info_player_start on level
L 09/05/2013 - 09:43:18: "GOTV<5><BOT><>" entered the game
L 09/05/2013 - 09:43:18: "GOTV<5><BOT><Unassigned>" changed name to "Battle Pro Beta TV GOTV"
L 09/05/2013 - 09:43:18: World triggered "Round_Start"
GOTV broadcast active.
L 09/05/2013 - 09:43:18: "Drahtz<6><STEAM_1:0:42575687><>" connected, address "186.59.10.27:23183"
Client "Drahtz" connected (186.59.10.27:23183).
L 09/05/2013 - 09:43:18: "Drahtz<6><STEAM_1:0:42575687><>" STEAM USERID validated
PutClientInServer: no info_player_start on level
L 09/05/2013 - 09:43:41: "Drahtz<6><STEAM_1:0:42575687><>" entered the game
L 09/05/2013 - 09:43:49: "Drahtz<6><STEAM_1:0:42575687><Unassigned>" disconnected (reason "Drahtz timed out")
Dropped Drahtz from server (Drahtz timed out)
-> Reservation cookie 0:  reason reserved(yes), clients(no), reservationexpires(0.00)
Server is hibernating
L 09/05/2013 - 09:43:54: "Battle Pro Beta TV GOTV<5><BOT><Unassigned>" disconnected (reason "Punting bot, server is hibernating")
-> Reservation cookie 18600007d0a232a:  reason ReplyReservationRequest
ApplyGameSettings: Map ar_baggage not part of Mapgroup 
ApplyGameSettings: MapGroup  not part of type classic mode competitive
Executing server command:
mapgroup 
nextlevel ar_baggage
map ar_baggage reserved

---
Host_MapGroup_f: No mapgroup specified
L 09/05/2013 - 11:49:40: server_cvar: "nextlevel" "ar_baggage"
Server waking up from hibernation
L 09/05/2013 - 11:49:40: [META] Loaded 0 plugins (1 already loaded)
---- Host_Changelevel ----
L 09/05/2013 - 11:49:40: [META] Loaded 0 plugins (1 already loaded)
*** Map Load: ar_baggage: Map Group L 09/05/2013 - 11:49:40: Loading map "ar_baggage"
L 09/05/2013 - 11:49:40: server cvars start
L 09/05/2013 - 11:49:40: "cash_player_killed_teammate" = "-3300"
L 09/05/2013 - 11:49:40: "sv_maxspeed" = "320"
L 09/05/2013 - 11:49:40: "cash_player_respawn_amount" = "0"
L 09/05/2013 - 11:49:40: "cash_team_rescued_hostage" = "600"
L 09/05/2013 - 11:49:40: "cash_team_win_by_defusing_bomb" = "3500"
L 09/05/2013 - 11:49:40: "sv_rollangle" = "0"
L 09/05/2013 - 11:49:40: "r_AirboatViewZHeight" = "0.0"
L 09/05/2013 - 11:49:40: "sv_cheats" = "0"
L 09/05/2013 - 11:49:40: "r_VehicleViewDampen" = "1"
L 09/05/2013 - 11:49:40: "metamod_version" = "1.10.0-devV"
L 09/05/2013 - 11:49:40: "mp_allowNPCs" = "1"
L 09/05/2013 - 11:49:40: "mp_tournament" = "0"
L 09/05/2013 - 11:49:40: "sv_spec_hear" = "1"
L 09/05/2013 - 11:49:40: "cash_player_interact_with_hostage" = "300"
L 09/05/2013 - 11:49:40: "mp_flashlight" = "0"
L 09/05/2013 - 11:49:40: "mp_maxrounds" = "30"
L 09/05/2013 - 11:49:40: "sv_tags" = ""
L 09/05/2013 - 11:49:40: "sv_stepsize" = "18"
L 09/05/2013 - 11:49:40: "mp_teamlist" = "hgrunt;scientist"
L 09/05/2013 - 11:49:40: "sv_alltalk" = "0"
L 09/05/2013 - 11:49:40: "mp_footsteps" = "1"
L 09/05/2013 - 11:49:40: "sv_noclipaccelerate" = "5"
L 09/05/2013 - 11:49:40: "sv_wateraccelerate" = "10"
L 09/05/2013 - 11:49:40: "mp_autocrosshair" = "1"
L 09/05/2013 - 11:49:40: "mp_stalemate_enable" = "0"
L 09/05/2013 - 11:49:40: "sourcemod_version" = "1.5.0-dev+3755"
L 09/05/2013 - 11:49:40: "cash_team_elimination_bomb_map" = "3250"
L 09/05/2013 - 11:49:40: "cash_player_get_killed" = "0"
L 09/05/2013 - 11:49:40: "mp_roundtime_defuse" = "2"
L 09/05/2013 - 11:49:40: "sv_autobuyammo" = "1"
L 09/05/2013 - 11:49:40: "sv_rollspeed" = "200"
L 09/05/2013 - 11:49:40: "sv_airaccelerate" = "10"
L 09/05/2013 - 11:49:40: "mp_teams_unbalance_limit" = "1"
L 09/05/2013 - 11:49:40: "mp_timelimit" = "0"
L 09/05/2013 - 11:49:40: "cash_team_loser_bonus" = "1400"
L 09/05/2013 - 11:49:40: "sv_deadtalk" = "1"
L 09/05/2013 - 11:49:40: "cash_player_rescued_hostage" = "1000"
L 09/05/2013 - 11:49:40: "sv_waterfriction" = "1"
L 09/05/2013 - 11:49:40: "sv_competitive_official_5v5" = "0"
L 09/05/2013 - 11:49:40: "sv_steamgroup" = ""
L 09/05/2013 - 11:49:40: "cash_player_killed_enemy_default" = "300"
L 09/05/2013 - 11:49:40: "coop" = "0"
L 09/05/2013 - 11:49:40: "mp_respawnwavetime" = "10.0"
L 09/05/2013 - 11:49:40: "nextlevel" = "ar_baggage"
L 09/05/2013 - 11:49:40: "sv_stopspeed" = "75"
L 09/05/2013 - 11:49:40: "sv_specaccelerate" = "5"
L 09/05/2013 - 11:49:40: "deathmatch" = "1"
L 09/05/2013 - 11:49:40: "tv_enable" = "1"
L 09/05/2013 - 11:49:40: "mp_falldamage" = "0"
L 09/05/2013 - 11:49:40: "mp_teammates_are_enemies" = "0"
L 09/05/2013 - 11:49:40: "mp_roundtime_hostage" = "2"
L 09/05/2013 - 11:49:40: "mp_freezetime" = "15"
L 09/05/2013 - 11:49:40: "sv_accelerate_use_weapon_speed" = "0"
L 09/05/2013 - 11:49:40: "sv_voiceenable" = "1"
L 09/05/2013 - 11:49:40: "sv_bounce" = "0"
L 09/05/2013 - 11:49:40: "r_AirboatViewDampenFreq" = "7.0"
L 09/05/2013 - 11:49:40: "mp_disable_respawn_times" = "0"
L 09/05/2013 - 11:49:40: "mp_weaponstay" = "0"
L 09/05/2013 - 11:49:40: "mp_hostagepenalty" = "10"
L 09/05/2013 - 11:49:40: "tv_advertise_watchable" = "0"
L 09/05/2013 - 11:49:40: "mp_friendlyfire" = "1"
L 09/05/2013 - 11:49:40: "sv_noclipspeed" = "5"
L 09/05/2013 - 11:49:40: "cash_team_hostage_interaction" = "600"
L 09/05/2013 - 11:49:40: "sv_allchat" = "1"
L 09/05/2013 - 11:49:40: "cash_team_win_by_time_running_out_bomb" = "3250"
L 09/05/2013 - 11:49:40: "mp_buy_during_immunity" = "0"
L 09/05/2013 - 11:49:40: "cash_player_killed_enemy_factor" = "1"
L 09/05/2013 - 11:49:40: "r_JeepViewDampenDamp" = "1.0"
L 09/05/2013 - 11:49:40: "mp_c4timer" = "45"
L 09/05/2013 - 11:49:40: "r_AirboatViewDampenDamp" = "1.0"
L 09/05/2013 - 11:49:40: "sv_competitive_minspec" = "1"
L 09/05/2013 - 11:49:40: "sm_nextmap" = ""
L 09/05/2013 - 11:49:40: "mp_stalemate_at_timelimit" = "0"
L 09/05/2013 - 11:49:40: "sv_footsteps" = "1"
L 09/05/2013 - 11:49:40: "mp_limitteams" = "0"
L 09/05/2013 - 11:49:40: "sv_vote_issue_kick_allowed" = "1"
L 09/05/2013 - 11:49:40: "tv_relaypassword" = ""
L 09/05/2013 - 11:49:40: "mp_teamplay" = "0"
L 09/05/2013 - 11:49:40: "cash_team_terrorist_win_bomb" = "3500"
L 09/05/2013 - 11:49:40: "cash_team_elimination_hostage_map_t" = "3000"
L 09/05/2013 - 11:49:40: "r_JeepViewDampenFreq" = "7.0"
L 09/05/2013 - 11:49:40: "sv_specnoclip" = "1"
L 09/05/2013 - 11:49:40: "sv_friction" = "4.8"
L 09/05/2013 - 11:49:40: "cash_team_win_by_time_running_out_hostage" = "3250"
L 09/05/2013 - 11:49:40: "cash_player_bomb_planted" = "300"
L 09/05/2013 - 11:49:40: "mp_autoteambalance" = "0"
L 09/05/2013 - 11:49:40: "sv_contact" = ""
L 09/05/2013 - 11:49:40: "sv_vote_kick_ban_duration" = "15"
L 09/05/2013 - 11:49:40: "cash_player_bomb_defused" = "300"
L 09/05/2013 - 11:49:40: "mp_roundtime" = "2"
L 09/05/2013 - 11:49:40: "sv_kick_ban_duration" = "15"
L 09/05/2013 - 11:49:40: "cash_team_planted_bomb_but_defused" = "800"
L 09/05/2013 - 11:49:40: "cash_player_killed_hostage" = "-1000"
L 09/05/2013 - 11:49:40: "mp_fraglimit" = "0"
L 09/05/2013 - 11:49:40: "mp_forcerespawn" = "1"
L 09/05/2013 - 11:49:40: "decalfrequency" = "10"
L 09/05/2013 - 11:49:40: "mp_buy_anywhere" = "0"
L 09/05/2013 - 11:49:40: "sv_accelerate" = "5.6"
L 09/05/2013 - 11:49:40: "mp_winlimit" = "0"
L 09/05/2013 - 11:49:40: "sv_gravity" = "800"
L 09/05/2013 - 11:49:40: "sv_password" = "battle2011"
L 09/05/2013 - 11:49:40: "cash_team_elimination_hostage_map_ct" = "3000"
L 09/05/2013 - 11:49:40: "cash_team_win_by_hostage_rescue" = "2900"
L 09/05/2013 - 11:49:40: "r_JeepViewZHeight" = "10.0"
L 09/05/2013 - 11:49:40: "cash_team_loser_bonus_consecutive_rounds" = "500"
L 09/05/2013 - 11:49:40: "cash_player_damage_hostage" = "-30"
L 09/05/2013 - 11:49:40: "cash_team_hostage_alive" = "0"
L 09/05/2013 - 11:49:40: "tv_password" = "battle2011"
L 09/05/2013 - 11:49:40: "sv_specspeed" = "3"
L 09/05/2013 - 11:49:40: server cvars end
L 09/05/2013 - 11:49:40: Started map "ar_baggage" (CRC "-1458358218")
L 09/05/2013 - 11:49:40: -------- Mapchange to ar_baggage --------
=======
﻿L 09/05/2013 - 09:45:29: "$able<18><STEAM_1:0:12763314><CT>" disconnected (reason "$able timed out")
Dropped $able from server ($able timed out)
STEAMAUTH: Client KaiserSoze received failure code 6
L 09/05/2013 - 09:45:30: STEAMAUTH: Client KaiserSoze received failure code 6
L 09/05/2013 - 09:45:30: "KaiserSoze<19><STEAM_1:1:34140120><TERRORIST>" disconnected (reason "No Steam logon")
Dropped KaiserSoze from server (No Steam logon)
-> Reservation cookie 0:  reason reserved(yes), clients(no), reservationexpires(0.00)
Server is hibernating
L 09/05/2013 - 09:45:35: "Battle Pro Beta TV GOTV<17><BOT><Unassigned>" disconnected (reason "Punting bot, server is hibernating")
-> Reservation cookie 18600007d08bd75:  reason ReplyReservationRequest
ApplyGameSettings: Map ar_shoots not part of Mapgroup mg_bomb
ApplyGameSettings: MapGroup mg_bomb not part of type gungame mode deathmatch
Executing server command:
mapgroup mg_bomb
nextlevel ar_shoots
map ar_shoots reserved

---
Setting mapgroup to 'mg_bomb'
L 09/05/2013 - 10:03:33: server_cvar: "nextlevel" "ar_shoots"
Server waking up from hibernation
L 09/05/2013 - 10:03:33: [META] Loaded 0 plugins (1 already loaded)
---- Host_Changelevel ----
L 09/05/2013 - 10:03:33: [META] Loaded 0 plugins (1 already loaded)
*** Map Load: ar_shoots: Map Group mg_bombL 09/05/2013 - 10:03:33: Loading map "ar_shoots"
L 09/05/2013 - 10:03:33: server cvars start
L 09/05/2013 - 10:03:33: "cash_player_killed_teammate" = "0"
L 09/05/2013 - 10:03:33: "sv_maxspeed" = "320"
L 09/05/2013 - 10:03:33: "cash_player_respawn_amount" = "0"
L 09/05/2013 - 10:03:33: "cash_team_rescued_hostage" = "0"
L 09/05/2013 - 10:03:33: "cash_team_win_by_defusing_bomb" = "0"
L 09/05/2013 - 10:03:33: "sv_rollangle" = "0"
L 09/05/2013 - 10:03:33: "r_AirboatViewZHeight" = "0.0"
L 09/05/2013 - 10:03:33: "sv_cheats" = "0"
L 09/05/2013 - 10:03:33: "r_VehicleViewDampen" = "1"
L 09/05/2013 - 10:03:33: "metamod_version" = "1.10.0-devV"
L 09/05/2013 - 10:03:33: "mp_allowNPCs" = "1"
L 09/05/2013 - 10:03:33: "mp_tournament" = "0"
L 09/05/2013 - 10:03:33: "sv_spec_hear" = "1"
L 09/05/2013 - 10:03:33: "cash_player_interact_with_hostage" = "0"
L 09/05/2013 - 10:03:33: "mp_flashlight" = "0"
L 09/05/2013 - 10:03:33: "mp_maxrounds" = "0"
L 09/05/2013 - 10:03:33: "sv_tags" = ""
L 09/05/2013 - 10:03:33: "sv_stepsize" = "18"
L 09/05/2013 - 10:03:33: "mp_teamlist" = "hgrunt;scientist"
L 09/05/2013 - 10:03:33: "sv_alltalk" = "1"
L 09/05/2013 - 10:03:33: "mp_footsteps" = "1"
L 09/05/2013 - 10:03:33: "sv_noclipaccelerate" = "5"
L 09/05/2013 - 10:03:33: "sv_wateraccelerate" = "10"
L 09/05/2013 - 10:03:33: "mp_autocrosshair" = "1"
L 09/05/2013 - 10:03:33: "mp_stalemate_enable" = "0"
L 09/05/2013 - 10:03:33: "sourcemod_version" = "1.5.0-dev+3755"
L 09/05/2013 - 10:03:33: "cash_team_elimination_bomb_map" = "0"
L 09/05/2013 - 10:03:33: "cash_player_get_killed" = "0"
L 09/05/2013 - 10:03:33: "mp_roundtime_defuse" = "0"
L 09/05/2013 - 10:03:33: "sv_autobuyammo" = "1"
L 09/05/2013 - 10:03:33: "sv_rollspeed" = "200"
L 09/05/2013 - 10:03:33: "sv_airaccelerate" = "10"
L 09/05/2013 - 10:03:33: "mp_teams_unbalance_limit" = "1"
L 09/05/2013 - 10:03:33: "mp_timelimit" = "10"
L 09/05/2013 - 10:03:33: "cash_team_loser_bonus" = "0"
L 09/05/2013 - 10:03:33: "sv_deadtalk" = "1"
L 09/05/2013 - 10:03:33: "cash_player_rescued_hostage" = "0"
L 09/05/2013 - 10:03:33: "sv_waterfriction" = "1"
L 09/05/2013 - 10:03:33: "sv_competitive_official_5v5" = "0"
L 09/05/2013 - 10:03:33: "sv_steamgroup" = ""
L 09/05/2013 - 10:03:33: "cash_player_killed_enemy_default" = "0"
L 09/05/2013 - 10:03:33: "coop" = "0"
L 09/05/2013 - 10:03:33: "mp_respawnwavetime" = "10.0"
L 09/05/2013 - 10:03:33: "nextlevel" = "ar_shoots"
L 09/05/2013 - 10:03:33: "sv_stopspeed" = "75"
L 09/05/2013 - 10:03:33: "sv_specaccelerate" = "5"
L 09/05/2013 - 10:03:33: "deathmatch" = "1"
L 09/05/2013 - 10:03:33: "tv_enable" = "1"
L 09/05/2013 - 10:03:33: "mp_falldamage" = "0"
L 09/05/2013 - 10:03:33: "mp_teammates_are_enemies" = "0"
L 09/05/2013 - 10:03:33: "mp_roundtime_hostage" = "0"
L 09/05/2013 - 10:03:33: "mp_freezetime" = "0"
L 09/05/2013 - 10:03:33: "sv_accelerate_use_weapon_speed" = "0"
L 09/05/2013 - 10:03:33: "sv_voiceenable" = "1"
L 09/05/2013 - 10:03:33: "sv_bounce" = "0"
L 09/05/2013 - 10:03:33: "r_AirboatViewDampenFreq" = "7.0"
L 09/05/2013 - 10:03:33: "mp_disable_respawn_times" = "0"
L 09/05/2013 - 10:03:33: "mp_weaponstay" = "0"
L 09/05/2013 - 10:03:33: "mp_hostagepenalty" = "10"
L 09/05/2013 - 10:03:33: "tv_advertise_watchable" = "0"
L 09/05/2013 - 10:03:33: "mp_friendlyfire" = "1"
L 09/05/2013 - 10:03:33: "sv_noclipspeed" = "5"
L 09/05/2013 - 10:03:33: "cash_team_hostage_interaction" = "0"
L 09/05/2013 - 10:03:33: "sv_allchat" = "1"
L 09/05/2013 - 10:03:33: "cash_team_win_by_time_running_out_bomb" = "0"
L 09/05/2013 - 10:03:33: "mp_buy_during_immunity" = "1"
L 09/05/2013 - 10:03:33: "cash_player_killed_enemy_factor" = "0"
L 09/05/2013 - 10:03:33: "r_JeepViewDampenDamp" = "1.0"
L 09/05/2013 - 10:03:33: "mp_c4timer" = "45"
L 09/05/2013 - 10:03:33: "r_AirboatViewDampenDamp" = "1.0"
L 09/05/2013 - 10:03:33: "sv_competitive_minspec" = "1"
L 09/05/2013 - 10:03:33: "sm_nextmap" = ""
L 09/05/2013 - 10:03:33: "mp_stalemate_at_timelimit" = "0"
L 09/05/2013 - 10:03:33: "sv_footsteps" = "1"
L 09/05/2013 - 10:03:33: "mp_limitteams" = "0"
L 09/05/2013 - 10:03:33: "sv_vote_issue_kick_allowed" = "1"
L 09/05/2013 - 10:03:33: "tv_relaypassword" = ""
L 09/05/2013 - 10:03:33: "mp_teamplay" = "0"
L 09/05/2013 - 10:03:33: "cash_team_terrorist_win_bomb" = "0"
L 09/05/2013 - 10:03:33: "cash_team_elimination_hostage_map_t" = "0"
L 09/05/2013 - 10:03:33: "r_JeepViewDampenFreq" = "7.0"
L 09/05/2013 - 10:03:33: "sv_specnoclip" = "1"
L 09/05/2013 - 10:03:33: "sv_friction" = "4.8"
L 09/05/2013 - 10:03:33: "cash_team_win_by_time_running_out_hostage" = "0"
L 09/05/2013 - 10:03:33: "cash_player_bomb_planted" = "0"
L 09/05/2013 - 10:03:33: "mp_autoteambalance" = "0"
L 09/05/2013 - 10:03:33: "sv_contact" = ""
L 09/05/2013 - 10:03:33: "sv_vote_kick_ban_duration" = "15"
L 09/05/2013 - 10:03:33: "cash_player_bomb_defused" = "0"
L 09/05/2013 - 10:03:33: "mp_roundtime" = "10"
L 09/05/2013 - 10:03:33: "sv_kick_ban_duration" = "15"
L 09/05/2013 - 10:03:33: "cash_team_planted_bomb_but_defused" = "0"
L 09/05/2013 - 10:03:33: "cash_player_killed_hostage" = "0"
L 09/05/2013 - 10:03:33: "mp_fraglimit" = "0"
L 09/05/2013 - 10:03:33: "mp_forcerespawn" = "1"
L 09/05/2013 - 10:03:33: "decalfrequency" = "10"
L 09/05/2013 - 10:03:33: "mp_buy_anywhere" = "1"
L 09/05/2013 - 10:03:33: "sv_accelerate" = "5.6"
L 09/05/2013 - 10:03:33: "mp_winlimit" = "0"
L 09/05/2013 - 10:03:33: "sv_gravity" = "800"
L 09/05/2013 - 10:03:33: "sv_password" = "battle2011"
L 09/05/2013 - 10:03:33: "cash_team_elimination_hostage_map_ct" = "0"
L 09/05/2013 - 10:03:33: "cash_team_win_by_hostage_rescue" = "0"
L 09/05/2013 - 10:03:33: "r_JeepViewZHeight" = "10.0"
L 09/05/2013 - 10:03:33: "cash_team_loser_bonus_consecutive_rounds" = "0"
L 09/05/2013 - 10:03:33: "cash_player_damage_hostage" = "0"
L 09/05/2013 - 10:03:33: "cash_team_hostage_alive" = "0"
L 09/05/2013 - 10:03:33: "tv_password" = "battle2011"
L 09/05/2013 - 10:03:33: "sv_specspeed" = "3"
L 09/05/2013 - 10:03:33: server cvars end
L 09/05/2013 - 10:03:34: Started map "ar_shoots" (CRC "-1646274097")
L 09/05/2013 - 10:03:34: -------- Mapchange to ar_shoots --------
>>>>>>> a50f1e7885c71edd1cf8cf2d72733bfee233e3df
GameTypes: initializing game types interface from GameModes.txt.
GameTypes: merging game types interface from gamemodes_server.txt.
GameTypes: missing mapgroupsSP entry for game type/mode (custom/custom).
bot_autodifficulty_threshold_high - 2.0
bot_autodifficulty_threshold_low - -6.0
bot_chatter - normal
bot_defer_to_human_goals - 0
bot_defer_to_human_items - 1
bot_difficulty - 1
bot_quota - 10
bot_quota_mode - normal
bot_allow_grenades - 1
bot_allow_pistols - 1
bot_allow_sub_machine_guns - 1
bot_allow_shotguns - 1
bot_allow_rifles - 1
bot_allow_snipers - 1
bot_allow_machine_guns - 1
mp_playercashawards - 1
<<<<<<< HEAD
cash_player_bomb_defused - 300
cash_player_bomb_planted - 300
cash_player_damage_hostage - -30
L 09/05/2013 - 11:49:40: server_cvar: "cash_player_interact_with_hostage" "150"
cash_player_interact_with_hostage - 150
cash_player_killed_enemy_default - 300
cash_player_killed_enemy_factor - 1
cash_player_killed_hostage - -1000
cash_player_killed_teammate - -3300
=======
L 09/05/2013 - 10:03:34: server_cvar: "cash_player_bomb_defused" "300"
cash_player_bomb_defused - 300
L 09/05/2013 - 10:03:34: server_cvar: "cash_player_bomb_planted" "300"
cash_player_bomb_planted - 300
L 09/05/2013 - 10:03:34: server_cvar: "cash_player_damage_hostage" "-30"
cash_player_damage_hostage - -30
L 09/05/2013 - 10:03:34: server_cvar: "cash_player_interact_with_hostage" "150"
cash_player_interact_with_hostage - 150
L 09/05/2013 - 10:03:34: server_cvar: "cash_player_killed_enemy_default" "300"
cash_player_killed_enemy_default - 300
L 09/05/2013 - 10:03:34: server_cvar: "cash_player_killed_enemy_factor" "1"
cash_player_killed_enemy_factor - 1
L 09/05/2013 - 10:03:34: server_cvar: "cash_player_killed_hostage" "-1000"
cash_player_killed_hostage - -1000
L 09/05/2013 - 10:03:34: server_cvar: "cash_player_killed_teammate" "-3300"
cash_player_killed_teammate - -3300
L 09/05/2013 - 10:03:34: server_cvar: "cash_player_rescued_hostage" "1000"
>>>>>>> a50f1e7885c71edd1cf8cf2d72733bfee233e3df
cash_player_rescued_hostage - 1000
cash_player_respawn_amount - 0
cash_player_get_killed - 0
mp_teamcashawards - 1
<<<<<<< HEAD
cash_team_elimination_bomb_map - 3250
L 09/05/2013 - 11:49:40: server_cvar: "cash_team_elimination_hostage_map_t" "1000"
cash_team_elimination_hostage_map_t - 1000
L 09/05/2013 - 11:49:40: server_cvar: "cash_team_elimination_hostage_map_ct" "2000"
cash_team_elimination_hostage_map_ct - 2000
cash_team_hostage_alive - 0
L 09/05/2013 - 11:49:40: server_cvar: "cash_team_hostage_interaction" "500"
cash_team_hostage_interaction - 500
cash_team_loser_bonus - 1400
cash_team_loser_bonus_consecutive_rounds - 500
cash_team_planted_bomb_but_defused - 800
L 09/05/2013 - 11:49:40: server_cvar: "cash_team_rescued_hostage" "0"
cash_team_rescued_hostage - 0
cash_team_terrorist_win_bomb - 3500
L 09/05/2013 - 11:49:40: server_cvar: "cash_team_win_by_defusing_bomb" "3250"
cash_team_win_by_defusing_bomb - 3250
L 09/05/2013 - 11:49:40: server_cvar: "cash_team_win_by_hostage_rescue" "3500"
cash_team_win_by_hostage_rescue - 3500
cash_team_win_by_time_running_out_bomb - 3250
cash_team_win_by_time_running_out_hostage - 3250
mp_afterroundmoney - 0
mp_buytime - 90
mp_buy_anywhere - 0
=======
L 09/05/2013 - 10:03:34: server_cvar: "cash_team_elimination_bomb_map" "3250"
cash_team_elimination_bomb_map - 3250
L 09/05/2013 - 10:03:34: server_cvar: "cash_team_elimination_hostage_map_t" "1000"
cash_team_elimination_hostage_map_t - 1000
L 09/05/2013 - 10:03:34: server_cvar: "cash_team_elimination_hostage_map_ct" "2000"
cash_team_elimination_hostage_map_ct - 2000
cash_team_hostage_alive - 0
L 09/05/2013 - 10:03:34: server_cvar: "cash_team_hostage_interaction" "500"
cash_team_hostage_interaction - 500
L 09/05/2013 - 10:03:34: server_cvar: "cash_team_loser_bonus" "1400"
cash_team_loser_bonus - 1400
L 09/05/2013 - 10:03:34: server_cvar: "cash_team_loser_bonus_consecutive_rounds" "500"
cash_team_loser_bonus_consecutive_rounds - 500
L 09/05/2013 - 10:03:34: server_cvar: "cash_team_planted_bomb_but_defused" "800"
cash_team_planted_bomb_but_defused - 800
cash_team_rescued_hostage - 0
L 09/05/2013 - 10:03:34: server_cvar: "cash_team_terrorist_win_bomb" "3500"
cash_team_terrorist_win_bomb - 3500
L 09/05/2013 - 10:03:34: server_cvar: "cash_team_win_by_defusing_bomb" "3250"
cash_team_win_by_defusing_bomb - 3250
L 09/05/2013 - 10:03:34: server_cvar: "cash_team_win_by_hostage_rescue" "3500"
cash_team_win_by_hostage_rescue - 3500
L 09/05/2013 - 10:03:34: server_cvar: "cash_team_win_by_time_running_out_bomb" "3250"
cash_team_win_by_time_running_out_bomb - 3250
L 09/05/2013 - 10:03:34: server_cvar: "cash_team_win_by_time_running_out_hostage" "3250"
cash_team_win_by_time_running_out_hostage - 3250
mp_afterroundmoney - 0
mp_buytime - 90
L 09/05/2013 - 10:03:34: server_cvar: "mp_buy_anywhere" "0"
mp_buy_anywhere - 0
L 09/05/2013 - 10:03:34: server_cvar: "mp_buy_during_immunity" "0"
>>>>>>> a50f1e7885c71edd1cf8cf2d72733bfee233e3df
mp_buy_during_immunity - 0
mp_startmoney - 800
mp_maxmoney - 16000
mp_death_drop_defuser - 1
mp_death_drop_grenade - 2
mp_death_drop_gun - 1
mp_deathcam_skippable - 1
mp_defuser_allocation - 0
mp_give_player_c4 - 1
mp_free_armor - 0
mp_molotovusedelay - 15.0
mp_weapons_allow_zeus - 1
mp_weapons_allow_map_placed - 0
mp_weapons_glow_on_ground - 0
mp_ct_default_melee - weapon_knife
mp_ct_default_secondary - weapon_hkp2000
mp_ct_default_primary - 
mp_ct_default_grenades - 
mp_t_default_melee - weapon_knife
mp_t_default_secondary - weapon_glock
mp_t_default_primary - 
mp_t_default_grenades - 
mp_buy_allow_grenades - 1
<<<<<<< HEAD
L 09/05/2013 - 11:49:40: server_cvar: "mp_freezetime" "6"
=======
L 09/05/2013 - 10:03:34: server_cvar: "mp_freezetime" "6"
>>>>>>> a50f1e7885c71edd1cf8cf2d72733bfee233e3df
mp_freezetime - 6
mp_force_pick_time - 15
mp_halftime - 0
mp_match_can_clinch - 1
<<<<<<< HEAD
L 09/05/2013 - 11:49:40: server_cvar: "mp_maxrounds" "0"
mp_maxrounds - 0
L 09/05/2013 - 11:49:40: server_cvar: "mp_roundtime" "5"
mp_roundtime - 5
L 09/05/2013 - 11:49:40: server_cvar: "mp_roundtime_defuse" "0"
mp_roundtime_defuse - 0
L 09/05/2013 - 11:49:40: server_cvar: "mp_roundtime_hostage" "0"
mp_roundtime_hostage - 0
L 09/05/2013 - 11:49:40: server_cvar: "mp_timelimit" "5"
=======
mp_maxrounds - 0
L 09/05/2013 - 10:03:34: server_cvar: "mp_roundtime" "5"
mp_roundtime - 5
mp_roundtime_defuse - 0
mp_roundtime_hostage - 0
L 09/05/2013 - 10:03:34: server_cvar: "mp_timelimit" "5"
>>>>>>> a50f1e7885c71edd1cf8cf2d72733bfee233e3df
mp_timelimit - 5
mp_warmuptime - 30
mp_warmup_pausetimer - 0
mp_halftime_pausetimer - 0
mp_default_team_winner_no_objective - -1
mp_hostagepenalty - 10
mp_solid_teammates - 1
sv_allow_votes - 1
<<<<<<< HEAD
sv_alltalk - 0
L 09/05/2013 - 11:49:40: server_cvar: "sv_deadtalk" "0"
=======
L 09/05/2013 - 10:03:34: server_cvar: "sv_alltalk" "0"
sv_alltalk - 0
L 09/05/2013 - 10:03:34: server_cvar: "sv_deadtalk" "0"
>>>>>>> a50f1e7885c71edd1cf8cf2d72733bfee233e3df
sv_deadtalk - 0
sv_ignoregrenaderadio - 0
mp_teammates_are_enemies - 0
mp_damage_scale_ct_body - 1.0
mp_damage_scale_ct_head - 1.0
mp_damage_scale_t_body - 1.0
mp_damage_scale_t_head - 1.0
<<<<<<< HEAD
L 09/05/2013 - 11:49:40: server_cvar: "mp_friendlyfire" "0"
=======
L 09/05/2013 - 10:03:34: server_cvar: "mp_friendlyfire" "0"
>>>>>>> a50f1e7885c71edd1cf8cf2d72733bfee233e3df
mp_friendlyfire - 0
ff_damage_reduction_bullets - 0.1
ff_damage_reduction_grenade - 0.25
ff_damage_reduction_grenade_self - 1
ff_damage_reduction_other - 0.25
<<<<<<< HEAD
L 09/05/2013 - 11:49:40: server_cvar: "mp_limitteams" "2"
=======
L 09/05/2013 - 10:03:34: server_cvar: "mp_limitteams" "2"
>>>>>>> a50f1e7885c71edd1cf8cf2d72733bfee233e3df
mp_limitteams - 2
spec_freeze_panel_extended_time - 0.0
spec_freeze_time - 5.0
mp_forcecamera - 1
mp_respawn_immunitytime - 4.0
mp_respawn_on_death_t - 0
mp_respawn_on_death_ct - 0
mp_display_kill_assists - 1
mp_use_respawn_waves - 0
mp_respawnwavetime_ct - 10.0
mp_respawnwavetime_t - 10.0
mp_randomspawn - 0
mp_randomspawn_los - 1
mp_radar_showall - 0
sv_gravity - 800
sv_accelerate - 5.6
sv_stopspeed - 75
sv_airaccelerate - 10
sv_wateraccelerate - 10
sv_waterfriction - 1
sv_friction - 4.8
sv_bounce - 0
sv_maxvelocity - 3500
sv_maxspeed - 320
mp_ggprogressive_round_restart_delay - 15.0
mp_ggtr_bomb_defuse_bonus - 1.0
mp_ggtr_bomb_detonation_bonus - 1.0
mp_ggtr_bomb_pts_for_flash - 4
mp_ggtr_bomb_pts_for_he - 3
mp_ggtr_bomb_pts_for_molotov - 5
mp_ggtr_bomb_pts_for_upgrade - 2.0
mp_ggtr_bomb_respawn_delay - 0.0
mp_ggtr_end_round_kill_bonus - 1
mp_ggtr_halftime_delay - 0.0
mp_ggtr_last_weapon_kill_ends_half - 0
sv_arms_race_vote_to_restart_disallowed_after - 0
Executing dedicated server config file
<<<<<<< HEAD
L 09/05/2013 - 11:49:40: server_cvar: "nextlevel" ""
Server logging enabled.
L 09/05/2013 - 11:49:40: server_cvar: "mp_freezetime" "0"
L 09/05/2013 - 11:49:40: server_cvar: "mp_limitteams" "0"
maxplayers set to 64
L 09/05/2013 - 11:49:40: server_cvar: "cash_player_interact_with_hostage" "300"
L 09/05/2013 - 11:49:40: server_cvar: "cash_team_elimination_hostage_map_t" "3000"
L 09/05/2013 - 11:49:40: server_cvar: "cash_team_elimination_hostage_map_ct" "3000"
L 09/05/2013 - 11:49:40: server_cvar: "cash_team_hostage_interaction" "600"
L 09/05/2013 - 11:49:40: server_cvar: "cash_team_rescued_hostage" "600"
L 09/05/2013 - 11:49:40: server_cvar: "cash_team_win_by_defusing_bomb" "3500"
L 09/05/2013 - 11:49:40: server_cvar: "cash_team_win_by_hostage_rescue" "2900"
Unknown command "mp_deathcam_skippable"
L 09/05/2013 - 11:49:40: server_cvar: "mp_freezetime" "15"
L 09/05/2013 - 11:49:40: server_cvar: "mp_friendlyfire" "1"
L 09/05/2013 - 11:49:40: server_cvar: "mp_maxrounds" "30"
L 09/05/2013 - 11:49:40: server_cvar: "mp_roundtime" "2"
L 09/05/2013 - 11:49:40: server_cvar: "mp_roundtime_hostage" "2"
L 09/05/2013 - 11:49:40: server_cvar: "mp_roundtime_defuse" "2"
L 09/05/2013 - 11:49:40: server_cvar: "mp_timelimit" "0"
L 09/05/2013 - 11:49:40: server_cvar: "sv_deadtalk" "1"
exec: couldn't exec gamemode_competitive_server.cfg
Commentary: Could not find commentary data file 'maps/ar_baggage_commentary.txt'. 
=======
L 09/05/2013 - 10:03:34: server_cvar: "nextlevel" ""
Server logging enabled.
L 09/05/2013 - 10:03:34: server_cvar: "mp_freezetime" "0"
L 09/05/2013 - 10:03:34: server_cvar: "mp_limitteams" "0"
maxplayers set to 64
L 09/05/2013 - 10:03:34: server_cvar: "cash_player_bomb_defused" "0"
L 09/05/2013 - 10:03:34: server_cvar: "cash_player_bomb_planted" "0"
L 09/05/2013 - 10:03:34: server_cvar: "cash_player_damage_hostage" "0"
L 09/05/2013 - 10:03:34: server_cvar: "cash_player_interact_with_hostage" "0"
L 09/05/2013 - 10:03:34: server_cvar: "cash_player_killed_enemy_default" "0"
L 09/05/2013 - 10:03:34: server_cvar: "cash_player_killed_enemy_factor" "0"
L 09/05/2013 - 10:03:34: server_cvar: "cash_player_killed_hostage" "0"
L 09/05/2013 - 10:03:34: server_cvar: "cash_player_killed_teammate" "0"
L 09/05/2013 - 10:03:34: server_cvar: "cash_player_rescued_hostage" "0"
L 09/05/2013 - 10:03:34: server_cvar: "cash_team_elimination_bomb_map" "0"
L 09/05/2013 - 10:03:34: server_cvar: "cash_team_elimination_hostage_map_t" "0"
L 09/05/2013 - 10:03:34: server_cvar: "cash_team_elimination_hostage_map_ct" "0"
L 09/05/2013 - 10:03:34: server_cvar: "cash_team_hostage_interaction" "0"
L 09/05/2013 - 10:03:34: server_cvar: "cash_team_loser_bonus" "0"
L 09/05/2013 - 10:03:34: server_cvar: "cash_team_loser_bonus_consecutive_rounds" "0"
L 09/05/2013 - 10:03:34: server_cvar: "cash_team_planted_bomb_but_defused" "0"
L 09/05/2013 - 10:03:34: server_cvar: "cash_team_terrorist_win_bomb" "0"
L 09/05/2013 - 10:03:34: server_cvar: "cash_team_win_by_defusing_bomb" "0"
L 09/05/2013 - 10:03:34: server_cvar: "cash_team_win_by_hostage_rescue" "0"
L 09/05/2013 - 10:03:34: server_cvar: "cash_team_win_by_time_running_out_bomb" "0"
L 09/05/2013 - 10:03:34: server_cvar: "cash_team_win_by_time_running_out_hostage" "0"
L 09/05/2013 - 10:03:34: server_cvar: "mp_buy_anywhere" "1"
L 09/05/2013 - 10:03:34: server_cvar: "mp_buy_during_immunity" "1"
Unknown command "mp_deathcam_skippable"
L 09/05/2013 - 10:03:34: server_cvar: "mp_friendlyfire" "1"
L 09/05/2013 - 10:03:34: server_cvar: "mp_roundtime" "10"
L 09/05/2013 - 10:03:34: server_cvar: "mp_timelimit" "10"
L 09/05/2013 - 10:03:34: server_cvar: "sv_alltalk" "1"
L 09/05/2013 - 10:03:34: server_cvar: "sv_deadtalk" "1"
exec: couldn't exec gamemode_deathmatch_server.cfg
Commentary: Could not find commentary data file 'maps/ar_shoots_commentary.txt'. 
>>>>>>> a50f1e7885c71edd1cf8cf2d72733bfee233e3df
Error parsing BotProfile.db - unknown attribute 'Rank'
Error parsing BotProfile.db - unknown attribute 'Rank'
Error parsing BotProfile.db - unknown attribute 'Rank'
Error parsing BotProfile.db - unknown attribute 'Rank'
Error parsing BotProfile.db - unknown attribute 'Rank'
Error parsing BotProfile.db - unknown attribute 'Rank'
Error parsing BotProfile.db - unknown attribute 'Rank'
Error parsing BotProfile.db - unknown attribute 'Rank'
<<<<<<< HEAD
L 09/05/2013 - 11:49:40: "GOTV<7><BOT><>" connected, address "none"
PutClientInServer: no info_player_start on level
L 09/05/2013 - 11:49:40: "GOTV<7><BOT><>" entered the game
L 09/05/2013 - 11:49:40: "GOTV<7><BOT><Unassigned>" changed name to "Battle Pro Beta TV GOTV"
L 09/05/2013 - 11:49:40: World triggered "Round_Start"
GOTV broadcast active.
L 09/05/2013 - 11:49:42: "Drahtz<8><STEAM_1:0:42575687><>" connected, address "190.15.199.82:25217"
Client "Drahtz" connected (190.15.199.82:25217).
L 09/05/2013 - 11:49:43: "Drahtz<8><STEAM_1:0:42575687><>" STEAM USERID validated
PutClientInServer: no info_player_start on level
L 09/05/2013 - 11:50:15: "Drahtz<8><STEAM_1:0:42575687><>" entered the game
CreateFragmentsFromFile: 'downloads/1ab72a88.dat' doesn't exist.
L 09/05/2013 - 11:50:20: "Drahtz<8><STEAM_1:0:42575687><Unassigned>" triggered "clantag" (value "")
L 09/05/2013 - 11:50:23: "Dijkstra<9><STEAM_1:0:54679011><>" connected, address "190.15.199.82:25409"
Client "Dijkstra" connected (190.15.199.82:25409).
L 09/05/2013 - 11:50:24: "Dijkstra<9><STEAM_1:0:54679011><>" STEAM USERID validated
L 09/05/2013 - 11:50:26: "Drahtz<8><STEAM_1:0:42575687>" switched from team <Unassigned> to <CT>
L 09/05/2013 - 11:50:27: "Drahtz<8><STEAM_1:0:42575687><CT>" triggered "clantag" (value "")
Game will not start until both teams have players.
L 09/05/2013 - 11:50:32: "Drahtz<8><STEAM_1:0:42575687>" switched from team <CT> to <TERRORIST>
L 09/05/2013 - 11:50:32: "Drahtz<8><STEAM_1:0:42575687><TERRORIST>" [96 -1262 128] committed suicide with "world"
L 09/05/2013 - 11:50:32: "Derek<10><BOT><>" connected, address "none"
L 09/05/2013 - 11:50:32: "Derek<10><BOT>" switched from team <Unassigned> to <CT>
Game will not start until both teams have players.
L 09/05/2013 - 11:50:32: "Derek<10><BOT><>" entered the game
L 09/05/2013 - 11:50:32: "Derek<10><BOT><CT>" disconnected (reason "Kicked by Console")
L 09/05/2013 - 11:50:32: "Derek<10><BOT>" switched from team <CT> to <Unassigned>
L 09/05/2013 - 11:50:33: "Drahtz<8><STEAM_1:0:42575687><TERRORIST>" triggered "clantag" (value "")
Game will not start until both teams have players.
CreateFragmentsFromFile: 'downloads/1ab72a88.dat' doesn't exist.
PutClientInServer: no info_player_start on level
L 09/05/2013 - 11:51:00: "Dijkstra<9><STEAM_1:0:54679011><>" entered the game
CreateFragmentsFromFile: 'downloads/1ab72a88.dat' doesn't exist.
CreateFragmentsFromFile: 'downloads/1ab72a88.dat' doesn't exist.
L 09/05/2013 - 11:51:04: "Dijkstra<9><STEAM_1:0:54679011><Unassigned>" triggered "clantag" (value "")
L 09/05/2013 - 11:51:13: "Dijkstra<9><STEAM_1:0:54679011>" switched from team <Unassigned> to <CT>
L 09/05/2013 - 11:51:15: "Dijkstra<9><STEAM_1:0:54679011><CT>" triggered "clantag" (value "")
Game will not start until both teams have players.
L 09/05/2013 - 11:51:50: "Drahtz<8><STEAM_1:0:42575687><TERRORIST>" [-558 428 144] killed "Dijkstra<9><STEAM_1:0:54679011><CT>" [-594 71 222] with "glock"
L 09/05/2013 - 11:51:50: [SM] Native "PrintToChat" reported: Client index 0 is invalid
L 09/05/2013 - 11:51:50: [SM] Displaying call stack trace for plugin "bp.smx":
L 09/05/2013 - 11:51:50: [SM]   [0]  Line 26, bp.sp::Event_RoundEnd()
L 09/05/2013 - 11:51:50: World triggered "Game_Commencing"
L 09/05/2013 - 11:52:06: World triggered "Round_Start"
L 09/05/2013 - 11:52:16: "Drahtz<8><STEAM_1:0:42575687><TERRORIST>" [51 262 39] killed "Dijkstra<9><STEAM_1:0:54679011><CT>" [194 -15 224] with "glock" (headshot)
L 09/05/2013 - 11:52:16: [SM] Native "PrintToChat" reported: Client index 0 is invalid
L 09/05/2013 - 11:52:16: [SM] Displaying call stack trace for plugin "bp.smx":
L 09/05/2013 - 11:52:16: [SM]   [0]  Line 26, bp.sp::Event_RoundEnd()
L 09/05/2013 - 11:52:16: Team "TERRORIST" triggered "SFUI_Notice_Terrorists_Win" (CT "0") (T "1")
L 09/05/2013 - 11:52:16: Team "CT" scored "0" with "1" players
L 09/05/2013 - 11:52:16: Team "TERRORIST" scored "1" with "1" players
L 09/05/2013 - 11:52:16: World triggered "Round_End"
L 09/05/2013 - 11:52:41: World triggered "Round_Start"
L 09/05/2013 - 11:52:58: "Drahtz<8><STEAM_1:0:42575687><TERRORIST>" [144 119 32] killed "Dijkstra<9><STEAM_1:0:54679011><CT>" [124 3 96] with "glock"
L 09/05/2013 - 11:52:58: [SM] Native "PrintToChat" reported: Client index 0 is invalid
L 09/05/2013 - 11:52:58: [SM] Displaying call stack trace for plugin "bp.smx":
L 09/05/2013 - 11:52:58: [SM]   [0]  Line 26, bp.sp::Event_RoundEnd()
L 09/05/2013 - 11:52:58: Team "TERRORIST" triggered "SFUI_Notice_Terrorists_Win" (CT "0") (T "2")
L 09/05/2013 - 11:52:58: Team "CT" scored "0" with "1" players
L 09/05/2013 - 11:52:58: Team "TERRORIST" scored "2" with "1" players
L 09/05/2013 - 11:52:58: World triggered "Round_End"
L 09/05/2013 - 11:53:23: World triggered "Round_Start"
L 09/05/2013 - 11:53:37: "Drahtz<8><STEAM_1:0:42575687><TERRORIST>" [205 -626 64] killed "Dijkstra<9><STEAM_1:0:54679011><CT>" [-376 -1148 128] with "glock" (headshot)
L 09/05/2013 - 11:53:37: [SM] Native "PrintToChat" reported: Client index 0 is invalid
L 09/05/2013 - 11:53:37: [SM] Displaying call stack trace for plugin "bp.smx":
L 09/05/2013 - 11:53:37: [SM]   [0]  Line 26, bp.sp::Event_RoundEnd()
L 09/05/2013 - 11:53:37: Team "TERRORIST" triggered "SFUI_Notice_Terrorists_Win" (CT "0") (T "3")
L 09/05/2013 - 11:53:37: Team "CT" scored "0" with "1" players
L 09/05/2013 - 11:53:37: Team "TERRORIST" scored "3" with "1" players
L 09/05/2013 - 11:53:37: World triggered "Round_End"
L 09/05/2013 - 11:54:02: World triggered "Round_Start"
L 09/05/2013 - 11:54:15: "Drahtz<8><STEAM_1:0:42575687><TERRORIST>" [91 -1167 64] killed "Dijkstra<9><STEAM_1:0:54679011><CT>" [96 -1262 128] with "glock" (headshot)
L 09/05/2013 - 11:54:15: [SM] Native "PrintToChat" reported: Client index 0 is invalid
L 09/05/2013 - 11:54:15: [SM] Displaying call stack trace for plugin "bp.smx":
L 09/05/2013 - 11:54:15: [SM]   [0]  Line 26, bp.sp::Event_RoundEnd()
L 09/05/2013 - 11:54:15: Team "TERRORIST" triggered "SFUI_Notice_Terrorists_Win" (CT "0") (T "4")
L 09/05/2013 - 11:54:15: Team "CT" scored "0" with "1" players
L 09/05/2013 - 11:54:15: Team "TERRORIST" scored "4" with "1" players
L 09/05/2013 - 11:54:15: World triggered "Round_End"
L 09/05/2013 - 11:54:40: World triggered "Round_Start"
L 09/05/2013 - 11:54:57: "Drahtz<8><STEAM_1:0:42575687><TERRORIST>" [76 -81 32] killed "Dijkstra<9><STEAM_1:0:54679011><CT>" [110 -23 96] with "glock" (headshot)
L 09/05/2013 - 11:54:57: [SM] Native "PrintToChat" reported: Client index 0 is invalid
L 09/05/2013 - 11:54:57: [SM] Displaying call stack trace for plugin "bp.smx":
L 09/05/2013 - 11:54:57: [SM]   [0]  Line 26, bp.sp::Event_RoundEnd()
L 09/05/2013 - 11:54:57: Team "TERRORIST" triggered "SFUI_Notice_Terrorists_Win" (CT "0") (T "5")
L 09/05/2013 - 11:54:57: Team "CT" scored "0" with "1" players
L 09/05/2013 - 11:54:57: Team "TERRORIST" scored "5" with "1" players
L 09/05/2013 - 11:54:57: World triggered "Round_End"
L 09/05/2013 - 11:55:22: World triggered "Round_Start"
L 09/05/2013 - 11:55:36: "Drahtz<8><STEAM_1:0:42575687><TERRORIST>" [16 149 32] killed "Dijkstra<9><STEAM_1:0:54679011><CT>" [-3 221 96] with "glock" (headshot)
L 09/05/2013 - 11:55:36: [SM] Native "PrintToChat" reported: Client index 0 is invalid
L 09/05/2013 - 11:55:36: [SM] Displaying call stack trace for plugin "bp.smx":
L 09/05/2013 - 11:55:36: [SM]   [0]  Line 26, bp.sp::Event_RoundEnd()
L 09/05/2013 - 11:55:36: Team "TERRORIST" triggered "SFUI_Notice_Terrorists_Win" (CT "0") (T "6")
L 09/05/2013 - 11:55:36: Team "CT" scored "0" with "1" players
L 09/05/2013 - 11:55:36: Team "TERRORIST" scored "6" with "1" players
L 09/05/2013 - 11:55:36: World triggered "Round_End"
L 09/05/2013 - 11:56:01: World triggered "Round_Start"
L 09/05/2013 - 11:56:13: "Drahtz<8><STEAM_1:0:42575687><TERRORIST>" [-117 215 32] killed "Dijkstra<9><STEAM_1:0:54679011><CT>" [-145 -190 96] with "glock" (headshot)
L 09/05/2013 - 11:56:13: [SM] Native "PrintToChat" reported: Client index 0 is invalid
L 09/05/2013 - 11:56:13: [SM] Displaying call stack trace for plugin "bp.smx":
L 09/05/2013 - 11:56:13: [SM]   [0]  Line 26, bp.sp::Event_RoundEnd()
L 09/05/2013 - 11:56:13: Team "TERRORIST" triggered "SFUI_Notice_Terrorists_Win" (CT "0") (T "7")
L 09/05/2013 - 11:56:13: Team "CT" scored "0" with "1" players
L 09/05/2013 - 11:56:13: Team "TERRORIST" scored "7" with "1" players
L 09/05/2013 - 11:56:13: World triggered "Round_End"
L 09/05/2013 - 11:56:38: World triggered "Round_Start"
L 09/05/2013 - 11:56:48: "Drahtz<8><STEAM_1:0:42575687><TERRORIST>" [-116 174 32] killed "Dijkstra<9><STEAM_1:0:54679011><CT>" [-99 -269 105] with "glock" (headshot)
L 09/05/2013 - 11:56:48: [SM] Native "PrintToChat" reported: Client index 0 is invalid
L 09/05/2013 - 11:56:48: [SM] Displaying call stack trace for plugin "bp.smx":
L 09/05/2013 - 11:56:48: [SM]   [0]  Line 26, bp.sp::Event_RoundEnd()
L 09/05/2013 - 11:56:48: Team "TERRORIST" triggered "SFUI_Notice_Terrorists_Win" (CT "0") (T "8")
L 09/05/2013 - 11:56:48: Team "CT" scored "0" with "1" players
L 09/05/2013 - 11:56:48: Team "TERRORIST" scored "8" with "1" players
L 09/05/2013 - 11:56:48: World triggered "Round_End"
L 09/05/2013 - 11:57:13: World triggered "Round_Start"
L 09/05/2013 - 11:57:24: "Drahtz<8><STEAM_1:0:42575687><TERRORIST>" [-111 100 32] killed "Dijkstra<9><STEAM_1:0:54679011><CT>" [-89 -213 96] with "glock"
L 09/05/2013 - 11:57:24: [SM] Native "PrintToChat" reported: Client index 0 is invalid
L 09/05/2013 - 11:57:24: [SM] Displaying call stack trace for plugin "bp.smx":
L 09/05/2013 - 11:57:24: [SM]   [0]  Line 26, bp.sp::Event_RoundEnd()
L 09/05/2013 - 11:57:24: Team "TERRORIST" triggered "SFUI_Notice_Terrorists_Win" (CT "0") (T "9")
L 09/05/2013 - 11:57:24: Team "CT" scored "0" with "1" players
L 09/05/2013 - 11:57:24: Team "TERRORIST" scored "9" with "1" players
L 09/05/2013 - 11:57:24: World triggered "Round_End"
L 09/05/2013 - 11:57:48: World triggered "Round_Start"
L 09/05/2013 - 11:57:58: "Drahtz<8><STEAM_1:0:42575687><TERRORIST>" [-142 6 32] killed "Dijkstra<9><STEAM_1:0:54679011><CT>" [-77 -317 98] with "glock" (headshot)
L 09/05/2013 - 11:57:58: [SM] Native "PrintToChat" reported: Client index 0 is invalid
L 09/05/2013 - 11:57:58: [SM] Displaying call stack trace for plugin "bp.smx":
L 09/05/2013 - 11:57:58: [SM]   [0]  Line 26, bp.sp::Event_RoundEnd()
L 09/05/2013 - 11:57:58: Team "TERRORIST" triggered "SFUI_Notice_Terrorists_Win" (CT "0") (T "10")
L 09/05/2013 - 11:57:58: Team "CT" scored "0" with "1" players
L 09/05/2013 - 11:57:58: Team "TERRORIST" scored "10" with "1" players
L 09/05/2013 - 11:57:58: World triggered "Round_End"
L 09/05/2013 - 11:58:23: World triggered "Round_Start"
L 09/05/2013 - 11:58:35: "Dijkstra<9><STEAM_1:0:54679011><CT>" [-88 138 32] killed "Drahtz<8><STEAM_1:0:42575687><TERRORIST>" [-102 441 110] with "hkp2000" (headshot)
L 09/05/2013 - 11:58:35: [SM] Native "PrintToChat" reported: Client index 0 is invalid
L 09/05/2013 - 11:58:35: [SM] Displaying call stack trace for plugin "bp.smx":
L 09/05/2013 - 11:58:35: [SM]   [0]  Line 26, bp.sp::Event_RoundEnd()
L 09/05/2013 - 11:58:35: Team "CT" triggered "SFUI_Notice_CTs_Win" (CT "1") (T "10")
L 09/05/2013 - 11:58:35: Team "CT" scored "1" with "1" players
L 09/05/2013 - 11:58:35: Team "TERRORIST" scored "10" with "1" players
L 09/05/2013 - 11:58:35: World triggered "Round_End"
L 09/05/2013 - 11:59:00: World triggered "Round_Start"
L 09/05/2013 - 11:59:13: "Drahtz<8><STEAM_1:0:42575687><TERRORIST>" [-100 0 32] killed "Dijkstra<9><STEAM_1:0:54679011><CT>" [-70 -311 115] with "glock"
L 09/05/2013 - 11:59:13: [SM] Native "PrintToChat" reported: Client index 0 is invalid
L 09/05/2013 - 11:59:13: [SM] Displaying call stack trace for plugin "bp.smx":
L 09/05/2013 - 11:59:13: [SM]   [0]  Line 26, bp.sp::Event_RoundEnd()
L 09/05/2013 - 11:59:13: Team "TERRORIST" triggered "SFUI_Notice_Terrorists_Win" (CT "1") (T "11")
L 09/05/2013 - 11:59:13: Team "CT" scored "1" with "1" players
L 09/05/2013 - 11:59:13: Team "TERRORIST" scored "11" with "1" players
L 09/05/2013 - 11:59:13: World triggered "Round_End"
L 09/05/2013 - 11:59:38: World triggered "Round_Start"
L 09/05/2013 - 11:59:46: "Drahtz<8><STEAM_1:0:42575687><TERRORIST>" [-114 -33 32] killed "Dijkstra<9><STEAM_1:0:54679011><CT>" [-75 -266 86] with "glock" (headshot)
L 09/05/2013 - 11:59:46: [SM] Native "PrintToChat" reported: Client index 0 is invalid
L 09/05/2013 - 11:59:46: [SM] Displaying call stack trace for plugin "bp.smx":
L 09/05/2013 - 11:59:46: [SM]   [0]  Line 26, bp.sp::Event_RoundEnd()
L 09/05/2013 - 11:59:46: Team "TERRORIST" triggered "SFUI_Notice_Terrorists_Win" (CT "1") (T "12")
L 09/05/2013 - 11:59:46: Team "CT" scored "1" with "1" players
L 09/05/2013 - 11:59:46: Team "TERRORIST" scored "12" with "1" players
L 09/05/2013 - 11:59:46: World triggered "Round_End"
L 09/05/2013 - 12:00:11: World triggered "Round_Start"
L 09/05/2013 - 12:00:20: "Dijkstra<9><STEAM_1:0:54679011><CT>" [-109 -196 32] killed "Drahtz<8><STEAM_1:0:42575687><TERRORIST>" [-121 45 78] with "hkp2000"
L 09/05/2013 - 12:00:20: [SM] Native "PrintToChat" reported: Client index 0 is invalid
L 09/05/2013 - 12:00:20: [SM] Displaying call stack trace for plugin "bp.smx":
L 09/05/2013 - 12:00:20: [SM]   [0]  Line 26, bp.sp::Event_RoundEnd()
L 09/05/2013 - 12:00:20: Team "CT" triggered "SFUI_Notice_CTs_Win" (CT "2") (T "12")
L 09/05/2013 - 12:00:20: Team "CT" scored "2" with "1" players
L 09/05/2013 - 12:00:20: Team "TERRORIST" scored "12" with "1" players
L 09/05/2013 - 12:00:20: World triggered "Round_End"
L 09/05/2013 - 12:00:45: World triggered "Round_Start"
L 09/05/2013 - 12:00:55: "Drahtz<8><STEAM_1:0:42575687><TERRORIST>" [-388 -64 -176] killed "Dijkstra<9><STEAM_1:0:54679011><CT>" [-358 -234 -98] with "glock"
L 09/05/2013 - 12:00:55: [SM] Native "PrintToChat" reported: Client index 0 is invalid
L 09/05/2013 - 12:00:55: [SM] Displaying call stack trace for plugin "bp.smx":
L 09/05/2013 - 12:00:55: [SM]   [0]  Line 26, bp.sp::Event_RoundEnd()
L 09/05/2013 - 12:00:55: Team "TERRORIST" triggered "SFUI_Notice_Terrorists_Win" (CT "2") (T "13")
L 09/05/2013 - 12:00:55: Team "CT" scored "2" with "1" players
L 09/05/2013 - 12:00:55: Team "TERRORIST" scored "13" with "1" players
L 09/05/2013 - 12:00:55: World triggered "Round_End"
L 09/05/2013 - 12:01:45: "Drahtz<8><STEAM_1:0:42575687>" switched from team <TERRORIST> to <CT>
L 09/05/2013 - 12:01:45: "Dijkstra<9><STEAM_1:0:54679011>" switched from team <CT> to <TERRORIST>
L 09/05/2013 - 12:01:46: "Drahtz<8><STEAM_1:0:42575687><CT>" triggered "clantag" (value "")
L 09/05/2013 - 12:01:46: "Dijkstra<9><STEAM_1:0:54679011><TERRORIST>" triggered "clantag" (value "")
L 09/05/2013 - 12:02:00: World triggered "Round_Start"
L 09/05/2013 - 12:02:10: "Dijkstra<9><STEAM_1:0:54679011><TERRORIST>" [93 97 32] killed "Drahtz<8><STEAM_1:0:42575687><CT>" [110 -20 78] with "glock" (headshot)
L 09/05/2013 - 12:02:10: [SM] Native "PrintToChat" reported: Client index 0 is invalid
L 09/05/2013 - 12:02:10: [SM] Displaying call stack trace for plugin "bp.smx":
L 09/05/2013 - 12:02:10: [SM]   [0]  Line 26, bp.sp::Event_RoundEnd()
L 09/05/2013 - 12:02:10: Team "TERRORIST" triggered "SFUI_Notice_Terrorists_Win" (CT "13") (T "3")
L 09/05/2013 - 12:02:10: Team "CT" scored "13" with "1" players
L 09/05/2013 - 12:02:10: Team "TERRORIST" scored "3" with "1" players
L 09/05/2013 - 12:02:10: World triggered "Round_End"
L 09/05/2013 - 12:02:35: World triggered "Round_Start"
L 09/05/2013 - 12:02:59: "Dijkstra<9><STEAM_1:0:54679011><TERRORIST>" [-58 358 -176] killed "Drahtz<8><STEAM_1:0:42575687><CT>" [4 377 -112] with "glock" (headshot)
L 09/05/2013 - 12:02:59: [SM] Native "PrintToChat" reported: Client index 0 is invalid
L 09/05/2013 - 12:02:59: [SM] Displaying call stack trace for plugin "bp.smx":
L 09/05/2013 - 12:02:59: [SM]   [0]  Line 26, bp.sp::Event_RoundEnd()
L 09/05/2013 - 12:02:59: Team "TERRORIST" triggered "SFUI_Notice_Terrorists_Win" (CT "13") (T "4")
L 09/05/2013 - 12:02:59: Team "CT" scored "13" with "1" players
L 09/05/2013 - 12:02:59: Team "TERRORIST" scored "4" with "1" players
L 09/05/2013 - 12:02:59: World triggered "Round_End"
L 09/05/2013 - 12:03:24: World triggered "Round_Start"
L 09/05/2013 - 12:03:40: "Drahtz<8><STEAM_1:0:42575687><CT>" [-91 -191 32] killed "Dijkstra<9><STEAM_1:0:54679011><TERRORIST>" [-66 -66 96] with "hkp2000"
L 09/05/2013 - 12:03:40: [SM] Native "PrintToChat" reported: Client index 0 is invalid
L 09/05/2013 - 12:03:40: [SM] Displaying call stack trace for plugin "bp.smx":
L 09/05/2013 - 12:03:40: [SM]   [0]  Line 26, bp.sp::Event_RoundEnd()
L 09/05/2013 - 12:03:40: Team "CT" triggered "SFUI_Notice_CTs_Win" (CT "14") (T "4")
L 09/05/2013 - 12:03:40: Team "CT" scored "14" with "1" players
L 09/05/2013 - 12:03:40: Team "TERRORIST" scored "4" with "1" players
L 09/05/2013 - 12:03:40: World triggered "Round_End"
L 09/05/2013 - 12:04:05: World triggered "Round_Start"
L 09/05/2013 - 12:04:18: "Drahtz<8><STEAM_1:0:42575687><CT>" [25 -313 51] killed "Dijkstra<9><STEAM_1:0:54679011><TERRORIST>" [28 -377 110] with "hkp2000"
L 09/05/2013 - 12:04:18: [SM] Native "PrintToChat" reported: Client index 0 is invalid
L 09/05/2013 - 12:04:18: [SM] Displaying call stack trace for plugin "bp.smx":
L 09/05/2013 - 12:04:18: [SM]   [0]  Line 26, bp.sp::Event_RoundEnd()
L 09/05/2013 - 12:04:18: Team "CT" triggered "SFUI_Notice_CTs_Win" (CT "15") (T "4")
L 09/05/2013 - 12:04:18: Team "CT" scored "15" with "1" players
L 09/05/2013 - 12:04:18: Team "TERRORIST" scored "4" with "1" players
L 09/05/2013 - 12:04:18: World triggered "Round_End"
L 09/05/2013 - 12:04:43: World triggered "Round_Start"
L 09/05/2013 - 12:05:04: "Drahtz<8><STEAM_1:0:42575687><CT>" [247 983 65] killed "Dijkstra<9><STEAM_1:0:54679011><TERRORIST>" [360 1042 129] with "hkp2000" (headshot)
L 09/05/2013 - 12:05:04: [SM] Native "PrintToChat" reported: Client index 0 is invalid
L 09/05/2013 - 12:05:04: [SM] Displaying call stack trace for plugin "bp.smx":
L 09/05/2013 - 12:05:04: [SM]   [0]  Line 26, bp.sp::Event_RoundEnd()
L 09/05/2013 - 12:05:04: Team "CT" triggered "SFUI_Notice_CTs_Win" (CT "16") (T "4")
L 09/05/2013 - 12:05:04: Team "CT" scored "16" with "1" players
L 09/05/2013 - 12:05:04: Team "TERRORIST" scored "4" with "1" players
L 09/05/2013 - 12:05:04: World triggered "Round_End"
Going to intermission...
CHANGELEVEL: Looking for next level in mapgroup ''
Looking for next map in mapgroup ''...
CHANGELEVEL: GetNextMap failed for mapgroup '', map group invalid or empty
L 09/05/2013 - 12:05:04: World triggered "Round_Start"
CHANGELEVEL: Looking for next level in mapgroup ''
Looking for next map in mapgroup ''...
CHANGELEVEL: GetNextMap failed for mapgroup '', map group invalid or empty
CHANGELEVEL: Not changing level, mp_match_end_restart is false, mp_match_end_changelevel is false 
L 09/05/2013 - 12:05:19: "Drahtz<8><STEAM_1:0:42575687>" switched from team <CT> to <Unassigned>
L 09/05/2013 - 12:05:19: "Dijkstra<9><STEAM_1:0:54679011>" switched from team <TERRORIST> to <Unassigned>
L 09/05/2013 - 12:05:20: "Dijkstra<9><STEAM_1:0:54679011><Unassigned>" triggered "clantag" (value "")
L 09/05/2013 - 12:05:20: "Drahtz<8><STEAM_1:0:42575687><Unassigned>" triggered "clantag" (value "")
L 09/05/2013 - 12:05:34: World triggered "Round_Start"
=======
L 09/05/2013 - 10:03:34: "GOTV<20><BOT><>" connected, address "none"
PutClientInServer: no info_player_start on level
L 09/05/2013 - 10:03:34: "GOTV<20><BOT><>" entered the game
L 09/05/2013 - 10:03:34: "GOTV<20><BOT><Unassigned>" changed name to "Battle Pro Beta TV GOTV"
L 09/05/2013 - 10:03:34: World triggered "Round_Start"
GOTV broadcast active.
L 09/05/2013 - 10:03:34: "KaiserSoze<21><STEAM_1:1:34140120><>" connected, address "186.59.10.27:10720"
Client "KaiserSoze" connected (186.59.10.27:10720).
L 09/05/2013 - 10:03:34: "KaiserSoze<21><STEAM_1:1:34140120><>" STEAM USERID validated
Giving up attempts to make more random spawn points. Current count: 24.
L 09/05/2013 - 10:03:43: "$able<22><STEAM_1:0:12763314><>" connected, address "92.200.74.196:27005"
Client "$able" connected (92.200.74.196:27005).
L 09/05/2013 - 10:03:43: "$able<22><STEAM_1:0:12763314><>" STEAM USERID validated
L 09/05/2013 - 10:03:44: "KaiserSoze<21><STEAM_1:1:34140120><>" entered the game
CreateFragmentsFromFile: 'downloads/1ab72a88.dat' doesn't exist.
L 09/05/2013 - 10:03:49: "KaiserSoze<21><STEAM_1:1:34140120><Unassigned>" triggered "clantag" (value "")
L 09/05/2013 - 10:03:54: "KaiserSoze<21><STEAM_1:1:34140120>" switched from team <Unassigned> to <CT>
L 09/05/2013 - 10:03:55: "KaiserSoze<21><STEAM_1:1:34140120><CT>" triggered "clantag" (value "")
Game will not start until both teams have players.
L 09/05/2013 - 10:03:55: "KaiserSoze<21><STEAM_1:1:34140120><CT>" purchased "awp"
L 09/05/2013 - 10:03:55: "KaiserSoze<21><STEAM_1:1:34140120><CT>" purchased "hkp2000"
L 09/05/2013 - 10:03:58: "KaiserSoze<21><STEAM_1:1:34140120><CT>" purchased "aug"
L 09/05/2013 - 10:04:01: "$able<22><STEAM_1:0:12763314><>" entered the game
CreateFragmentsFromFile: 'downloads/1ab72a88.dat' doesn't exist.
CreateFragmentsFromFile: 'downloads/1ab72a88.dat' doesn't exist.
CreateFragmentsFromFile: 'downloads/1ab72a88.dat' doesn't exist.
L 09/05/2013 - 10:04:07: "$able<22><STEAM_1:0:12763314><Unassigned>" triggered "clantag" (value "")
L 09/05/2013 - 10:04:11: "$able<22><STEAM_1:0:12763314>" switched from team <Unassigned> to <TERRORIST>
L 09/05/2013 - 10:04:12: "$able<22><STEAM_1:0:12763314><TERRORIST>" triggered "clantag" (value "")
L 09/05/2013 - 10:04:12: World triggered "Game_Commencing"
L 09/05/2013 - 10:04:12: World triggered "Round_Start"
L 09/05/2013 - 10:04:15: "$able<22><STEAM_1:0:12763314><TERRORIST>" purchased "ak47"
L 09/05/2013 - 10:04:18: "$able<22><STEAM_1:0:12763314><TERRORIST>" purchased "deagle"
L 09/05/2013 - 10:04:47: "KaiserSoze<21><STEAM_1:1:34140120><CT>" purchased "aug"
L 09/05/2013 - 10:04:47: "KaiserSoze<21><STEAM_1:1:34140120><CT>" purchased "elite"
L 09/05/2013 - 10:04:47: "KaiserSoze<21><STEAM_1:1:34140120><CT>" purchased "m249"
L 09/05/2013 - 10:04:48: "KaiserSoze<21><STEAM_1:1:34140120><CT>" purchased "aug"
L 09/05/2013 - 10:04:49: "$able<22><STEAM_1:0:12763314><TERRORIST>" purchased "ak47"
L 09/05/2013 - 10:04:49: "$able<22><STEAM_1:0:12763314><TERRORIST>" purchased "deagle"
L 09/05/2013 - 10:04:49: "$able<22><STEAM_1:0:12763314><TERRORIST>" purchased "m249"
L 09/05/2013 - 10:04:51: "KaiserSoze<21><STEAM_1:1:34140120><CT>" [-257 1255 9] killed "$able<22><STEAM_1:0:12763314><TERRORIST>" [-6 1307 66] with "aug"
L 09/05/2013 - 10:04:55: "$able<22><STEAM_1:0:12763314><TERRORIST>" purchased "ak47"
L 09/05/2013 - 10:04:55: "$able<22><STEAM_1:0:12763314><TERRORIST>" purchased "deagle"
L 09/05/2013 - 10:05:20: "$able<22><STEAM_1:0:12763314><TERRORIST>" [545 960 50] killed "KaiserSoze<21><STEAM_1:1:34140120><CT>" [805 843 64] with "deagle"
L 09/05/2013 - 10:05:24: "KaiserSoze<21><STEAM_1:1:34140120><CT>" purchased "negev"
L 09/05/2013 - 10:05:24: "KaiserSoze<21><STEAM_1:1:34140120><CT>" purchased "p250"
L 09/05/2013 - 10:05:25: "KaiserSoze<21><STEAM_1:1:34140120><CT>" purchased "aug"
L 09/05/2013 - 10:05:36: "$able<22><STEAM_1:0:12763314><TERRORIST>" [986 1090 0] killed "KaiserSoze<21><STEAM_1:1:34140120><CT>" [980 1295 64] with "ak47"
L 09/05/2013 - 10:05:40: "KaiserSoze<21><STEAM_1:1:34140120><CT>" purchased "m4a1"
L 09/05/2013 - 10:05:40: "KaiserSoze<21><STEAM_1:1:34140120><CT>" purchased "p250"
L 09/05/2013 - 10:05:45: "KaiserSoze<21><STEAM_1:1:34140120><CT>" [-117 1266 23] killed "$able<22><STEAM_1:0:12763314><TERRORIST>" [667 1556 46] with "m4a1"
L 09/05/2013 - 10:05:48: "$able<22><STEAM_1:0:12763314><TERRORIST>" purchased "ak47"
L 09/05/2013 - 10:05:48: "$able<22><STEAM_1:0:12763314><TERRORIST>" purchased "deagle"
L 09/05/2013 - 10:06:01: "$able<22><STEAM_1:0:12763314><TERRORIST>" [962 1626 0] killed "KaiserSoze<21><STEAM_1:1:34140120><CT>" [986 1121 46] with "ak47"
L 09/05/2013 - 10:06:05: "KaiserSoze<21><STEAM_1:1:34140120><CT>" purchased "negev"
L 09/05/2013 - 10:06:05: "KaiserSoze<21><STEAM_1:1:34140120><CT>" purchased "elite"
L 09/05/2013 - 10:06:06: "KaiserSoze<21><STEAM_1:1:34140120><CT>" purchased "m4a1"
L 09/05/2013 - 10:06:16: "$able<22><STEAM_1:0:12763314><TERRORIST>" [952 384 0] killed "KaiserSoze<21><STEAM_1:1:34140120><CT>" [965 -336 52] with "ak47" (headshot)
L 09/05/2013 - 10:06:19: "KaiserSoze<21><STEAM_1:1:34140120><CT>" purchased "bizon"
L 09/05/2013 - 10:06:19: "KaiserSoze<21><STEAM_1:1:34140120><CT>" purchased "p250"
L 09/05/2013 - 10:06:20: "KaiserSoze<21><STEAM_1:1:34140120><CT>" purchased "aug"
L 09/05/2013 - 10:06:40: "KaiserSoze<21><STEAM_1:1:34140120><CT>" [376 332 0] killed "$able<22><STEAM_1:0:12763314><TERRORIST>" [170 -216 46] with "aug" (headshot)
L 09/05/2013 - 10:06:43: "$able<22><STEAM_1:0:12763314><TERRORIST>" purchased "ak47"
L 09/05/2013 - 10:06:43: "$able<22><STEAM_1:0:12763314><TERRORIST>" purchased "deagle"
L 09/05/2013 - 10:07:05: "$able<22><STEAM_1:0:12763314><TERRORIST>" [580 1043 0] killed "KaiserSoze<21><STEAM_1:1:34140120><CT>" [118 1609 193] with "ak47"
L 09/05/2013 - 10:07:09: "KaiserSoze<21><STEAM_1:1:34140120><CT>" purchased "awp"
L 09/05/2013 - 10:07:09: "KaiserSoze<21><STEAM_1:1:34140120><CT>" purchased "deagle"
L 09/05/2013 - 10:07:10: "KaiserSoze<21><STEAM_1:1:34140120><CT>" purchased "aug"
L 09/05/2013 - 10:07:15: "KaiserSoze<21><STEAM_1:1:34140120><CT>" [332 -269 0] killed "$able<22><STEAM_1:0:12763314><TERRORIST>" [879 131 46] with "aug"
L 09/05/2013 - 10:07:17: "KaiserSoze<21><STEAM_1:1:34140120><CT>" purchased "scar20"
L 09/05/2013 - 10:07:17: "KaiserSoze<21><STEAM_1:1:34140120><CT>" purchased "p250"
L 09/05/2013 - 10:07:17: "KaiserSoze<21><STEAM_1:1:34140120><CT>" purchased "m249"
L 09/05/2013 - 10:07:18: "$able<22><STEAM_1:0:12763314><TERRORIST>" purchased "ak47"
L 09/05/2013 - 10:07:18: "$able<22><STEAM_1:0:12763314><TERRORIST>" purchased "deagle"
L 09/05/2013 - 10:07:18: "KaiserSoze<21><STEAM_1:1:34140120><CT>" purchased "aug"
L 09/05/2013 - 10:07:42: "$able<22><STEAM_1:0:12763314><TERRORIST>" [-179 180 6] killed "KaiserSoze<21><STEAM_1:1:34140120><CT>" [-92 125 65] with "ak47"
L 09/05/2013 - 10:07:45: "KaiserSoze<21><STEAM_1:1:34140120><CT>" purchased "awp"
L 09/05/2013 - 10:07:45: "KaiserSoze<21><STEAM_1:1:34140120><CT>" purchased "elite"
L 09/05/2013 - 10:07:46: "KaiserSoze<21><STEAM_1:1:34140120><CT>" purchased "aug"
L 09/05/2013 - 10:07:49: "$able<22><STEAM_1:0:12763314><TERRORIST>" [-307 811 5] killed "KaiserSoze<21><STEAM_1:1:34140120><CT>" [-299 1111 64] with "ak47" (headshot)
L 09/05/2013 - 10:07:52: "KaiserSoze<21><STEAM_1:1:34140120><CT>" purchased "awp"
L 09/05/2013 - 10:07:52: "KaiserSoze<21><STEAM_1:1:34140120><CT>" purchased "p250"
L 09/05/2013 - 10:07:53: "KaiserSoze<21><STEAM_1:1:34140120><CT>" purchased "aug"
L 09/05/2013 - 10:08:06: "$able<22><STEAM_1:0:12763314><TERRORIST>" purchased "ak47"
L 09/05/2013 - 10:08:06: "$able<22><STEAM_1:0:12763314><TERRORIST>" purchased "deagle"
L 09/05/2013 - 10:08:06: "$able<22><STEAM_1:0:12763314><TERRORIST>" purchased "ump45"
L 09/05/2013 - 10:08:07: "$able<22><STEAM_1:0:12763314><TERRORIST>" purchased "ak47"
L 09/05/2013 - 10:08:07: "KaiserSoze<21><STEAM_1:1:34140120><CT>" purchased "m4a1"
L 09/05/2013 - 10:08:07: "KaiserSoze<21><STEAM_1:1:34140120><CT>" purchased "p250"
L 09/05/2013 - 10:08:07: "KaiserSoze<21><STEAM_1:1:34140120><CT>" purchased "ump45"
L 09/05/2013 - 10:08:08: "KaiserSoze<21><STEAM_1:1:34140120><CT>" purchased "aug"
L 09/05/2013 - 10:08:15: "$able<22><STEAM_1:0:12763314><TERRORIST>" [-370 608 2] killed "KaiserSoze<21><STEAM_1:1:34140120><CT>" [708 617 64] with "ak47"
L 09/05/2013 - 10:08:18: "KaiserSoze<21><STEAM_1:1:34140120><CT>" purchased "awp"
L 09/05/2013 - 10:08:18: "KaiserSoze<21><STEAM_1:1:34140120><CT>" purchased "fiveseven"
L 09/05/2013 - 10:08:19: "KaiserSoze<21><STEAM_1:1:34140120><CT>" purchased "m4a1"
L 09/05/2013 - 10:08:23: "$able<22><STEAM_1:0:12763314><TERRORIST>" [-274 1333 7] killed "KaiserSoze<21><STEAM_1:1:34140120><CT>" [-107 1399 107] with "ak47"
L 09/05/2013 - 10:08:27: "KaiserSoze<21><STEAM_1:1:34140120><CT>" purchased "mp9"
L 09/05/2013 - 10:08:27: "KaiserSoze<21><STEAM_1:1:34140120><CT>" purchased "fiveseven"
L 09/05/2013 - 10:08:28: "KaiserSoze<21><STEAM_1:1:34140120><CT>" purchased "m4a1"
L 09/05/2013 - 10:09:17: "KaiserSoze<21><STEAM_1:1:34140120><CT>" [815 396 128] killed "$able<22><STEAM_1:0:12763314><TERRORIST>" [844 632 46] with "m4a1" (headshot)
L 09/05/2013 - 10:09:20: "KaiserSoze<21><STEAM_1:1:34140120><CT>" purchased "p90"
L 09/05/2013 - 10:09:20: "KaiserSoze<21><STEAM_1:1:34140120><CT>" purchased "elite"
L 09/05/2013 - 10:09:20: "KaiserSoze<21><STEAM_1:1:34140120><CT>" purchased "xm1014"
L 09/05/2013 - 10:09:21: "KaiserSoze<21><STEAM_1:1:34140120><CT>" purchased "m4a1"
L 09/05/2013 - 10:09:21: "$able<22><STEAM_1:0:12763314><TERRORIST>" purchased "ak47"
L 09/05/2013 - 10:09:35: "$able<22><STEAM_1:0:12763314><TERRORIST>" [967 222 0] killed "KaiserSoze<21><STEAM_1:1:34140120><CT>" [977 332 64] with "ak47"
L 09/05/2013 - 10:09:38: "KaiserSoze<21><STEAM_1:1:34140120><CT>" purchased "mp9"
L 09/05/2013 - 10:09:38: "KaiserSoze<21><STEAM_1:1:34140120><CT>" purchased "hkp2000"
L 09/05/2013 - 10:09:38: "KaiserSoze<21><STEAM_1:1:34140120><CT>" purchased "m4a1"
L 09/05/2013 - 10:10:20: "$able<22><STEAM_1:0:12763314><TERRORIST>" purchased "ak47"
L 09/05/2013 - 10:10:20: "$able<22><STEAM_1:0:12763314><TERRORIST>" purchased "elite"
L 09/05/2013 - 10:10:25: "KaiserSoze<21><STEAM_1:1:34140120><CT>" [545 1550 5] killed "$able<22><STEAM_1:0:12763314><TERRORIST>" [555 1371 64] with "m4a1" (headshot)
L 09/05/2013 - 10:10:28: "$able<22><STEAM_1:0:12763314><TERRORIST>" purchased "ak47"
L 09/05/2013 - 10:10:49: "$able<22><STEAM_1:0:12763314><TERRORIST>" [963 428 -0] killed "KaiserSoze<21><STEAM_1:1:34140120><CT>" [885 -213 65] with "ak47"
L 09/05/2013 - 10:11:23: "KaiserSoze<21><STEAM_1:1:34140120><CT>" purchased "bizon"
L 09/05/2013 - 10:11:23: "KaiserSoze<21><STEAM_1:1:34140120><CT>" purchased "hkp2000"
L 09/05/2013 - 10:11:23: "KaiserSoze<21><STEAM_1:1:34140120><CT>" purchased "ump45"
L 09/05/2013 - 10:11:24: "KaiserSoze<21><STEAM_1:1:34140120><CT>" purchased "m4a1"
L 09/05/2013 - 10:11:45: "$able<22><STEAM_1:0:12763314><TERRORIST>" [-354 -117 1] killed "KaiserSoze<21><STEAM_1:1:34140120><CT>" [986 -213 47] with "ak47"
L 09/05/2013 - 10:11:49: "KaiserSoze<21><STEAM_1:1:34140120><CT>" purchased "negev"
L 09/05/2013 - 10:11:49: "KaiserSoze<21><STEAM_1:1:34140120><CT>" purchased "elite"
L 09/05/2013 - 10:11:50: "KaiserSoze<21><STEAM_1:1:34140120><CT>" purchased "aug"
L 09/05/2013 - 10:11:56: "KaiserSoze<21><STEAM_1:1:34140120><CT>" [-249 -323 1] killed "$able<22><STEAM_1:0:12763314><TERRORIST>" [-666 -275 77] with "aug" (headshot)
L 09/05/2013 - 10:11:59: "$able<22><STEAM_1:0:12763314><TERRORIST>" purchased "ak47"
L 09/05/2013 - 10:12:06: "$able<22><STEAM_1:0:12763314><TERRORIST>" [-992 119 3] killed "KaiserSoze<21><STEAM_1:1:34140120><CT>" [-939 428 64] with "ak47"
L 09/05/2013 - 10:12:10: "KaiserSoze<21><STEAM_1:1:34140120><CT>" purchased "bizon"
L 09/05/2013 - 10:12:10: "KaiserSoze<21><STEAM_1:1:34140120><CT>" purchased "deagle"
L 09/05/2013 - 10:12:11: "KaiserSoze<21><STEAM_1:1:34140120><CT>" purchased "aug"
L 09/05/2013 - 10:12:14: "$able<22><STEAM_1:0:12763314><TERRORIST>" [-849 598 2] killed "KaiserSoze<21><STEAM_1:1:34140120><CT>" [-911 743 68] with "ak47"
L 09/05/2013 - 10:12:18: "KaiserSoze<21><STEAM_1:1:34140120><CT>" purchased "scar20"
L 09/05/2013 - 10:12:18: "KaiserSoze<21><STEAM_1:1:34140120><CT>" purchased "deagle"
L 09/05/2013 - 10:12:18: "KaiserSoze<21><STEAM_1:1:34140120><CT>" purchased "m4a1"
L 09/05/2013 - 10:12:30: "$able<22><STEAM_1:0:12763314><TERRORIST>" purchased "ak47"
L 09/05/2013 - 10:12:30: "$able<22><STEAM_1:0:12763314><TERRORIST>" purchased "nova"
L 09/05/2013 - 10:12:37: "KaiserSoze<21><STEAM_1:1:34140120><CT>" [144 1587 126] killed "$able<22><STEAM_1:0:12763314><TERRORIST>" [235 789 238] with "m4a1"
L 09/05/2013 - 10:12:40: "$able<22><STEAM_1:0:12763314><TERRORIST>" purchased "ak47"
L 09/05/2013 - 10:13:25: "$able<22><STEAM_1:0:12763314><TERRORIST>" [-992 57 1] killed "KaiserSoze<21><STEAM_1:1:34140120><CT>" [-988 -367 67] with "ak47"
L 09/05/2013 - 10:13:29: "KaiserSoze<21><STEAM_1:1:34140120><CT>" purchased "ump45"
L 09/05/2013 - 10:13:29: "KaiserSoze<21><STEAM_1:1:34140120><CT>" purchased "deagle"
L 09/05/2013 - 10:13:30: "KaiserSoze<21><STEAM_1:1:34140120><CT>" purchased "aug"
L 09/05/2013 - 10:13:36: "$able<22><STEAM_1:0:12763314><TERRORIST>" [-589 253 1] killed "KaiserSoze<21><STEAM_1:1:34140120><CT>" [-836 438 60] with "ak47" (headshot)
L 09/05/2013 - 10:14:07: "$able<22><STEAM_1:0:12763314><TERRORIST>" [589 1595 1] killed "KaiserSoze<21><STEAM_1:1:34140120><CT>" [602 1141 64] with "ak47" (headshot)
L 09/05/2013 - 10:14:11: "KaiserSoze<21><STEAM_1:1:34140120><CT>" purchased "mag7"
L 09/05/2013 - 10:14:11: "KaiserSoze<21><STEAM_1:1:34140120><CT>" purchased "p250"
L 09/05/2013 - 10:14:12: Team "TERRORIST" triggered "SFUI_Notice_Terrorists_Win" (CT "0") (T "0")
L 09/05/2013 - 10:14:12: Team "CT" scored "0" with "1" players
L 09/05/2013 - 10:14:12: Team "TERRORIST" scored "0" with "1" players
L 09/05/2013 - 10:14:12: World triggered "Round_End"
L 09/05/2013 - 10:14:12: World triggered "Intermission_Time_Limit"
Going to intermission...
CHANGELEVEL: Looking for next level in mapgroup 'mg_bomb'
Looking for next map in mapgroup 'mg_bomb'...
CHANGELEVEL: Choosing map 'de_dust2' (previous was ar_shoots)
$able: btw, can I exit the game before the client does?
L 09/05/2013 - 10:14:37: "$able<22><STEAM_1:0:12763314><TERRORIST>" say "btw, can I exit the game before the client does?"
>>>>>>> a50f1e7885c71edd1cf8cf2d72733bfee233e3df
