-> Reservation cookie 18600007d084dc8:  reason ReplyReservationRequest
ApplyGameSettings: Map ar_baggage not part of Mapgroup 
ApplyGameSettings: MapGroup  not part of type classic mode competitive
Executing server command:
mapgroup 
nextlevel ar_baggage
map ar_baggage reserved

---
Host_MapGroup_f: No mapgroup specified
L 09/05/2013 - 09:26:29: server_cvar: "nextlevel" "ar_baggage"
L 09/05/2013 - 09:26:29: [META] Loaded 0 plugins (1 already loaded)
---- Host_Changelevel ----
L 09/05/2013 - 09:26:29: [META] Loaded 0 plugins (1 already loaded)
*** Map Load: ar_baggage: Map Group L 09/05/2013 - 09:26:29: Loading map "ar_baggage"
L 09/05/2013 - 09:26:29: server cvars start
L 09/05/2013 - 09:26:29: "cash_player_killed_teammate" = "-3300"
L 09/05/2013 - 09:26:29: "sv_maxspeed" = "320"
L 09/05/2013 - 09:26:29: "cash_player_respawn_amount" = "0"
L 09/05/2013 - 09:26:29: "cash_team_rescued_hostage" = "600"
L 09/05/2013 - 09:26:29: "cash_team_win_by_defusing_bomb" = "3500"
L 09/05/2013 - 09:26:29: "sv_rollangle" = "0"
L 09/05/2013 - 09:26:29: "r_AirboatViewZHeight" = "0.0"
L 09/05/2013 - 09:26:29: "sv_cheats" = "0"
L 09/05/2013 - 09:26:29: "r_VehicleViewDampen" = "1"
L 09/05/2013 - 09:26:29: "metamod_version" = "1.10.0-devV"
L 09/05/2013 - 09:26:29: "mp_allowNPCs" = "1"
L 09/05/2013 - 09:26:29: "mp_tournament" = "0"
L 09/05/2013 - 09:26:29: "sv_spec_hear" = "1"
L 09/05/2013 - 09:26:29: "cash_player_interact_with_hostage" = "300"
L 09/05/2013 - 09:26:29: "mp_flashlight" = "0"
L 09/05/2013 - 09:26:29: "mp_maxrounds" = "30"
L 09/05/2013 - 09:26:29: "sv_tags" = ""
L 09/05/2013 - 09:26:29: "sv_stepsize" = "18"
L 09/05/2013 - 09:26:29: "mp_teamlist" = "hgrunt;scientist"
L 09/05/2013 - 09:26:29: "sv_alltalk" = "0"
L 09/05/2013 - 09:26:29: "mp_footsteps" = "1"
L 09/05/2013 - 09:26:29: "sv_noclipaccelerate" = "5"
L 09/05/2013 - 09:26:29: "sv_wateraccelerate" = "10"
L 09/05/2013 - 09:26:29: "mp_autocrosshair" = "1"
L 09/05/2013 - 09:26:29: "mp_stalemate_enable" = "0"
L 09/05/2013 - 09:26:29: "sourcemod_version" = "1.5.0-dev+3755"
L 09/05/2013 - 09:26:29: "cash_team_elimination_bomb_map" = "3250"
L 09/05/2013 - 09:26:29: "cash_player_get_killed" = "0"
L 09/05/2013 - 09:26:29: "mp_roundtime_defuse" = "2"
L 09/05/2013 - 09:26:29: "sv_autobuyammo" = "1"
L 09/05/2013 - 09:26:29: "sv_rollspeed" = "200"
L 09/05/2013 - 09:26:29: "sv_airaccelerate" = "10"
L 09/05/2013 - 09:26:29: "mp_teams_unbalance_limit" = "1"
L 09/05/2013 - 09:26:29: "mp_timelimit" = "0"
L 09/05/2013 - 09:26:29: "cash_team_loser_bonus" = "1400"
L 09/05/2013 - 09:26:29: "sv_deadtalk" = "1"
L 09/05/2013 - 09:26:29: "cash_player_rescued_hostage" = "1000"
L 09/05/2013 - 09:26:29: "sv_waterfriction" = "1"
L 09/05/2013 - 09:26:29: "sv_competitive_official_5v5" = "0"
L 09/05/2013 - 09:26:29: "sv_steamgroup" = ""
L 09/05/2013 - 09:26:29: "cash_player_killed_enemy_default" = "300"
L 09/05/2013 - 09:26:29: "coop" = "0"
L 09/05/2013 - 09:26:29: "mp_respawnwavetime" = "10.0"
L 09/05/2013 - 09:26:29: "nextlevel" = "ar_baggage"
L 09/05/2013 - 09:26:29: "sv_stopspeed" = "75"
L 09/05/2013 - 09:26:29: "sv_specaccelerate" = "5"
L 09/05/2013 - 09:26:29: "deathmatch" = "1"
L 09/05/2013 - 09:26:29: "tv_enable" = "1"
L 09/05/2013 - 09:26:29: "mp_falldamage" = "0"
L 09/05/2013 - 09:26:29: "mp_teammates_are_enemies" = "0"
L 09/05/2013 - 09:26:29: "mp_roundtime_hostage" = "2"
L 09/05/2013 - 09:26:29: "mp_freezetime" = "15"
L 09/05/2013 - 09:26:29: "sv_accelerate_use_weapon_speed" = "0"
L 09/05/2013 - 09:26:29: "sv_voiceenable" = "1"
L 09/05/2013 - 09:26:29: "sv_bounce" = "0"
L 09/05/2013 - 09:26:29: "r_AirboatViewDampenFreq" = "7.0"
L 09/05/2013 - 09:26:29: "mp_disable_respawn_times" = "0"
L 09/05/2013 - 09:26:29: "mp_weaponstay" = "0"
L 09/05/2013 - 09:26:29: "mp_hostagepenalty" = "10"
L 09/05/2013 - 09:26:29: "tv_advertise_watchable" = "0"
L 09/05/2013 - 09:26:29: "mp_friendlyfire" = "1"
L 09/05/2013 - 09:26:29: "sv_noclipspeed" = "5"
L 09/05/2013 - 09:26:29: "cash_team_hostage_interaction" = "600"
L 09/05/2013 - 09:26:29: "sv_allchat" = "1"
L 09/05/2013 - 09:26:29: "cash_team_win_by_time_running_out_bomb" = "3250"
L 09/05/2013 - 09:26:29: "mp_buy_during_immunity" = "0"
L 09/05/2013 - 09:26:29: "cash_player_killed_enemy_factor" = "1"
L 09/05/2013 - 09:26:29: "r_JeepViewDampenDamp" = "1.0"
L 09/05/2013 - 09:26:29: "mp_c4timer" = "45"
L 09/05/2013 - 09:26:29: "r_AirboatViewDampenDamp" = "1.0"
L 09/05/2013 - 09:26:29: "sv_competitive_minspec" = "1"
L 09/05/2013 - 09:26:29: "sm_nextmap" = ""
L 09/05/2013 - 09:26:29: "mp_stalemate_at_timelimit" = "0"
L 09/05/2013 - 09:26:29: "sv_footsteps" = "1"
L 09/05/2013 - 09:26:29: "mp_limitteams" = "0"
L 09/05/2013 - 09:26:29: "sv_vote_issue_kick_allowed" = "1"
L 09/05/2013 - 09:26:29: "tv_relaypassword" = ""
L 09/05/2013 - 09:26:29: "mp_teamplay" = "0"
L 09/05/2013 - 09:26:29: "cash_team_terrorist_win_bomb" = "3500"
L 09/05/2013 - 09:26:29: "cash_team_elimination_hostage_map_t" = "3000"
L 09/05/2013 - 09:26:29: "r_JeepViewDampenFreq" = "7.0"
L 09/05/2013 - 09:26:29: "sv_specnoclip" = "1"
L 09/05/2013 - 09:26:29: "sv_friction" = "4.8"
L 09/05/2013 - 09:26:29: "cash_team_win_by_time_running_out_hostage" = "3250"
L 09/05/2013 - 09:26:29: "cash_player_bomb_planted" = "300"
L 09/05/2013 - 09:26:29: "mp_autoteambalance" = "0"
L 09/05/2013 - 09:26:29: "sv_contact" = ""
L 09/05/2013 - 09:26:29: "sv_vote_kick_ban_duration" = "15"
L 09/05/2013 - 09:26:29: "cash_player_bomb_defused" = "300"
L 09/05/2013 - 09:26:29: "mp_roundtime" = "2"
L 09/05/2013 - 09:26:29: "sv_kick_ban_duration" = "15"
L 09/05/2013 - 09:26:29: "cash_team_planted_bomb_but_defused" = "800"
L 09/05/2013 - 09:26:29: "cash_player_killed_hostage" = "-1000"
L 09/05/2013 - 09:26:29: "mp_fraglimit" = "0"
L 09/05/2013 - 09:26:29: "mp_forcerespawn" = "1"
L 09/05/2013 - 09:26:29: "decalfrequency" = "10"
L 09/05/2013 - 09:26:29: "mp_buy_anywhere" = "0"
L 09/05/2013 - 09:26:29: "sv_accelerate" = "5.6"
L 09/05/2013 - 09:26:29: "mp_winlimit" = "0"
L 09/05/2013 - 09:26:29: "sv_gravity" = "800"
L 09/05/2013 - 09:26:29: "sv_password" = "battle2011"
L 09/05/2013 - 09:26:29: "cash_team_elimination_hostage_map_ct" = "3000"
L 09/05/2013 - 09:26:29: "cash_team_win_by_hostage_rescue" = "2900"
L 09/05/2013 - 09:26:29: "r_JeepViewZHeight" = "10.0"
L 09/05/2013 - 09:26:29: "cash_team_loser_bonus_consecutive_rounds" = "500"
L 09/05/2013 - 09:26:29: "cash_player_damage_hostage" = "-30"
L 09/05/2013 - 09:26:29: "cash_team_hostage_alive" = "0"
L 09/05/2013 - 09:26:29: "tv_password" = "battle2011"
L 09/05/2013 - 09:26:29: "sv_specspeed" = "3"
L 09/05/2013 - 09:26:29: server cvars end
L 09/05/2013 - 09:26:29: Started map "ar_baggage" (CRC "-1458358218")
L 09/05/2013 - 09:26:29: -------- Mapchange to ar_baggage --------
GameTypes: initializing game types interface from GameModes.txt.
GameTypes: merging game types interface from gamemodes_server.txt.
GameTypes: missing mapgroupsSP entry for game type/mode (custom/custom).
bot_autodifficulty_threshold_high - 2.0
bot_autodifficulty_threshold_low - -6.0
bot_chatter - normal
bot_defer_to_human_goals - 0
bot_defer_to_human_items - 1
bot_difficulty - 1
bot_quota - 10
bot_quota_mode - normal
bot_allow_grenades - 1
bot_allow_pistols - 1
bot_allow_sub_machine_guns - 1
bot_allow_shotguns - 1
bot_allow_rifles - 1
bot_allow_snipers - 1
bot_allow_machine_guns - 1
mp_playercashawards - 1
cash_player_bomb_defused - 300
cash_player_bomb_planted - 300
cash_player_damage_hostage - -30
L 09/05/2013 - 09:26:29: server_cvar: "cash_player_interact_with_hostage" "150"
cash_player_interact_with_hostage - 150
cash_player_killed_enemy_default - 300
cash_player_killed_enemy_factor - 1
cash_player_killed_hostage - -1000
cash_player_killed_teammate - -3300
cash_player_rescued_hostage - 1000
cash_player_respawn_amount - 0
cash_player_get_killed - 0
mp_teamcashawards - 1
cash_team_elimination_bomb_map - 3250
L 09/05/2013 - 09:26:29: server_cvar: "cash_team_elimination_hostage_map_t" "1000"
cash_team_elimination_hostage_map_t - 1000
L 09/05/2013 - 09:26:29: server_cvar: "cash_team_elimination_hostage_map_ct" "2000"
cash_team_elimination_hostage_map_ct - 2000
cash_team_hostage_alive - 0
L 09/05/2013 - 09:26:29: server_cvar: "cash_team_hostage_interaction" "500"
cash_team_hostage_interaction - 500
cash_team_loser_bonus - 1400
cash_team_loser_bonus_consecutive_rounds - 500
cash_team_planted_bomb_but_defused - 800
L 09/05/2013 - 09:26:29: server_cvar: "cash_team_rescued_hostage" "0"
cash_team_rescued_hostage - 0
cash_team_terrorist_win_bomb - 3500
L 09/05/2013 - 09:26:29: server_cvar: "cash_team_win_by_defusing_bomb" "3250"
cash_team_win_by_defusing_bomb - 3250
L 09/05/2013 - 09:26:29: server_cvar: "cash_team_win_by_hostage_rescue" "3500"
cash_team_win_by_hostage_rescue - 3500
cash_team_win_by_time_running_out_bomb - 3250
cash_team_win_by_time_running_out_hostage - 3250
mp_afterroundmoney - 0
mp_buytime - 90
mp_buy_anywhere - 0
mp_buy_during_immunity - 0
mp_startmoney - 800
mp_maxmoney - 16000
mp_death_drop_defuser - 1
mp_death_drop_grenade - 2
mp_death_drop_gun - 1
mp_deathcam_skippable - 1
mp_defuser_allocation - 0
mp_give_player_c4 - 1
mp_free_armor - 0
mp_molotovusedelay - 15.0
mp_weapons_allow_zeus - 1
mp_weapons_allow_map_placed - 0
mp_weapons_glow_on_ground - 0
mp_ct_default_melee - weapon_knife
mp_ct_default_secondary - weapon_hkp2000
mp_ct_default_primary - 
mp_ct_default_grenades - 
mp_t_default_melee - weapon_knife
mp_t_default_secondary - weapon_glock
mp_t_default_primary - 
mp_t_default_grenades - 
mp_buy_allow_grenades - 1
L 09/05/2013 - 09:26:29: server_cvar: "mp_freezetime" "6"
mp_freezetime - 6
mp_force_pick_time - 15
mp_halftime - 0
mp_match_can_clinch - 1
L 09/05/2013 - 09:26:29: server_cvar: "mp_maxrounds" "0"
mp_maxrounds - 0
L 09/05/2013 - 09:26:29: server_cvar: "mp_roundtime" "5"
mp_roundtime - 5
L 09/05/2013 - 09:26:29: server_cvar: "mp_roundtime_defuse" "0"
mp_roundtime_defuse - 0
L 09/05/2013 - 09:26:29: server_cvar: "mp_roundtime_hostage" "0"
mp_roundtime_hostage - 0
L 09/05/2013 - 09:26:29: server_cvar: "mp_timelimit" "5"
mp_timelimit - 5
mp_warmuptime - 30
mp_warmup_pausetimer - 0
mp_halftime_pausetimer - 0
mp_default_team_winner_no_objective - -1
mp_hostagepenalty - 10
mp_solid_teammates - 1
sv_allow_votes - 1
sv_alltalk - 0
L 09/05/2013 - 09:26:29: server_cvar: "sv_deadtalk" "0"
sv_deadtalk - 0
sv_ignoregrenaderadio - 0
mp_teammates_are_enemies - 0
mp_damage_scale_ct_body - 1.0
mp_damage_scale_ct_head - 1.0
mp_damage_scale_t_body - 1.0
mp_damage_scale_t_head - 1.0
L 09/05/2013 - 09:26:29: server_cvar: "mp_friendlyfire" "0"
mp_friendlyfire - 0
ff_damage_reduction_bullets - 0.1
ff_damage_reduction_grenade - 0.25
ff_damage_reduction_grenade_self - 1
ff_damage_reduction_other - 0.25
L 09/05/2013 - 09:26:29: server_cvar: "mp_limitteams" "2"
mp_limitteams - 2
spec_freeze_panel_extended_time - 0.0
spec_freeze_time - 5.0
mp_forcecamera - 1
mp_respawn_immunitytime - 4.0
mp_respawn_on_death_t - 0
mp_respawn_on_death_ct - 0
mp_display_kill_assists - 1
mp_use_respawn_waves - 0
mp_respawnwavetime_ct - 10.0
mp_respawnwavetime_t - 10.0
mp_randomspawn - 0
mp_randomspawn_los - 1
mp_radar_showall - 0
sv_gravity - 800
sv_accelerate - 5.6
sv_stopspeed - 75
sv_airaccelerate - 10
sv_wateraccelerate - 10
sv_waterfriction - 1
sv_friction - 4.8
sv_bounce - 0
sv_maxvelocity - 3500
sv_maxspeed - 320
mp_ggprogressive_round_restart_delay - 15.0
mp_ggtr_bomb_defuse_bonus - 1.0
mp_ggtr_bomb_detonation_bonus - 1.0
mp_ggtr_bomb_pts_for_flash - 4
mp_ggtr_bomb_pts_for_he - 3
mp_ggtr_bomb_pts_for_molotov - 5
mp_ggtr_bomb_pts_for_upgrade - 2.0
mp_ggtr_bomb_respawn_delay - 0.0
mp_ggtr_end_round_kill_bonus - 1
mp_ggtr_halftime_delay - 0.0
mp_ggtr_last_weapon_kill_ends_half - 0
sv_arms_race_vote_to_restart_disallowed_after - 0
Executing dedicated server config file
L 09/05/2013 - 09:26:29: server_cvar: "nextlevel" ""
Server logging enabled.
L 09/05/2013 - 09:26:29: server_cvar: "mp_freezetime" "0"
L 09/05/2013 - 09:26:29: server_cvar: "mp_limitteams" "0"
maxplayers set to 64
L 09/05/2013 - 09:26:29: server_cvar: "cash_player_interact_with_hostage" "300"
L 09/05/2013 - 09:26:29: server_cvar: "cash_team_elimination_hostage_map_t" "3000"
L 09/05/2013 - 09:26:29: server_cvar: "cash_team_elimination_hostage_map_ct" "3000"
L 09/05/2013 - 09:26:29: server_cvar: "cash_team_hostage_interaction" "600"
L 09/05/2013 - 09:26:29: server_cvar: "cash_team_rescued_hostage" "600"
L 09/05/2013 - 09:26:29: server_cvar: "cash_team_win_by_defusing_bomb" "3500"
L 09/05/2013 - 09:26:29: server_cvar: "cash_team_win_by_hostage_rescue" "2900"
Unknown command "mp_deathcam_skippable"
L 09/05/2013 - 09:26:29: server_cvar: "mp_freezetime" "15"
L 09/05/2013 - 09:26:29: server_cvar: "mp_friendlyfire" "1"
L 09/05/2013 - 09:26:29: server_cvar: "mp_maxrounds" "30"
L 09/05/2013 - 09:26:29: server_cvar: "mp_roundtime" "2"
L 09/05/2013 - 09:26:29: server_cvar: "mp_roundtime_hostage" "2"
L 09/05/2013 - 09:26:29: server_cvar: "mp_roundtime_defuse" "2"
L 09/05/2013 - 09:26:29: server_cvar: "mp_timelimit" "0"
L 09/05/2013 - 09:26:29: server_cvar: "sv_deadtalk" "1"
exec: couldn't exec gamemode_competitive_server.cfg
Commentary: Could not find commentary data file 'maps/ar_baggage_commentary.txt'. 
Error parsing BotProfile.db - unknown attribute 'Rank'
Error parsing BotProfile.db - unknown attribute 'Rank'
Error parsing BotProfile.db - unknown attribute 'Rank'
Error parsing BotProfile.db - unknown attribute 'Rank'
Error parsing BotProfile.db - unknown attribute 'Rank'
Error parsing BotProfile.db - unknown attribute 'Rank'
Error parsing BotProfile.db - unknown attribute 'Rank'
Error parsing BotProfile.db - unknown attribute 'Rank'
PutClientInServer: no info_player_start on level
L 09/05/2013 - 09:26:29: "Battle Pro Beta TV GOTV<2><BOT><>" entered the game
GOTV broadcast active.
Server waking up from hibernation
L 09/05/2013 - 09:26:30: "Drahtz<3><STEAM_1:0:42575687><>" connected, address "186.59.10.27:16377"
Client "Drahtz" connected (186.59.10.27:16377).
L 09/05/2013 - 09:26:30: World triggered "Round_Start"
L 09/05/2013 - 09:26:31: "Drahtz<3><STEAM_1:0:42575687><>" STEAM USERID validated
PutClientInServer: no info_player_start on level
L 09/05/2013 - 09:26:55: "Drahtz<3><STEAM_1:0:42575687><>" entered the game
CreateFragmentsFromFile: 'downloads/1ab72a88.dat' doesn't exist.
L 09/05/2013 - 09:27:00: "Drahtz<3><STEAM_1:0:42575687><Unassigned>" triggered "clantag" (value "")
L 09/05/2013 - 09:27:05: "Drahtz<3><STEAM_1:0:42575687>" switched from team <Unassigned> to <TERRORIST>
L 09/05/2013 - 09:27:05: "Drahtz<3><STEAM_1:0:42575687><TERRORIST>" triggered "clantag" (value "")
Game will not start until both teams have players.
L 09/05/2013 - 09:27:17: "Dijkstra<4><STEAM_1:0:54679011><>" connected, address "186.59.10.27:16663"
Client "Dijkstra" connected (186.59.10.27:16663).
L 09/05/2013 - 09:27:18: "Dijkstra<4><STEAM_1:0:54679011><>" STEAM USERID validated
CreateFragmentsFromFile: 'downloads/1ab72a88.dat' doesn't exist.
PutClientInServer: no info_player_start on level
L 09/05/2013 - 09:27:51: "Dijkstra<4><STEAM_1:0:54679011><>" entered the game
CreateFragmentsFromFile: 'downloads/1ab72a88.dat' doesn't exist.
CreateFragmentsFromFile: 'downloads/1ab72a88.dat' doesn't exist.
L 09/05/2013 - 09:27:57: "Dijkstra<4><STEAM_1:0:54679011><Unassigned>" triggered "clantag" (value "")
L 09/05/2013 - 09:28:06: "Dijkstra<4><STEAM_1:0:54679011>" switched from team <Unassigned> to <CT>
L 09/05/2013 - 09:28:07: "Dijkstra<4><STEAM_1:0:54679011><CT>" triggered "clantag" (value "")
mdlcache.cpp(1917): MDL Cache allocation outside the pool. player/ct_animations.mdl : 32776.
Game will not start until both teams have players.
L 09/05/2013 - 09:28:58: "Drahtz<3><STEAM_1:0:42575687><TERRORIST>" disconnected (reason "Drahtz timed out")
L 09/05/2013 - 09:28:58: "Drahtz<3><STEAM_1:0:42575687>" switched from team <TERRORIST> to <Unassigned>
Game will not start until both teams have players.
Dropped Drahtz from server (Drahtz timed out)
L 09/05/2013 - 09:29:47: "Dijkstra<4><STEAM_1:0:54679011><CT>" disconnected (reason "Dijkstra timed out")
L 09/05/2013 - 09:29:47: "Dijkstra<4><STEAM_1:0:54679011>" switched from team <CT> to <Unassigned>
Game will not start until both teams have players.
Dropped Dijkstra from server (Dijkstra timed out)
-> Reservation cookie 0:  reason reserved(yes), clients(no), reservationexpires(0.00)
Server is hibernating
L 09/05/2013 - 09:29:52: "Battle Pro Beta TV GOTV<2><BOT><Unassigned>" disconnected (reason "Punting bot, server is hibernating")
Game will not start until both teams have players.
