Server is hibernating
Particles: Missing 'particles/maps/gg_vietnam.pcf'
CDedicatedServerWorkshopManager::GetNewestSubscribedFiles
No web api auth key specified - workshop downloads will be disabled.
maxplayers set to 64
Unknown command "cl_bobamt_vert"
Unknown command "cl_bobamt_lat"
Unknown command "cl_bob_lower_amt"
Unknown command "cl_viewmodel_shift_left_amt"
Unknown command "cl_viewmodel_shift_right_amt"
Unknown command "cl_teamid_min"
Unknown command "cl_teamid_max"
Unknown command "cl_teamid_overhead"
Unknown command "cl_teamid_overhead_maxdist"
Usage: host_workshop_collection <fileid>
Host_MapGroup_f: No mapgroup specified
Unknown command "mat_bloom_scalefactor_scalar"
NET_GetBindAddresses found 66.55.149.25: 'Intel(R) 82574L Gigabit Network Connection #2'
Network: IP 208.167.232.112 mode MP, dedicated No, ports 27035 SV / 27006 CL
---- Host_NewGame ----
Host_NewGame on map ar_baggage
L 09/06/2013 - 16:58:14: -------- Mapchange to ar_baggage --------
CGameEventManager::AddListener: event 'teamplay_win_panel' unknown.
CGameEventManager::AddListener: event 'teamplay_restart_round' unknown.
CGameEventManager::AddListener: event 'arena_win_panel' unknown.
GameTypes: initializing game types interface from GameModes.txt.
GameTypes: merging game types interface from gamemodes_server.txt.
GameTypes: missing mapgroupsSP entry for game type/mode (custom/custom).
bot_autodifficulty_threshold_high - 2.0
bot_autodifficulty_threshold_low - -6.0
bot_chatter - normal
bot_defer_to_human_goals - 0
bot_defer_to_human_items - 1
bot_difficulty - 1
bot_quota - 10
bot_quota_mode - normal
bot_allow_grenades - 1
bot_allow_pistols - 1
bot_allow_sub_machine_guns - 1
bot_allow_shotguns - 1
bot_allow_rifles - 1
bot_allow_snipers - 1
bot_allow_machine_guns - 1
mp_playercashawards - 1
cash_player_bomb_defused - 300
cash_player_bomb_planted - 300
cash_player_damage_hostage - -30
cash_player_interact_with_hostage - 150
cash_player_killed_enemy_default - 300
cash_player_killed_enemy_factor - 1
cash_player_killed_hostage - -1000
cash_player_killed_teammate - -3300
cash_player_rescued_hostage - 1000
cash_player_respawn_amount - 0
cash_player_get_killed - 0
mp_teamcashawards - 1
cash_team_elimination_bomb_map - 3250
cash_team_elimination_hostage_map_t - 1000
cash_team_elimination_hostage_map_ct - 2000
cash_team_hostage_alive - 0
cash_team_hostage_interaction - 500
cash_team_loser_bonus - 1400
cash_team_loser_bonus_consecutive_rounds - 500
cash_team_planted_bomb_but_defused - 800
cash_team_rescued_hostage - 0
cash_team_terrorist_win_bomb - 3500
cash_team_win_by_defusing_bomb - 3250
cash_team_win_by_hostage_rescue - 3500
cash_team_win_by_time_running_out_bomb - 3250
cash_team_win_by_time_running_out_hostage - 3250
mp_afterroundmoney - 0
mp_buytime - 90
mp_buy_anywhere - 0
mp_buy_during_immunity - 0
mp_startmoney - 800
mp_maxmoney - 16000
mp_death_drop_defuser - 1
mp_death_drop_grenade - 2
mp_death_drop_gun - 1
mp_deathcam_skippable - 1
mp_defuser_allocation - 0
mp_give_player_c4 - 1
mp_free_armor - 0
mp_molotovusedelay - 15.0
mp_weapons_allow_zeus - 1
mp_weapons_allow_map_placed - 0
mp_weapons_glow_on_ground - 0
mp_ct_default_melee - weapon_knife
mp_ct_default_secondary - weapon_hkp2000
mp_ct_default_primary - 
mp_ct_default_grenades - 
mp_t_default_melee - weapon_knife
mp_t_default_secondary - weapon_glock
mp_t_default_primary - 
mp_t_default_grenades - 
mp_buy_allow_grenades - 1
mp_freezetime - 6
mp_force_pick_time - 15
mp_halftime - 0
mp_match_can_clinch - 1
mp_maxrounds - 0
mp_roundtime - 5
mp_roundtime_defuse - 0
mp_roundtime_hostage - 0
mp_timelimit - 5
mp_warmuptime - 30
mp_warmup_pausetimer - 0
mp_halftime_pausetimer - 0
mp_default_team_winner_no_objective - -1
mp_hostagepenalty - 10
mp_solid_teammates - 1
sv_allow_votes - 1
sv_alltalk - 0
sv_deadtalk - 0
sv_ignoregrenaderadio - 0
mp_teammates_are_enemies - 0
mp_damage_scale_ct_body - 1.0
mp_damage_scale_ct_head - 1.0
mp_damage_scale_t_body - 1.0
mp_damage_scale_t_head - 1.0
mp_friendlyfire - 0
ff_damage_reduction_bullets - 0.1
ff_damage_reduction_grenade - 0.25
ff_damage_reduction_grenade_self - 1
ff_damage_reduction_other - 0.25
mp_limitteams - 2
spec_freeze_panel_extended_time - 0.0
spec_freeze_time - 5.0
mp_forcecamera - 1
mp_respawn_immunitytime - 4.0
mp_respawn_on_death_t - 0
mp_respawn_on_death_ct - 0
mp_display_kill_assists - 1
mp_use_respawn_waves - 0
mp_respawnwavetime_ct - 10.0
mp_respawnwavetime_t - 10.0
mp_randomspawn - 0
mp_randomspawn_los - 1
mp_radar_showall - 0
sv_gravity - 800
sv_accelerate - 5.6
sv_stopspeed - 75
sv_airaccelerate - 10
sv_wateraccelerate - 10
sv_waterfriction - 1
sv_friction - 4.8
sv_bounce - 0
sv_maxvelocity - 3500
sv_maxspeed - 320
mp_ggprogressive_round_restart_delay - 15.0
mp_ggtr_bomb_defuse_bonus - 1.0
mp_ggtr_bomb_detonation_bonus - 1.0
mp_ggtr_bomb_pts_for_flash - 4
mp_ggtr_bomb_pts_for_he - 3
mp_ggtr_bomb_pts_for_molotov - 5
mp_ggtr_bomb_pts_for_upgrade - 2.0
mp_ggtr_bomb_respawn_delay - 0.0
mp_ggtr_end_round_kill_bonus - 1
mp_ggtr_halftime_delay - 0.0
mp_ggtr_last_weapon_kill_ends_half - 0
sv_arms_race_vote_to_restart_disallowed_after - 0
Executing dedicated server config file
Server logging enabled.
Server logging data to file logs\L208_167_232_112_27035_201309061658_000.log
L 09/06/2013 - 16:58:15: Log file started (file "logs\L208_167_232_112_27035_201309061658_000.log") (game "c:\games\208_167_232_112_27035\1004734\csgo\csgo") (version "5406")
L 09/06/2013 - 16:58:15: server_cvar: "mp_autoteambalance" "0"
L 09/06/2013 - 16:58:15: server_cvar: "mp_freezetime" "0"
L 09/06/2013 - 16:58:15: server_cvar: "mp_limitteams" "0"
maxplayers set to 64
L 09/06/2013 - 16:58:15: server_cvar: "tv_enable" "1"
L 09/06/2013 - 16:58:15: server_cvar: "tv_password" "***PROTECTED***"
L 09/06/2013 - 16:58:15: server_cvar: "cash_player_interact_with_hostage" "300"
L 09/06/2013 - 16:58:15: server_cvar: "cash_team_elimination_hostage_map_t" "3000"
L 09/06/2013 - 16:58:15: server_cvar: "cash_team_elimination_hostage_map_ct" "3000"
L 09/06/2013 - 16:58:15: server_cvar: "cash_team_hostage_interaction" "600"
L 09/06/2013 - 16:58:15: server_cvar: "cash_team_rescued_hostage" "600"
L 09/06/2013 - 16:58:15: server_cvar: "cash_team_win_by_defusing_bomb" "3500"
L 09/06/2013 - 16:58:15: server_cvar: "cash_team_win_by_hostage_rescue" "2900"
Unknown command "mp_deathcam_skippable"
L 09/06/2013 - 16:58:15: server_cvar: "mp_freezetime" "15"
L 09/06/2013 - 16:58:15: server_cvar: "mp_friendlyfire" "1"
L 09/06/2013 - 16:58:15: server_cvar: "mp_maxrounds" "30"
L 09/06/2013 - 16:58:15: server_cvar: "mp_roundtime" "2"
L 09/06/2013 - 16:58:15: server_cvar: "mp_roundtime_hostage" "2"
L 09/06/2013 - 16:58:15: server_cvar: "mp_roundtime_defuse" "2"
L 09/06/2013 - 16:58:15: server_cvar: "mp_timelimit" "0"
L 09/06/2013 - 16:58:15: server_cvar: "sv_deadtalk" "1"
exec: couldn't exec gamemode_competitive_server.cfg
mdlcache.cpp(1917): MDL Cache allocation outside the pool. player/ct_animations.mdl : 32776.
Commentary: Could not find commentary data file 'maps/ar_baggage_commentary.txt'. 
Error parsing BotProfile.db - unknown attribute 'Rank'
Error parsing BotProfile.db - unknown attribute 'Rank'
Error parsing BotProfile.db - unknown attribute 'Rank'
Error parsing BotProfile.db - unknown attribute 'Rank'
Error parsing BotProfile.db - unknown attribute 'Rank'
Error parsing BotProfile.db - unknown attribute 'Rank'
Error parsing BotProfile.db - unknown attribute 'Rank'
Error parsing BotProfile.db - unknown attribute 'Rank'
L 09/06/2013 - 16:58:22: "GOTV<2><BOT><>" connected, address "none"
PutClientInServer: no info_player_start on level
L 09/06/2013 - 16:58:22: "GOTV<2><BOT><>" entered the game
L 09/06/2013 - 16:58:22: "GOTV<2><BOT><Unassigned>" changed name to "Battle Pro Beta TV GOTV"
Initializing Steam libraries for secure Internet server
Logging into anonymous gameserver account.
GOTV broadcast active.
Connection to Steam servers successful.
   Public IP is 208.167.232.112.
Assigned anonymous gameserver Steam ID [A:1:1658263554(3630)].
VAC secure mode is activated.
-> Reservation cookie 18600007d1cf73d:  reason ReplyReservationRequest
ApplyGameSettings: Map ar_baggage not part of Mapgroup 
ApplyGameSettings: MapGroup  not part of type classic mode competitive
Executing server command:
mapgroup 
nextlevel ar_baggage
map ar_baggage reserved

---
Host_MapGroup_f: No mapgroup specified
L 09/06/2013 - 17:02:38: server_cvar: "nextlevel" "ar_baggage"
L 09/06/2013 - 17:02:38: [META] Loaded 0 plugins (1 already loaded)
---- Host_Changelevel ----
L 09/06/2013 - 17:02:38: [META] Loaded 0 plugins (1 already loaded)
*** Map Load: ar_baggage: Map Group L 09/06/2013 - 17:02:38: Loading map "ar_baggage"
L 09/06/2013 - 17:02:38: server cvars start
L 09/06/2013 - 17:02:38: "cash_player_killed_teammate" = "-3300"
L 09/06/2013 - 17:02:38: "sv_maxspeed" = "320"
L 09/06/2013 - 17:02:38: "cash_player_respawn_amount" = "0"
L 09/06/2013 - 17:02:38: "cash_team_rescued_hostage" = "600"
L 09/06/2013 - 17:02:38: "cash_team_win_by_defusing_bomb" = "3500"
L 09/06/2013 - 17:02:38: "sv_rollangle" = "0"
L 09/06/2013 - 17:02:38: "r_AirboatViewZHeight" = "0.0"
L 09/06/2013 - 17:02:38: "sv_cheats" = "0"
L 09/06/2013 - 17:02:38: "r_VehicleViewDampen" = "1"
L 09/06/2013 - 17:02:38: "metamod_version" = "1.10.0-devV"
L 09/06/2013 - 17:02:38: "mp_allowNPCs" = "1"
L 09/06/2013 - 17:02:38: "mp_tournament" = "0"
L 09/06/2013 - 17:02:38: "sv_spec_hear" = "1"
L 09/06/2013 - 17:02:38: "cash_player_interact_with_hostage" = "300"
L 09/06/2013 - 17:02:38: "mp_flashlight" = "0"
L 09/06/2013 - 17:02:38: "mp_maxrounds" = "30"
L 09/06/2013 - 17:02:38: "sv_tags" = ""
L 09/06/2013 - 17:02:38: "sv_stepsize" = "18"
L 09/06/2013 - 17:02:38: "mp_teamlist" = "hgrunt;scientist"
L 09/06/2013 - 17:02:38: "sv_alltalk" = "0"
L 09/06/2013 - 17:02:38: "mp_footsteps" = "1"
L 09/06/2013 - 17:02:38: "sv_noclipaccelerate" = "5"
L 09/06/2013 - 17:02:38: "sv_wateraccelerate" = "10"
L 09/06/2013 - 17:02:38: "mp_autocrosshair" = "1"
L 09/06/2013 - 17:02:38: "mp_stalemate_enable" = "0"
L 09/06/2013 - 17:02:38: "sourcemod_version" = "1.5.0-dev+3755"
L 09/06/2013 - 17:02:38: "cash_team_elimination_bomb_map" = "3250"
L 09/06/2013 - 17:02:38: "cash_player_get_killed" = "0"
L 09/06/2013 - 17:02:38: "mp_roundtime_defuse" = "2"
L 09/06/2013 - 17:02:38: "sv_autobuyammo" = "1"
L 09/06/2013 - 17:02:38: "sv_rollspeed" = "200"
L 09/06/2013 - 17:02:38: "sv_airaccelerate" = "10"
L 09/06/2013 - 17:02:38: "mp_teams_unbalance_limit" = "1"
L 09/06/2013 - 17:02:38: "mp_timelimit" = "0"
L 09/06/2013 - 17:02:38: "cash_team_loser_bonus" = "1400"
L 09/06/2013 - 17:02:38: "sv_deadtalk" = "1"
L 09/06/2013 - 17:02:38: "cash_player_rescued_hostage" = "1000"
L 09/06/2013 - 17:02:38: "sv_waterfriction" = "1"
L 09/06/2013 - 17:02:38: "sv_competitive_official_5v5" = "0"
L 09/06/2013 - 17:02:38: "sv_steamgroup" = ""
L 09/06/2013 - 17:02:38: "cash_player_killed_enemy_default" = "300"
L 09/06/2013 - 17:02:38: "coop" = "0"
L 09/06/2013 - 17:02:38: "mp_respawnwavetime" = "10.0"
L 09/06/2013 - 17:02:38: "nextlevel" = "ar_baggage"
L 09/06/2013 - 17:02:38: "sv_stopspeed" = "75"
L 09/06/2013 - 17:02:38: "sv_specaccelerate" = "5"
L 09/06/2013 - 17:02:38: "deathmatch" = "1"
L 09/06/2013 - 17:02:38: "tv_enable" = "1"
L 09/06/2013 - 17:02:38: "mp_falldamage" = "0"
L 09/06/2013 - 17:02:38: "mp_teammates_are_enemies" = "0"
L 09/06/2013 - 17:02:38: "mp_roundtime_hostage" = "2"
L 09/06/2013 - 17:02:38: "mp_freezetime" = "15"
L 09/06/2013 - 17:02:38: "sv_accelerate_use_weapon_speed" = "0"
L 09/06/2013 - 17:02:38: "sv_voiceenable" = "1"
L 09/06/2013 - 17:02:38: "sv_bounce" = "0"
L 09/06/2013 - 17:02:38: "r_AirboatViewDampenFreq" = "7.0"
L 09/06/2013 - 17:02:38: "mp_disable_respawn_times" = "0"
L 09/06/2013 - 17:02:38: "mp_weaponstay" = "0"
L 09/06/2013 - 17:02:38: "mp_hostagepenalty" = "10"
L 09/06/2013 - 17:02:38: "tv_advertise_watchable" = "0"
L 09/06/2013 - 17:02:38: "mp_friendlyfire" = "1"
L 09/06/2013 - 17:02:38: "sv_noclipspeed" = "5"
L 09/06/2013 - 17:02:38: "cash_team_hostage_interaction" = "600"
L 09/06/2013 - 17:02:38: "sv_allchat" = "1"
L 09/06/2013 - 17:02:38: "cash_team_win_by_time_running_out_bomb" = "3250"
L 09/06/2013 - 17:02:38: "mp_buy_during_immunity" = "0"
L 09/06/2013 - 17:02:38: "cash_player_killed_enemy_factor" = "1"
L 09/06/2013 - 17:02:38: "r_JeepViewDampenDamp" = "1.0"
L 09/06/2013 - 17:02:38: "mp_c4timer" = "45"
L 09/06/2013 - 17:02:38: "r_AirboatViewDampenDamp" = "1.0"
L 09/06/2013 - 17:02:38: "sv_competitive_minspec" = "1"
L 09/06/2013 - 17:02:38: "sm_nextmap" = ""
L 09/06/2013 - 17:02:38: "mp_stalemate_at_timelimit" = "0"
L 09/06/2013 - 17:02:38: "sv_footsteps" = "1"
L 09/06/2013 - 17:02:38: "mp_limitteams" = "0"
L 09/06/2013 - 17:02:38: "sv_vote_issue_kick_allowed" = "1"
L 09/06/2013 - 17:02:38: "tv_relaypassword" = ""
L 09/06/2013 - 17:02:38: "mp_teamplay" = "0"
L 09/06/2013 - 17:02:38: "cash_team_terrorist_win_bomb" = "3500"
L 09/06/2013 - 17:02:38: "cash_team_elimination_hostage_map_t" = "3000"
L 09/06/2013 - 17:02:38: "r_JeepViewDampenFreq" = "7.0"
L 09/06/2013 - 17:02:38: "sv_specnoclip" = "1"
L 09/06/2013 - 17:02:38: "sv_friction" = "4.8"
L 09/06/2013 - 17:02:38: "cash_team_win_by_time_running_out_hostage" = "3250"
L 09/06/2013 - 17:02:38: "cash_player_bomb_planted" = "300"
L 09/06/2013 - 17:02:38: "mp_autoteambalance" = "0"
L 09/06/2013 - 17:02:38: "sv_contact" = ""
L 09/06/2013 - 17:02:38: "sv_vote_kick_ban_duration" = "15"
L 09/06/2013 - 17:02:38: "bp_version" = "1.0"
L 09/06/2013 - 17:02:38: "cash_player_bomb_defused" = "300"
L 09/06/2013 - 17:02:38: "mp_roundtime" = "2"
L 09/06/2013 - 17:02:38: "sv_kick_ban_duration" = "15"
L 09/06/2013 - 17:02:38: "cash_team_planted_bomb_but_defused" = "800"
L 09/06/2013 - 17:02:38: "cash_player_killed_hostage" = "-1000"
L 09/06/2013 - 17:02:38: "mp_fraglimit" = "0"
L 09/06/2013 - 17:02:38: "mp_forcerespawn" = "1"
L 09/06/2013 - 17:02:38: "decalfrequency" = "10"
L 09/06/2013 - 17:02:38: "mp_buy_anywhere" = "0"
L 09/06/2013 - 17:02:38: "sv_accelerate" = "5.6"
L 09/06/2013 - 17:02:38: "mp_winlimit" = "0"
L 09/06/2013 - 17:02:38: "sv_gravity" = "800"
L 09/06/2013 - 17:02:38: "sv_password" = "battle2011"
L 09/06/2013 - 17:02:38: "cash_team_elimination_hostage_map_ct" = "3000"
L 09/06/2013 - 17:02:38: "cash_team_win_by_hostage_rescue" = "2900"
L 09/06/2013 - 17:02:38: "r_JeepViewZHeight" = "10.0"
L 09/06/2013 - 17:02:38: "cash_team_loser_bonus_consecutive_rounds" = "500"
L 09/06/2013 - 17:02:38: "cash_player_damage_hostage" = "-30"
L 09/06/2013 - 17:02:38: "cash_team_hostage_alive" = "0"
L 09/06/2013 - 17:02:38: "tv_password" = "battle2011"
L 09/06/2013 - 17:02:38: "sv_specspeed" = "3"
L 09/06/2013 - 17:02:38: server cvars end
L 09/06/2013 - 17:02:38: Started map "ar_baggage" (CRC "-1458358218")
L 09/06/2013 - 17:02:38: -------- Mapchange to ar_baggage --------
GameTypes: initializing game types interface from GameModes.txt.
GameTypes: merging game types interface from gamemodes_server.txt.
GameTypes: missing mapgroupsSP entry for game type/mode (custom/custom).
bot_autodifficulty_threshold_high - 2.0
bot_autodifficulty_threshold_low - -6.0
bot_chatter - normal
bot_defer_to_human_goals - 0
bot_defer_to_human_items - 1
bot_difficulty - 1
bot_quota - 10
bot_quota_mode - normal
bot_allow_grenades - 1
bot_allow_pistols - 1
bot_allow_sub_machine_guns - 1
bot_allow_shotguns - 1
bot_allow_rifles - 1
bot_allow_snipers - 1
bot_allow_machine_guns - 1
mp_playercashawards - 1
cash_player_bomb_defused - 300
cash_player_bomb_planted - 300
cash_player_damage_hostage - -30
L 09/06/2013 - 17:02:38: server_cvar: "cash_player_interact_with_hostage" "150"
cash_player_interact_with_hostage - 150
cash_player_killed_enemy_default - 300
cash_player_killed_enemy_factor - 1
cash_player_killed_hostage - -1000
cash_player_killed_teammate - -3300
cash_player_rescued_hostage - 1000
cash_player_respawn_amount - 0
cash_player_get_killed - 0
mp_teamcashawards - 1
cash_team_elimination_bomb_map - 3250
L 09/06/2013 - 17:02:38: server_cvar: "cash_team_elimination_hostage_map_t" "1000"
cash_team_elimination_hostage_map_t - 1000
L 09/06/2013 - 17:02:38: server_cvar: "cash_team_elimination_hostage_map_ct" "2000"
cash_team_elimination_hostage_map_ct - 2000
cash_team_hostage_alive - 0
L 09/06/2013 - 17:02:38: server_cvar: "cash_team_hostage_interaction" "500"
cash_team_hostage_interaction - 500
cash_team_loser_bonus - 1400
cash_team_loser_bonus_consecutive_rounds - 500
cash_team_planted_bomb_but_defused - 800
L 09/06/2013 - 17:02:38: server_cvar: "cash_team_rescued_hostage" "0"
cash_team_rescued_hostage - 0
cash_team_terrorist_win_bomb - 3500
L 09/06/2013 - 17:02:38: server_cvar: "cash_team_win_by_defusing_bomb" "3250"
cash_team_win_by_defusing_bomb - 3250
L 09/06/2013 - 17:02:38: server_cvar: "cash_team_win_by_hostage_rescue" "3500"
cash_team_win_by_hostage_rescue - 3500
cash_team_win_by_time_running_out_bomb - 3250
cash_team_win_by_time_running_out_hostage - 3250
mp_afterroundmoney - 0
mp_buytime - 90
mp_buy_anywhere - 0
mp_buy_during_immunity - 0
mp_startmoney - 800
mp_maxmoney - 16000
mp_death_drop_defuser - 1
mp_death_drop_grenade - 2
mp_death_drop_gun - 1
mp_deathcam_skippable - 1
mp_defuser_allocation - 0
mp_give_player_c4 - 1
mp_free_armor - 0
mp_molotovusedelay - 15.0
mp_weapons_allow_zeus - 1
mp_weapons_allow_map_placed - 0
mp_weapons_glow_on_ground - 0
mp_ct_default_melee - weapon_knife
mp_ct_default_secondary - weapon_hkp2000
mp_ct_default_primary - 
mp_ct_default_grenades - 
mp_t_default_melee - weapon_knife
mp_t_default_secondary - weapon_glock
mp_t_default_primary - 
mp_t_default_grenades - 
mp_buy_allow_grenades - 1
L 09/06/2013 - 17:02:38: server_cvar: "mp_freezetime" "6"
mp_freezetime - 6
mp_force_pick_time - 15
mp_halftime - 0
mp_match_can_clinch - 1
L 09/06/2013 - 17:02:38: server_cvar: "mp_maxrounds" "0"
mp_maxrounds - 0
L 09/06/2013 - 17:02:38: server_cvar: "mp_roundtime" "5"
mp_roundtime - 5
L 09/06/2013 - 17:02:38: server_cvar: "mp_roundtime_defuse" "0"
mp_roundtime_defuse - 0
L 09/06/2013 - 17:02:38: server_cvar: "mp_roundtime_hostage" "0"
mp_roundtime_hostage - 0
L 09/06/2013 - 17:02:38: server_cvar: "mp_timelimit" "5"
mp_timelimit - 5
mp_warmuptime - 30
mp_warmup_pausetimer - 0
mp_halftime_pausetimer - 0
mp_default_team_winner_no_objective - -1
mp_hostagepenalty - 10
mp_solid_teammates - 1
sv_allow_votes - 1
sv_alltalk - 0
L 09/06/2013 - 17:02:38: server_cvar: "sv_deadtalk" "0"
sv_deadtalk - 0
sv_ignoregrenaderadio - 0
mp_teammates_are_enemies - 0
mp_damage_scale_ct_body - 1.0
mp_damage_scale_ct_head - 1.0
mp_damage_scale_t_body - 1.0
mp_damage_scale_t_head - 1.0
L 09/06/2013 - 17:02:38: server_cvar: "mp_friendlyfire" "0"
mp_friendlyfire - 0
ff_damage_reduction_bullets - 0.1
ff_damage_reduction_grenade - 0.25
ff_damage_reduction_grenade_self - 1
ff_damage_reduction_other - 0.25
L 09/06/2013 - 17:02:38: server_cvar: "mp_limitteams" "2"
mp_limitteams - 2
spec_freeze_panel_extended_time - 0.0
spec_freeze_time - 5.0
mp_forcecamera - 1
mp_respawn_immunitytime - 4.0
mp_respawn_on_death_t - 0
mp_respawn_on_death_ct - 0
mp_display_kill_assists - 1
mp_use_respawn_waves - 0
mp_respawnwavetime_ct - 10.0
mp_respawnwavetime_t - 10.0
mp_randomspawn - 0
mp_randomspawn_los - 1
mp_radar_showall - 0
sv_gravity - 800
sv_accelerate - 5.6
sv_stopspeed - 75
sv_airaccelerate - 10
sv_wateraccelerate - 10
sv_waterfriction - 1
sv_friction - 4.8
sv_bounce - 0
sv_maxvelocity - 3500
sv_maxspeed - 320
mp_ggprogressive_round_restart_delay - 15.0
mp_ggtr_bomb_defuse_bonus - 1.0
mp_ggtr_bomb_detonation_bonus - 1.0
mp_ggtr_bomb_pts_for_flash - 4
mp_ggtr_bomb_pts_for_he - 3
mp_ggtr_bomb_pts_for_molotov - 5
mp_ggtr_bomb_pts_for_upgrade - 2.0
mp_ggtr_bomb_respawn_delay - 0.0
mp_ggtr_end_round_kill_bonus - 1
mp_ggtr_halftime_delay - 0.0
mp_ggtr_last_weapon_kill_ends_half - 0
sv_arms_race_vote_to_restart_disallowed_after - 0
Executing dedicated server config file
L 09/06/2013 - 17:02:38: server_cvar: "nextlevel" ""
Server logging enabled.
L 09/06/2013 - 17:02:38: server_cvar: "mp_freezetime" "0"
L 09/06/2013 - 17:02:38: server_cvar: "mp_limitteams" "0"
maxplayers set to 64
L 09/06/2013 - 17:02:38: server_cvar: "cash_player_interact_with_hostage" "300"
L 09/06/2013 - 17:02:38: server_cvar: "cash_team_elimination_hostage_map_t" "3000"
L 09/06/2013 - 17:02:38: server_cvar: "cash_team_elimination_hostage_map_ct" "3000"
L 09/06/2013 - 17:02:38: server_cvar: "cash_team_hostage_interaction" "600"
L 09/06/2013 - 17:02:38: server_cvar: "cash_team_rescued_hostage" "600"
L 09/06/2013 - 17:02:38: server_cvar: "cash_team_win_by_defusing_bomb" "3500"
L 09/06/2013 - 17:02:38: server_cvar: "cash_team_win_by_hostage_rescue" "2900"
Unknown command "mp_deathcam_skippable"
L 09/06/2013 - 17:02:38: server_cvar: "mp_freezetime" "15"
L 09/06/2013 - 17:02:38: server_cvar: "mp_friendlyfire" "1"
L 09/06/2013 - 17:02:38: server_cvar: "mp_maxrounds" "30"
L 09/06/2013 - 17:02:38: server_cvar: "mp_roundtime" "2"
L 09/06/2013 - 17:02:38: server_cvar: "mp_roundtime_hostage" "2"
L 09/06/2013 - 17:02:38: server_cvar: "mp_roundtime_defuse" "2"
L 09/06/2013 - 17:02:38: server_cvar: "mp_timelimit" "0"
L 09/06/2013 - 17:02:38: server_cvar: "sv_deadtalk" "1"
exec: couldn't exec gamemode_competitive_server.cfg
Commentary: Could not find commentary data file 'maps/ar_baggage_commentary.txt'. 
Error parsing BotProfile.db - unknown attribute 'Rank'
Error parsing BotProfile.db - unknown attribute 'Rank'
Error parsing BotProfile.db - unknown attribute 'Rank'
Error parsing BotProfile.db - unknown attribute 'Rank'
Error parsing BotProfile.db - unknown attribute 'Rank'
Error parsing BotProfile.db - unknown attribute 'Rank'
Error parsing BotProfile.db - unknown attribute 'Rank'
Error parsing BotProfile.db - unknown attribute 'Rank'
PutClientInServer: no info_player_start on level
L 09/06/2013 - 17:02:39: "Battle Pro Beta TV GOTV<2><BOT><>" entered the game
GOTV broadcast active.
Server waking up from hibernation
L 09/06/2013 - 17:02:39: "raaawr<3><STEAM_1:1:65888900><>" connected, address "186.59.75.75:11562"
Client "raaawr" connected (186.59.75.75:11562).
L 09/06/2013 - 17:02:39: World triggered "Round_Start"
L 09/06/2013 - 17:02:41: "raaawr<3><STEAM_1:1:65888900><>" STEAM USERID validated
PutClientInServer: no info_player_start on level
L 09/06/2013 - 17:03:02: "raaawr<3><STEAM_1:1:65888900><>" entered the game
CreateFragmentsFromFile: 'downloads/1ab72a88.dat' doesn't exist.
L 09/06/2013 - 17:03:07: "raaawr<3><STEAM_1:1:65888900><Unassigned>" triggered "clantag" (value "")
L 09/06/2013 - 17:03:15: "raaawr<3><STEAM_1:1:65888900>" switched from team <Unassigned> to <CT>
L 09/06/2013 - 17:03:16: "raaawr<3><STEAM_1:1:65888900><CT>" triggered "clantag" (value "")
mdlcache.cpp(1917): MDL Cache allocation outside the pool. player/ct_animations.mdl : 32776.
Game will not start until both teams have players.
L 09/06/2013 - 18:08:11: "raaawr<3><STEAM_1:1:65888900><CT>" disconnected (reason "Desconexión del usuario.")
L 09/06/2013 - 18:08:11: "raaawr<3><STEAM_1:1:65888900>" switched from team <CT> to <Unassigned>
Game will not start until both teams have players.
Dropped raaawr from server (Desconexión del usuario.)
-> Reservation cookie 0:  reason reserved(yes), clients(no), reservationexpires(0.00)
Server is hibernating
L 09/06/2013 - 18:08:16: "Battle Pro Beta TV GOTV<2><BOT><Unassigned>" disconnected (reason "Punting bot, server is hibernating")
Game will not start until both teams have players.
-> Reservation cookie 18600007d1e00ac:  reason ReplyReservationRequest
ApplyGameSettings: Map ar_baggage not part of Mapgroup 
ApplyGameSettings: MapGroup  not part of type classic mode competitive
Executing server command:
mapgroup 
nextlevel ar_baggage
map ar_baggage reserved

---
Host_MapGroup_f: No mapgroup specified
L 09/06/2013 - 18:10:42: server_cvar: "nextlevel" "ar_baggage"
Server waking up from hibernation
L 09/06/2013 - 18:10:42: [META] Loaded 0 plugins (1 already loaded)
---- Host_Changelevel ----
L 09/06/2013 - 18:10:42: [META] Loaded 0 plugins (1 already loaded)
*** Map Load: ar_baggage: Map Group L 09/06/2013 - 18:10:42: Loading map "ar_baggage"
L 09/06/2013 - 18:10:42: server cvars start
L 09/06/2013 - 18:10:42: "cash_player_killed_teammate" = "-3300"
L 09/06/2013 - 18:10:42: "sv_maxspeed" = "320"
L 09/06/2013 - 18:10:42: "cash_player_respawn_amount" = "0"
L 09/06/2013 - 18:10:42: "cash_team_rescued_hostage" = "600"
L 09/06/2013 - 18:10:42: "cash_team_win_by_defusing_bomb" = "3500"
L 09/06/2013 - 18:10:42: "sv_rollangle" = "0"
L 09/06/2013 - 18:10:42: "r_AirboatViewZHeight" = "0.0"
L 09/06/2013 - 18:10:42: "sv_cheats" = "0"
L 09/06/2013 - 18:10:42: "r_VehicleViewDampen" = "1"
L 09/06/2013 - 18:10:42: "metamod_version" = "1.10.0-devV"
L 09/06/2013 - 18:10:42: "mp_allowNPCs" = "1"
L 09/06/2013 - 18:10:42: "mp_tournament" = "0"
L 09/06/2013 - 18:10:42: "sv_spec_hear" = "1"
L 09/06/2013 - 18:10:42: "cash_player_interact_with_hostage" = "300"
L 09/06/2013 - 18:10:42: "mp_flashlight" = "0"
L 09/06/2013 - 18:10:42: "mp_maxrounds" = "30"
L 09/06/2013 - 18:10:42: "sv_tags" = ""
L 09/06/2013 - 18:10:42: "sv_stepsize" = "18"
L 09/06/2013 - 18:10:42: "mp_teamlist" = "hgrunt;scientist"
L 09/06/2013 - 18:10:42: "sv_alltalk" = "0"
L 09/06/2013 - 18:10:42: "mp_footsteps" = "1"
L 09/06/2013 - 18:10:42: "sv_noclipaccelerate" = "5"
L 09/06/2013 - 18:10:42: "sv_wateraccelerate" = "10"
L 09/06/2013 - 18:10:42: "mp_autocrosshair" = "1"
L 09/06/2013 - 18:10:42: "mp_stalemate_enable" = "0"
L 09/06/2013 - 18:10:42: "sourcemod_version" = "1.5.0-dev+3755"
L 09/06/2013 - 18:10:42: "cash_team_elimination_bomb_map" = "3250"
L 09/06/2013 - 18:10:42: "cash_player_get_killed" = "0"
L 09/06/2013 - 18:10:42: "mp_roundtime_defuse" = "2"
L 09/06/2013 - 18:10:42: "sv_autobuyammo" = "1"
L 09/06/2013 - 18:10:42: "sv_rollspeed" = "200"
L 09/06/2013 - 18:10:42: "sv_airaccelerate" = "10"
L 09/06/2013 - 18:10:42: "mp_teams_unbalance_limit" = "1"
L 09/06/2013 - 18:10:42: "mp_timelimit" = "0"
L 09/06/2013 - 18:10:42: "cash_team_loser_bonus" = "1400"
L 09/06/2013 - 18:10:42: "sv_deadtalk" = "1"
L 09/06/2013 - 18:10:42: "cash_player_rescued_hostage" = "1000"
L 09/06/2013 - 18:10:42: "sv_waterfriction" = "1"
L 09/06/2013 - 18:10:42: "sv_competitive_official_5v5" = "0"
L 09/06/2013 - 18:10:42: "sv_steamgroup" = ""
L 09/06/2013 - 18:10:42: "cash_player_killed_enemy_default" = "300"
L 09/06/2013 - 18:10:42: "coop" = "0"
L 09/06/2013 - 18:10:42: "mp_respawnwavetime" = "10.0"
L 09/06/2013 - 18:10:42: "nextlevel" = "ar_baggage"
L 09/06/2013 - 18:10:42: "sv_stopspeed" = "75"
L 09/06/2013 - 18:10:42: "sv_specaccelerate" = "5"
L 09/06/2013 - 18:10:42: "deathmatch" = "1"
L 09/06/2013 - 18:10:42: "tv_enable" = "1"
L 09/06/2013 - 18:10:42: "mp_falldamage" = "0"
L 09/06/2013 - 18:10:42: "mp_teammates_are_enemies" = "0"
L 09/06/2013 - 18:10:42: "mp_roundtime_hostage" = "2"
L 09/06/2013 - 18:10:42: "mp_freezetime" = "15"
L 09/06/2013 - 18:10:42: "sv_accelerate_use_weapon_speed" = "0"
L 09/06/2013 - 18:10:42: "sv_voiceenable" = "1"
L 09/06/2013 - 18:10:42: "sv_bounce" = "0"
L 09/06/2013 - 18:10:42: "r_AirboatViewDampenFreq" = "7.0"
L 09/06/2013 - 18:10:42: "mp_disable_respawn_times" = "0"
L 09/06/2013 - 18:10:42: "mp_weaponstay" = "0"
L 09/06/2013 - 18:10:42: "mp_hostagepenalty" = "10"
L 09/06/2013 - 18:10:42: "tv_advertise_watchable" = "0"
L 09/06/2013 - 18:10:42: "mp_friendlyfire" = "1"
L 09/06/2013 - 18:10:42: "sv_noclipspeed" = "5"
L 09/06/2013 - 18:10:42: "cash_team_hostage_interaction" = "600"
L 09/06/2013 - 18:10:42: "sv_allchat" = "1"
L 09/06/2013 - 18:10:42: "cash_team_win_by_time_running_out_bomb" = "3250"
L 09/06/2013 - 18:10:42: "mp_buy_during_immunity" = "0"
L 09/06/2013 - 18:10:42: "cash_player_killed_enemy_factor" = "1"
L 09/06/2013 - 18:10:42: "r_JeepViewDampenDamp" = "1.0"
L 09/06/2013 - 18:10:42: "mp_c4timer" = "45"
L 09/06/2013 - 18:10:42: "r_AirboatViewDampenDamp" = "1.0"
L 09/06/2013 - 18:10:42: "sv_competitive_minspec" = "1"
L 09/06/2013 - 18:10:42: "sm_nextmap" = ""
L 09/06/2013 - 18:10:42: "mp_stalemate_at_timelimit" = "0"
L 09/06/2013 - 18:10:42: "sv_footsteps" = "1"
L 09/06/2013 - 18:10:42: "mp_limitteams" = "0"
L 09/06/2013 - 18:10:42: "sv_vote_issue_kick_allowed" = "1"
L 09/06/2013 - 18:10:42: "tv_relaypassword" = ""
L 09/06/2013 - 18:10:42: "mp_teamplay" = "0"
L 09/06/2013 - 18:10:42: "cash_team_terrorist_win_bomb" = "3500"
L 09/06/2013 - 18:10:42: "cash_team_elimination_hostage_map_t" = "3000"
L 09/06/2013 - 18:10:42: "r_JeepViewDampenFreq" = "7.0"
L 09/06/2013 - 18:10:42: "sv_specnoclip" = "1"
L 09/06/2013 - 18:10:42: "sv_friction" = "4.8"
L 09/06/2013 - 18:10:42: "cash_team_win_by_time_running_out_hostage" = "3250"
L 09/06/2013 - 18:10:42: "cash_player_bomb_planted" = "300"
L 09/06/2013 - 18:10:42: "mp_autoteambalance" = "0"
L 09/06/2013 - 18:10:42: "sv_contact" = ""
L 09/06/2013 - 18:10:42: "sv_vote_kick_ban_duration" = "15"
L 09/06/2013 - 18:10:42: "bp_version" = "1.0"
L 09/06/2013 - 18:10:42: "cash_player_bomb_defused" = "300"
L 09/06/2013 - 18:10:42: "mp_roundtime" = "2"
L 09/06/2013 - 18:10:42: "sv_kick_ban_duration" = "15"
L 09/06/2013 - 18:10:42: "cash_team_planted_bomb_but_defused" = "800"
L 09/06/2013 - 18:10:42: "cash_player_killed_hostage" = "-1000"
L 09/06/2013 - 18:10:42: "mp_fraglimit" = "0"
L 09/06/2013 - 18:10:42: "mp_forcerespawn" = "1"
L 09/06/2013 - 18:10:42: "decalfrequency" = "10"
L 09/06/2013 - 18:10:42: "mp_buy_anywhere" = "0"
L 09/06/2013 - 18:10:42: "sv_accelerate" = "5.6"
L 09/06/2013 - 18:10:42: "mp_winlimit" = "0"
L 09/06/2013 - 18:10:42: "sv_gravity" = "800"
L 09/06/2013 - 18:10:42: "sv_password" = "battle2011"
L 09/06/2013 - 18:10:42: "cash_team_elimination_hostage_map_ct" = "3000"
L 09/06/2013 - 18:10:42: "cash_team_win_by_hostage_rescue" = "2900"
L 09/06/2013 - 18:10:42: "r_JeepViewZHeight" = "10.0"
L 09/06/2013 - 18:10:42: "cash_team_loser_bonus_consecutive_rounds" = "500"
L 09/06/2013 - 18:10:42: "cash_player_damage_hostage" = "-30"
L 09/06/2013 - 18:10:42: "cash_team_hostage_alive" = "0"
L 09/06/2013 - 18:10:42: "tv_password" = "battle2011"
L 09/06/2013 - 18:10:42: "sv_specspeed" = "3"
L 09/06/2013 - 18:10:42: server cvars end
L 09/06/2013 - 18:10:43: Started map "ar_baggage" (CRC "-1458358218")
L 09/06/2013 - 18:10:43: -------- Mapchange to ar_baggage --------
GameTypes: initializing game types interface from GameModes.txt.
GameTypes: merging game types interface from gamemodes_server.txt.
GameTypes: missing mapgroupsSP entry for game type/mode (custom/custom).
bot_autodifficulty_threshold_high - 2.0
bot_autodifficulty_threshold_low - -6.0
bot_chatter - normal
bot_defer_to_human_goals - 0
bot_defer_to_human_items - 1
bot_difficulty - 1
bot_quota - 10
bot_quota_mode - normal
bot_allow_grenades - 1
bot_allow_pistols - 1
bot_allow_sub_machine_guns - 1
bot_allow_shotguns - 1
bot_allow_rifles - 1
bot_allow_snipers - 1
bot_allow_machine_guns - 1
mp_playercashawards - 1
cash_player_bomb_defused - 300
cash_player_bomb_planted - 300
cash_player_damage_hostage - -30
L 09/06/2013 - 18:10:43: server_cvar: "cash_player_interact_with_hostage" "150"
cash_player_interact_with_hostage - 150
cash_player_killed_enemy_default - 300
cash_player_killed_enemy_factor - 1
cash_player_killed_hostage - -1000
cash_player_killed_teammate - -3300
cash_player_rescued_hostage - 1000
cash_player_respawn_amount - 0
cash_player_get_killed - 0
mp_teamcashawards - 1
cash_team_elimination_bomb_map - 3250
L 09/06/2013 - 18:10:43: server_cvar: "cash_team_elimination_hostage_map_t" "1000"
cash_team_elimination_hostage_map_t - 1000
L 09/06/2013 - 18:10:43: server_cvar: "cash_team_elimination_hostage_map_ct" "2000"
cash_team_elimination_hostage_map_ct - 2000
cash_team_hostage_alive - 0
L 09/06/2013 - 18:10:43: server_cvar: "cash_team_hostage_interaction" "500"
cash_team_hostage_interaction - 500
cash_team_loser_bonus - 1400
cash_team_loser_bonus_consecutive_rounds - 500
cash_team_planted_bomb_but_defused - 800
L 09/06/2013 - 18:10:43: server_cvar: "cash_team_rescued_hostage" "0"
cash_team_rescued_hostage - 0
cash_team_terrorist_win_bomb - 3500
L 09/06/2013 - 18:10:43: server_cvar: "cash_team_win_by_defusing_bomb" "3250"
cash_team_win_by_defusing_bomb - 3250
L 09/06/2013 - 18:10:43: server_cvar: "cash_team_win_by_hostage_rescue" "3500"
cash_team_win_by_hostage_rescue - 3500
cash_team_win_by_time_running_out_bomb - 3250
cash_team_win_by_time_running_out_hostage - 3250
mp_afterroundmoney - 0
mp_buytime - 90
mp_buy_anywhere - 0
mp_buy_during_immunity - 0
mp_startmoney - 800
mp_maxmoney - 16000
mp_death_drop_defuser - 1
mp_death_drop_grenade - 2
mp_death_drop_gun - 1
mp_deathcam_skippable - 1
mp_defuser_allocation - 0
mp_give_player_c4 - 1
mp_free_armor - 0
mp_molotovusedelay - 15.0
mp_weapons_allow_zeus - 1
mp_weapons_allow_map_placed - 0
mp_weapons_glow_on_ground - 0
mp_ct_default_melee - weapon_knife
mp_ct_default_secondary - weapon_hkp2000
mp_ct_default_primary - 
mp_ct_default_grenades - 
mp_t_default_melee - weapon_knife
mp_t_default_secondary - weapon_glock
mp_t_default_primary - 
mp_t_default_grenades - 
mp_buy_allow_grenades - 1
L 09/06/2013 - 18:10:43: server_cvar: "mp_freezetime" "6"
mp_freezetime - 6
mp_force_pick_time - 15
mp_halftime - 0
mp_match_can_clinch - 1
L 09/06/2013 - 18:10:43: server_cvar: "mp_maxrounds" "0"
mp_maxrounds - 0
L 09/06/2013 - 18:10:43: server_cvar: "mp_roundtime" "5"
mp_roundtime - 5
L 09/06/2013 - 18:10:43: server_cvar: "mp_roundtime_defuse" "0"
mp_roundtime_defuse - 0
L 09/06/2013 - 18:10:43: server_cvar: "mp_roundtime_hostage" "0"
mp_roundtime_hostage - 0
L 09/06/2013 - 18:10:43: server_cvar: "mp_timelimit" "5"
mp_timelimit - 5
mp_warmuptime - 30
mp_warmup_pausetimer - 0
mp_halftime_pausetimer - 0
mp_default_team_winner_no_objective - -1
mp_hostagepenalty - 10
mp_solid_teammates - 1
sv_allow_votes - 1
sv_alltalk - 0
L 09/06/2013 - 18:10:43: server_cvar: "sv_deadtalk" "0"
sv_deadtalk - 0
sv_ignoregrenaderadio - 0
mp_teammates_are_enemies - 0
mp_damage_scale_ct_body - 1.0
mp_damage_scale_ct_head - 1.0
mp_damage_scale_t_body - 1.0
mp_damage_scale_t_head - 1.0
L 09/06/2013 - 18:10:43: server_cvar: "mp_friendlyfire" "0"
mp_friendlyfire - 0
ff_damage_reduction_bullets - 0.1
ff_damage_reduction_grenade - 0.25
ff_damage_reduction_grenade_self - 1
ff_damage_reduction_other - 0.25
L 09/06/2013 - 18:10:43: server_cvar: "mp_limitteams" "2"
mp_limitteams - 2
spec_freeze_panel_extended_time - 0.0
spec_freeze_time - 5.0
mp_forcecamera - 1
mp_respawn_immunitytime - 4.0
mp_respawn_on_death_t - 0
mp_respawn_on_death_ct - 0
mp_display_kill_assists - 1
mp_use_respawn_waves - 0
mp_respawnwavetime_ct - 10.0
mp_respawnwavetime_t - 10.0
mp_randomspawn - 0
mp_randomspawn_los - 1
mp_radar_showall - 0
sv_gravity - 800
sv_accelerate - 5.6
sv_stopspeed - 75
sv_airaccelerate - 10
sv_wateraccelerate - 10
sv_waterfriction - 1
sv_friction - 4.8
sv_bounce - 0
sv_maxvelocity - 3500
sv_maxspeed - 320
mp_ggprogressive_round_restart_delay - 15.0
mp_ggtr_bomb_defuse_bonus - 1.0
mp_ggtr_bomb_detonation_bonus - 1.0
mp_ggtr_bomb_pts_for_flash - 4
mp_ggtr_bomb_pts_for_he - 3
mp_ggtr_bomb_pts_for_molotov - 5
mp_ggtr_bomb_pts_for_upgrade - 2.0
mp_ggtr_bomb_respawn_delay - 0.0
mp_ggtr_end_round_kill_bonus - 1
mp_ggtr_halftime_delay - 0.0
mp_ggtr_last_weapon_kill_ends_half - 0
sv_arms_race_vote_to_restart_disallowed_after - 0
Executing dedicated server config file
L 09/06/2013 - 18:10:43: server_cvar: "nextlevel" ""
Server logging enabled.
L 09/06/2013 - 18:10:43: server_cvar: "mp_freezetime" "0"
L 09/06/2013 - 18:10:43: server_cvar: "mp_limitteams" "0"
maxplayers set to 64
L 09/06/2013 - 18:10:43: server_cvar: "cash_player_interact_with_hostage" "300"
L 09/06/2013 - 18:10:43: server_cvar: "cash_team_elimination_hostage_map_t" "3000"
L 09/06/2013 - 18:10:43: server_cvar: "cash_team_elimination_hostage_map_ct" "3000"
L 09/06/2013 - 18:10:43: server_cvar: "cash_team_hostage_interaction" "600"
L 09/06/2013 - 18:10:43: server_cvar: "cash_team_rescued_hostage" "600"
L 09/06/2013 - 18:10:43: server_cvar: "cash_team_win_by_defusing_bomb" "3500"
L 09/06/2013 - 18:10:43: server_cvar: "cash_team_win_by_hostage_rescue" "2900"
Unknown command "mp_deathcam_skippable"
L 09/06/2013 - 18:10:43: server_cvar: "mp_freezetime" "15"
L 09/06/2013 - 18:10:43: server_cvar: "mp_friendlyfire" "1"
L 09/06/2013 - 18:10:43: server_cvar: "mp_maxrounds" "30"
L 09/06/2013 - 18:10:43: server_cvar: "mp_roundtime" "2"
L 09/06/2013 - 18:10:43: server_cvar: "mp_roundtime_hostage" "2"
L 09/06/2013 - 18:10:43: server_cvar: "mp_roundtime_defuse" "2"
L 09/06/2013 - 18:10:43: server_cvar: "mp_timelimit" "0"
L 09/06/2013 - 18:10:43: server_cvar: "sv_deadtalk" "1"
exec: couldn't exec gamemode_competitive_server.cfg
Commentary: Could not find commentary data file 'maps/ar_baggage_commentary.txt'. 
Error parsing BotProfile.db - unknown attribute 'Rank'
Error parsing BotProfile.db - unknown attribute 'Rank'
Error parsing BotProfile.db - unknown attribute 'Rank'
Error parsing BotProfile.db - unknown attribute 'Rank'
Error parsing BotProfile.db - unknown attribute 'Rank'
Error parsing BotProfile.db - unknown attribute 'Rank'
Error parsing BotProfile.db - unknown attribute 'Rank'
Error parsing BotProfile.db - unknown attribute 'Rank'
L 09/06/2013 - 18:10:43: "GOTV<4><BOT><>" connected, address "none"
PutClientInServer: no info_player_start on level
L 09/06/2013 - 18:10:43: "GOTV<4><BOT><>" entered the game
L 09/06/2013 - 18:10:43: "GOTV<4><BOT><Unassigned>" changed name to "Battle Pro Beta TV GOTV"
L 09/06/2013 - 18:10:43: World triggered "Round_Start"
GOTV broadcast active.
L 09/06/2013 - 18:10:43: "Cuchillin<5><STEAM_1:1:56695116><>" connected, address "190.15.199.82:48801"
Client "Cuchillin" connected (190.15.199.82:48801).
L 09/06/2013 - 18:10:43: "Cuchillin<5><STEAM_1:1:56695116><>" STEAM USERID validated
PutClientInServer: no info_player_start on level
L 09/06/2013 - 18:10:59: "Cuchillin<5><STEAM_1:1:56695116><>" entered the game
CreateFragmentsFromFile: 'downloads/1ab72a88.dat' doesn't exist.
L 09/06/2013 - 18:11:02: "Cuchillin<5><STEAM_1:1:56695116><Unassigned>" triggered "clantag" (value "")
L 09/06/2013 - 18:11:07: "Cuchillin<5><STEAM_1:1:56695116>" switched from team <Unassigned> to <TERRORIST>
L 09/06/2013 - 18:11:08: "Cuchillin<5><STEAM_1:1:56695116><TERRORIST>" triggered "clantag" (value "")
Game will not start until both teams have players.
L 09/06/2013 - 18:11:38: "raaawr<6><STEAM_1:1:65888900><>" connected, address "190.15.199.82:49121"
Client "raaawr" connected (190.15.199.82:49121).
L 09/06/2013 - 18:11:38: "raaawr<6><STEAM_1:1:65888900><>" STEAM USERID validated
CreateFragmentsFromFile: 'downloads/1ab72a88.dat' doesn't exist.
PutClientInServer: no info_player_start on level
L 09/06/2013 - 18:11:45: "raaawr<6><STEAM_1:1:65888900><>" entered the game
CreateFragmentsFromFile: 'downloads/1ab72a88.dat' doesn't exist.
CreateFragmentsFromFile: 'downloads/1ab72a88.dat' doesn't exist.
L 09/06/2013 - 18:11:48: "raaawr<6><STEAM_1:1:65888900><Unassigned>" triggered "clantag" (value "")
L 09/06/2013 - 18:11:52: "raaawr<6><STEAM_1:1:65888900>" switched from team <Unassigned> to <CT>
L 09/06/2013 - 18:11:52: "raaawr<6><STEAM_1:1:65888900><CT>" triggered "clantag" (value "")
Game will not start until both teams have players.
L 09/06/2013 - 18:13:42: "raaawr<6><STEAM_1:1:65888900><CT>" [43 -279 -176] killed "Cuchillin<5><STEAM_1:1:56695116><TERRORIST>" [-32 -576 -112] with "usp_silencer"
L 09/06/2013 - 18:13:42: [SM] Native "PrintToChat" reported: Client index 0 is invalid
L 09/06/2013 - 18:13:42: [SM] Displaying call stack trace for plugin "bp.smx":
L 09/06/2013 - 18:13:42: [SM]   [0]  Line 26, bp.sp::Event_RoundEnd()
L 09/06/2013 - 18:13:42: World triggered "Game_Commencing"
L 09/06/2013 - 18:13:58: World triggered "Round_Start"
L 09/06/2013 - 18:15:58: [SM] Native "PrintToChat" reported: Client index 0 is invalid
L 09/06/2013 - 18:15:58: [SM] Displaying call stack trace for plugin "bp.smx":
L 09/06/2013 - 18:15:58: [SM]   [0]  Line 26, bp.sp::Event_RoundEnd()
L 09/06/2013 - 18:15:58: World triggered "SFUI_Notice_Round_Draw" (CT "0") (T "0")
L 09/06/2013 - 18:15:58: Team "CT" scored "0" with "1" players
L 09/06/2013 - 18:15:58: Team "TERRORIST" scored "0" with "1" players
L 09/06/2013 - 18:15:58: World triggered "Round_End"
L 09/06/2013 - 18:16:23: World triggered "Round_Start"
L 09/06/2013 - 18:18:23: [SM] Native "PrintToChat" reported: Client index 0 is invalid
L 09/06/2013 - 18:18:23: [SM] Displaying call stack trace for plugin "bp.smx":
L 09/06/2013 - 18:18:23: [SM]   [0]  Line 26, bp.sp::Event_RoundEnd()
L 09/06/2013 - 18:18:23: World triggered "SFUI_Notice_Round_Draw" (CT "0") (T "0")
L 09/06/2013 - 18:18:23: Team "CT" scored "0" with "1" players
L 09/06/2013 - 18:18:23: Team "TERRORIST" scored "0" with "1" players
L 09/06/2013 - 18:18:23: World triggered "Round_End"
L 09/06/2013 - 18:18:48: World triggered "Round_Start"
L 09/06/2013 - 18:20:48: [SM] Native "PrintToChat" reported: Client index 0 is invalid
L 09/06/2013 - 18:20:48: [SM] Displaying call stack trace for plugin "bp.smx":
L 09/06/2013 - 18:20:48: [SM]   [0]  Line 26, bp.sp::Event_RoundEnd()
L 09/06/2013 - 18:20:48: World triggered "SFUI_Notice_Round_Draw" (CT "0") (T "0")
L 09/06/2013 - 18:20:48: Team "CT" scored "0" with "1" players
L 09/06/2013 - 18:20:48: Team "TERRORIST" scored "0" with "1" players
L 09/06/2013 - 18:20:48: World triggered "Round_End"
L 09/06/2013 - 18:21:13: World triggered "Round_Start"
L 09/06/2013 - 18:23:13: [SM] Native "PrintToChat" reported: Client index 0 is invalid
L 09/06/2013 - 18:23:13: [SM] Displaying call stack trace for plugin "bp.smx":
L 09/06/2013 - 18:23:13: [SM]   [0]  Line 26, bp.sp::Event_RoundEnd()
L 09/06/2013 - 18:23:13: World triggered "SFUI_Notice_Round_Draw" (CT "0") (T "0")
L 09/06/2013 - 18:23:13: Team "CT" scored "0" with "1" players
L 09/06/2013 - 18:23:13: Team "TERRORIST" scored "0" with "1" players
L 09/06/2013 - 18:23:13: World triggered "Round_End"
L 09/06/2013 - 18:23:38: World triggered "Round_Start"
L 09/06/2013 - 18:25:38: [SM] Native "PrintToChat" reported: Client index 0 is invalid
L 09/06/2013 - 18:25:38: [SM] Displaying call stack trace for plugin "bp.smx":
L 09/06/2013 - 18:25:38: [SM]   [0]  Line 26, bp.sp::Event_RoundEnd()
L 09/06/2013 - 18:25:38: World triggered "SFUI_Notice_Round_Draw" (CT "0") (T "0")
L 09/06/2013 - 18:25:38: Team "CT" scored "0" with "1" players
L 09/06/2013 - 18:25:38: Team "TERRORIST" scored "0" with "1" players
L 09/06/2013 - 18:25:38: World triggered "Round_End"
L 09/06/2013 - 18:26:03: World triggered "Round_Start"
L 09/06/2013 - 18:28:03: [SM] Native "PrintToChat" reported: Client index 0 is invalid
L 09/06/2013 - 18:28:03: [SM] Displaying call stack trace for plugin "bp.smx":
L 09/06/2013 - 18:28:03: [SM]   [0]  Line 26, bp.sp::Event_RoundEnd()
L 09/06/2013 - 18:28:03: World triggered "SFUI_Notice_Round_Draw" (CT "0") (T "0")
L 09/06/2013 - 18:28:03: Team "CT" scored "0" with "1" players
L 09/06/2013 - 18:28:03: Team "TERRORIST" scored "0" with "1" players
L 09/06/2013 - 18:28:03: World triggered "Round_End"
L 09/06/2013 - 18:28:28: World triggered "Round_Start"
L 09/06/2013 - 18:30:28: [SM] Native "PrintToChat" reported: Client index 0 is invalid
L 09/06/2013 - 18:30:28: [SM] Displaying call stack trace for plugin "bp.smx":
L 09/06/2013 - 18:30:28: [SM]   [0]  Line 26, bp.sp::Event_RoundEnd()
L 09/06/2013 - 18:30:28: World triggered "SFUI_Notice_Round_Draw" (CT "0") (T "0")
L 09/06/2013 - 18:30:28: Team "CT" scored "0" with "1" players
L 09/06/2013 - 18:30:28: Team "TERRORIST" scored "0" with "1" players
L 09/06/2013 - 18:30:28: World triggered "Round_End"
L 09/06/2013 - 18:30:53: World triggered "Round_Start"
L 09/06/2013 - 18:32:53: [SM] Native "PrintToChat" reported: Client index 0 is invalid
L 09/06/2013 - 18:32:53: [SM] Displaying call stack trace for plugin "bp.smx":
L 09/06/2013 - 18:32:53: [SM]   [0]  Line 26, bp.sp::Event_RoundEnd()
L 09/06/2013 - 18:32:53: World triggered "SFUI_Notice_Round_Draw" (CT "0") (T "0")
L 09/06/2013 - 18:32:53: Team "CT" scored "0" with "1" players
L 09/06/2013 - 18:32:53: Team "TERRORIST" scored "0" with "1" players
L 09/06/2013 - 18:32:53: World triggered "Round_End"
L 09/06/2013 - 18:33:18: World triggered "Round_Start"
L 09/06/2013 - 18:35:18: [SM] Native "PrintToChat" reported: Client index 0 is invalid
L 09/06/2013 - 18:35:18: [SM] Displaying call stack trace for plugin "bp.smx":
L 09/06/2013 - 18:35:18: [SM]   [0]  Line 26, bp.sp::Event_RoundEnd()
L 09/06/2013 - 18:35:18: World triggered "SFUI_Notice_Round_Draw" (CT "0") (T "0")
L 09/06/2013 - 18:35:18: Team "CT" scored "0" with "1" players
L 09/06/2013 - 18:35:18: Team "TERRORIST" scored "0" with "1" players
L 09/06/2013 - 18:35:18: World triggered "Round_End"
L 09/06/2013 - 18:35:43: World triggered "Round_Start"
L 09/06/2013 - 18:37:43: [SM] Native "PrintToChat" reported: Client index 0 is invalid
L 09/06/2013 - 18:37:43: [SM] Displaying call stack trace for plugin "bp.smx":
L 09/06/2013 - 18:37:43: [SM]   [0]  Line 26, bp.sp::Event_RoundEnd()
L 09/06/2013 - 18:37:43: World triggered "SFUI_Notice_Round_Draw" (CT "0") (T "0")
L 09/06/2013 - 18:37:43: Team "CT" scored "0" with "1" players
L 09/06/2013 - 18:37:43: Team "TERRORIST" scored "0" with "1" players
L 09/06/2013 - 18:37:43: World triggered "Round_End"
L 09/06/2013 - 18:38:08: World triggered "Round_Start"
L 09/06/2013 - 18:40:08: [SM] Native "PrintToChat" reported: Client index 0 is invalid
L 09/06/2013 - 18:40:08: [SM] Displaying call stack trace for plugin "bp.smx":
L 09/06/2013 - 18:40:08: [SM]   [0]  Line 26, bp.sp::Event_RoundEnd()
L 09/06/2013 - 18:40:08: World triggered "SFUI_Notice_Round_Draw" (CT "0") (T "0")
L 09/06/2013 - 18:40:08: Team "CT" scored "0" with "1" players
L 09/06/2013 - 18:40:08: Team "TERRORIST" scored "0" with "1" players
L 09/06/2013 - 18:40:08: World triggered "Round_End"
L 09/06/2013 - 18:40:33: World triggered "Round_Start"
L 09/06/2013 - 18:42:33: [SM] Native "PrintToChat" reported: Client index 0 is invalid
L 09/06/2013 - 18:42:33: [SM] Displaying call stack trace for plugin "bp.smx":
L 09/06/2013 - 18:42:33: [SM]   [0]  Line 26, bp.sp::Event_RoundEnd()
L 09/06/2013 - 18:42:33: World triggered "SFUI_Notice_Round_Draw" (CT "0") (T "0")
L 09/06/2013 - 18:42:33: Team "CT" scored "0" with "1" players
L 09/06/2013 - 18:42:33: Team "TERRORIST" scored "0" with "1" players
L 09/06/2013 - 18:42:33: World triggered "Round_End"
L 09/06/2013 - 18:42:58: World triggered "Round_Start"
L 09/06/2013 - 18:44:58: [SM] Native "PrintToChat" reported: Client index 0 is invalid
L 09/06/2013 - 18:44:58: [SM] Displaying call stack trace for plugin "bp.smx":
L 09/06/2013 - 18:44:58: [SM]   [0]  Line 26, bp.sp::Event_RoundEnd()
L 09/06/2013 - 18:44:58: World triggered "SFUI_Notice_Round_Draw" (CT "0") (T "0")
L 09/06/2013 - 18:44:58: Team "CT" scored "0" with "1" players
L 09/06/2013 - 18:44:58: Team "TERRORIST" scored "0" with "1" players
L 09/06/2013 - 18:44:58: World triggered "Round_End"
L 09/06/2013 - 18:45:23: World triggered "Round_Start"
L 09/06/2013 - 18:47:23: [SM] Native "PrintToChat" reported: Client index 0 is invalid
L 09/06/2013 - 18:47:23: [SM] Displaying call stack trace for plugin "bp.smx":
L 09/06/2013 - 18:47:23: [SM]   [0]  Line 26, bp.sp::Event_RoundEnd()
L 09/06/2013 - 18:47:23: World triggered "SFUI_Notice_Round_Draw" (CT "0") (T "0")
L 09/06/2013 - 18:47:23: Team "CT" scored "0" with "1" players
L 09/06/2013 - 18:47:23: Team "TERRORIST" scored "0" with "1" players
L 09/06/2013 - 18:47:23: World triggered "Round_End"
L 09/06/2013 - 18:47:48: World triggered "Round_Start"
L 09/06/2013 - 18:48:29: "raaawr<6><STEAM_1:1:65888900><CT>" [397 958 64] killed "Cuchillin<5><STEAM_1:1:56695116><TERRORIST>" [234 1226 129] with "usp_silencer" (headshot)
L 09/06/2013 - 18:48:29: [SM] Native "PrintToChat" reported: Client index 0 is invalid
L 09/06/2013 - 18:48:29: [SM] Displaying call stack trace for plugin "bp.smx":
L 09/06/2013 - 18:48:29: [SM]   [0]  Line 26, bp.sp::Event_RoundEnd()
L 09/06/2013 - 18:48:29: Team "CT" triggered "SFUI_Notice_CTs_Win" (CT "1") (T "0")
L 09/06/2013 - 18:48:29: Team "CT" scored "1" with "1" players
L 09/06/2013 - 18:48:29: Team "TERRORIST" scored "0" with "1" players
L 09/06/2013 - 18:48:29: World triggered "Round_End"
L 09/06/2013 - 18:48:54: World triggered "Round_Start"
L 09/06/2013 - 18:50:54: [SM] Native "PrintToChat" reported: Client index 0 is invalid
L 09/06/2013 - 18:50:54: [SM] Displaying call stack trace for plugin "bp.smx":
L 09/06/2013 - 18:50:54: [SM]   [0]  Line 26, bp.sp::Event_RoundEnd()
L 09/06/2013 - 18:50:54: World triggered "SFUI_Notice_Round_Draw" (CT "1") (T "0")
L 09/06/2013 - 18:50:54: Team "CT" scored "1" with "1" players
L 09/06/2013 - 18:50:54: Team "TERRORIST" scored "0" with "1" players
L 09/06/2013 - 18:50:54: World triggered "Round_End"
L 09/06/2013 - 18:51:19: World triggered "Round_Start"
L 09/06/2013 - 18:53:19: [SM] Native "PrintToChat" reported: Client index 0 is invalid
L 09/06/2013 - 18:53:19: [SM] Displaying call stack trace for plugin "bp.smx":
L 09/06/2013 - 18:53:19: [SM]   [0]  Line 26, bp.sp::Event_RoundEnd()
L 09/06/2013 - 18:53:19: World triggered "SFUI_Notice_Round_Draw" (CT "1") (T "0")
L 09/06/2013 - 18:53:19: Team "CT" scored "1" with "1" players
L 09/06/2013 - 18:53:19: Team "TERRORIST" scored "0" with "1" players
L 09/06/2013 - 18:53:19: World triggered "Round_End"
L 09/06/2013 - 18:53:44: World triggered "Round_Start"
L 09/06/2013 - 18:55:44: [SM] Native "PrintToChat" reported: Client index 0 is invalid
L 09/06/2013 - 18:55:44: [SM] Displaying call stack trace for plugin "bp.smx":
L 09/06/2013 - 18:55:44: [SM]   [0]  Line 26, bp.sp::Event_RoundEnd()
L 09/06/2013 - 18:55:44: World triggered "SFUI_Notice_Round_Draw" (CT "1") (T "0")
L 09/06/2013 - 18:55:44: Team "CT" scored "1" with "1" players
L 09/06/2013 - 18:55:44: Team "TERRORIST" scored "0" with "1" players
L 09/06/2013 - 18:55:44: World triggered "Round_End"
L 09/06/2013 - 18:56:09: World triggered "Round_Start"
L 09/06/2013 - 18:58:09: [SM] Native "PrintToChat" reported: Client index 0 is invalid
L 09/06/2013 - 18:58:09: [SM] Displaying call stack trace for plugin "bp.smx":
L 09/06/2013 - 18:58:09: [SM]   [0]  Line 26, bp.sp::Event_RoundEnd()
L 09/06/2013 - 18:58:09: World triggered "SFUI_Notice_Round_Draw" (CT "1") (T "0")
L 09/06/2013 - 18:58:09: Team "CT" scored "1" with "1" players
L 09/06/2013 - 18:58:09: Team "TERRORIST" scored "0" with "1" players
L 09/06/2013 - 18:58:09: World triggered "Round_End"
L 09/06/2013 - 18:58:34: World triggered "Round_Start"
L 09/06/2013 - 19:00:34: [SM] Native "PrintToChat" reported: Client index 0 is invalid
L 09/06/2013 - 19:00:34: [SM] Displaying call stack trace for plugin "bp.smx":
L 09/06/2013 - 19:00:34: [SM]   [0]  Line 26, bp.sp::Event_RoundEnd()
L 09/06/2013 - 19:00:34: World triggered "SFUI_Notice_Round_Draw" (CT "1") (T "0")
L 09/06/2013 - 19:00:34: Team "CT" scored "1" with "1" players
L 09/06/2013 - 19:00:34: Team "TERRORIST" scored "0" with "1" players
L 09/06/2013 - 19:00:34: World triggered "Round_End"
L 09/06/2013 - 19:00:59: World triggered "Round_Start"
L 09/06/2013 - 19:02:59: [SM] Native "PrintToChat" reported: Client index 0 is invalid
L 09/06/2013 - 19:02:59: [SM] Displaying call stack trace for plugin "bp.smx":
L 09/06/2013 - 19:02:59: [SM]   [0]  Line 26, bp.sp::Event_RoundEnd()
L 09/06/2013 - 19:02:59: World triggered "SFUI_Notice_Round_Draw" (CT "1") (T "0")
L 09/06/2013 - 19:02:59: Team "CT" scored "1" with "1" players
L 09/06/2013 - 19:02:59: Team "TERRORIST" scored "0" with "1" players
L 09/06/2013 - 19:02:59: World triggered "Round_End"
L 09/06/2013 - 19:03:24: World triggered "Round_Start"
L 09/06/2013 - 19:05:24: [SM] Native "PrintToChat" reported: Client index 0 is invalid
L 09/06/2013 - 19:05:24: [SM] Displaying call stack trace for plugin "bp.smx":
L 09/06/2013 - 19:05:24: [SM]   [0]  Line 26, bp.sp::Event_RoundEnd()
L 09/06/2013 - 19:05:24: World triggered "SFUI_Notice_Round_Draw" (CT "1") (T "0")
L 09/06/2013 - 19:05:24: Team "CT" scored "1" with "1" players
L 09/06/2013 - 19:05:24: Team "TERRORIST" scored "0" with "1" players
L 09/06/2013 - 19:05:24: World triggered "Round_End"
L 09/06/2013 - 19:05:49: World triggered "Round_Start"
L 09/06/2013 - 19:07:49: [SM] Native "PrintToChat" reported: Client index 0 is invalid
L 09/06/2013 - 19:07:49: [SM] Displaying call stack trace for plugin "bp.smx":
L 09/06/2013 - 19:07:49: [SM]   [0]  Line 26, bp.sp::Event_RoundEnd()
L 09/06/2013 - 19:07:49: World triggered "SFUI_Notice_Round_Draw" (CT "1") (T "0")
L 09/06/2013 - 19:07:49: Team "CT" scored "1" with "1" players
L 09/06/2013 - 19:07:49: Team "TERRORIST" scored "0" with "1" players
L 09/06/2013 - 19:07:49: World triggered "Round_End"
L 09/06/2013 - 19:08:14: World triggered "Round_Start"
L 09/06/2013 - 19:10:14: [SM] Native "PrintToChat" reported: Client index 0 is invalid
L 09/06/2013 - 19:10:14: [SM] Displaying call stack trace for plugin "bp.smx":
L 09/06/2013 - 19:10:14: [SM]   [0]  Line 26, bp.sp::Event_RoundEnd()
L 09/06/2013 - 19:10:14: World triggered "SFUI_Notice_Round_Draw" (CT "1") (T "0")
L 09/06/2013 - 19:10:14: Team "CT" scored "1" with "1" players
L 09/06/2013 - 19:10:14: Team "TERRORIST" scored "0" with "1" players
L 09/06/2013 - 19:10:14: World triggered "Round_End"
L 09/06/2013 - 19:10:39: World triggered "Round_Start"
L 09/06/2013 - 19:12:39: [SM] Native "PrintToChat" reported: Client index 0 is invalid
L 09/06/2013 - 19:12:39: [SM] Displaying call stack trace for plugin "bp.smx":
L 09/06/2013 - 19:12:39: [SM]   [0]  Line 26, bp.sp::Event_RoundEnd()
L 09/06/2013 - 19:12:39: World triggered "SFUI_Notice_Round_Draw" (CT "1") (T "0")
L 09/06/2013 - 19:12:39: Team "CT" scored "1" with "1" players
L 09/06/2013 - 19:12:39: Team "TERRORIST" scored "0" with "1" players
L 09/06/2013 - 19:12:39: World triggered "Round_End"
L 09/06/2013 - 19:13:04: World triggered "Round_Start"
L 09/06/2013 - 19:15:04: [SM] Native "PrintToChat" reported: Client index 0 is invalid
L 09/06/2013 - 19:15:04: [SM] Displaying call stack trace for plugin "bp.smx":
L 09/06/2013 - 19:15:04: [SM]   [0]  Line 26, bp.sp::Event_RoundEnd()
L 09/06/2013 - 19:15:04: World triggered "SFUI_Notice_Round_Draw" (CT "1") (T "0")
L 09/06/2013 - 19:15:04: Team "CT" scored "1" with "1" players
L 09/06/2013 - 19:15:04: Team "TERRORIST" scored "0" with "1" players
L 09/06/2013 - 19:15:04: World triggered "Round_End"
L 09/06/2013 - 19:15:29: World triggered "Round_Start"
L 09/06/2013 - 19:17:29: [SM] Native "PrintToChat" reported: Client index 0 is invalid
L 09/06/2013 - 19:17:29: [SM] Displaying call stack trace for plugin "bp.smx":
L 09/06/2013 - 19:17:29: [SM]   [0]  Line 26, bp.sp::Event_RoundEnd()
L 09/06/2013 - 19:17:29: World triggered "SFUI_Notice_Round_Draw" (CT "1") (T "0")
L 09/06/2013 - 19:17:29: Team "CT" scored "1" with "1" players
L 09/06/2013 - 19:17:29: Team "TERRORIST" scored "0" with "1" players
L 09/06/2013 - 19:17:29: World triggered "Round_End"
L 09/06/2013 - 19:17:54: World triggered "Round_Start"
L 09/06/2013 - 19:19:54: [SM] Native "PrintToChat" reported: Client index 0 is invalid
L 09/06/2013 - 19:19:54: [SM] Displaying call stack trace for plugin "bp.smx":
L 09/06/2013 - 19:19:54: [SM]   [0]  Line 26, bp.sp::Event_RoundEnd()
L 09/06/2013 - 19:19:54: World triggered "SFUI_Notice_Round_Draw" (CT "1") (T "0")
L 09/06/2013 - 19:19:54: Team "CT" scored "1" with "1" players
L 09/06/2013 - 19:19:54: Team "TERRORIST" scored "0" with "1" players
L 09/06/2013 - 19:19:54: World triggered "Round_End"
L 09/06/2013 - 19:20:19: World triggered "Round_Start"
L 09/06/2013 - 19:22:19: [SM] Native "PrintToChat" reported: Client index 0 is invalid
L 09/06/2013 - 19:22:19: [SM] Displaying call stack trace for plugin "bp.smx":
L 09/06/2013 - 19:22:19: [SM]   [0]  Line 26, bp.sp::Event_RoundEnd()
L 09/06/2013 - 19:22:19: World triggered "SFUI_Notice_Round_Draw" (CT "1") (T "0")
L 09/06/2013 - 19:22:19: Team "CT" scored "1" with "1" players
L 09/06/2013 - 19:22:19: Team "TERRORIST" scored "0" with "1" players
L 09/06/2013 - 19:22:19: World triggered "Round_End"
L 09/06/2013 - 19:22:44: World triggered "Round_Start"
L 09/06/2013 - 19:24:44: [SM] Native "PrintToChat" reported: Client index 0 is invalid
L 09/06/2013 - 19:24:44: [SM] Displaying call stack trace for plugin "bp.smx":
L 09/06/2013 - 19:24:44: [SM]   [0]  Line 26, bp.sp::Event_RoundEnd()
L 09/06/2013 - 19:24:44: World triggered "SFUI_Notice_Round_Draw" (CT "1") (T "0")
L 09/06/2013 - 19:24:44: Team "CT" scored "1" with "1" players
L 09/06/2013 - 19:24:44: Team "TERRORIST" scored "0" with "1" players
L 09/06/2013 - 19:24:44: World triggered "Round_End"
L 09/06/2013 - 19:25:09: World triggered "Round_Start"
L 09/06/2013 - 19:27:09: [SM] Native "PrintToChat" reported: Client index 0 is invalid
L 09/06/2013 - 19:27:09: [SM] Displaying call stack trace for plugin "bp.smx":
L 09/06/2013 - 19:27:09: [SM]   [0]  Line 26, bp.sp::Event_RoundEnd()
L 09/06/2013 - 19:27:09: World triggered "SFUI_Notice_Round_Draw" (CT "1") (T "0")
L 09/06/2013 - 19:27:09: Team "CT" scored "1" with "1" players
L 09/06/2013 - 19:27:09: Team "TERRORIST" scored "0" with "1" players
L 09/06/2013 - 19:27:09: World triggered "Round_End"
L 09/06/2013 - 19:27:34: World triggered "Round_Start"
L 09/06/2013 - 19:29:34: [SM] Native "PrintToChat" reported: Client index 0 is invalid
L 09/06/2013 - 19:29:34: [SM] Displaying call stack trace for plugin "bp.smx":
L 09/06/2013 - 19:29:34: [SM]   [0]  Line 26, bp.sp::Event_RoundEnd()
L 09/06/2013 - 19:29:34: World triggered "SFUI_Notice_Round_Draw" (CT "1") (T "0")
L 09/06/2013 - 19:29:34: Team "CT" scored "1" with "1" players
L 09/06/2013 - 19:29:34: Team "TERRORIST" scored "0" with "1" players
L 09/06/2013 - 19:29:34: World triggered "Round_End"
L 09/06/2013 - 19:29:59: World triggered "Round_Start"
L 09/06/2013 - 19:31:59: [SM] Native "PrintToChat" reported: Client index 0 is invalid
L 09/06/2013 - 19:31:59: [SM] Displaying call stack trace for plugin "bp.smx":
L 09/06/2013 - 19:31:59: [SM]   [0]  Line 26, bp.sp::Event_RoundEnd()
L 09/06/2013 - 19:31:59: World triggered "SFUI_Notice_Round_Draw" (CT "1") (T "0")
L 09/06/2013 - 19:31:59: Team "CT" scored "1" with "1" players
L 09/06/2013 - 19:31:59: Team "TERRORIST" scored "0" with "1" players
L 09/06/2013 - 19:31:59: World triggered "Round_End"
L 09/06/2013 - 19:32:24: World triggered "Round_Start"
L 09/06/2013 - 19:34:24: [SM] Native "PrintToChat" reported: Client index 0 is invalid
L 09/06/2013 - 19:34:24: [SM] Displaying call stack trace for plugin "bp.smx":
L 09/06/2013 - 19:34:24: [SM]   [0]  Line 26, bp.sp::Event_RoundEnd()
L 09/06/2013 - 19:34:24: World triggered "SFUI_Notice_Round_Draw" (CT "1") (T "0")
L 09/06/2013 - 19:34:24: Team "CT" scored "1" with "1" players
L 09/06/2013 - 19:34:24: Team "TERRORIST" scored "0" with "1" players
L 09/06/2013 - 19:34:24: World triggered "Round_End"
L 09/06/2013 - 19:34:49: World triggered "Round_Start"
L 09/06/2013 - 19:36:49: [SM] Native "PrintToChat" reported: Client index 0 is invalid
L 09/06/2013 - 19:36:49: [SM] Displaying call stack trace for plugin "bp.smx":
L 09/06/2013 - 19:36:49: [SM]   [0]  Line 26, bp.sp::Event_RoundEnd()
L 09/06/2013 - 19:36:49: World triggered "SFUI_Notice_Round_Draw" (CT "1") (T "0")
L 09/06/2013 - 19:36:49: Team "CT" scored "1" with "1" players
L 09/06/2013 - 19:36:49: Team "TERRORIST" scored "0" with "1" players
L 09/06/2013 - 19:36:49: World triggered "Round_End"
69.157.243.133:27005:  password failed.
RejectConnection: 69.157.243.133:27005 - #Valve_Reject_Bad_Password
L 09/06/2013 - 19:37:14: World triggered "Round_Start"
L 09/06/2013 - 19:37:21: "raaawr<6><STEAM_1:1:65888900><CT>" disconnected (reason "raaawr timed out")
L 09/06/2013 - 19:37:21: "raaawr<6><STEAM_1:1:65888900>" switched from team <CT> to <Unassigned>
Game will not start until both teams have players.
Dropped raaawr from server (raaawr timed out)
L 09/06/2013 - 19:38:14: "Cuchillin<5><STEAM_1:1:56695116><TERRORIST>" disconnected (reason "Cuchillin timed out")
L 09/06/2013 - 19:38:14: "Cuchillin<5><STEAM_1:1:56695116>" switched from team <TERRORIST> to <Unassigned>
Game will not start until both teams have players.
Dropped Cuchillin from server (Cuchillin timed out)
-> Reservation cookie 0:  reason reserved(yes), clients(no), reservationexpires(0.00)
Server is hibernating
L 09/06/2013 - 19:38:19: "Battle Pro Beta TV GOTV<4><BOT><Unassigned>" disconnected (reason "Punting bot, server is hibernating")
Game will not start until both teams have players.
Banning 66.199.234.66 for rcon hacking attempts
L 09/07/2013 - 06:49:59: Addip: "<><><>" was banned by IP "permanently" by "Console" (IP "66.199.234.66")
Banning 66.199.234.66 for rcon hacking attempts
L 09/07/2013 - 07:02:43: Addip: "<><><>" was banned by IP "permanently" by "Console" (IP "66.199.234.66")
Banning 66.199.234.66 for rcon hacking attempts
L 09/07/2013 - 07:19:43: Addip: "<><><>" was banned by IP "permanently" by "Console" (IP "66.199.234.66")
Banning 66.199.234.66 for rcon hacking attempts
L 09/07/2013 - 08:19:40: Addip: "<><><>" was banned by IP "permanently" by "Console" (IP "66.199.234.66")
Banning 66.199.234.66 for rcon hacking attempts
L 09/07/2013 - 10:48:45: Addip: "<><><>" was banned by IP "permanently" by "Console" (IP "66.199.234.66")
Banning 66.199.234.66 for rcon hacking attempts
L 09/07/2013 - 13:17:25: Addip: "<><><>" was banned by IP "permanently" by "Console" (IP "66.199.234.66")
Banning 66.199.234.66 for rcon hacking attempts
L 09/07/2013 - 15:48:55: Addip: "<><><>" was banned by IP "permanently" by "Console" (IP "66.199.234.66")
Banning 66.199.234.66 for rcon hacking attempts
L 09/07/2013 - 16:33:53: Addip: "<><><>" was banned by IP "permanently" by "Console" (IP "66.199.234.66")
Banning 66.199.234.66 for rcon hacking attempts
L 09/07/2013 - 16:48:43: Addip: "<><><>" was banned by IP "permanently" by "Console" (IP "66.199.234.66")
Banning 66.199.234.66 for rcon hacking attempts
L 09/07/2013 - 17:17:43: Addip: "<><><>" was banned by IP "permanently" by "Console" (IP "66.199.234.66")
Banning 66.199.234.66 for rcon hacking attempts
L 09/07/2013 - 18:17:51: Addip: "<><><>" was banned by IP "permanently" by "Console" (IP "66.199.234.66")
Banning 66.199.234.66 for rcon hacking attempts
L 09/07/2013 - 18:46:54: Addip: "<><><>" was banned by IP "permanently" by "Console" (IP "66.199.234.66")
Banning 66.199.234.66 for rcon hacking attempts
L 09/07/2013 - 19:02:44: Addip: "<><><>" was banned by IP "permanently" by "Console" (IP "66.199.234.66")
-> Reservation cookie 18600007d308cd3:  reason ReplyReservationRequest
ApplyGameSettings: Map ar_baggage not part of Mapgroup 
ApplyGameSettings: MapGroup  not part of type classic mode competitive
Executing server command:
mapgroup 
nextlevel ar_baggage
map ar_baggage reserved

---
Host_MapGroup_f: No mapgroup specified
L 09/07/2013 - 19:45:12: server_cvar: "nextlevel" "ar_baggage"
Server waking up from hibernation
L 09/07/2013 - 19:45:12: [META] Loaded 0 plugins (1 already loaded)
---- Host_Changelevel ----
L 09/07/2013 - 19:45:12: [META] Loaded 0 plugins (1 already loaded)
*** Map Load: ar_baggage: Map Group L 09/07/2013 - 19:45:12: Loading map "ar_baggage"
L 09/07/2013 - 19:45:12: server cvars start
L 09/07/2013 - 19:45:12: "cash_player_killed_teammate" = "-3300"
L 09/07/2013 - 19:45:12: "sv_maxspeed" = "320"
L 09/07/2013 - 19:45:12: "cash_player_respawn_amount" = "0"
L 09/07/2013 - 19:45:12: "cash_team_rescued_hostage" = "600"
L 09/07/2013 - 19:45:12: "cash_team_win_by_defusing_bomb" = "3500"
L 09/07/2013 - 19:45:12: "sv_rollangle" = "0"
L 09/07/2013 - 19:45:12: "r_AirboatViewZHeight" = "0.0"
L 09/07/2013 - 19:45:12: "sv_cheats" = "0"
L 09/07/2013 - 19:45:12: "r_VehicleViewDampen" = "1"
L 09/07/2013 - 19:45:12: "metamod_version" = "1.10.0-devV"
L 09/07/2013 - 19:45:12: "mp_allowNPCs" = "1"
L 09/07/2013 - 19:45:12: "mp_tournament" = "0"
L 09/07/2013 - 19:45:12: "sv_spec_hear" = "1"
L 09/07/2013 - 19:45:12: "cash_player_interact_with_hostage" = "300"
L 09/07/2013 - 19:45:12: "mp_flashlight" = "0"
L 09/07/2013 - 19:45:12: "mp_maxrounds" = "30"
L 09/07/2013 - 19:45:12: "sv_tags" = ""
L 09/07/2013 - 19:45:12: "sv_stepsize" = "18"
L 09/07/2013 - 19:45:12: "mp_teamlist" = "hgrunt;scientist"
L 09/07/2013 - 19:45:12: "sv_alltalk" = "0"
L 09/07/2013 - 19:45:12: "mp_footsteps" = "1"
L 09/07/2013 - 19:45:12: "sv_noclipaccelerate" = "5"
L 09/07/2013 - 19:45:12: "sv_wateraccelerate" = "10"
L 09/07/2013 - 19:45:12: "mp_autocrosshair" = "1"
L 09/07/2013 - 19:45:12: "mp_stalemate_enable" = "0"
L 09/07/2013 - 19:45:12: "sourcemod_version" = "1.5.0-dev+3755"
L 09/07/2013 - 19:45:12: "cash_team_elimination_bomb_map" = "3250"
L 09/07/2013 - 19:45:12: "cash_player_get_killed" = "0"
L 09/07/2013 - 19:45:12: "mp_roundtime_defuse" = "2"
L 09/07/2013 - 19:45:12: "sv_autobuyammo" = "1"
L 09/07/2013 - 19:45:12: "sv_rollspeed" = "200"
L 09/07/2013 - 19:45:12: "sv_airaccelerate" = "10"
L 09/07/2013 - 19:45:12: "mp_teams_unbalance_limit" = "1"
L 09/07/2013 - 19:45:12: "mp_timelimit" = "0"
L 09/07/2013 - 19:45:12: "cash_team_loser_bonus" = "1400"
L 09/07/2013 - 19:45:12: "sv_deadtalk" = "1"
L 09/07/2013 - 19:45:12: "cash_player_rescued_hostage" = "1000"
L 09/07/2013 - 19:45:12: "sv_waterfriction" = "1"
L 09/07/2013 - 19:45:12: "sv_competitive_official_5v5" = "0"
L 09/07/2013 - 19:45:12: "sv_steamgroup" = ""
L 09/07/2013 - 19:45:12: "cash_player_killed_enemy_default" = "300"
L 09/07/2013 - 19:45:12: "coop" = "0"
L 09/07/2013 - 19:45:12: "mp_respawnwavetime" = "10.0"
L 09/07/2013 - 19:45:12: "nextlevel" = "ar_baggage"
L 09/07/2013 - 19:45:12: "sv_stopspeed" = "75"
L 09/07/2013 - 19:45:12: "sv_specaccelerate" = "5"
L 09/07/2013 - 19:45:12: "deathmatch" = "1"
L 09/07/2013 - 19:45:12: "tv_enable" = "1"
L 09/07/2013 - 19:45:12: "mp_falldamage" = "0"
L 09/07/2013 - 19:45:12: "mp_teammates_are_enemies" = "0"
L 09/07/2013 - 19:45:12: "mp_roundtime_hostage" = "2"
L 09/07/2013 - 19:45:12: "mp_freezetime" = "15"
L 09/07/2013 - 19:45:12: "sv_accelerate_use_weapon_speed" = "0"
L 09/07/2013 - 19:45:12: "sv_voiceenable" = "1"
L 09/07/2013 - 19:45:12: "sv_bounce" = "0"
L 09/07/2013 - 19:45:12: "r_AirboatViewDampenFreq" = "7.0"
L 09/07/2013 - 19:45:12: "mp_disable_respawn_times" = "0"
L 09/07/2013 - 19:45:12: "mp_weaponstay" = "0"
L 09/07/2013 - 19:45:12: "mp_hostagepenalty" = "10"
L 09/07/2013 - 19:45:12: "tv_advertise_watchable" = "0"
L 09/07/2013 - 19:45:12: "mp_friendlyfire" = "1"
L 09/07/2013 - 19:45:12: "sv_noclipspeed" = "5"
L 09/07/2013 - 19:45:12: "cash_team_hostage_interaction" = "600"
L 09/07/2013 - 19:45:12: "sv_allchat" = "1"
L 09/07/2013 - 19:45:12: "cash_team_win_by_time_running_out_bomb" = "3250"
L 09/07/2013 - 19:45:12: "mp_buy_during_immunity" = "0"
L 09/07/2013 - 19:45:12: "cash_player_killed_enemy_factor" = "1"
L 09/07/2013 - 19:45:12: "r_JeepViewDampenDamp" = "1.0"
L 09/07/2013 - 19:45:12: "mp_c4timer" = "45"
L 09/07/2013 - 19:45:12: "r_AirboatViewDampenDamp" = "1.0"
L 09/07/2013 - 19:45:12: "sv_competitive_minspec" = "1"
L 09/07/2013 - 19:45:12: "sm_nextmap" = ""
L 09/07/2013 - 19:45:12: "mp_stalemate_at_timelimit" = "0"
L 09/07/2013 - 19:45:12: "sv_footsteps" = "1"
L 09/07/2013 - 19:45:12: "mp_limitteams" = "0"
L 09/07/2013 - 19:45:12: "sv_vote_issue_kick_allowed" = "1"
L 09/07/2013 - 19:45:12: "tv_relaypassword" = ""
L 09/07/2013 - 19:45:12: "mp_teamplay" = "0"
L 09/07/2013 - 19:45:12: "cash_team_terrorist_win_bomb" = "3500"
L 09/07/2013 - 19:45:12: "cash_team_elimination_hostage_map_t" = "3000"
L 09/07/2013 - 19:45:12: "r_JeepViewDampenFreq" = "7.0"
L 09/07/2013 - 19:45:12: "sv_specnoclip" = "1"
L 09/07/2013 - 19:45:12: "sv_friction" = "4.8"
L 09/07/2013 - 19:45:12: "cash_team_win_by_time_running_out_hostage" = "3250"
L 09/07/2013 - 19:45:12: "cash_player_bomb_planted" = "300"
L 09/07/2013 - 19:45:12: "mp_autoteambalance" = "0"
L 09/07/2013 - 19:45:12: "sv_contact" = ""
L 09/07/2013 - 19:45:12: "sv_vote_kick_ban_duration" = "15"
L 09/07/2013 - 19:45:12: "bp_version" = "1.0"
L 09/07/2013 - 19:45:12: "cash_player_bomb_defused" = "300"
L 09/07/2013 - 19:45:12: "mp_roundtime" = "2"
L 09/07/2013 - 19:45:12: "sv_kick_ban_duration" = "15"
L 09/07/2013 - 19:45:12: "cash_team_planted_bomb_but_defused" = "800"
L 09/07/2013 - 19:45:12: "cash_player_killed_hostage" = "-1000"
L 09/07/2013 - 19:45:12: "mp_fraglimit" = "0"
L 09/07/2013 - 19:45:12: "mp_forcerespawn" = "1"
L 09/07/2013 - 19:45:12: "decalfrequency" = "10"
L 09/07/2013 - 19:45:12: "mp_buy_anywhere" = "0"
L 09/07/2013 - 19:45:12: "sv_accelerate" = "5.6"
L 09/07/2013 - 19:45:12: "mp_winlimit" = "0"
L 09/07/2013 - 19:45:12: "sv_gravity" = "800"
L 09/07/2013 - 19:45:12: "sv_password" = "battle2011"
L 09/07/2013 - 19:45:12: "cash_team_elimination_hostage_map_ct" = "3000"
L 09/07/2013 - 19:45:12: "cash_team_win_by_hostage_rescue" = "2900"
L 09/07/2013 - 19:45:12: "r_JeepViewZHeight" = "10.0"
L 09/07/2013 - 19:45:12: "cash_team_loser_bonus_consecutive_rounds" = "500"
L 09/07/2013 - 19:45:12: "cash_player_damage_hostage" = "-30"
L 09/07/2013 - 19:45:12: "cash_team_hostage_alive" = "0"
L 09/07/2013 - 19:45:12: "tv_password" = "battle2011"
L 09/07/2013 - 19:45:12: "sv_specspeed" = "3"
L 09/07/2013 - 19:45:12: server cvars end
L 09/07/2013 - 19:45:14: Started map "ar_baggage" (CRC "-1458358218")
L 09/07/2013 - 19:45:15: -------- Mapchange to ar_baggage --------
L 09/07/2013 - 19:45:15: Error log file session closed.
GameTypes: initializing game types interface from GameModes.txt.
GameTypes: merging game types interface from gamemodes_server.txt.
GameTypes: missing mapgroupsSP entry for game type/mode (custom/custom).
bot_autodifficulty_threshold_high - 2.0
bot_autodifficulty_threshold_low - -6.0
bot_chatter - normal
bot_defer_to_human_goals - 0
bot_defer_to_human_items - 1
bot_difficulty - 1
bot_quota - 10
bot_quota_mode - normal
bot_allow_grenades - 1
bot_allow_pistols - 1
bot_allow_sub_machine_guns - 1
bot_allow_shotguns - 1
bot_allow_rifles - 1
bot_allow_snipers - 1
bot_allow_machine_guns - 1
mp_playercashawards - 1
cash_player_bomb_defused - 300
cash_player_bomb_planted - 300
cash_player_damage_hostage - -30
L 09/07/2013 - 19:45:15: server_cvar: "cash_player_interact_with_hostage" "150"
cash_player_interact_with_hostage - 150
cash_player_killed_enemy_default - 300
cash_player_killed_enemy_factor - 1
cash_player_killed_hostage - -1000
cash_player_killed_teammate - -3300
cash_player_rescued_hostage - 1000
cash_player_respawn_amount - 0
cash_player_get_killed - 0
mp_teamcashawards - 1
cash_team_elimination_bomb_map - 3250
L 09/07/2013 - 19:45:15: server_cvar: "cash_team_elimination_hostage_map_t" "1000"
cash_team_elimination_hostage_map_t - 1000
L 09/07/2013 - 19:45:15: server_cvar: "cash_team_elimination_hostage_map_ct" "2000"
cash_team_elimination_hostage_map_ct - 2000
cash_team_hostage_alive - 0
L 09/07/2013 - 19:45:15: server_cvar: "cash_team_hostage_interaction" "500"
cash_team_hostage_interaction - 500
cash_team_loser_bonus - 1400
cash_team_loser_bonus_consecutive_rounds - 500
cash_team_planted_bomb_but_defused - 800
L 09/07/2013 - 19:45:15: server_cvar: "cash_team_rescued_hostage" "0"
cash_team_rescued_hostage - 0
cash_team_terrorist_win_bomb - 3500
L 09/07/2013 - 19:45:15: server_cvar: "cash_team_win_by_defusing_bomb" "3250"
cash_team_win_by_defusing_bomb - 3250
L 09/07/2013 - 19:45:15: server_cvar: "cash_team_win_by_hostage_rescue" "3500"
cash_team_win_by_hostage_rescue - 3500
cash_team_win_by_time_running_out_bomb - 3250
cash_team_win_by_time_running_out_hostage - 3250
mp_afterroundmoney - 0
mp_buytime - 90
mp_buy_anywhere - 0
mp_buy_during_immunity - 0
mp_startmoney - 800
mp_maxmoney - 16000
mp_death_drop_defuser - 1
mp_death_drop_grenade - 2
mp_death_drop_gun - 1
mp_deathcam_skippable - 1
mp_defuser_allocation - 0
mp_give_player_c4 - 1
mp_free_armor - 0
mp_molotovusedelay - 15.0
mp_weapons_allow_zeus - 1
mp_weapons_allow_map_placed - 0
mp_weapons_glow_on_ground - 0
mp_ct_default_melee - weapon_knife
mp_ct_default_secondary - weapon_hkp2000
mp_ct_default_primary - 
mp_ct_default_grenades - 
mp_t_default_melee - weapon_knife
mp_t_default_secondary - weapon_glock
mp_t_default_primary - 
mp_t_default_grenades - 
mp_buy_allow_grenades - 1
L 09/07/2013 - 19:45:15: server_cvar: "mp_freezetime" "6"
mp_freezetime - 6
mp_force_pick_time - 15
mp_halftime - 0
mp_match_can_clinch - 1
L 09/07/2013 - 19:45:15: server_cvar: "mp_maxrounds" "0"
mp_maxrounds - 0
L 09/07/2013 - 19:45:15: server_cvar: "mp_roundtime" "5"
mp_roundtime - 5
L 09/07/2013 - 19:45:15: server_cvar: "mp_roundtime_defuse" "0"
mp_roundtime_defuse - 0
L 09/07/2013 - 19:45:15: server_cvar: "mp_roundtime_hostage" "0"
mp_roundtime_hostage - 0
L 09/07/2013 - 19:45:15: server_cvar: "mp_timelimit" "5"
mp_timelimit - 5
mp_warmuptime - 30
mp_warmup_pausetimer - 0
mp_halftime_pausetimer - 0
mp_default_team_winner_no_objective - -1
mp_hostagepenalty - 10
mp_solid_teammates - 1
sv_allow_votes - 1
sv_alltalk - 0
L 09/07/2013 - 19:45:15: server_cvar: "sv_deadtalk" "0"
sv_deadtalk - 0
sv_ignoregrenaderadio - 0
mp_teammates_are_enemies - 0
mp_damage_scale_ct_body - 1.0
mp_damage_scale_ct_head - 1.0
mp_damage_scale_t_body - 1.0
mp_damage_scale_t_head - 1.0
L 09/07/2013 - 19:45:15: server_cvar: "mp_friendlyfire" "0"
mp_friendlyfire - 0
ff_damage_reduction_bullets - 0.1
ff_damage_reduction_grenade - 0.25
ff_damage_reduction_grenade_self - 1
ff_damage_reduction_other - 0.25
L 09/07/2013 - 19:45:15: server_cvar: "mp_limitteams" "2"
mp_limitteams - 2
spec_freeze_panel_extended_time - 0.0
spec_freeze_time - 5.0
mp_forcecamera - 1
mp_respawn_immunitytime - 4.0
mp_respawn_on_death_t - 0
mp_respawn_on_death_ct - 0
mp_display_kill_assists - 1
mp_use_respawn_waves - 0
mp_respawnwavetime_ct - 10.0
mp_respawnwavetime_t - 10.0
mp_randomspawn - 0
mp_randomspawn_los - 1
mp_radar_showall - 0
sv_gravity - 800
sv_accelerate - 5.6
sv_stopspeed - 75
sv_airaccelerate - 10
sv_wateraccelerate - 10
sv_waterfriction - 1
sv_friction - 4.8
sv_bounce - 0
sv_maxvelocity - 3500
sv_maxspeed - 320
mp_ggprogressive_round_restart_delay - 15.0
mp_ggtr_bomb_defuse_bonus - 1.0
mp_ggtr_bomb_detonation_bonus - 1.0
mp_ggtr_bomb_pts_for_flash - 4
mp_ggtr_bomb_pts_for_he - 3
mp_ggtr_bomb_pts_for_molotov - 5
mp_ggtr_bomb_pts_for_upgrade - 2.0
mp_ggtr_bomb_respawn_delay - 0.0
mp_ggtr_end_round_kill_bonus - 1
mp_ggtr_halftime_delay - 0.0
mp_ggtr_last_weapon_kill_ends_half - 0
sv_arms_race_vote_to_restart_disallowed_after - 0
Executing dedicated server config file
L 09/07/2013 - 19:45:15: server_cvar: "nextlevel" ""
Server logging enabled.
L 09/07/2013 - 19:45:15: server_cvar: "mp_freezetime" "0"
L 09/07/2013 - 19:45:15: server_cvar: "mp_limitteams" "0"
maxplayers set to 64
L 09/07/2013 - 19:45:15: server_cvar: "cash_player_interact_with_hostage" "300"
L 09/07/2013 - 19:45:15: server_cvar: "cash_team_elimination_hostage_map_t" "3000"
L 09/07/2013 - 19:45:15: server_cvar: "cash_team_elimination_hostage_map_ct" "3000"
L 09/07/2013 - 19:45:15: server_cvar: "cash_team_hostage_interaction" "600"
L 09/07/2013 - 19:45:15: server_cvar: "cash_team_rescued_hostage" "600"
L 09/07/2013 - 19:45:15: server_cvar: "cash_team_win_by_defusing_bomb" "3500"
L 09/07/2013 - 19:45:15: server_cvar: "cash_team_win_by_hostage_rescue" "2900"
Unknown command "mp_deathcam_skippable"
L 09/07/2013 - 19:45:15: server_cvar: "mp_freezetime" "15"
L 09/07/2013 - 19:45:15: server_cvar: "mp_friendlyfire" "1"
L 09/07/2013 - 19:45:15: server_cvar: "mp_maxrounds" "30"
L 09/07/2013 - 19:45:15: server_cvar: "mp_roundtime" "2"
L 09/07/2013 - 19:45:15: server_cvar: "mp_roundtime_hostage" "2"
L 09/07/2013 - 19:45:15: server_cvar: "mp_roundtime_defuse" "2"
L 09/07/2013 - 19:45:15: server_cvar: "mp_timelimit" "0"
L 09/07/2013 - 19:45:15: server_cvar: "sv_deadtalk" "1"
exec: couldn't exec gamemode_competitive_server.cfg
Commentary: Could not find commentary data file 'maps/ar_baggage_commentary.txt'. 
Error parsing BotProfile.db - unknown attribute 'Rank'
Error parsing BotProfile.db - unknown attribute 'Rank'
Error parsing BotProfile.db - unknown attribute 'Rank'
Error parsing BotProfile.db - unknown attribute 'Rank'
Error parsing BotProfile.db - unknown attribute 'Rank'
Error parsing BotProfile.db - unknown attribute 'Rank'
Error parsing BotProfile.db - unknown attribute 'Rank'
Error parsing BotProfile.db - unknown attribute 'Rank'
L 09/07/2013 - 19:45:16: "GOTV<7><BOT><>" connected, address "none"
PutClientInServer: no info_player_start on level
L 09/07/2013 - 19:45:16: "GOTV<7><BOT><>" entered the game
L 09/07/2013 - 19:45:16: "GOTV<7><BOT><Unassigned>" changed name to "Battle Pro Beta TV GOTV"
L 09/07/2013 - 19:45:16: World triggered "Round_Start"
GOTV broadcast active.
L 09/07/2013 - 19:45:16: "Cuchillin<8><STEAM_1:1:56695116><>" connected, address "190.15.199.82:24417"
Client "Cuchillin" connected (190.15.199.82:24417).
L 09/07/2013 - 19:45:16: "Cuchillin<8><STEAM_1:1:56695116><>" STEAM USERID validated
L 09/07/2013 - 19:45:18: "Dijkstra<9><STEAM_1:0:54679011><>" connected, address "186.59.36.95:18719"
Client "Dijkstra" connected (186.59.36.95:18719).
L 09/07/2013 - 19:45:18: "Dijkstra<9><STEAM_1:0:54679011><>" STEAM USERID validated
L 09/07/2013 - 19:45:19: "Drahtz<10><STEAM_1:0:42575687><>" connected, address "186.59.36.95:18746"
Client "Drahtz" connected (186.59.36.95:18746).
L 09/07/2013 - 19:45:20: "Drahtz<10><STEAM_1:0:42575687><>" STEAM USERID validated
L 09/07/2013 - 19:45:24: "raaawr<11><STEAM_1:1:65888900><>" connected, address "190.15.199.82:24481"
Client "raaawr" connected (190.15.199.82:24481).
L 09/07/2013 - 19:45:24: "raaawr<11><STEAM_1:1:65888900><>" STEAM USERID validated
PutClientInServer: no info_player_start on level
L 09/07/2013 - 19:45:25: "Cuchillin<8><STEAM_1:1:56695116><>" entered the game
CreateFragmentsFromFile: 'downloads/1ab72a88.dat' doesn't exist.
L 09/07/2013 - 19:45:28: "Cuchillin<8><STEAM_1:1:56695116><Unassigned>" triggered "clantag" (value "")
PutClientInServer: no info_player_start on level
L 09/07/2013 - 19:45:35: "Drahtz<10><STEAM_1:0:42575687><>" entered the game
CreateFragmentsFromFile: 'downloads/1ab72a88.dat' doesn't exist.
CreateFragmentsFromFile: 'downloads/1ab72a88.dat' doesn't exist.
CreateFragmentsFromFile: 'downloads/1ab72a88.dat' doesn't exist.
L 09/07/2013 - 19:45:38: "Drahtz<10><STEAM_1:0:42575687><Unassigned>" triggered "clantag" (value "")
PutClientInServer: no info_player_start on level
L 09/07/2013 - 19:45:39: "Dijkstra<9><STEAM_1:0:54679011><>" entered the game
CreateFragmentsFromFile: 'downloads/1ab72a88.dat' doesn't exist.
CreateFragmentsFromFile: 'downloads/1ab72a88.dat' doesn't exist.
CreateFragmentsFromFile: 'downloads/1ab72a88.dat' doesn't exist.
CreateFragmentsFromFile: 'downloads/1ab72a88.dat' doesn't exist.
CreateFragmentsFromFile: 'downloads/1ab72a88.dat' doesn't exist.
L 09/07/2013 - 19:45:43: "Dijkstra<9><STEAM_1:0:54679011><Unassigned>" triggered "clantag" (value "")
L 09/07/2013 - 19:45:44: "Drahtz<10><STEAM_1:0:42575687>" switched from team <Unassigned> to <TERRORIST>
L 09/07/2013 - 19:45:45: "Drahtz<10><STEAM_1:0:42575687><TERRORIST>" triggered "clantag" (value "")
Game will not start until both teams have players.
PutClientInServer: no info_player_start on level
L 09/07/2013 - 19:45:45: "raaawr<11><STEAM_1:1:65888900><>" entered the game
CreateFragmentsFromFile: 'downloads/1ab72a88.dat' doesn't exist.
CreateFragmentsFromFile: 'downloads/1ab72a88.dat' doesn't exist.
CreateFragmentsFromFile: 'downloads/1ab72a88.dat' doesn't exist.
L 09/07/2013 - 19:45:48: "Dijkstra<9><STEAM_1:0:54679011>" switched from team <Unassigned> to <TERRORIST>
L 09/07/2013 - 19:45:48: "Dijkstra<9><STEAM_1:0:54679011><TERRORIST>" triggered "clantag" (value "")
Game will not start until both teams have players.
CreateFragmentsFromFile: 'downloads/1ab72a88.dat' doesn't exist.
CreateFragmentsFromFile: 'downloads/1ab72a88.dat' doesn't exist.
CreateFragmentsFromFile: 'downloads/1ab72a88.dat' doesn't exist.
CreateFragmentsFromFile: 'downloads/1ab72a88.dat' doesn't exist.
L 09/07/2013 - 19:45:50: "raaawr<11><STEAM_1:1:65888900><Unassigned>" triggered "clantag" (value "")
L 09/07/2013 - 19:45:51: "Cuchillin<8><STEAM_1:1:56695116>" switched from team <Unassigned> to <CT>
L 09/07/2013 - 19:45:51: "Cuchillin<8><STEAM_1:1:56695116><CT>" triggered "clantag" (value "")
Game will not start until both teams have players.
L 09/07/2013 - 19:45:55: "Drahtz<10><STEAM_1:0:42575687><TERRORIST>" [-208 -647 64] killed "Cuchillin<8><STEAM_1:1:56695116><CT>" [211 -1052 128] with "glock" (headshot)
L 09/07/2013 - 19:46:00: "raaawr<11><STEAM_1:1:65888900>" switched from team <Unassigned> to <CT>
L 09/07/2013 - 19:46:01: "raaawr<11><STEAM_1:1:65888900><CT>" triggered "clantag" (value "")
L 09/07/2013 - 19:46:01: [SM] Native "PrintToChat" reported: Client index 0 is invalid
L 09/07/2013 - 19:46:01: [SM] Displaying call stack trace for plugin "bp.smx":
L 09/07/2013 - 19:46:01: [SM]   [0]  Line 26, bp.sp::Event_RoundEnd()
L 09/07/2013 - 19:46:01: World triggered "Game_Commencing"
L 09/07/2013 - 19:46:03: World triggered "Round_Start"
L 09/07/2013 - 19:46:14: "Dijkstra<9><STEAM_1:0:54679011><TERRORIST>" [-237 -629 64] killed "raaawr<11><STEAM_1:1:65888900><CT>" [10 -968 128] with "glock"
L 09/07/2013 - 19:46:39: "raaawr<11><STEAM_1:1:65888900><CT>" [-105 68 32] killed "Dijkstra<9><STEAM_1:0:54679011><TERRORIST>" [37 476 110] with "usp_silencer"
L 09/07/2013 - 19:46:45: "Drahtz<10><STEAM_1:0:42575687><TERRORIST>" [300 -320 93] killed "raaawr<11><STEAM_1:1:65888900><CT>" [71 -144 96] with "glock" (headshot)
L 09/07/2013 - 19:46:53: "raaawr<11><STEAM_1:1:65888900><CT>" [221 -1010 64] killed "Drahtz<10><STEAM_1:0:42575687><TERRORIST>" [19 -964 128] with "usp_silencer"
L 09/07/2013 - 19:47:01: "Dijkstra<9><STEAM_1:0:54679011><TERRORIST>" [395 -1005 64] killed "raaawr<11><STEAM_1:1:65888900><CT>" [-210 -1288 128] with "glock"
L 09/07/2013 - 19:47:05: "Cuchillin<8><STEAM_1:1:56695116><CT>" [497 -946 64] killed "Dijkstra<9><STEAM_1:0:54679011><TERRORIST>" [389 -899 128] with "usp_silencer"
L 09/07/2013 - 19:47:14: "Drahtz<10><STEAM_1:0:42575687><TERRORIST>" [-325 -720 64] killed "raaawr<11><STEAM_1:1:65888900><CT>" [-359 -528 128] with "glock" (headshot)
L 09/07/2013 - 19:47:35: World triggered "Round_Start"
L 09/07/2013 - 19:47:42: "Dijkstra<9><STEAM_1:0:54679011><TERRORIST>" [284 46 160] killed "raaawr<11><STEAM_1:1:65888900><CT>" [266 -497 110] with "glock" (headshot)
L 09/07/2013 - 19:47:42: "Drahtz<10><STEAM_1:0:42575687><TERRORIST>" assisted killing "raaawr<11><STEAM_1:1:65888900><CT>"
L 09/07/2013 - 19:47:45: "Cuchillin<8><STEAM_1:1:56695116><CT>" [125 -586 64] killed "Drahtz<10><STEAM_1:0:42575687><TERRORIST>" [252 -649 128] with "usp_silencer"
L 09/07/2013 - 19:47:46: "Dijkstra<9><STEAM_1:0:54679011><TERRORIST>" [200 -674 64] killed "Cuchillin<8><STEAM_1:1:56695116><CT>" [102 -514 128] with "glock"
L 09/07/2013 - 19:47:46: [SM] Native "PrintToChat" reported: Client index 0 is invalid
L 09/07/2013 - 19:47:46: [SM] Displaying call stack trace for plugin "bp.smx":
L 09/07/2013 - 19:47:46: [SM]   [0]  Line 26, bp.sp::Event_RoundEnd()
L 09/07/2013 - 19:47:46: Team "TERRORIST" triggered "SFUI_Notice_Terrorists_Win" (CT "0") (T "1")
L 09/07/2013 - 19:47:46: Team "CT" scored "0" with "2" players
L 09/07/2013 - 19:47:46: Team "TERRORIST" scored "1" with "2" players
L 09/07/2013 - 19:47:46: World triggered "Round_End"
L 09/07/2013 - 19:48:11: World triggered "Round_Start"
L 09/07/2013 - 19:48:35: "raaawr<11><STEAM_1:1:65888900><CT>" [57 232 32] killed "Dijkstra<9><STEAM_1:0:54679011><TERRORIST>" [-55 354 107] with "usp_silencer"
L 09/07/2013 - 19:48:45: "Drahtz<10><STEAM_1:0:42575687><TERRORIST>" [194 642 64] killed "raaawr<11><STEAM_1:1:65888900><CT>" [220 619 128] with "knife_default_t"
L 09/07/2013 - 19:48:45: "Dijkstra<9><STEAM_1:0:54679011><TERRORIST>" assisted killing "raaawr<11><STEAM_1:1:65888900><CT>"
L 09/07/2013 - 19:48:48: "Cuchillin<8><STEAM_1:1:56695116><CT>" [78 540 64] killed "Drahtz<10><STEAM_1:0:42575687><TERRORIST>" [213 546 110] with "usp_silencer" (headshot)
L 09/07/2013 - 19:48:48: [SM] Native "PrintToChat" reported: Client index 0 is invalid
L 09/07/2013 - 19:48:48: [SM] Displaying call stack trace for plugin "bp.smx":
L 09/07/2013 - 19:48:48: [SM]   [0]  Line 26, bp.sp::Event_RoundEnd()
L 09/07/2013 - 19:48:48: Team "CT" triggered "SFUI_Notice_CTs_Win" (CT "1") (T "1")
L 09/07/2013 - 19:48:48: Team "CT" scored "1" with "2" players
L 09/07/2013 - 19:48:48: Team "TERRORIST" scored "1" with "2" players
L 09/07/2013 - 19:48:48: World triggered "Round_End"
L 09/07/2013 - 19:48:58: World triggered "Round_Start"
L 09/07/2013 - 19:49:08: "Drahtz<10><STEAM_1:0:42575687><TERRORIST>" [326 94 160] killed "raaawr<11><STEAM_1:1:65888900><CT>" [278 -554 128] with "glock" (headshot)
L 09/07/2013 - 19:49:13: "Drahtz<10><STEAM_1:0:42575687><TERRORIST>" [-308 -42 160] killed "Cuchillin<8><STEAM_1:1:56695116><CT>" [-318 -591 128] with "glock"
L 09/07/2013 - 19:49:13: "Dijkstra<9><STEAM_1:0:54679011><TERRORIST>" assisted killing "Cuchillin<8><STEAM_1:1:56695116><CT>"
L 09/07/2013 - 19:49:13: [SM] Native "PrintToChat" reported: Client index 0 is invalid
L 09/07/2013 - 19:49:13: [SM] Displaying call stack trace for plugin "bp.smx":
L 09/07/2013 - 19:49:13: [SM]   [0]  Line 26, bp.sp::Event_RoundEnd()
L 09/07/2013 - 19:49:13: Team "TERRORIST" triggered "SFUI_Notice_Terrorists_Win" (CT "1") (T "2")
L 09/07/2013 - 19:49:13: Team "CT" scored "1" with "2" players
L 09/07/2013 - 19:49:13: Team "TERRORIST" scored "2" with "2" players
L 09/07/2013 - 19:49:13: World triggered "Round_End"
L 09/07/2013 - 19:49:23: World triggered "Round_Start"
L 09/07/2013 - 19:49:34: "raaawr<11><STEAM_1:1:65888900><CT>" [-255 -586 64] killed "Dijkstra<9><STEAM_1:0:54679011><TERRORIST>" [-330 -356 126] with "usp_silencer"
L 09/07/2013 - 19:49:34: "Drahtz<10><STEAM_1:0:42575687><TERRORIST>" [569 -50 176] killed "Cuchillin<8><STEAM_1:1:56695116><CT>" [289 -306 162] with "usp_silencer_off" (headshot)
L 09/07/2013 - 19:49:42: "Drahtz<10><STEAM_1:0:42575687><TERRORIST>" [-328 -552 64] killed "raaawr<11><STEAM_1:1:65888900><CT>" [-250 -93 224] with "usp_silencer_off"
L 09/07/2013 - 19:49:42: "Dijkstra<9><STEAM_1:0:54679011><TERRORIST>" assisted killing "raaawr<11><STEAM_1:1:65888900><CT>"
L 09/07/2013 - 19:49:42: [SM] Native "PrintToChat" reported: Client index 0 is invalid
L 09/07/2013 - 19:49:42: [SM] Displaying call stack trace for plugin "bp.smx":
L 09/07/2013 - 19:49:42: [SM]   [0]  Line 26, bp.sp::Event_RoundEnd()
L 09/07/2013 - 19:49:42: Team "TERRORIST" triggered "SFUI_Notice_Terrorists_Win" (CT "1") (T "3")
L 09/07/2013 - 19:49:42: Team "CT" scored "1" with "2" players
L 09/07/2013 - 19:49:42: Team "TERRORIST" scored "3" with "2" players
L 09/07/2013 - 19:49:42: World triggered "Round_End"
L 09/07/2013 - 19:49:52: World triggered "Round_Start"
L 09/07/2013 - 19:49:59: "Dijkstra<9><STEAM_1:0:54679011><TERRORIST>" [-286 122 160] killed "raaawr<11><STEAM_1:1:65888900><CT>" [186 -598 128] with "glock" (headshot)
L 09/07/2013 - 19:50:08: "Cuchillin<8><STEAM_1:1:56695116><CT>" [511 -785 64] killed "Dijkstra<9><STEAM_1:0:54679011><TERRORIST>" [486 -829 128] with "usp_silencer"
L 09/07/2013 - 19:50:18: "Drahtz<10><STEAM_1:0:42575687><TERRORIST>" [2 -1014 64] killed "Cuchillin<8><STEAM_1:1:56695116><CT>" [-66 -1070 128] with "usp_silencer_off"
L 09/07/2013 - 19:50:18: [SM] Native "PrintToChat" reported: Client index 0 is invalid
L 09/07/2013 - 19:50:18: [SM] Displaying call stack trace for plugin "bp.smx":
L 09/07/2013 - 19:50:18: [SM]   [0]  Line 26, bp.sp::Event_RoundEnd()
L 09/07/2013 - 19:50:18: Team "TERRORIST" triggered "SFUI_Notice_Terrorists_Win" (CT "1") (T "4")
L 09/07/2013 - 19:50:18: Team "CT" scored "1" with "2" players
L 09/07/2013 - 19:50:18: Team "TERRORIST" scored "4" with "2" players
L 09/07/2013 - 19:50:18: World triggered "Round_End"
L 09/07/2013 - 19:50:28: World triggered "Round_Start"
L 09/07/2013 - 19:50:36: "Drahtz<10><STEAM_1:0:42575687><TERRORIST>" [640 -59 176] killed "Cuchillin<8><STEAM_1:1:56695116><CT>" [659 -221 208] with "usp_silencer_off" (headshot)
L 09/07/2013 - 19:50:38: "Drahtz<10><STEAM_1:0:42575687><TERRORIST>" [560 -144 176] killed "raaawr<11><STEAM_1:1:65888900><CT>" [570 -391 208] with "usp_silencer_off" (headshot)
L 09/07/2013 - 19:50:38: [SM] Native "PrintToChat" reported: Client index 0 is invalid
L 09/07/2013 - 19:50:38: [SM] Displaying call stack trace for plugin "bp.smx":
L 09/07/2013 - 19:50:38: [SM]   [0]  Line 26, bp.sp::Event_RoundEnd()
L 09/07/2013 - 19:50:38: Team "TERRORIST" triggered "SFUI_Notice_Terrorists_Win" (CT "1") (T "5")
L 09/07/2013 - 19:50:38: Team "CT" scored "1" with "2" players
L 09/07/2013 - 19:50:38: Team "TERRORIST" scored "5" with "2" players
L 09/07/2013 - 19:50:38: World triggered "Round_End"
