<<<<<<< HEAD
Server is hibernating
Particles: Missing 'particles/maps/gg_vietnam.pcf'
CDedicatedServerWorkshopManager::GetNewestSubscribedFiles
No web api auth key specified - workshop downloads will be disabled.
maxplayers set to 64
Unknown command "cl_bobamt_vert"
Unknown command "cl_bobamt_lat"
Unknown command "cl_bob_lower_amt"
Unknown command "cl_viewmodel_shift_left_amt"
Unknown command "cl_viewmodel_shift_right_amt"
Unknown command "cl_teamid_min"
Unknown command "cl_teamid_max"
Unknown command "cl_teamid_overhead"
Unknown command "cl_teamid_overhead_maxdist"
Usage: host_workshop_collection <fileid>
Setting mapgroup to 'mg_bomb'
Usage: workshop_start_map <fileid>
Unknown command "mat_bloom_scalefactor_scalar"
NET_GetBindAddresses found 68.232.178.67: 'Intel(R) 82574L Gigabit Network Connection #2'
Network: IP 68.232.178.98 mode MP, dedicated No, ports 27035 SV / 27006 CL
---- Host_NewGame ----
Host_NewGame on map ar_baggage
L 09/13/2013 - 12:56:39: -------- Mapchange to ar_baggage --------
CGameEventManager::AddListener: event 'teamplay_win_panel' unknown.
CGameEventManager::AddListener: event 'teamplay_restart_round' unknown.
CGameEventManager::AddListener: event 'arena_win_panel' unknown.
GameTypes: initializing game types interface from GameModes.txt.
GameTypes: merging game types interface from gamemodes_server.txt.
GameTypes: missing mapgroupsSP entry for game type/mode (custom/custom).
bot_autodifficulty_threshold_high - 2.0
bot_autodifficulty_threshold_low - -6.0
bot_chatter - normal
bot_defer_to_human_goals - 0
bot_defer_to_human_items - 1
bot_difficulty - 1
bot_quota - 10
bot_quota_mode - normal
bot_allow_grenades - 1
bot_allow_pistols - 1
bot_allow_sub_machine_guns - 1
bot_allow_shotguns - 1
bot_allow_rifles - 1
bot_allow_snipers - 1
bot_allow_machine_guns - 1
mp_playercashawards - 1
cash_player_bomb_defused - 300
cash_player_bomb_planted - 300
cash_player_damage_hostage - -30
cash_player_interact_with_hostage - 150
cash_player_killed_enemy_default - 300
cash_player_killed_enemy_factor - 1
cash_player_killed_hostage - -1000
cash_player_killed_teammate - -3300
cash_player_rescued_hostage - 1000
cash_player_respawn_amount - 0
cash_player_get_killed - 0
mp_teamcashawards - 1
cash_team_elimination_bomb_map - 3250
cash_team_elimination_hostage_map_t - 1000
cash_team_elimination_hostage_map_ct - 2000
cash_team_hostage_alive - 0
cash_team_hostage_interaction - 500
cash_team_loser_bonus - 1400
cash_team_loser_bonus_consecutive_rounds - 500
cash_team_planted_bomb_but_defused - 800
cash_team_rescued_hostage - 0
cash_team_terrorist_win_bomb - 3500
cash_team_win_by_defusing_bomb - 3250
cash_team_win_by_hostage_rescue - 3500
cash_team_win_by_time_running_out_bomb - 3250
cash_team_win_by_time_running_out_hostage - 3250
mp_afterroundmoney - 0
mp_buytime - 90
mp_buy_anywhere - 0
mp_buy_during_immunity - 0
mp_startmoney - 800
mp_maxmoney - 16000
mp_death_drop_defuser - 1
mp_death_drop_grenade - 2
mp_death_drop_gun - 1
mp_deathcam_skippable - 1
mp_defuser_allocation - 0
mp_give_player_c4 - 1
mp_free_armor - 0
mp_molotovusedelay - 15.0
mp_weapons_allow_zeus - 1
mp_weapons_allow_map_placed - 0
mp_weapons_glow_on_ground - 0
mp_ct_default_melee - weapon_knife
mp_ct_default_secondary - weapon_hkp2000
mp_ct_default_primary - 
mp_ct_default_grenades - 
mp_t_default_melee - weapon_knife
mp_t_default_secondary - weapon_glock
mp_t_default_primary - 
mp_t_default_grenades - 
mp_buy_allow_grenades - 1
mp_freezetime - 6
mp_force_pick_time - 15
mp_halftime - 0
mp_match_can_clinch - 1
mp_maxrounds - 0
mp_roundtime - 5
mp_roundtime_defuse - 0
mp_roundtime_hostage - 0
mp_timelimit - 5
mp_warmuptime - 30
mp_warmup_pausetimer - 0
mp_halftime_pausetimer - 0
mp_default_team_winner_no_objective - -1
mp_hostagepenalty - 10
mp_solid_teammates - 1
sv_allow_votes - 1
sv_alltalk - 0
sv_deadtalk - 0
sv_ignoregrenaderadio - 0
mp_teammates_are_enemies - 0
mp_damage_scale_ct_body - 1.0
mp_damage_scale_ct_head - 1.0
mp_damage_scale_t_body - 1.0
mp_damage_scale_t_head - 1.0
mp_friendlyfire - 0
ff_damage_reduction_bullets - 0.1
ff_damage_reduction_grenade - 0.25
ff_damage_reduction_grenade_self - 1
ff_damage_reduction_other - 0.25
mp_limitteams - 2
spec_freeze_panel_extended_time - 0.0
spec_freeze_time - 5.0
mp_forcecamera - 1
mp_respawn_immunitytime - 4.0
mp_respawn_on_death_t - 0
mp_respawn_on_death_ct - 0
mp_display_kill_assists - 1
mp_use_respawn_waves - 0
mp_respawnwavetime_ct - 10.0
mp_respawnwavetime_t - 10.0
mp_randomspawn - 0
mp_randomspawn_los - 1
mp_radar_showall - 0
sv_gravity - 800
sv_accelerate - 5.6
sv_stopspeed - 75
sv_airaccelerate - 10
sv_wateraccelerate - 10
sv_waterfriction - 1
sv_friction - 4.8
sv_bounce - 0
sv_maxvelocity - 3500
sv_maxspeed - 320
mp_ggprogressive_round_restart_delay - 15.0
mp_ggtr_bomb_defuse_bonus - 1.0
mp_ggtr_bomb_detonation_bonus - 1.0
mp_ggtr_bomb_pts_for_flash - 4
mp_ggtr_bomb_pts_for_he - 3
mp_ggtr_bomb_pts_for_molotov - 5
mp_ggtr_bomb_pts_for_upgrade - 2.0
mp_ggtr_bomb_respawn_delay - 0.0
mp_ggtr_end_round_kill_bonus - 1
mp_ggtr_halftime_delay - 0.0
mp_ggtr_last_weapon_kill_ends_half - 0
sv_arms_race_vote_to_restart_disallowed_after - 0
Executing dedicated server config file
Server logging enabled.
Server logging data to file logs\L068_232_178_098_27035_201309131256_000.log
L 09/13/2013 - 12:56:47: Log file started (file "logs\L068_232_178_098_27035_201309131256_000.log") (game "c:\games\68_232_178_98_27035\1004734\csgo\csgo") (version "5406")
L 09/13/2013 - 12:56:47: server_cvar: "mp_autoteambalance" "0"
L 09/13/2013 - 12:56:47: server_cvar: "mp_freezetime" "0"
L 09/13/2013 - 12:56:47: server_cvar: "mp_limitteams" "0"
maxplayers set to 64
L 09/13/2013 - 12:56:47: server_cvar: "tv_enable" "1"
L 09/13/2013 - 12:56:47: server_cvar: "tv_password" "***PROTECTED***"
L 09/13/2013 - 12:56:47: server_cvar: "cash_player_bomb_defused" "0"
L 09/13/2013 - 12:56:47: server_cvar: "cash_player_bomb_planted" "0"
L 09/13/2013 - 12:56:47: server_cvar: "cash_player_damage_hostage" "0"
L 09/13/2013 - 12:56:47: server_cvar: "cash_player_interact_with_hostage" "0"
L 09/13/2013 - 12:56:47: server_cvar: "cash_player_killed_enemy_default" "0"
L 09/13/2013 - 12:56:47: server_cvar: "cash_player_killed_enemy_factor" "0"
L 09/13/2013 - 12:56:47: server_cvar: "cash_player_killed_hostage" "0"
L 09/13/2013 - 12:56:47: server_cvar: "cash_player_killed_teammate" "0"
L 09/13/2013 - 12:56:47: server_cvar: "cash_player_rescued_hostage" "0"
L 09/13/2013 - 12:56:47: server_cvar: "cash_team_elimination_bomb_map" "0"
L 09/13/2013 - 12:56:47: server_cvar: "cash_team_elimination_hostage_map_t" "0"
L 09/13/2013 - 12:56:47: server_cvar: "cash_team_elimination_hostage_map_ct" "0"
L 09/13/2013 - 12:56:47: server_cvar: "cash_team_hostage_interaction" "0"
L 09/13/2013 - 12:56:47: server_cvar: "cash_team_loser_bonus" "0"
L 09/13/2013 - 12:56:47: server_cvar: "cash_team_loser_bonus_consecutive_rounds" "0"
L 09/13/2013 - 12:56:47: server_cvar: "cash_team_planted_bomb_but_defused" "0"
L 09/13/2013 - 12:56:47: server_cvar: "cash_team_terrorist_win_bomb" "0"
L 09/13/2013 - 12:56:47: server_cvar: "cash_team_win_by_defusing_bomb" "0"
L 09/13/2013 - 12:56:47: server_cvar: "cash_team_win_by_hostage_rescue" "0"
L 09/13/2013 - 12:56:47: server_cvar: "cash_team_win_by_time_running_out_bomb" "0"
L 09/13/2013 - 12:56:47: server_cvar: "cash_team_win_by_time_running_out_hostage" "0"
Unknown command "mp_deathcam_skippable"
L 09/13/2013 - 12:56:47: server_cvar: "mp_freezetime" "6"
L 09/13/2013 - 12:56:47: server_cvar: "mp_friendlyfire" "1"
L 09/13/2013 - 12:56:47: server_cvar: "mp_maxrounds" "10"
L 09/13/2013 - 12:56:47: server_cvar: "mp_roundtime" "30"
L 09/13/2013 - 12:56:47: server_cvar: "mp_timelimit" "30"
L 09/13/2013 - 12:56:47: server_cvar: "sv_alltalk" "1"
L 09/13/2013 - 12:56:47: server_cvar: "sv_deadtalk" "1"
exec: couldn't exec gamemode_armsrace_server.cfg
mdlcache.cpp(1917): MDL Cache allocation outside the pool. player/ct_animations.mdl : 32776.
Commentary: Could not find commentary data file 'maps/ar_baggage_commentary.txt'. 
Error parsing BotProfile.db - unknown attribute 'Rank'
Error parsing BotProfile.db - unknown attribute 'Rank'
Error parsing BotProfile.db - unknown attribute 'Rank'
Error parsing BotProfile.db - unknown attribute 'Rank'
Error parsing BotProfile.db - unknown attribute 'Rank'
Error parsing BotProfile.db - unknown attribute 'Rank'
Error parsing BotProfile.db - unknown attribute 'Rank'
Error parsing BotProfile.db - unknown attribute 'Rank'
L 09/13/2013 - 12:56:52: "GOTV<2><BOT><>" connected, address "none"
PutClientInServer: no info_player_start on level
L 09/13/2013 - 12:56:52: "GOTV<2><BOT><>" entered the game
L 09/13/2013 - 12:56:52: "GOTV<2><BOT><Unassigned>" changed name to "Battle Pro Beta TV GOTV"
Initializing Steam libraries for secure Internet server
Logging into anonymous gameserver account.
GOTV broadcast active.
Connection to Steam servers successful.
   Public IP is 68.232.178.98.
Assigned anonymous gameserver Steam ID [A:1:611012611(3643)].
VAC secure mode is activated.
-> Reservation cookie 18600007dd20348:  reason ReplyReservationRequest
=======
﻿$able: all previous skill nearly doesnt matter with knife at end :D
L 09/03/2013 - 13:18:39: "$able<4><STEAM_1:0:12763314><TERRORIST>" say "all previous skill nearly doesnt matter with knife at end :D"
STEAMAUTH: Client Cuchillin received failure code 6
L 09/03/2013 - 13:18:44: STEAMAUTH: Client Cuchillin received failure code 6
L 09/03/2013 - 13:18:44: "Cuchillin<3><STEAM_1:1:56695116><CT>" disconnected (reason "No Steam logon")
Dropped Cuchillin from server (No Steam logon)
L 09/03/2013 - 13:18:50: server_cvar: "nextlevel" "de_nuke"
L 09/03/2013 - 13:18:50: "$able<4><STEAM_1:0:12763314><TERRORIST>" disconnected (reason "$able timed out")
Dropped $able from server ($able timed out)
CHANGELEVEL: ConVar 'nextlevel' is set, next map will be 'de_nuke'
CHANGELEVEL: Not changing level, mp_match_end_restart is false, mp_match_end_changelevel is false 
L 09/03/2013 - 13:18:55: server_cvar: "nextlevel" ""
-> Reservation cookie 0:  reason reserved(yes), clients(no), reservationexpires(0.00)
Server is hibernating
L 09/03/2013 - 13:18:55: "Battle Pro Beta TV GOTV<2><BOT><Unassigned>" disconnected (reason "Punting bot, server is hibernating")
Connection to Steam servers lost.  (Result = 3)
Connection to Steam servers successful.
   Public IP is 68.232.178.98.
Assigned anonymous gameserver Steam ID [A:1:1559396355(3624)].
VAC secure mode is activated.
Banning 66.199.234.66 for rcon hacking attempts
L 09/03/2013 - 22:04:28: Addip: "<><><>" was banned by IP "permanently" by "Console" (IP "66.199.234.66")
Banning 66.199.234.66 for rcon hacking attempts
L 09/03/2013 - 22:34:41: Addip: "<><><>" was banned by IP "permanently" by "Console" (IP "66.199.234.66")
Banning 66.199.234.66 for rcon hacking attempts
L 09/03/2013 - 23:04:56: Addip: "<><><>" was banned by IP "permanently" by "Console" (IP "66.199.234.66")
Banning 66.199.234.66 for rcon hacking attempts
L 09/03/2013 - 23:21:45: Addip: "<><><>" was banned by IP "permanently" by "Console" (IP "66.199.234.66")
Banning 66.199.234.66 for rcon hacking attempts
L 09/04/2013 - 01:09:44: Addip: "<><><>" was banned by IP "permanently" by "Console" (IP "66.199.234.66")
Banning 66.199.234.66 for rcon hacking attempts
L 09/04/2013 - 01:27:31: Addip: "<><><>" was banned by IP "permanently" by "Console" (IP "66.199.234.66")
Banning 66.199.234.66 for rcon hacking attempts
L 09/04/2013 - 01:41:26: Addip: "<><><>" was banned by IP "permanently" by "Console" (IP "66.199.234.66")
Banning 66.199.234.66 for rcon hacking attempts
L 09/04/2013 - 02:27:07: Addip: "<><><>" was banned by IP "permanently" by "Console" (IP "66.199.234.66")
Banning 66.199.234.66 for rcon hacking attempts
L 09/04/2013 - 03:13:41: Addip: "<><><>" was banned by IP "permanently" by "Console" (IP "66.199.234.66")
Banning 66.199.234.66 for rcon hacking attempts
L 09/04/2013 - 04:40:12: Addip: "<><><>" was banned by IP "permanently" by "Console" (IP "66.199.234.66")
Banning 66.199.234.66 for rcon hacking attempts
L 09/04/2013 - 05:08:58: Addip: "<><><>" was banned by IP "permanently" by "Console" (IP "66.199.234.66")
Banning 66.199.234.66 for rcon hacking attempts
L 09/04/2013 - 06:24:29: Addip: "<><><>" was banned by IP "permanently" by "Console" (IP "66.199.234.66")
Banning 66.199.234.66 for rcon hacking attempts
L 09/04/2013 - 08:07:25: Addip: "<><><>" was banned by IP "permanently" by "Console" (IP "66.199.234.66")
Banning 66.199.234.66 for rcon hacking attempts
L 09/04/2013 - 08:27:45: Addip: "<><><>" was banned by IP "permanently" by "Console" (IP "66.199.234.66")
Banning 66.199.234.66 for rcon hacking attempts
L 09/04/2013 - 08:57:24: Addip: "<><><>" was banned by IP "permanently" by "Console" (IP "66.199.234.66")
Banning 66.199.234.66 for rcon hacking attempts
L 09/04/2013 - 09:12:08: Addip: "<><><>" was banned by IP "permanently" by "Console" (IP "66.199.234.66")
Banning 66.199.234.66 for rcon hacking attempts
L 09/04/2013 - 10:38:47: Addip: "<><><>" was banned by IP "permanently" by "Console" (IP "66.199.234.66")
Banning 66.199.234.66 for rcon hacking attempts
L 09/04/2013 - 10:54:50: Addip: "<><><>" was banned by IP "permanently" by "Console" (IP "66.199.234.66")
Banning 66.199.234.66 for rcon hacking attempts
L 09/04/2013 - 11:39:16: Addip: "<><><>" was banned by IP "permanently" by "Console" (IP "66.199.234.66")
Banning 66.199.234.66 for rcon hacking attempts
L 09/04/2013 - 12:09:47: Addip: "<><><>" was banned by IP "permanently" by "Console" (IP "66.199.234.66")
Banning 66.199.234.66 for rcon hacking attempts
L 09/04/2013 - 12:25:04: Addip: "<><><>" was banned by IP "permanently" by "Console" (IP "66.199.234.66")
Banning 66.199.234.66 for rcon hacking attempts
L 09/04/2013 - 12:39:53: Addip: "<><><>" was banned by IP "permanently" by "Console" (IP "66.199.234.66")
Banning 66.199.234.66 for rcon hacking attempts
L 09/04/2013 - 12:54:28: Addip: "<><><>" was banned by IP "permanently" by "Console" (IP "66.199.234.66")
Banning 66.199.234.66 for rcon hacking attempts
L 09/04/2013 - 13:10:09: Addip: "<><><>" was banned by IP "permanently" by "Console" (IP "66.199.234.66")
Banning 66.199.234.66 for rcon hacking attempts
L 09/04/2013 - 17:03:03: Addip: "<><><>" was banned by IP "permanently" by "Console" (IP "66.199.234.66")
Banning 66.199.234.66 for rcon hacking attempts
L 09/04/2013 - 17:35:18: Addip: "<><><>" was banned by IP "permanently" by "Console" (IP "66.199.234.66")
Banning 66.199.234.66 for rcon hacking attempts
L 09/04/2013 - 17:49:14: Addip: "<><><>" was banned by IP "permanently" by "Console" (IP "66.199.234.66")
Banning 66.199.234.66 for rcon hacking attempts
L 09/04/2013 - 17:49:23: Addip: "<><><>" was banned by IP "permanently" by "Console" (IP "66.199.234.66")
Banning 66.199.234.66 for rcon hacking attempts
L 09/04/2013 - 18:03:11: Addip: "<><><>" was banned by IP "permanently" by "Console" (IP "66.199.234.66")
Banning 66.199.234.66 for rcon hacking attempts
L 09/04/2013 - 20:04:09: Addip: "<><><>" was banned by IP "permanently" by "Console" (IP "66.199.234.66")
Banning 66.199.234.66 for rcon hacking attempts
L 09/04/2013 - 20:04:20: Addip: "<><><>" was banned by IP "permanently" by "Console" (IP "66.199.234.66")
Banning 66.199.234.66 for rcon hacking attempts
L 09/04/2013 - 20:34:39: Addip: "<><><>" was banned by IP "permanently" by "Console" (IP "66.199.234.66")
Banning 66.199.234.66 for rcon hacking attempts
L 09/04/2013 - 21:48:56: Addip: "<><><>" was banned by IP "permanently" by "Console" (IP "66.199.234.66")
Banning 66.199.234.66 for rcon hacking attempts
L 09/04/2013 - 22:19:48: Addip: "<><><>" was banned by IP "permanently" by "Console" (IP "66.199.234.66")
Banning 66.199.234.66 for rcon hacking attempts
L 09/04/2013 - 22:50:00: Addip: "<><><>" was banned by IP "permanently" by "Console" (IP "66.199.234.66")
Banning 66.199.234.66 for rcon hacking attempts
L 09/05/2013 - 00:53:51: Addip: "<><><>" was banned by IP "permanently" by "Console" (IP "66.199.234.66")
Banning 66.199.234.66 for rcon hacking attempts
L 09/05/2013 - 01:39:12: Addip: "<><><>" was banned by IP "permanently" by "Console" (IP "66.199.234.66")
Banning 66.199.234.66 for rcon hacking attempts
L 09/05/2013 - 01:39:22: Addip: "<><><>" was banned by IP "permanently" by "Console" (IP "66.199.234.66")
Banning 66.199.234.66 for rcon hacking attempts
L 09/05/2013 - 01:55:51: Addip: "<><><>" was banned by IP "permanently" by "Console" (IP "66.199.234.66")
Banning 66.199.234.66 for rcon hacking attempts
L 09/05/2013 - 02:10:25: Addip: "<><><>" was banned by IP "permanently" by "Console" (IP "66.199.234.66")
Banning 66.199.234.66 for rcon hacking attempts
L 09/05/2013 - 03:54:42: Addip: "<><><>" was banned by IP "permanently" by "Console" (IP "66.199.234.66")
Banning 66.199.234.66 for rcon hacking attempts
L 09/05/2013 - 05:04:07: Addip: "<><><>" was banned by IP "permanently" by "Console" (IP "66.199.234.66")
Banning 66.199.234.66 for rcon hacking attempts
L 09/05/2013 - 06:05:26: Addip: "<><><>" was banned by IP "permanently" by "Console" (IP "66.199.234.66")
Banning 66.199.234.66 for rcon hacking attempts
L 09/05/2013 - 07:49:16: Addip: "<><><>" was banned by IP "permanently" by "Console" (IP "66.199.234.66")
Banning 66.199.234.66 for rcon hacking attempts
L 09/05/2013 - 08:18:44: Addip: "<><><>" was banned by IP "permanently" by "Console" (IP "66.199.234.66")
Banning 66.199.234.66 for rcon hacking attempts
L 09/05/2013 - 08:48:45: Addip: "<><><>" was banned by IP "permanently" by "Console" (IP "66.199.234.66")
Banning 66.199.234.66 for rcon hacking attempts
L 09/05/2013 - 09:18:14: Addip: "<><><>" was banned by IP "permanently" by "Console" (IP "66.199.234.66")
Banning 66.199.234.66 for rcon hacking attempts
L 09/05/2013 - 10:50:05: Addip: "<><><>" was banned by IP "permanently" by "Console" (IP "66.199.234.66")
Banning 66.199.234.66 for rcon hacking attempts
L 09/05/2013 - 11:20:27: Addip: "<><><>" was banned by IP "permanently" by "Console" (IP "66.199.234.66")
Banning 66.199.234.66 for rcon hacking attempts
L 09/05/2013 - 11:35:06: Addip: "<><><>" was banned by IP "permanently" by "Console" (IP "66.199.234.66")
Banning 66.199.234.66 for rcon hacking attempts
L 09/05/2013 - 12:17:20: Addip: "<><><>" was banned by IP "permanently" by "Console" (IP "66.199.234.66")
Banning 66.199.234.66 for rcon hacking attempts
L 09/05/2013 - 12:33:48: Addip: "<><><>" was banned by IP "permanently" by "Console" (IP "66.199.234.66")
-> Reservation cookie 18600007d0addad:  reason ReplyReservationRequest
>>>>>>> 17d9fc13edd57280f34934e5cca54135a016d5fe
ApplyGameSettings: Map ar_baggage not part of Mapgroup mg_bomb
ApplyGameSettings: MapGroup mg_bomb not part of type gungame mode gungameprogressive
Executing server command:
mapgroup mg_bomb
nextlevel ar_baggage
map ar_baggage reserved

---
Setting mapgroup to 'mg_bomb'
<<<<<<< HEAD
L 09/13/2013 - 15:09:13: server_cvar: "nextlevel" "ar_baggage"
L 09/13/2013 - 15:09:13: [META] Loaded 0 plugins (1 already loaded)
---- Host_Changelevel ----
L 09/13/2013 - 15:09:13: [META] Loaded 0 plugins (1 already loaded)
*** Map Load: ar_baggage: Map Group mg_bombL 09/13/2013 - 15:09:13: Loading map "ar_baggage"
L 09/13/2013 - 15:09:13: server cvars start
L 09/13/2013 - 15:09:13: "cash_player_killed_teammate" = "0"
L 09/13/2013 - 15:09:13: "sv_maxspeed" = "320"
L 09/13/2013 - 15:09:13: "cash_player_respawn_amount" = "0"
L 09/13/2013 - 15:09:13: "cash_team_rescued_hostage" = "0"
L 09/13/2013 - 15:09:13: "cash_team_win_by_defusing_bomb" = "0"
L 09/13/2013 - 15:09:13: "sv_rollangle" = "0"
L 09/13/2013 - 15:09:13: "r_AirboatViewZHeight" = "0.0"
L 09/13/2013 - 15:09:13: "sv_cheats" = "0"
L 09/13/2013 - 15:09:13: "r_VehicleViewDampen" = "1"
L 09/13/2013 - 15:09:13: "sm_stats_displaymode" = "0"
L 09/13/2013 - 15:09:13: "metamod_version" = "1.10.0-devV"
L 09/13/2013 - 15:09:13: "mp_allowNPCs" = "1"
L 09/13/2013 - 15:09:13: "mp_tournament" = "0"
L 09/13/2013 - 15:09:13: "sv_spec_hear" = "1"
L 09/13/2013 - 15:09:13: "cash_player_interact_with_hostage" = "0"
L 09/13/2013 - 15:09:13: "mp_flashlight" = "0"
L 09/13/2013 - 15:09:13: "mp_maxrounds" = "10"
L 09/13/2013 - 15:09:13: "sv_tags" = ""
L 09/13/2013 - 15:09:13: "sv_stepsize" = "18"
L 09/13/2013 - 15:09:13: "mp_teamlist" = "hgrunt;scientist"
L 09/13/2013 - 15:09:13: "sv_alltalk" = "1"
L 09/13/2013 - 15:09:13: "mp_footsteps" = "1"
L 09/13/2013 - 15:09:13: "sv_noclipaccelerate" = "5"
L 09/13/2013 - 15:09:13: "sv_wateraccelerate" = "10"
L 09/13/2013 - 15:09:13: "mp_autocrosshair" = "1"
L 09/13/2013 - 15:09:13: "mp_stalemate_enable" = "0"
L 09/13/2013 - 15:09:13: "sourcemod_version" = "1.5.0-dev+3755"
L 09/13/2013 - 15:09:13: "cash_team_elimination_bomb_map" = "0"
L 09/13/2013 - 15:09:13: "cash_player_get_killed" = "0"
L 09/13/2013 - 15:09:13: "mp_roundtime_defuse" = "0"
L 09/13/2013 - 15:09:13: "sv_autobuyammo" = "1"
L 09/13/2013 - 15:09:13: "sv_rollspeed" = "200"
L 09/13/2013 - 15:09:13: "sv_airaccelerate" = "10"
L 09/13/2013 - 15:09:13: "mp_teams_unbalance_limit" = "1"
L 09/13/2013 - 15:09:13: "mp_timelimit" = "30"
L 09/13/2013 - 15:09:13: "cash_team_loser_bonus" = "0"
L 09/13/2013 - 15:09:13: "sv_deadtalk" = "1"
L 09/13/2013 - 15:09:13: "sm_stats_startpoints" = "1000"
L 09/13/2013 - 15:09:13: "cash_player_rescued_hostage" = "0"
L 09/13/2013 - 15:09:13: "sv_waterfriction" = "1"
L 09/13/2013 - 15:09:13: "sv_competitive_official_5v5" = "0"
L 09/13/2013 - 15:09:13: "sv_steamgroup" = ""
L 09/13/2013 - 15:09:13: "cash_player_killed_enemy_default" = "0"
L 09/13/2013 - 15:09:13: "coop" = "0"
L 09/13/2013 - 15:09:13: "mp_respawnwavetime" = "10.0"
L 09/13/2013 - 15:09:13: "sm_stats_version" = "1.0.12"
L 09/13/2013 - 15:09:13: "nextlevel" = "ar_baggage"
L 09/13/2013 - 15:09:13: "sv_stopspeed" = "75"
L 09/13/2013 - 15:09:13: "sv_specaccelerate" = "5"
L 09/13/2013 - 15:09:13: "deathmatch" = "1"
L 09/13/2013 - 15:09:13: "tv_enable" = "1"
L 09/13/2013 - 15:09:13: "mp_falldamage" = "0"
L 09/13/2013 - 15:09:13: "mp_teammates_are_enemies" = "0"
L 09/13/2013 - 15:09:13: "mp_roundtime_hostage" = "0"
L 09/13/2013 - 15:09:13: "mp_freezetime" = "6"
L 09/13/2013 - 15:09:13: "sv_accelerate_use_weapon_speed" = "0"
L 09/13/2013 - 15:09:13: "sv_voiceenable" = "1"
L 09/13/2013 - 15:09:13: "sv_bounce" = "0"
L 09/13/2013 - 15:09:13: "r_AirboatViewDampenFreq" = "7.0"
L 09/13/2013 - 15:09:13: "mp_disable_respawn_times" = "0"
L 09/13/2013 - 15:09:13: "mp_weaponstay" = "0"
L 09/13/2013 - 15:09:13: "mp_hostagepenalty" = "10"
L 09/13/2013 - 15:09:13: "tv_advertise_watchable" = "0"
L 09/13/2013 - 15:09:13: "mp_friendlyfire" = "1"
L 09/13/2013 - 15:09:13: "sv_noclipspeed" = "5"
L 09/13/2013 - 15:09:13: "cash_team_hostage_interaction" = "0"
L 09/13/2013 - 15:09:13: "sv_allchat" = "1"
L 09/13/2013 - 15:09:13: "cash_team_win_by_time_running_out_bomb" = "0"
L 09/13/2013 - 15:09:13: "mp_buy_during_immunity" = "0"
L 09/13/2013 - 15:09:13: "cash_player_killed_enemy_factor" = "0"
L 09/13/2013 - 15:09:13: "r_JeepViewDampenDamp" = "1.0"
L 09/13/2013 - 15:09:13: "mp_c4timer" = "45"
L 09/13/2013 - 15:09:13: "r_AirboatViewDampenDamp" = "1.0"
L 09/13/2013 - 15:09:13: "sv_competitive_minspec" = "1"
L 09/13/2013 - 15:09:13: "sm_nextmap" = ""
L 09/13/2013 - 15:09:13: "mp_stalemate_at_timelimit" = "0"
L 09/13/2013 - 15:09:13: "sv_footsteps" = "1"
L 09/13/2013 - 15:09:13: "mp_limitteams" = "0"
L 09/13/2013 - 15:09:13: "sm_stats_enabled" = "1"
L 09/13/2013 - 15:09:13: "sv_vote_issue_kick_allowed" = "1"
L 09/13/2013 - 15:09:13: "tv_relaypassword" = ""
L 09/13/2013 - 15:09:13: "mp_teamplay" = "0"
L 09/13/2013 - 15:09:13: "cash_team_terrorist_win_bomb" = "0"
L 09/13/2013 - 15:09:13: "cash_team_elimination_hostage_map_t" = "0"
L 09/13/2013 - 15:09:13: "r_JeepViewDampenFreq" = "7.0"
L 09/13/2013 - 15:09:13: "sv_specnoclip" = "1"
L 09/13/2013 - 15:09:13: "sv_friction" = "4.8"
L 09/13/2013 - 15:09:13: "cash_team_win_by_time_running_out_hostage" = "0"
L 09/13/2013 - 15:09:13: "cash_player_bomb_planted" = "0"
L 09/13/2013 - 15:09:13: "mp_autoteambalance" = "0"
L 09/13/2013 - 15:09:13: "sv_contact" = ""
L 09/13/2013 - 15:09:13: "sv_vote_kick_ban_duration" = "15"
L 09/13/2013 - 15:09:13: "cash_player_bomb_defused" = "0"
L 09/13/2013 - 15:09:13: "mp_roundtime" = "30"
L 09/13/2013 - 15:09:13: "sv_kick_ban_duration" = "15"
L 09/13/2013 - 15:09:13: "cash_team_planted_bomb_but_defused" = "0"
L 09/13/2013 - 15:09:13: "cash_player_killed_hostage" = "0"
L 09/13/2013 - 15:09:13: "mp_fraglimit" = "0"
L 09/13/2013 - 15:09:13: "mp_forcerespawn" = "1"
L 09/13/2013 - 15:09:13: "decalfrequency" = "10"
L 09/13/2013 - 15:09:13: "mp_buy_anywhere" = "0"
L 09/13/2013 - 15:09:13: "sv_accelerate" = "5.6"
L 09/13/2013 - 15:09:13: "mp_winlimit" = "0"
L 09/13/2013 - 15:09:13: "sv_gravity" = "800"
L 09/13/2013 - 15:09:13: "sv_password" = "battle2011"
L 09/13/2013 - 15:09:13: "cash_team_elimination_hostage_map_ct" = "0"
L 09/13/2013 - 15:09:13: "cash_team_win_by_hostage_rescue" = "0"
L 09/13/2013 - 15:09:13: "r_JeepViewZHeight" = "10.0"
L 09/13/2013 - 15:09:13: "cash_team_loser_bonus_consecutive_rounds" = "0"
L 09/13/2013 - 15:09:13: "cash_player_damage_hostage" = "0"
L 09/13/2013 - 15:09:13: "cash_team_hostage_alive" = "0"
L 09/13/2013 - 15:09:13: "tv_password" = "battle2011"
L 09/13/2013 - 15:09:13: "sv_specspeed" = "3"
L 09/13/2013 - 15:09:13: server cvars end
L 09/13/2013 - 15:09:13: Started map "ar_baggage" (CRC "-1458358218")
L 09/13/2013 - 15:09:13: -------- Mapchange to ar_baggage --------
=======
L 09/05/2013 - 12:39:29: server_cvar: "nextlevel" "ar_baggage"
Server waking up from hibernation
L 09/05/2013 - 12:39:29: World triggered "Round_Start"
L 09/05/2013 - 12:39:29: World triggered "SFUI_Notice_Round_Draw" (CT "0") (T "0")
L 09/05/2013 - 12:39:29: Team "CT" scored "0" with "0" players
L 09/05/2013 - 12:39:29: Team "TERRORIST" scored "0" with "0" players
L 09/05/2013 - 12:39:29: World triggered "Round_End"
L 09/05/2013 - 12:39:29: World triggered "Intermission_Time_Limit"
Going to intermission...
L 09/05/2013 - 12:39:29: [META] Loaded 0 plugins (1 already loaded)
---- Host_Changelevel ----
L 09/05/2013 - 12:39:29: [META] Loaded 0 plugins (1 already loaded)
*** Map Load: ar_baggage: Map Group mg_bombL 09/05/2013 - 12:39:29: Loading map "ar_baggage"
L 09/05/2013 - 12:39:29: server cvars start
L 09/05/2013 - 12:39:29: "cash_player_killed_teammate" = "0"
L 09/05/2013 - 12:39:29: "sv_maxspeed" = "320"
L 09/05/2013 - 12:39:29: "cash_player_respawn_amount" = "0"
L 09/05/2013 - 12:39:29: "cash_team_rescued_hostage" = "0"
L 09/05/2013 - 12:39:29: "cash_team_win_by_defusing_bomb" = "0"
L 09/05/2013 - 12:39:29: "sv_rollangle" = "0"
L 09/05/2013 - 12:39:29: "r_AirboatViewZHeight" = "0.0"
L 09/05/2013 - 12:39:29: "sv_cheats" = "0"
L 09/05/2013 - 12:39:29: "r_VehicleViewDampen" = "1"
L 09/05/2013 - 12:39:29: "sm_stats_displaymode" = "0"
L 09/05/2013 - 12:39:29: "metamod_version" = "1.10.0-devV"
L 09/05/2013 - 12:39:29: "mp_allowNPCs" = "1"
L 09/05/2013 - 12:39:29: "mp_tournament" = "0"
L 09/05/2013 - 12:39:29: "sv_spec_hear" = "1"
L 09/05/2013 - 12:39:29: "cash_player_interact_with_hostage" = "0"
L 09/05/2013 - 12:39:29: "mp_flashlight" = "0"
L 09/05/2013 - 12:39:29: "mp_maxrounds" = "10"
L 09/05/2013 - 12:39:29: "sv_tags" = ""
L 09/05/2013 - 12:39:29: "sv_stepsize" = "18"
L 09/05/2013 - 12:39:29: "mp_teamlist" = "hgrunt;scientist"
L 09/05/2013 - 12:39:29: "sv_alltalk" = "1"
L 09/05/2013 - 12:39:29: "mp_footsteps" = "1"
L 09/05/2013 - 12:39:29: "sv_noclipaccelerate" = "5"
L 09/05/2013 - 12:39:29: "sv_wateraccelerate" = "10"
L 09/05/2013 - 12:39:29: "mp_autocrosshair" = "1"
L 09/05/2013 - 12:39:29: "mp_stalemate_enable" = "0"
L 09/05/2013 - 12:39:29: "sourcemod_version" = "1.5.0-dev+3755"
L 09/05/2013 - 12:39:29: "cash_team_elimination_bomb_map" = "0"
L 09/05/2013 - 12:39:29: "cash_player_get_killed" = "0"
L 09/05/2013 - 12:39:29: "mp_roundtime_defuse" = "0"
L 09/05/2013 - 12:39:29: "sv_autobuyammo" = "1"
L 09/05/2013 - 12:39:29: "sv_rollspeed" = "200"
L 09/05/2013 - 12:39:29: "sv_airaccelerate" = "10"
L 09/05/2013 - 12:39:29: "mp_teams_unbalance_limit" = "1"
L 09/05/2013 - 12:39:29: "mp_timelimit" = "30"
L 09/05/2013 - 12:39:29: "cash_team_loser_bonus" = "0"
L 09/05/2013 - 12:39:29: "sv_deadtalk" = "1"
L 09/05/2013 - 12:39:29: "sm_stats_startpoints" = "1000"
L 09/05/2013 - 12:39:29: "cash_player_rescued_hostage" = "0"
L 09/05/2013 - 12:39:29: "sv_waterfriction" = "1"
L 09/05/2013 - 12:39:29: "sv_competitive_official_5v5" = "0"
L 09/05/2013 - 12:39:29: "sv_steamgroup" = ""
L 09/05/2013 - 12:39:29: "cash_player_killed_enemy_default" = "0"
L 09/05/2013 - 12:39:29: "coop" = "0"
L 09/05/2013 - 12:39:29: "mp_respawnwavetime" = "10.0"
L 09/05/2013 - 12:39:29: "sm_stats_version" = "1.0.12"
L 09/05/2013 - 12:39:29: "nextlevel" = "ar_baggage"
L 09/05/2013 - 12:39:29: "sv_stopspeed" = "75"
L 09/05/2013 - 12:39:29: "sv_specaccelerate" = "5"
L 09/05/2013 - 12:39:29: "deathmatch" = "1"
L 09/05/2013 - 12:39:29: "tv_enable" = "1"
L 09/05/2013 - 12:39:29: "mp_falldamage" = "0"
L 09/05/2013 - 12:39:29: "mp_teammates_are_enemies" = "0"
L 09/05/2013 - 12:39:29: "mp_roundtime_hostage" = "0"
L 09/05/2013 - 12:39:29: "mp_freezetime" = "6"
L 09/05/2013 - 12:39:29: "sv_accelerate_use_weapon_speed" = "0"
L 09/05/2013 - 12:39:29: "sv_voiceenable" = "1"
L 09/05/2013 - 12:39:29: "sv_bounce" = "0"
L 09/05/2013 - 12:39:29: "r_AirboatViewDampenFreq" = "7.0"
L 09/05/2013 - 12:39:29: "mp_disable_respawn_times" = "0"
L 09/05/2013 - 12:39:29: "mp_weaponstay" = "0"
L 09/05/2013 - 12:39:29: "mp_hostagepenalty" = "10"
L 09/05/2013 - 12:39:29: "tv_advertise_watchable" = "0"
L 09/05/2013 - 12:39:29: "mp_friendlyfire" = "1"
L 09/05/2013 - 12:39:29: "sv_noclipspeed" = "5"
L 09/05/2013 - 12:39:29: "cash_team_hostage_interaction" = "0"
L 09/05/2013 - 12:39:29: "sv_allchat" = "1"
L 09/05/2013 - 12:39:29: "cash_team_win_by_time_running_out_bomb" = "0"
L 09/05/2013 - 12:39:29: "mp_buy_during_immunity" = "0"
L 09/05/2013 - 12:39:29: "cash_player_killed_enemy_factor" = "0"
L 09/05/2013 - 12:39:29: "r_JeepViewDampenDamp" = "1.0"
L 09/05/2013 - 12:39:29: "mp_c4timer" = "45"
L 09/05/2013 - 12:39:29: "r_AirboatViewDampenDamp" = "1.0"
L 09/05/2013 - 12:39:29: "sv_competitive_minspec" = "1"
L 09/05/2013 - 12:39:29: "sm_nextmap" = ""
L 09/05/2013 - 12:39:29: "mp_stalemate_at_timelimit" = "0"
L 09/05/2013 - 12:39:29: "sv_footsteps" = "1"
L 09/05/2013 - 12:39:29: "mp_limitteams" = "0"
L 09/05/2013 - 12:39:29: "sm_stats_enabled" = "1"
L 09/05/2013 - 12:39:29: "sv_vote_issue_kick_allowed" = "1"
L 09/05/2013 - 12:39:29: "tv_relaypassword" = ""
L 09/05/2013 - 12:39:29: "mp_teamplay" = "0"
L 09/05/2013 - 12:39:29: "cash_team_terrorist_win_bomb" = "0"
L 09/05/2013 - 12:39:29: "cash_team_elimination_hostage_map_t" = "0"
L 09/05/2013 - 12:39:29: "r_JeepViewDampenFreq" = "7.0"
L 09/05/2013 - 12:39:29: "sv_specnoclip" = "1"
L 09/05/2013 - 12:39:29: "sv_friction" = "4.8"
L 09/05/2013 - 12:39:29: "cash_team_win_by_time_running_out_hostage" = "0"
L 09/05/2013 - 12:39:29: "cash_player_bomb_planted" = "0"
L 09/05/2013 - 12:39:29: "mp_autoteambalance" = "0"
L 09/05/2013 - 12:39:29: "sv_contact" = ""
L 09/05/2013 - 12:39:29: "sv_vote_kick_ban_duration" = "15"
L 09/05/2013 - 12:39:29: "cash_player_bomb_defused" = "0"
L 09/05/2013 - 12:39:29: "mp_roundtime" = "30"
L 09/05/2013 - 12:39:29: "sv_kick_ban_duration" = "15"
L 09/05/2013 - 12:39:29: "cash_team_planted_bomb_but_defused" = "0"
L 09/05/2013 - 12:39:29: "cash_player_killed_hostage" = "0"
L 09/05/2013 - 12:39:29: "mp_fraglimit" = "0"
L 09/05/2013 - 12:39:29: "mp_forcerespawn" = "1"
L 09/05/2013 - 12:39:29: "decalfrequency" = "10"
L 09/05/2013 - 12:39:29: "mp_buy_anywhere" = "0"
L 09/05/2013 - 12:39:29: "sv_accelerate" = "5.6"
L 09/05/2013 - 12:39:29: "mp_winlimit" = "0"
L 09/05/2013 - 12:39:29: "sv_gravity" = "800"
L 09/05/2013 - 12:39:29: "sv_password" = "battle2011"
L 09/05/2013 - 12:39:29: "cash_team_elimination_hostage_map_ct" = "0"
L 09/05/2013 - 12:39:29: "cash_team_win_by_hostage_rescue" = "0"
L 09/05/2013 - 12:39:29: "r_JeepViewZHeight" = "10.0"
L 09/05/2013 - 12:39:29: "cash_team_loser_bonus_consecutive_rounds" = "0"
L 09/05/2013 - 12:39:29: "cash_player_damage_hostage" = "0"
L 09/05/2013 - 12:39:29: "cash_team_hostage_alive" = "0"
L 09/05/2013 - 12:39:29: "tv_password" = "battle2011"
L 09/05/2013 - 12:39:29: "sv_specspeed" = "3"
L 09/05/2013 - 12:39:29: server cvars end
L 09/05/2013 - 12:39:30: Started map "ar_baggage" (CRC "-1458358218")
L 09/05/2013 - 12:39:30: -------- Mapchange to ar_baggage --------
>>>>>>> 17d9fc13edd57280f34934e5cca54135a016d5fe
GameTypes: initializing game types interface from GameModes.txt.
GameTypes: merging game types interface from gamemodes_server.txt.
GameTypes: missing mapgroupsSP entry for game type/mode (custom/custom).
bot_autodifficulty_threshold_high - 2.0
bot_autodifficulty_threshold_low - -6.0
bot_chatter - normal
bot_defer_to_human_goals - 0
bot_defer_to_human_items - 1
bot_difficulty - 1
bot_quota - 10
bot_quota_mode - normal
bot_allow_grenades - 1
bot_allow_pistols - 1
bot_allow_sub_machine_guns - 1
bot_allow_shotguns - 1
bot_allow_rifles - 1
bot_allow_snipers - 1
bot_allow_machine_guns - 1
mp_playercashawards - 1
<<<<<<< HEAD
L 09/13/2013 - 15:09:13: server_cvar: "cash_player_bomb_defused" "300"
cash_player_bomb_defused - 300
L 09/13/2013 - 15:09:13: server_cvar: "cash_player_bomb_planted" "300"
cash_player_bomb_planted - 300
L 09/13/2013 - 15:09:13: server_cvar: "cash_player_damage_hostage" "-30"
cash_player_damage_hostage - -30
L 09/13/2013 - 15:09:13: server_cvar: "cash_player_interact_with_hostage" "150"
cash_player_interact_with_hostage - 150
L 09/13/2013 - 15:09:13: server_cvar: "cash_player_killed_enemy_default" "300"
cash_player_killed_enemy_default - 300
L 09/13/2013 - 15:09:13: server_cvar: "cash_player_killed_enemy_factor" "1"
cash_player_killed_enemy_factor - 1
L 09/13/2013 - 15:09:13: server_cvar: "cash_player_killed_hostage" "-1000"
cash_player_killed_hostage - -1000
L 09/13/2013 - 15:09:13: server_cvar: "cash_player_killed_teammate" "-3300"
cash_player_killed_teammate - -3300
L 09/13/2013 - 15:09:13: server_cvar: "cash_player_rescued_hostage" "1000"
=======
L 09/05/2013 - 12:39:30: server_cvar: "cash_player_bomb_defused" "300"
cash_player_bomb_defused - 300
L 09/05/2013 - 12:39:30: server_cvar: "cash_player_bomb_planted" "300"
cash_player_bomb_planted - 300
L 09/05/2013 - 12:39:30: server_cvar: "cash_player_damage_hostage" "-30"
cash_player_damage_hostage - -30
L 09/05/2013 - 12:39:30: server_cvar: "cash_player_interact_with_hostage" "150"
cash_player_interact_with_hostage - 150
L 09/05/2013 - 12:39:30: server_cvar: "cash_player_killed_enemy_default" "300"
cash_player_killed_enemy_default - 300
L 09/05/2013 - 12:39:30: server_cvar: "cash_player_killed_enemy_factor" "1"
cash_player_killed_enemy_factor - 1
L 09/05/2013 - 12:39:30: server_cvar: "cash_player_killed_hostage" "-1000"
cash_player_killed_hostage - -1000
L 09/05/2013 - 12:39:30: server_cvar: "cash_player_killed_teammate" "-3300"
cash_player_killed_teammate - -3300
L 09/05/2013 - 12:39:30: server_cvar: "cash_player_rescued_hostage" "1000"
>>>>>>> 17d9fc13edd57280f34934e5cca54135a016d5fe
cash_player_rescued_hostage - 1000
cash_player_respawn_amount - 0
cash_player_get_killed - 0
mp_teamcashawards - 1
<<<<<<< HEAD
L 09/13/2013 - 15:09:13: server_cvar: "cash_team_elimination_bomb_map" "3250"
cash_team_elimination_bomb_map - 3250
L 09/13/2013 - 15:09:13: server_cvar: "cash_team_elimination_hostage_map_t" "1000"
cash_team_elimination_hostage_map_t - 1000
L 09/13/2013 - 15:09:13: server_cvar: "cash_team_elimination_hostage_map_ct" "2000"
cash_team_elimination_hostage_map_ct - 2000
cash_team_hostage_alive - 0
L 09/13/2013 - 15:09:13: server_cvar: "cash_team_hostage_interaction" "500"
cash_team_hostage_interaction - 500
L 09/13/2013 - 15:09:13: server_cvar: "cash_team_loser_bonus" "1400"
cash_team_loser_bonus - 1400
L 09/13/2013 - 15:09:13: server_cvar: "cash_team_loser_bonus_consecutive_rounds" "500"
cash_team_loser_bonus_consecutive_rounds - 500
L 09/13/2013 - 15:09:13: server_cvar: "cash_team_planted_bomb_but_defused" "800"
cash_team_planted_bomb_but_defused - 800
cash_team_rescued_hostage - 0
L 09/13/2013 - 15:09:13: server_cvar: "cash_team_terrorist_win_bomb" "3500"
cash_team_terrorist_win_bomb - 3500
L 09/13/2013 - 15:09:13: server_cvar: "cash_team_win_by_defusing_bomb" "3250"
cash_team_win_by_defusing_bomb - 3250
L 09/13/2013 - 15:09:13: server_cvar: "cash_team_win_by_hostage_rescue" "3500"
cash_team_win_by_hostage_rescue - 3500
L 09/13/2013 - 15:09:13: server_cvar: "cash_team_win_by_time_running_out_bomb" "3250"
cash_team_win_by_time_running_out_bomb - 3250
L 09/13/2013 - 15:09:13: server_cvar: "cash_team_win_by_time_running_out_hostage" "3250"
=======
L 09/05/2013 - 12:39:30: server_cvar: "cash_team_elimination_bomb_map" "3250"
cash_team_elimination_bomb_map - 3250
L 09/05/2013 - 12:39:30: server_cvar: "cash_team_elimination_hostage_map_t" "1000"
cash_team_elimination_hostage_map_t - 1000
L 09/05/2013 - 12:39:30: server_cvar: "cash_team_elimination_hostage_map_ct" "2000"
cash_team_elimination_hostage_map_ct - 2000
cash_team_hostage_alive - 0
L 09/05/2013 - 12:39:30: server_cvar: "cash_team_hostage_interaction" "500"
cash_team_hostage_interaction - 500
L 09/05/2013 - 12:39:30: server_cvar: "cash_team_loser_bonus" "1400"
cash_team_loser_bonus - 1400
L 09/05/2013 - 12:39:30: server_cvar: "cash_team_loser_bonus_consecutive_rounds" "500"
cash_team_loser_bonus_consecutive_rounds - 500
L 09/05/2013 - 12:39:30: server_cvar: "cash_team_planted_bomb_but_defused" "800"
cash_team_planted_bomb_but_defused - 800
cash_team_rescued_hostage - 0
L 09/05/2013 - 12:39:30: server_cvar: "cash_team_terrorist_win_bomb" "3500"
cash_team_terrorist_win_bomb - 3500
L 09/05/2013 - 12:39:30: server_cvar: "cash_team_win_by_defusing_bomb" "3250"
cash_team_win_by_defusing_bomb - 3250
L 09/05/2013 - 12:39:30: server_cvar: "cash_team_win_by_hostage_rescue" "3500"
cash_team_win_by_hostage_rescue - 3500
L 09/05/2013 - 12:39:30: server_cvar: "cash_team_win_by_time_running_out_bomb" "3250"
cash_team_win_by_time_running_out_bomb - 3250
L 09/05/2013 - 12:39:30: server_cvar: "cash_team_win_by_time_running_out_hostage" "3250"
>>>>>>> 17d9fc13edd57280f34934e5cca54135a016d5fe
cash_team_win_by_time_running_out_hostage - 3250
mp_afterroundmoney - 0
mp_buytime - 90
mp_buy_anywhere - 0
mp_buy_during_immunity - 0
mp_startmoney - 800
mp_maxmoney - 16000
mp_death_drop_defuser - 1
mp_death_drop_grenade - 2
mp_death_drop_gun - 1
mp_deathcam_skippable - 1
mp_defuser_allocation - 0
mp_give_player_c4 - 1
mp_free_armor - 0
mp_molotovusedelay - 15.0
mp_weapons_allow_zeus - 1
mp_weapons_allow_map_placed - 0
mp_weapons_glow_on_ground - 0
mp_ct_default_melee - weapon_knife
mp_ct_default_secondary - weapon_hkp2000
mp_ct_default_primary - 
mp_ct_default_grenades - 
mp_t_default_melee - weapon_knife
mp_t_default_secondary - weapon_glock
mp_t_default_primary - 
mp_t_default_grenades - 
mp_buy_allow_grenades - 1
mp_freezetime - 6
mp_force_pick_time - 15
mp_halftime - 0
mp_match_can_clinch - 1
<<<<<<< HEAD
L 09/13/2013 - 15:09:13: server_cvar: "mp_maxrounds" "0"
mp_maxrounds - 0
L 09/13/2013 - 15:09:13: server_cvar: "mp_roundtime" "5"
mp_roundtime - 5
mp_roundtime_defuse - 0
mp_roundtime_hostage - 0
L 09/13/2013 - 15:09:13: server_cvar: "mp_timelimit" "5"
=======
L 09/05/2013 - 12:39:30: server_cvar: "mp_maxrounds" "0"
mp_maxrounds - 0
L 09/05/2013 - 12:39:30: server_cvar: "mp_roundtime" "5"
mp_roundtime - 5
mp_roundtime_defuse - 0
mp_roundtime_hostage - 0
L 09/05/2013 - 12:39:30: server_cvar: "mp_timelimit" "5"
>>>>>>> 17d9fc13edd57280f34934e5cca54135a016d5fe
mp_timelimit - 5
mp_warmuptime - 30
mp_warmup_pausetimer - 0
mp_halftime_pausetimer - 0
mp_default_team_winner_no_objective - -1
mp_hostagepenalty - 10
mp_solid_teammates - 1
sv_allow_votes - 1
<<<<<<< HEAD
L 09/13/2013 - 15:09:13: server_cvar: "sv_alltalk" "0"
sv_alltalk - 0
L 09/13/2013 - 15:09:13: server_cvar: "sv_deadtalk" "0"
=======
L 09/05/2013 - 12:39:30: server_cvar: "sv_alltalk" "0"
sv_alltalk - 0
L 09/05/2013 - 12:39:30: server_cvar: "sv_deadtalk" "0"
>>>>>>> 17d9fc13edd57280f34934e5cca54135a016d5fe
sv_deadtalk - 0
sv_ignoregrenaderadio - 0
mp_teammates_are_enemies - 0
mp_damage_scale_ct_body - 1.0
mp_damage_scale_ct_head - 1.0
mp_damage_scale_t_body - 1.0
mp_damage_scale_t_head - 1.0
<<<<<<< HEAD
L 09/13/2013 - 15:09:13: server_cvar: "mp_friendlyfire" "0"
=======
L 09/05/2013 - 12:39:30: server_cvar: "mp_friendlyfire" "0"
>>>>>>> 17d9fc13edd57280f34934e5cca54135a016d5fe
mp_friendlyfire - 0
ff_damage_reduction_bullets - 0.1
ff_damage_reduction_grenade - 0.25
ff_damage_reduction_grenade_self - 1
ff_damage_reduction_other - 0.25
<<<<<<< HEAD
L 09/13/2013 - 15:09:13: server_cvar: "mp_limitteams" "2"
=======
L 09/05/2013 - 12:39:30: server_cvar: "mp_limitteams" "2"
>>>>>>> 17d9fc13edd57280f34934e5cca54135a016d5fe
mp_limitteams - 2
spec_freeze_panel_extended_time - 0.0
spec_freeze_time - 5.0
mp_forcecamera - 1
mp_respawn_immunitytime - 4.0
mp_respawn_on_death_t - 0
mp_respawn_on_death_ct - 0
mp_display_kill_assists - 1
mp_use_respawn_waves - 0
mp_respawnwavetime_ct - 10.0
mp_respawnwavetime_t - 10.0
mp_randomspawn - 0
mp_randomspawn_los - 1
mp_radar_showall - 0
sv_gravity - 800
sv_accelerate - 5.6
sv_stopspeed - 75
sv_airaccelerate - 10
sv_wateraccelerate - 10
sv_waterfriction - 1
sv_friction - 4.8
sv_bounce - 0
sv_maxvelocity - 3500
sv_maxspeed - 320
mp_ggprogressive_round_restart_delay - 15.0
mp_ggtr_bomb_defuse_bonus - 1.0
mp_ggtr_bomb_detonation_bonus - 1.0
mp_ggtr_bomb_pts_for_flash - 4
mp_ggtr_bomb_pts_for_he - 3
mp_ggtr_bomb_pts_for_molotov - 5
mp_ggtr_bomb_pts_for_upgrade - 2.0
mp_ggtr_bomb_respawn_delay - 0.0
mp_ggtr_end_round_kill_bonus - 1
mp_ggtr_halftime_delay - 0.0
mp_ggtr_last_weapon_kill_ends_half - 0
sv_arms_race_vote_to_restart_disallowed_after - 0
Executing dedicated server config file
<<<<<<< HEAD
L 09/13/2013 - 15:09:13: server_cvar: "nextlevel" ""
Server logging enabled.
L 09/13/2013 - 15:09:13: server_cvar: "mp_freezetime" "0"
L 09/13/2013 - 15:09:13: server_cvar: "mp_limitteams" "0"
maxplayers set to 64
L 09/13/2013 - 15:09:13: server_cvar: "cash_player_bomb_defused" "0"
L 09/13/2013 - 15:09:13: server_cvar: "cash_player_bomb_planted" "0"
L 09/13/2013 - 15:09:13: server_cvar: "cash_player_damage_hostage" "0"
L 09/13/2013 - 15:09:13: server_cvar: "cash_player_interact_with_hostage" "0"
L 09/13/2013 - 15:09:13: server_cvar: "cash_player_killed_enemy_default" "0"
L 09/13/2013 - 15:09:13: server_cvar: "cash_player_killed_enemy_factor" "0"
L 09/13/2013 - 15:09:13: server_cvar: "cash_player_killed_hostage" "0"
L 09/13/2013 - 15:09:13: server_cvar: "cash_player_killed_teammate" "0"
L 09/13/2013 - 15:09:13: server_cvar: "cash_player_rescued_hostage" "0"
L 09/13/2013 - 15:09:13: server_cvar: "cash_team_elimination_bomb_map" "0"
L 09/13/2013 - 15:09:13: server_cvar: "cash_team_elimination_hostage_map_t" "0"
L 09/13/2013 - 15:09:13: server_cvar: "cash_team_elimination_hostage_map_ct" "0"
L 09/13/2013 - 15:09:13: server_cvar: "cash_team_hostage_interaction" "0"
L 09/13/2013 - 15:09:13: server_cvar: "cash_team_loser_bonus" "0"
L 09/13/2013 - 15:09:13: server_cvar: "cash_team_loser_bonus_consecutive_rounds" "0"
L 09/13/2013 - 15:09:13: server_cvar: "cash_team_planted_bomb_but_defused" "0"
L 09/13/2013 - 15:09:13: server_cvar: "cash_team_terrorist_win_bomb" "0"
L 09/13/2013 - 15:09:13: server_cvar: "cash_team_win_by_defusing_bomb" "0"
L 09/13/2013 - 15:09:13: server_cvar: "cash_team_win_by_hostage_rescue" "0"
L 09/13/2013 - 15:09:13: server_cvar: "cash_team_win_by_time_running_out_bomb" "0"
L 09/13/2013 - 15:09:13: server_cvar: "cash_team_win_by_time_running_out_hostage" "0"
Unknown command "mp_deathcam_skippable"
L 09/13/2013 - 15:09:13: server_cvar: "mp_freezetime" "6"
L 09/13/2013 - 15:09:13: server_cvar: "mp_friendlyfire" "1"
L 09/13/2013 - 15:09:13: server_cvar: "mp_maxrounds" "10"
L 09/13/2013 - 15:09:13: server_cvar: "mp_roundtime" "30"
L 09/13/2013 - 15:09:13: server_cvar: "mp_timelimit" "30"
L 09/13/2013 - 15:09:13: server_cvar: "sv_alltalk" "1"
L 09/13/2013 - 15:09:13: server_cvar: "sv_deadtalk" "1"
=======
L 09/05/2013 - 12:39:30: server_cvar: "nextlevel" ""
Server logging enabled.
L 09/05/2013 - 12:39:30: server_cvar: "mp_freezetime" "0"
L 09/05/2013 - 12:39:30: server_cvar: "mp_limitteams" "0"
maxplayers set to 64
L 09/05/2013 - 12:39:30: server_cvar: "cash_player_bomb_defused" "0"
L 09/05/2013 - 12:39:30: server_cvar: "cash_player_bomb_planted" "0"
L 09/05/2013 - 12:39:30: server_cvar: "cash_player_damage_hostage" "0"
L 09/05/2013 - 12:39:30: server_cvar: "cash_player_interact_with_hostage" "0"
L 09/05/2013 - 12:39:30: server_cvar: "cash_player_killed_enemy_default" "0"
L 09/05/2013 - 12:39:30: server_cvar: "cash_player_killed_enemy_factor" "0"
L 09/05/2013 - 12:39:30: server_cvar: "cash_player_killed_hostage" "0"
L 09/05/2013 - 12:39:30: server_cvar: "cash_player_killed_teammate" "0"
L 09/05/2013 - 12:39:30: server_cvar: "cash_player_rescued_hostage" "0"
L 09/05/2013 - 12:39:30: server_cvar: "cash_team_elimination_bomb_map" "0"
L 09/05/2013 - 12:39:30: server_cvar: "cash_team_elimination_hostage_map_t" "0"
L 09/05/2013 - 12:39:30: server_cvar: "cash_team_elimination_hostage_map_ct" "0"
L 09/05/2013 - 12:39:30: server_cvar: "cash_team_hostage_interaction" "0"
L 09/05/2013 - 12:39:30: server_cvar: "cash_team_loser_bonus" "0"
L 09/05/2013 - 12:39:30: server_cvar: "cash_team_loser_bonus_consecutive_rounds" "0"
L 09/05/2013 - 12:39:30: server_cvar: "cash_team_planted_bomb_but_defused" "0"
L 09/05/2013 - 12:39:30: server_cvar: "cash_team_terrorist_win_bomb" "0"
L 09/05/2013 - 12:39:30: server_cvar: "cash_team_win_by_defusing_bomb" "0"
L 09/05/2013 - 12:39:30: server_cvar: "cash_team_win_by_hostage_rescue" "0"
L 09/05/2013 - 12:39:30: server_cvar: "cash_team_win_by_time_running_out_bomb" "0"
L 09/05/2013 - 12:39:30: server_cvar: "cash_team_win_by_time_running_out_hostage" "0"
Unknown command "mp_deathcam_skippable"
L 09/05/2013 - 12:39:30: server_cvar: "mp_freezetime" "6"
L 09/05/2013 - 12:39:30: server_cvar: "mp_friendlyfire" "1"
L 09/05/2013 - 12:39:30: server_cvar: "mp_maxrounds" "10"
L 09/05/2013 - 12:39:30: server_cvar: "mp_roundtime" "30"
L 09/05/2013 - 12:39:30: server_cvar: "mp_timelimit" "30"
L 09/05/2013 - 12:39:30: server_cvar: "sv_alltalk" "1"
L 09/05/2013 - 12:39:30: server_cvar: "sv_deadtalk" "1"
>>>>>>> 17d9fc13edd57280f34934e5cca54135a016d5fe
exec: couldn't exec gamemode_armsrace_server.cfg
Commentary: Could not find commentary data file 'maps/ar_baggage_commentary.txt'. 
Error parsing BotProfile.db - unknown attribute 'Rank'
Error parsing BotProfile.db - unknown attribute 'Rank'
Error parsing BotProfile.db - unknown attribute 'Rank'
Error parsing BotProfile.db - unknown attribute 'Rank'
Error parsing BotProfile.db - unknown attribute 'Rank'
Error parsing BotProfile.db - unknown attribute 'Rank'
Error parsing BotProfile.db - unknown attribute 'Rank'
Error parsing BotProfile.db - unknown attribute 'Rank'
<<<<<<< HEAD
PutClientInServer: no info_player_start on level
L 09/13/2013 - 15:09:14: "Battle Pro Beta TV GOTV<2><BOT><>" entered the game
GOTV broadcast active.
Server waking up from hibernation
L 09/13/2013 - 15:09:14: "Cuchillin<3><STEAM_1:1:56695116><>" connected, address "186.59.13.26:29347"
Client "Cuchillin" connected (186.59.13.26:29347).
L 09/13/2013 - 15:09:14: [UPDATER] Successfully updated gamedata file "sdktools.games/game.hl2ctf.txt"
L 09/13/2013 - 15:09:14: [UPDATER] Successfully updated gamedata file "core.games/blacklist.plugins.txt"
L 09/13/2013 - 15:09:14: [UPDATER] Successfully updated gamedata file "sm-cstrike.games/game.csgo.txt"
L 09/13/2013 - 15:09:14: [UPDATER] Successfully updated gamedata file "sm-cstrike.games/game.css.txt"
L 09/13/2013 - 15:09:14: [UPDATER] SourceMod has been updated, please reload it or restart your server.
L 09/13/2013 - 15:09:14: World triggered "Round_Start"
L 09/13/2013 - 15:09:16: "Cuchillin<3><STEAM_1:1:56695116><>" STEAM USERID validated
PutClientInServer: no info_player_start on level
L 09/13/2013 - 15:09:32: "Cuchillin<3><STEAM_1:1:56695116><>" entered the game
CreateFragmentsFromFile: 'downloads/1ab72a88.dat' doesn't exist.
L 09/13/2013 - 15:09:37: "Cuchillin<3><STEAM_1:1:56695116><Unassigned>" triggered "clantag" (value "")
L 09/13/2013 - 15:10:23: "Cuchillin<3><STEAM_1:1:56695116>" switched from team <Unassigned> to <CT>
L 09/13/2013 - 15:10:23: "Cuchillin<3><STEAM_1:1:56695116><CT>" triggered "clantag" (value "")
mdlcache.cpp(1917): MDL Cache allocation outside the pool. player/ct_animations.mdl : 32776.
Game will not start until both teams have players.
L 09/13/2013 - 15:37:51: "Cuchillin<3><STEAM_1:1:56695116><CT>" [-216 251 -107] committed suicide with "world"
L 09/13/2013 - 15:43:12: "cmarrero01<4><STEAM_1:1:56372835><>" connected, address "190.15.199.82:49409"
Client "cmarrero01" connected (190.15.199.82:49409).
L 09/13/2013 - 15:43:13: "cmarrero01<4><STEAM_1:1:56372835><>" STEAM USERID validated
CreateFragmentsFromFile: 'downloads/1ab72a88.dat' doesn't exist.
PutClientInServer: no info_player_start on level
L 09/13/2013 - 15:43:55: "cmarrero01<4><STEAM_1:1:56372835><>" entered the game
CreateFragmentsFromFile: 'downloads/1ab72a88.dat' doesn't exist.
CreateFragmentsFromFile: 'downloads/1ab72a88.dat' doesn't exist.
L 09/13/2013 - 15:44:12: "cmarrero01<4><STEAM_1:1:56372835><Unassigned>" triggered "clantag" (value "")
L 09/13/2013 - 15:44:33: "cmarrero01<4><STEAM_1:1:56372835>" switched from team <Unassigned> to <TERRORIST>
L 09/13/2013 - 15:44:35: "cmarrero01<4><STEAM_1:1:56372835><TERRORIST>" triggered "clantag" (value "")
L 09/13/2013 - 15:44:35: World triggered "Game_Commencing"
L 09/13/2013 - 15:44:35: World triggered "Intermission_Time_Limit"
Going to intermission...
CHANGELEVEL: Looking for next level in mapgroup 'mg_bomb'
Looking for next map in mapgroup 'mg_bomb'...
CHANGELEVEL: Choosing map 'de_mirage' (previous was ar_baggage)
L 09/13/2013 - 15:45:06: server_cvar: "nextlevel" "de_train"
CHANGELEVEL: ConVar 'nextlevel' is set, next map will be 'de_train'
CHANGELEVEL: Not changing level, mp_match_end_restart is false, mp_match_end_changelevel is false 
L 09/13/2013 - 15:45:11: "Cuchillin<3><STEAM_1:1:56695116>" switched from team <CT> to <Unassigned>
L 09/13/2013 - 15:45:11: "cmarrero01<4><STEAM_1:1:56372835>" switched from team <TERRORIST> to <Unassigned>
L 09/13/2013 - 15:45:11: server_cvar: "nextlevel" ""
L 09/13/2013 - 15:45:11: "Cuchillin<3><STEAM_1:1:56695116><Unassigned>" triggered "clantag" (value "")
L 09/13/2013 - 15:45:13: "cmarrero01<4><STEAM_1:1:56372835><Unassigned>" triggered "clantag" (value "")
L 09/13/2013 - 15:45:13: World triggered "Round_Start"
L 09/13/2013 - 15:45:14: "cmarrero01<4><STEAM_1:1:56372835>" switched from team <Unassigned> to <TERRORIST>
L 09/13/2013 - 15:45:14: "cmarrero01<4><STEAM_1:1:56372835><TERRORIST>" triggered "clantag" (value "")
Game will not start until both teams have players.
L 09/13/2013 - 15:45:17: "Cuchillin<3><STEAM_1:1:56695116>" switched from team <Unassigned> to <CT>
L 09/13/2013 - 15:45:18: "Cuchillin<3><STEAM_1:1:56695116><CT>" triggered "clantag" (value "")
Game will not start until both teams have players.
ConVarRef sf_ui_tint doesn't point to an existing ConVar
ConVarRef sf_ui_tint doesn't point to an existing ConVar
L 09/13/2013 - 15:45:24: World triggered "Round_Start"
L 09/13/2013 - 15:45:38: "cmarrero01<4><STEAM_1:1:56372835><TERRORIST>" [-118 -515 64] killed "Cuchillin<3><STEAM_1:1:56695116><CT>" [15 -342 122] with "mp9" (headshot)
L 09/13/2013 - 15:45:48: "cmarrero01<4><STEAM_1:1:56372835><TERRORIST>" [284 -498 64] killed "Cuchillin<3><STEAM_1:1:56695116><CT>" [142 -680 128] with "mac10"
L 09/13/2013 - 15:46:13: "Cuchillin<3><STEAM_1:1:56695116><CT>" [580 -18 176] killed "cmarrero01<4><STEAM_1:1:56372835><TERRORIST>" [601 -157 209] with "mp9" (headshot)
L 09/13/2013 - 15:46:44: "cmarrero01<4><STEAM_1:1:56372835><TERRORIST>" [-240 -181 -107] committed suicide with "world"
L 09/13/2013 - 15:46:52: "Cuchillin<3><STEAM_1:1:56695116><CT>" [199 -281 -107] committed suicide with "world"
L 09/13/2013 - 15:47:02: "cmarrero01<4><STEAM_1:1:56372835><TERRORIST>" [-295 -581 64] killed "Cuchillin<3><STEAM_1:1:56695116><CT>" [-208 -588 128] with "mac10"
L 09/13/2013 - 15:47:19: "Cuchillin<3><STEAM_1:1:56695116><CT>" [-182 -704 64] killed "cmarrero01<4><STEAM_1:1:56372835><TERRORIST>" [-400 -535 128] with "mp9"
L 09/13/2013 - 15:47:37: "Cuchillin<3><STEAM_1:1:56695116><CT>" [18 -133 -176] killed "cmarrero01<4><STEAM_1:1:56372835><TERRORIST>" [477 -190 -53] with "mac10"
L 09/13/2013 - 15:47:59: "Cuchillin<3><STEAM_1:1:56695116><CT>" [-577 445 144] killed "cmarrero01<4><STEAM_1:1:56372835><TERRORIST>" [-608 96 236] with "mp7"
L 09/13/2013 - 15:48:09: "Cuchillin<3><STEAM_1:1:56695116><CT>" [-438 814 64] killed "cmarrero01<4><STEAM_1:1:56372835><TERRORIST>" [-449 797 128] with "bizon"
L 09/13/2013 - 15:48:18: "cmarrero01<4><STEAM_1:1:56372835><TERRORIST>" [-103 996 64] killed "Cuchillin<3><STEAM_1:1:56695116><CT>" [-471 831 110] with "mp7"
L 09/13/2013 - 15:48:29: "Cuchillin<3><STEAM_1:1:56695116><CT>" [-307 -602 64] killed "cmarrero01<4><STEAM_1:1:56372835><TERRORIST>" [-229 -620 128] with "ump45" (headshot)
L 09/13/2013 - 15:48:40: "Cuchillin<3><STEAM_1:1:56695116><CT>" [-317 57 160] killed "cmarrero01<4><STEAM_1:1:56372835><TERRORIST>" [-303 263 160] with "p90"
L 09/13/2013 - 15:48:45: "Cuchillin<3><STEAM_1:1:56695116><CT>" [-127 701 64] killed "cmarrero01<4><STEAM_1:1:56372835><TERRORIST>" [31 929 110] with "nova"
L 09/13/2013 - 15:49:06: "cmarrero01<4><STEAM_1:1:56372835><TERRORIST>" [-612 -46 176] killed "Cuchillin<3><STEAM_1:1:56695116><CT>" [-309 402 128] with "bizon"
L 09/13/2013 - 15:49:13: "Cuchillin<3><STEAM_1:1:56695116><CT>" [-213 -693 64] killed "cmarrero01<4><STEAM_1:1:56372835><TERRORIST>" [-400 -696 128] with "mag7"
L 09/13/2013 - 15:49:24: "Cuchillin<3><STEAM_1:1:56695116><CT>" [387 991 64] killed "cmarrero01<4><STEAM_1:1:56372835><TERRORIST>" [400 1260 128] with "xm1014"
L 09/13/2013 - 15:49:34: "Cuchillin<3><STEAM_1:1:56695116><CT>" [-260 1220 65] killed "cmarrero01<4><STEAM_1:1:56372835><TERRORIST>" [-222 1240 128] with "sawedoff" (headshot)
L 09/13/2013 - 15:49:46: "cmarrero01<4><STEAM_1:1:56372835><TERRORIST>" [-118 100 32] killed "Cuchillin<3><STEAM_1:1:56695116><CT>" [-124 396 110] with "ump45"
L 09/13/2013 - 15:49:56: "Cuchillin<3><STEAM_1:1:56695116><CT>" [-255 -732 64] killed "cmarrero01<4><STEAM_1:1:56372835><TERRORIST>" [-201 -730 110] with "galilar"
L 09/13/2013 - 15:50:09: "cmarrero01<4><STEAM_1:1:56372835><TERRORIST>" [59 770 64] killed "Cuchillin<3><STEAM_1:1:56695116><CT>" [230 552 128] with "p90" (headshot)
L 09/13/2013 - 15:50:25: "cmarrero01<4><STEAM_1:1:56372835><TERRORIST>" [400 528 64] killed "Cuchillin<3><STEAM_1:1:56695116><CT>" [300 543 128] with "nova"
L 09/13/2013 - 15:50:37: "Cuchillin<3><STEAM_1:1:56695116><CT>" [311 15 152] killed "cmarrero01<4><STEAM_1:1:56372835><TERRORIST>" [-223 157 177] with "famas" (headshot)
L 09/13/2013 - 15:50:50: "cmarrero01<4><STEAM_1:1:56372835><TERRORIST>" [253 349 83] killed "Cuchillin<3><STEAM_1:1:56695116><CT>" [132 -7 206] with "mag7"
L 09/13/2013 - 15:50:59: "cmarrero01<4><STEAM_1:1:56372835><TERRORIST>" [384 -22 -19] killed "Cuchillin<3><STEAM_1:1:56695116><CT>" [131 -381 110] with "xm1014"
L 09/13/2013 - 15:51:08: "Cuchillin<3><STEAM_1:1:56695116><CT>" [-336 -624 64] killed "cmarrero01<4><STEAM_1:1:56372835><TERRORIST>" [49 -517 128] with "ak47"
L 09/13/2013 - 15:51:22: "cmarrero01<4><STEAM_1:1:56372835><TERRORIST>" [-521 580 128] killed "Cuchillin<3><STEAM_1:1:56695116><CT>" [-659 162 190] with "sawedoff" (headshot)
L 09/13/2013 - 15:51:29: "Cuchillin<3><STEAM_1:1:56695116><CT>" [-99 -750 64] killed "cmarrero01<4><STEAM_1:1:56372835><TERRORIST>" [-293 -537 128] with "m4a1"
L 09/13/2013 - 15:51:39: "Cuchillin<3><STEAM_1:1:56695116><CT>" [-285 -462 64] killed "cmarrero01<4><STEAM_1:1:56372835><TERRORIST>" [-293 62 206] with "sg556"
L 09/13/2013 - 15:51:50: "Cuchillin<3><STEAM_1:1:56695116><CT>" [646 -74 176] killed "cmarrero01<4><STEAM_1:1:56372835><TERRORIST>" [-184 606 110] with "aug" (headshot)
L 09/13/2013 - 15:51:59: "Cuchillin<3><STEAM_1:1:56695116><CT>" [598 -107 168] killed "cmarrero01<4><STEAM_1:1:56372835><TERRORIST>" [301 375 119] with "awp"
L 09/13/2013 - 15:52:18: "cmarrero01<4><STEAM_1:1:56372835><TERRORIST>" [516 -561 134] killed "Cuchillin<3><STEAM_1:1:56695116><CT>" [632 -146 196] with "galilar" (headshot)
L 09/13/2013 - 15:52:35: "Cuchillin<3><STEAM_1:1:56695116><CT>" [619 -152 147] killed "cmarrero01<4><STEAM_1:1:56372835><TERRORIST>" [530 -560 180] with "m249"
L 09/13/2013 - 15:52:53: "Cuchillin<3><STEAM_1:1:56695116><CT>" [630 -76 176] killed "cmarrero01<4><STEAM_1:1:56372835><TERRORIST>" [450 -827 128] with "negev" (headshot)
L 09/13/2013 - 15:53:00: "cmarrero01<4><STEAM_1:1:56372835><TERRORIST>" [255 582 64] killed "Cuchillin<3><STEAM_1:1:56695116><CT>" [526 -30 222] with "famas" (headshot)
L 09/13/2013 - 15:53:04: "cmarrero01<4><STEAM_1:1:56372835><TERRORIST>" [190 218 -107] committed suicide with "world"
L 09/13/2013 - 15:53:22: "Cuchillin<3><STEAM_1:1:56695116><CT>" [610 -7 176] killed "cmarrero01<4><STEAM_1:1:56372835><TERRORIST>" [-299 -343 131] with "glock"
L 09/13/2013 - 15:53:36: "cmarrero01<4><STEAM_1:1:56372835><TERRORIST>" [-382 -7 166] killed "Cuchillin<3><STEAM_1:1:56695116><CT>" [58 163 96] with "famas"
L 09/13/2013 - 15:53:42: "cmarrero01<4><STEAM_1:1:56372835><TERRORIST>" [-101 -735 64] killed "Cuchillin<3><STEAM_1:1:56695116><CT>" [-123 -768 128] with "ak47"
L 09/13/2013 - 15:53:49: "cmarrero01<4><STEAM_1:1:56372835><TERRORIST>" [-504 -798 64] killed "Cuchillin<3><STEAM_1:1:56695116><CT>" [-52 -1224 110] with "m4a1" (headshot)
L 09/13/2013 - 15:53:53: "cmarrero01<4><STEAM_1:1:56372835><TERRORIST>" [-523 -776 64] killed "Cuchillin<3><STEAM_1:1:56695116><CT>" [46 -1258 110] with "sg556" (headshot)
L 09/13/2013 - 15:53:59: "Cuchillin<3><STEAM_1:1:56695116><CT>" [-404 -800 64] killed "cmarrero01<4><STEAM_1:1:56372835><TERRORIST>" [-554 -806 128] with "hkp2000"
L 09/13/2013 - 15:54:06: "cmarrero01<4><STEAM_1:1:56372835><TERRORIST>" [-16 664 104] killed "Cuchillin<3><STEAM_1:1:56695116><CT>" [-300 -187 187] with "aug"
L 09/13/2013 - 15:54:33: "Cuchillin<3><STEAM_1:1:56695116><CT>" [29 275 77] killed "cmarrero01<4><STEAM_1:1:56372835><TERRORIST>" [-728 -52 240] with "tec9" (headshot)
L 09/13/2013 - 15:54:54: "Cuchillin<3><STEAM_1:1:56695116><CT>" [913 -38 -176] killed "cmarrero01<4><STEAM_1:1:56372835><TERRORIST>" [948 -56 -112] with "knife_default_ct"
L 09/13/2013 - 15:55:24: "cmarrero01<4><STEAM_1:1:56372835><TERRORIST>" [-707 -31 176] killed "Cuchillin<3><STEAM_1:1:56695116><CT>" [-499 586 190] with "aug"
L 09/13/2013 - 15:55:27: "cmarrero01<4><STEAM_1:1:56372835><TERRORIST>" [-344 -187 -105] committed suicide with "world"
L 09/13/2013 - 15:55:39: "Cuchillin<3><STEAM_1:1:56695116><CT>" [49 272 86] killed "cmarrero01<4><STEAM_1:1:56372835><TERRORIST>" [-325 307 162] with "deagle"
L 09/13/2013 - 15:55:43: "cmarrero01<4><STEAM_1:1:56372835><TERRORIST>" [234 1226 65] killed "Cuchillin<3><STEAM_1:1:56695116><CT>" [-103 758 128] with "aug"
L 09/13/2013 - 15:55:58: "Cuchillin<3><STEAM_1:1:56695116><CT>" [-305 -552 64] killed "cmarrero01<4><STEAM_1:1:56372835><TERRORIST>" [-299 151 219] with "fiveseven"
L 09/13/2013 - 15:56:17: "Cuchillin<3><STEAM_1:1:56695116><CT>" [-290 268 112] killed "cmarrero01<4><STEAM_1:1:56372835><TERRORIST>" [-53 86 96] with "elite" (headshot)
ConVarRef sf_ui_tint doesn't point to an existing ConVar
L 09/13/2013 - 15:56:54: "cmarrero01<4><STEAM_1:1:56372835><TERRORIST>" [-162 1161 64] killed "Cuchillin<3><STEAM_1:1:56695116><CT>" [260 1181 138] with "awp"
L 09/13/2013 - 15:57:10: "cmarrero01<4><STEAM_1:1:56372835><TERRORIST>" [-71 1260 64] killed "Cuchillin<3><STEAM_1:1:56695116><CT>" [-192 969 128] with "m249" (headshot)
L 09/13/2013 - 15:57:22: "cmarrero01<4><STEAM_1:1:56372835><TERRORIST>" [-293 -155 153] killed "Cuchillin<3><STEAM_1:1:56695116><CT>" [-236 -604 128] with "negev"
L 09/13/2013 - 15:57:35: "cmarrero01<4><STEAM_1:1:56372835><TERRORIST>" [-46 -906 64] killed "Cuchillin<3><STEAM_1:1:56695116><CT>" [-139 -733 128] with "glock"
L 09/13/2013 - 15:57:46: "cmarrero01<4><STEAM_1:1:56372835><TERRORIST>" [545 -458 144] killed "Cuchillin<3><STEAM_1:1:56695116><CT>" [544 -658 168] with "hkp2000"
L 09/13/2013 - 15:57:51: "cmarrero01<4><STEAM_1:1:56372835><TERRORIST>" [1 -1025 64] killed "Cuchillin<3><STEAM_1:1:56695116><CT>" [-220 -1075 128] with "tec9" (headshot)
L 09/13/2013 - 15:57:58: "cmarrero01<4><STEAM_1:1:56372835><TERRORIST>" [-554 -703 45] killed "Cuchillin<3><STEAM_1:1:56695116><CT>" [-394 -886 128] with "p250"
L 09/13/2013 - 15:58:19: "Cuchillin<3><STEAM_1:1:56695116><CT>" [-383 -1250 64] killed "cmarrero01<4><STEAM_1:1:56372835><TERRORIST>" [-399 -1288 128] with "knifegg"
=======
L 09/05/2013 - 12:39:31: "GOTV<5><BOT><>" connected, address "none"
PutClientInServer: no info_player_start on level
L 09/05/2013 - 12:39:31: "GOTV<5><BOT><>" entered the game
L 09/05/2013 - 12:39:31: "GOTV<5><BOT><Unassigned>" changed name to "Battle Pro Beta TV GOTV"
L 09/05/2013 - 12:39:31: World triggered "Round_Start"
GOTV broadcast active.
L 09/05/2013 - 12:39:32: "KaiserSoze<6><STEAM_1:1:34140120><>" connected, address "186.59.10.27:14416"
Client "KaiserSoze" connected (186.59.10.27:14416).
L 09/05/2013 - 12:39:32: "KaiserSoze<6><STEAM_1:1:34140120><>" STEAM USERID validated
PutClientInServer: no info_player_start on level
L 09/05/2013 - 12:39:52: "KaiserSoze<6><STEAM_1:1:34140120><>" entered the game
CreateFragmentsFromFile: 'downloads/1ab72a88.dat' doesn't exist.
L 09/05/2013 - 12:39:56: "KaiserSoze<6><STEAM_1:1:34140120><Unassigned>" triggered "clantag" (value "")
L 09/05/2013 - 12:40:03: "KaiserSoze<6><STEAM_1:1:34140120>" switched from team <Unassigned> to <TERRORIST>
L 09/05/2013 - 12:40:03: "KaiserSoze<6><STEAM_1:1:34140120><TERRORIST>" triggered "clantag" (value "")
Game will not start until both teams have players.
L 09/05/2013 - 12:40:48: "Cuchillin<7><STEAM_1:1:56695116><>" connected, address "190.15.199.82:26305"
Client "Cuchillin" connected (190.15.199.82:26305).
L 09/05/2013 - 12:40:49: "Cuchillin<7><STEAM_1:1:56695116><>" STEAM USERID validated
CreateFragmentsFromFile: 'downloads/1ab72a88.dat' doesn't exist.
PutClientInServer: no info_player_start on level
L 09/05/2013 - 12:41:01: "Cuchillin<7><STEAM_1:1:56695116><>" entered the game
CreateFragmentsFromFile: 'downloads/1ab72a88.dat' doesn't exist.
CreateFragmentsFromFile: 'downloads/1ab72a88.dat' doesn't exist.
L 09/05/2013 - 12:41:03: "Cuchillin<7><STEAM_1:1:56695116><Unassigned>" triggered "clantag" (value "")
L 09/05/2013 - 12:41:08: "Cuchillin<7><STEAM_1:1:56695116>" switched from team <Unassigned> to <CT>
L 09/05/2013 - 12:41:09: "Cuchillin<7><STEAM_1:1:56695116><CT>" triggered "clantag" (value "")
L 09/05/2013 - 12:41:09: World triggered "Game_Commencing"
ConVarRef sf_ui_tint doesn't point to an existing ConVar
ConVarRef sf_ui_tint doesn't point to an existing ConVar
L 09/05/2013 - 12:41:15: World triggered "Round_Start"
L 09/05/2013 - 12:41:26: "KaiserSoze<6><STEAM_1:1:34140120><TERRORIST>" [252 -1057 64] killed "Cuchillin<7><STEAM_1:1:56695116><CT>" [357 -1122 128] with "mp9" (headshot)
L 09/05/2013 - 12:41:34: "KaiserSoze<6><STEAM_1:1:34140120><TERRORIST>" [-256 -1090 64] killed "Cuchillin<7><STEAM_1:1:56695116><CT>" [-378 -1092 128] with "mac10" (headshot)
L 09/05/2013 - 12:41:42: "KaiserSoze<6><STEAM_1:1:34140120><TERRORIST>" [315 -1023 64] killed "Cuchillin<7><STEAM_1:1:56695116><CT>" [392 -994 128] with "mp7" (headshot)
L 09/05/2013 - 12:41:50: "KaiserSoze<6><STEAM_1:1:34140120><TERRORIST>" [135 -1143 64] killed "Cuchillin<7><STEAM_1:1:56695116><CT>" [214 -1180 128] with "bizon" (headshot)
L 09/05/2013 - 12:41:58: "KaiserSoze<6><STEAM_1:1:34140120><TERRORIST>" [313 -1173 64] killed "Cuchillin<7><STEAM_1:1:56695116><CT>" [368 -1184 128] with "ump45" (headshot)
L 09/05/2013 - 12:42:05: "KaiserSoze<6><STEAM_1:1:34140120><TERRORIST>" [318 -1251 64] killed "Cuchillin<7><STEAM_1:1:56695116><CT>" [370 -1272 112] with "p90" (headshot)
L 09/05/2013 - 12:42:13: "KaiserSoze<6><STEAM_1:1:34140120><TERRORIST>" [120 -1146 64] killed "Cuchillin<7><STEAM_1:1:56695116><CT>" [152 -1192 128] with "nova" (headshot)
L 09/05/2013 - 12:42:21: "KaiserSoze<6><STEAM_1:1:34140120><TERRORIST>" [-266 -1238 64] killed "Cuchillin<7><STEAM_1:1:56695116><CT>" [-284 -1270 112] with "mag7" (headshot)
L 09/05/2013 - 12:42:39: "KaiserSoze<6><STEAM_1:1:34140120><TERRORIST>" [-32 293 -176] killed "Cuchillin<7><STEAM_1:1:56695116><CT>" [32 568 -112] with "xm1014" (headshot)
L 09/05/2013 - 12:42:50: "KaiserSoze<6><STEAM_1:1:34140120><TERRORIST>" [16 -1051 64] killed "Cuchillin<7><STEAM_1:1:56695116><CT>" [96 -1262 128] with "sawedoff" (headshot)
L 09/05/2013 - 12:42:57: "KaiserSoze<6><STEAM_1:1:34140120><TERRORIST>" [-189 -1164 64] killed "Cuchillin<7><STEAM_1:1:56695116><CT>" [-212 -1196 128] with "galilar" (headshot)
L 09/05/2013 - 12:43:05: "KaiserSoze<6><STEAM_1:1:34140120><TERRORIST>" [-122 -1169 64] killed "Cuchillin<7><STEAM_1:1:56695116><CT>" [-154 -1196 128] with "famas" (headshot)
L 09/05/2013 - 12:43:25: "KaiserSoze<6><STEAM_1:1:34140120><TERRORIST>" [-83 -142 -176] killed "Cuchillin<7><STEAM_1:1:56695116><CT>" [-32 568 -112] with "ak47"
L 09/05/2013 - 12:43:36: "KaiserSoze<6><STEAM_1:1:34140120><TERRORIST>" [-62 -808 64] killed "Cuchillin<7><STEAM_1:1:56695116><CT>" [378 -1104 128] with "m4a1"
L 09/05/2013 - 12:43:43: "KaiserSoze<6><STEAM_1:1:34140120><TERRORIST>" [-319 -1038 64] killed "Cuchillin<7><STEAM_1:1:56695116><CT>" [-372 -1014 128] with "sg556" (headshot)
L 09/05/2013 - 12:43:51: "KaiserSoze<6><STEAM_1:1:34140120><TERRORIST>" [-78 -1255 64] killed "Cuchillin<7><STEAM_1:1:56695116><CT>" [-124 -1264 128] with "aug" (headshot)
L 09/05/2013 - 12:43:59: "KaiserSoze<6><STEAM_1:1:34140120><TERRORIST>" [10 -1218 64] killed "Cuchillin<7><STEAM_1:1:56695116><CT>" [-10 -1260 128] with "awp" (headshot)
L 09/05/2013 - 12:44:07: "KaiserSoze<6><STEAM_1:1:34140120><TERRORIST>" [-48 -1219 64] killed "Cuchillin<7><STEAM_1:1:56695116><CT>" [-68 -1264 128] with "m249" (headshot)
L 09/05/2013 - 12:44:15: "KaiserSoze<6><STEAM_1:1:34140120><TERRORIST>" [-289 -1112 64] killed "Cuchillin<7><STEAM_1:1:56695116><CT>" [-376 -1148 128] with "negev" (headshot)
L 09/05/2013 - 12:44:24: "KaiserSoze<6><STEAM_1:1:34140120><TERRORIST>" [4 -1209 64] killed "Cuchillin<7><STEAM_1:1:56695116><CT>" [46 -1258 128] with "glock" (headshot)
L 09/05/2013 - 12:44:30: "Cuchillin<7><STEAM_1:1:56695116><CT>" [380 -1046 64] killed "KaiserSoze<6><STEAM_1:1:34140120><TERRORIST>" [155 -1157 110] with "mp9" (headshot)
L 09/05/2013 - 12:44:44: "KaiserSoze<6><STEAM_1:1:34140120><TERRORIST>" [-111 -743 64] killed "Cuchillin<7><STEAM_1:1:56695116><CT>" [380 -1046 128] with "hkp2000" (headshot)
L 09/05/2013 - 12:44:51: "KaiserSoze<6><STEAM_1:1:34140120><TERRORIST>" [-111 -1176 64] killed "Cuchillin<7><STEAM_1:1:56695116><CT>" [-184 -1018 128] with "tec9"
L 09/05/2013 - 12:44:57: "KaiserSoze<6><STEAM_1:1:34140120><TERRORIST>" [139 -1090 64] killed "Cuchillin<7><STEAM_1:1:56695116><CT>" [203 -1034 128] with "p250" (headshot)
L 09/05/2013 - 12:45:02: "KaiserSoze<6><STEAM_1:1:34140120><TERRORIST>" [4 -1098 64] killed "Cuchillin<7><STEAM_1:1:56695116><CT>" [85 -1121 128] with "deagle" (headshot)
L 09/05/2013 - 12:45:08: "KaiserSoze<6><STEAM_1:1:34140120><TERRORIST>" [135 -1106 64] killed "Cuchillin<7><STEAM_1:1:56695116><CT>" [305 -1161 128] with "fiveseven" (headshot)
L 09/05/2013 - 12:45:16: "KaiserSoze<6><STEAM_1:1:34140120><TERRORIST>" [240 -1208 64] killed "Cuchillin<7><STEAM_1:1:56695116><CT>" [370 -1272 112] with "elite" (headshot)
ConVarRef sf_ui_tint doesn't point to an existing ConVar
L 09/05/2013 - 12:45:24: "KaiserSoze<6><STEAM_1:1:34140120><TERRORIST>" [184 -1197 64] killed "Cuchillin<7><STEAM_1:1:56695116><CT>" [152 -1192 128] with "knifegg"
>>>>>>> 17d9fc13edd57280f34934e5cca54135a016d5fe
Going to intermission...
CHANGELEVEL: Looking for next level in mapgroup 'mg_bomb'
Looking for next map in mapgroup 'mg_bomb'...
CHANGELEVEL: Choosing map 'de_mirage' (previous was ar_baggage)
<<<<<<< HEAD
L 09/13/2013 - 15:58:19: Team "CT" triggered "SFUI_Notice_CTs_Win" (CT "0") (T "0")
L 09/13/2013 - 15:58:19: Team "CT" scored "0" with "1" players
L 09/13/2013 - 15:58:19: Team "TERRORIST" scored "0" with "1" players
L 09/13/2013 - 15:58:19: World triggered "Round_End"
=======
L 09/05/2013 - 12:45:24: Team "TERRORIST" triggered "SFUI_Notice_Terrorists_Win" (CT "0") (T "0")
L 09/05/2013 - 12:45:24: Team "CT" scored "0" with "1" players
L 09/05/2013 - 12:45:24: Team "TERRORIST" scored "0" with "1" players
L 09/05/2013 - 12:45:24: World triggered "Round_End"
>>>>>>> 17d9fc13edd57280f34934e5cca54135a016d5fe
