L 09/12/2013 - 11:38:35: "Drahtz<4><STEAM_1:0:42575687><TERRORIST>" disconnected (reason "Drahtz timed out")
L 09/12/2013 - 11:38:35: "Drahtz<4><STEAM_1:0:42575687>" switched from team <TERRORIST> to <Unassigned>
Game will not start until both teams have players.
Dropped Drahtz from server (Drahtz timed out)
L 09/12/2013 - 11:38:39: "Dijkstra<3><STEAM_1:0:54679011><CT>" disconnected (reason "Dijkstra timed out")
L 09/12/2013 - 11:38:39: "Dijkstra<3><STEAM_1:0:54679011>" switched from team <CT> to <Unassigned>
Game will not start until both teams have players.
Dropped Dijkstra from server (Dijkstra timed out)
-> Reservation cookie 0:  reason reserved(yes), clients(no), reservationexpires(0.00)
Server is hibernating
L 09/12/2013 - 11:38:44: "Battle Pro Beta TV GOTV<2><BOT><Unassigned>" disconnected (reason "Punting bot, server is hibernating")
Game will not start until both teams have players.
-> Reservation cookie 18600007dc79aa8:  reason ReplyReservationRequest
ApplyGameSettings: Map de_bank not part of Mapgroup mg_bomb
ApplyGameSettings: MapGroup mg_bomb not part of type gungame mode deathmatch
Executing server command:
mapgroup mg_bomb
nextlevel de_bank
map de_bank reserved

---
Setting mapgroup to 'mg_bomb'
L 09/12/2013 - 17:57:02: server_cvar: "nextlevel" "de_bank"
Server waking up from hibernation
L 09/12/2013 - 17:57:02: [META] Loaded 0 plugins (1 already loaded)
---- Host_Changelevel ----
L 09/12/2013 - 17:57:02: [META] Loaded 0 plugins (1 already loaded)
*** Map Load: de_bank: Map Group mg_bombL 09/12/2013 - 17:57:02: Loading map "de_bank"
L 09/12/2013 - 17:57:02: server cvars start
L 09/12/2013 - 17:57:02: "cash_player_killed_teammate" = "0"
L 09/12/2013 - 17:57:02: "sv_maxspeed" = "320"
L 09/12/2013 - 17:57:02: "cash_player_respawn_amount" = "0"
L 09/12/2013 - 17:57:02: "cash_team_rescued_hostage" = "0"
L 09/12/2013 - 17:57:02: "cash_team_win_by_defusing_bomb" = "0"
L 09/12/2013 - 17:57:02: "sv_rollangle" = "0"
L 09/12/2013 - 17:57:02: "r_AirboatViewZHeight" = "0.0"
L 09/12/2013 - 17:57:02: "sv_cheats" = "0"
L 09/12/2013 - 17:57:02: "r_VehicleViewDampen" = "1"
L 09/12/2013 - 17:57:02: "metamod_version" = "1.10.0-devV"
L 09/12/2013 - 17:57:02: "mp_allowNPCs" = "1"
L 09/12/2013 - 17:57:02: "mp_tournament" = "0"
L 09/12/2013 - 17:57:02: "sv_spec_hear" = "1"
L 09/12/2013 - 17:57:02: "cash_player_interact_with_hostage" = "0"
L 09/12/2013 - 17:57:02: "mp_flashlight" = "0"
L 09/12/2013 - 17:57:02: "mp_maxrounds" = "0"
L 09/12/2013 - 17:57:02: "sv_tags" = ""
L 09/12/2013 - 17:57:02: "sv_stepsize" = "18"
L 09/12/2013 - 17:57:02: "mp_teamlist" = "hgrunt;scientist"
L 09/12/2013 - 17:57:02: "sv_alltalk" = "1"
L 09/12/2013 - 17:57:02: "mp_footsteps" = "1"
L 09/12/2013 - 17:57:02: "sv_noclipaccelerate" = "5"
L 09/12/2013 - 17:57:02: "sv_wateraccelerate" = "10"
L 09/12/2013 - 17:57:02: "mp_autocrosshair" = "1"
L 09/12/2013 - 17:57:02: "mp_stalemate_enable" = "0"
L 09/12/2013 - 17:57:02: "sourcemod_version" = "1.5.0-dev+3755"
L 09/12/2013 - 17:57:02: "cash_team_elimination_bomb_map" = "0"
L 09/12/2013 - 17:57:02: "cash_player_get_killed" = "0"
L 09/12/2013 - 17:57:02: "mp_roundtime_defuse" = "0"
L 09/12/2013 - 17:57:02: "sv_autobuyammo" = "1"
L 09/12/2013 - 17:57:02: "sv_rollspeed" = "200"
L 09/12/2013 - 17:57:02: "sv_airaccelerate" = "10"
L 09/12/2013 - 17:57:02: "mp_teams_unbalance_limit" = "1"
L 09/12/2013 - 17:57:02: "mp_timelimit" = "10"
L 09/12/2013 - 17:57:02: "cash_team_loser_bonus" = "0"
L 09/12/2013 - 17:57:02: "sv_deadtalk" = "1"
L 09/12/2013 - 17:57:02: "cash_player_rescued_hostage" = "0"
L 09/12/2013 - 17:57:02: "sv_waterfriction" = "1"
L 09/12/2013 - 17:57:02: "sv_competitive_official_5v5" = "0"
L 09/12/2013 - 17:57:02: "sv_steamgroup" = ""
L 09/12/2013 - 17:57:02: "cash_player_killed_enemy_default" = "0"
L 09/12/2013 - 17:57:02: "coop" = "0"
L 09/12/2013 - 17:57:02: "mp_respawnwavetime" = "10.0"
L 09/12/2013 - 17:57:02: "nextlevel" = "de_bank"
L 09/12/2013 - 17:57:02: "sv_stopspeed" = "75"
L 09/12/2013 - 17:57:02: "sv_specaccelerate" = "5"
L 09/12/2013 - 17:57:02: "deathmatch" = "1"
L 09/12/2013 - 17:57:02: "tv_enable" = "1"
L 09/12/2013 - 17:57:02: "mp_falldamage" = "0"
L 09/12/2013 - 17:57:02: "mp_teammates_are_enemies" = "0"
L 09/12/2013 - 17:57:02: "mp_roundtime_hostage" = "0"
L 09/12/2013 - 17:57:02: "mp_freezetime" = "0"
L 09/12/2013 - 17:57:02: "sv_accelerate_use_weapon_speed" = "0"
L 09/12/2013 - 17:57:02: "sv_voiceenable" = "1"
L 09/12/2013 - 17:57:02: "sv_bounce" = "0"
L 09/12/2013 - 17:57:02: "r_AirboatViewDampenFreq" = "7.0"
L 09/12/2013 - 17:57:02: "mp_disable_respawn_times" = "0"
L 09/12/2013 - 17:57:02: "mp_weaponstay" = "0"
L 09/12/2013 - 17:57:02: "mp_hostagepenalty" = "10"
L 09/12/2013 - 17:57:02: "tv_advertise_watchable" = "0"
L 09/12/2013 - 17:57:02: "mp_friendlyfire" = "1"
L 09/12/2013 - 17:57:02: "sv_noclipspeed" = "5"
L 09/12/2013 - 17:57:02: "cash_team_hostage_interaction" = "0"
L 09/12/2013 - 17:57:02: "sv_allchat" = "1"
L 09/12/2013 - 17:57:02: "cash_team_win_by_time_running_out_bomb" = "0"
L 09/12/2013 - 17:57:02: "mp_buy_during_immunity" = "1"
L 09/12/2013 - 17:57:02: "cash_player_killed_enemy_factor" = "0"
L 09/12/2013 - 17:57:02: "r_JeepViewDampenDamp" = "1.0"
L 09/12/2013 - 17:57:02: "mp_c4timer" = "45"
L 09/12/2013 - 17:57:02: "r_AirboatViewDampenDamp" = "1.0"
L 09/12/2013 - 17:57:02: "sv_competitive_minspec" = "1"
L 09/12/2013 - 17:57:02: "sm_nextmap" = ""
L 09/12/2013 - 17:57:02: "mp_stalemate_at_timelimit" = "0"
L 09/12/2013 - 17:57:02: "sv_footsteps" = "1"
L 09/12/2013 - 17:57:02: "mp_limitteams" = "0"
L 09/12/2013 - 17:57:02: "sv_vote_issue_kick_allowed" = "1"
L 09/12/2013 - 17:57:02: "tv_relaypassword" = ""
L 09/12/2013 - 17:57:02: "mp_teamplay" = "0"
L 09/12/2013 - 17:57:02: "cash_team_terrorist_win_bomb" = "0"
L 09/12/2013 - 17:57:02: "cash_team_elimination_hostage_map_t" = "0"
L 09/12/2013 - 17:57:02: "r_JeepViewDampenFreq" = "7.0"
L 09/12/2013 - 17:57:02: "sv_specnoclip" = "1"
L 09/12/2013 - 17:57:02: "sv_friction" = "4.8"
L 09/12/2013 - 17:57:02: "cash_team_win_by_time_running_out_hostage" = "0"
L 09/12/2013 - 17:57:02: "cash_player_bomb_planted" = "0"
L 09/12/2013 - 17:57:02: "mp_autoteambalance" = "0"
L 09/12/2013 - 17:57:02: "sv_contact" = ""
L 09/12/2013 - 17:57:02: "sv_vote_kick_ban_duration" = "15"
L 09/12/2013 - 17:57:02: "cash_player_bomb_defused" = "0"
L 09/12/2013 - 17:57:02: "mp_roundtime" = "10"
L 09/12/2013 - 17:57:02: "sv_kick_ban_duration" = "15"
L 09/12/2013 - 17:57:02: "cash_team_planted_bomb_but_defused" = "0"
L 09/12/2013 - 17:57:02: "cash_player_killed_hostage" = "0"
L 09/12/2013 - 17:57:02: "mp_fraglimit" = "0"
L 09/12/2013 - 17:57:02: "mp_forcerespawn" = "1"
L 09/12/2013 - 17:57:02: "decalfrequency" = "10"
L 09/12/2013 - 17:57:02: "mp_buy_anywhere" = "1"
L 09/12/2013 - 17:57:02: "sv_accelerate" = "5.6"
L 09/12/2013 - 17:57:02: "mp_winlimit" = "0"
L 09/12/2013 - 17:57:02: "sv_gravity" = "800"
L 09/12/2013 - 17:57:02: "sv_password" = "battle2011"
L 09/12/2013 - 17:57:02: "cash_team_elimination_hostage_map_ct" = "0"
L 09/12/2013 - 17:57:02: "cash_team_win_by_hostage_rescue" = "0"
L 09/12/2013 - 17:57:02: "r_JeepViewZHeight" = "10.0"
L 09/12/2013 - 17:57:02: "cash_team_loser_bonus_consecutive_rounds" = "0"
L 09/12/2013 - 17:57:02: "cash_player_damage_hostage" = "0"
L 09/12/2013 - 17:57:02: "cash_team_hostage_alive" = "0"
L 09/12/2013 - 17:57:02: "tv_password" = "battle2011"
L 09/12/2013 - 17:57:02: "sv_specspeed" = "3"
L 09/12/2013 - 17:57:02: server cvars end
Missing map material: TOOLS/TOOLSBLOCKBULLETS_CS
Missing map material: BRICK/BRICKWALL014A
L 09/12/2013 - 17:57:02: Started map "de_bank" (CRC "-927131616")
L 09/12/2013 - 17:57:02: -------- Mapchange to de_bank --------
GameTypes: initializing game types interface from GameModes.txt.
GameTypes: merging game types interface from gamemodes_server.txt.
GameTypes: missing mapgroupsSP entry for game type/mode (custom/custom).
bot_autodifficulty_threshold_high - 2.0
bot_autodifficulty_threshold_low - -6.0
bot_chatter - normal
bot_defer_to_human_goals - 0
bot_defer_to_human_items - 1
bot_difficulty - 1
bot_quota - 10
bot_quota_mode - normal
bot_allow_grenades - 1
bot_allow_pistols - 1
bot_allow_sub_machine_guns - 1
bot_allow_shotguns - 1
bot_allow_rifles - 1
bot_allow_snipers - 1
bot_allow_machine_guns - 1
mp_playercashawards - 1
L 09/12/2013 - 17:57:02: server_cvar: "cash_player_bomb_defused" "300"
cash_player_bomb_defused - 300
L 09/12/2013 - 17:57:02: server_cvar: "cash_player_bomb_planted" "300"
cash_player_bomb_planted - 300
L 09/12/2013 - 17:57:02: server_cvar: "cash_player_damage_hostage" "-30"
cash_player_damage_hostage - -30
L 09/12/2013 - 17:57:02: server_cvar: "cash_player_interact_with_hostage" "150"
cash_player_interact_with_hostage - 150
L 09/12/2013 - 17:57:02: server_cvar: "cash_player_killed_enemy_default" "300"
cash_player_killed_enemy_default - 300
L 09/12/2013 - 17:57:02: server_cvar: "cash_player_killed_enemy_factor" "1"
cash_player_killed_enemy_factor - 1
L 09/12/2013 - 17:57:02: server_cvar: "cash_player_killed_hostage" "-1000"
cash_player_killed_hostage - -1000
L 09/12/2013 - 17:57:02: server_cvar: "cash_player_killed_teammate" "-3300"
cash_player_killed_teammate - -3300
L 09/12/2013 - 17:57:02: server_cvar: "cash_player_rescued_hostage" "1000"
cash_player_rescued_hostage - 1000
cash_player_respawn_amount - 0
cash_player_get_killed - 0
mp_teamcashawards - 1
L 09/12/2013 - 17:57:02: server_cvar: "cash_team_elimination_bomb_map" "3250"
cash_team_elimination_bomb_map - 3250
L 09/12/2013 - 17:57:02: server_cvar: "cash_team_elimination_hostage_map_t" "1000"
cash_team_elimination_hostage_map_t - 1000
L 09/12/2013 - 17:57:02: server_cvar: "cash_team_elimination_hostage_map_ct" "2000"
cash_team_elimination_hostage_map_ct - 2000
cash_team_hostage_alive - 0
L 09/12/2013 - 17:57:02: server_cvar: "cash_team_hostage_interaction" "500"
cash_team_hostage_interaction - 500
L 09/12/2013 - 17:57:02: server_cvar: "cash_team_loser_bonus" "1400"
cash_team_loser_bonus - 1400
L 09/12/2013 - 17:57:02: server_cvar: "cash_team_loser_bonus_consecutive_rounds" "500"
cash_team_loser_bonus_consecutive_rounds - 500
L 09/12/2013 - 17:57:02: server_cvar: "cash_team_planted_bomb_but_defused" "800"
cash_team_planted_bomb_but_defused - 800
cash_team_rescued_hostage - 0
L 09/12/2013 - 17:57:02: server_cvar: "cash_team_terrorist_win_bomb" "3500"
cash_team_terrorist_win_bomb - 3500
L 09/12/2013 - 17:57:02: server_cvar: "cash_team_win_by_defusing_bomb" "3250"
cash_team_win_by_defusing_bomb - 3250
L 09/12/2013 - 17:57:02: server_cvar: "cash_team_win_by_hostage_rescue" "3500"
cash_team_win_by_hostage_rescue - 3500
L 09/12/2013 - 17:57:02: server_cvar: "cash_team_win_by_time_running_out_bomb" "3250"
cash_team_win_by_time_running_out_bomb - 3250
L 09/12/2013 - 17:57:02: server_cvar: "cash_team_win_by_time_running_out_hostage" "3250"
cash_team_win_by_time_running_out_hostage - 3250
mp_afterroundmoney - 0
mp_buytime - 90
L 09/12/2013 - 17:57:02: server_cvar: "mp_buy_anywhere" "0"
mp_buy_anywhere - 0
L 09/12/2013 - 17:57:02: server_cvar: "mp_buy_during_immunity" "0"
mp_buy_during_immunity - 0
mp_startmoney - 800
mp_maxmoney - 16000
mp_death_drop_defuser - 1
mp_death_drop_grenade - 2
mp_death_drop_gun - 1
mp_deathcam_skippable - 1
mp_defuser_allocation - 0
mp_give_player_c4 - 1
mp_free_armor - 0
mp_molotovusedelay - 15.0
mp_weapons_allow_zeus - 1
mp_weapons_allow_map_placed - 0
mp_weapons_glow_on_ground - 0
mp_ct_default_melee - weapon_knife
mp_ct_default_secondary - weapon_hkp2000
mp_ct_default_primary - 
mp_ct_default_grenades - 
mp_t_default_melee - weapon_knife
mp_t_default_secondary - weapon_glock
mp_t_default_primary - 
mp_t_default_grenades - 
mp_buy_allow_grenades - 1
L 09/12/2013 - 17:57:02: server_cvar: "mp_freezetime" "6"
mp_freezetime - 6
mp_force_pick_time - 15
mp_halftime - 0
mp_match_can_clinch - 1
mp_maxrounds - 0
L 09/12/2013 - 17:57:02: server_cvar: "mp_roundtime" "5"
mp_roundtime - 5
mp_roundtime_defuse - 0
mp_roundtime_hostage - 0
L 09/12/2013 - 17:57:02: server_cvar: "mp_timelimit" "5"
mp_timelimit - 5
mp_warmuptime - 30
mp_warmup_pausetimer - 0
mp_halftime_pausetimer - 0
mp_default_team_winner_no_objective - -1
mp_hostagepenalty - 10
mp_solid_teammates - 1
sv_allow_votes - 1
L 09/12/2013 - 17:57:02: server_cvar: "sv_alltalk" "0"
sv_alltalk - 0
L 09/12/2013 - 17:57:02: server_cvar: "sv_deadtalk" "0"
sv_deadtalk - 0
sv_ignoregrenaderadio - 0
mp_teammates_are_enemies - 0
mp_damage_scale_ct_body - 1.0
mp_damage_scale_ct_head - 1.0
mp_damage_scale_t_body - 1.0
mp_damage_scale_t_head - 1.0
L 09/12/2013 - 17:57:02: server_cvar: "mp_friendlyfire" "0"
mp_friendlyfire - 0
ff_damage_reduction_bullets - 0.1
ff_damage_reduction_grenade - 0.25
ff_damage_reduction_grenade_self - 1
ff_damage_reduction_other - 0.25
L 09/12/2013 - 17:57:02: server_cvar: "mp_limitteams" "2"
mp_limitteams - 2
spec_freeze_panel_extended_time - 0.0
spec_freeze_time - 5.0
mp_forcecamera - 1
mp_respawn_immunitytime - 4.0
mp_respawn_on_death_t - 0
mp_respawn_on_death_ct - 0
mp_display_kill_assists - 1
mp_use_respawn_waves - 0
mp_respawnwavetime_ct - 10.0
mp_respawnwavetime_t - 10.0
mp_randomspawn - 0
mp_randomspawn_los - 1
mp_radar_showall - 0
sv_gravity - 800
sv_accelerate - 5.6
sv_stopspeed - 75
sv_airaccelerate - 10
sv_wateraccelerate - 10
sv_waterfriction - 1
sv_friction - 4.8
sv_bounce - 0
sv_maxvelocity - 3500
sv_maxspeed - 320
mp_ggprogressive_round_restart_delay - 15.0
mp_ggtr_bomb_defuse_bonus - 1.0
mp_ggtr_bomb_detonation_bonus - 1.0
mp_ggtr_bomb_pts_for_flash - 4
mp_ggtr_bomb_pts_for_he - 3
mp_ggtr_bomb_pts_for_molotov - 5
mp_ggtr_bomb_pts_for_upgrade - 2.0
mp_ggtr_bomb_respawn_delay - 0.0
mp_ggtr_end_round_kill_bonus - 1
mp_ggtr_halftime_delay - 0.0
mp_ggtr_last_weapon_kill_ends_half - 0
sv_arms_race_vote_to_restart_disallowed_after - 0
Executing dedicated server config file
L 09/12/2013 - 17:57:02: server_cvar: "nextlevel" ""
Server logging enabled.
L 09/12/2013 - 17:57:02: server_cvar: "mp_freezetime" "0"
L 09/12/2013 - 17:57:02: server_cvar: "mp_limitteams" "0"
maxplayers set to 64
L 09/12/2013 - 17:57:02: server_cvar: "cash_player_bomb_defused" "0"
L 09/12/2013 - 17:57:02: server_cvar: "cash_player_bomb_planted" "0"
L 09/12/2013 - 17:57:02: server_cvar: "cash_player_damage_hostage" "0"
L 09/12/2013 - 17:57:02: server_cvar: "cash_player_interact_with_hostage" "0"
L 09/12/2013 - 17:57:02: server_cvar: "cash_player_killed_enemy_default" "0"
L 09/12/2013 - 17:57:02: server_cvar: "cash_player_killed_enemy_factor" "0"
L 09/12/2013 - 17:57:02: server_cvar: "cash_player_killed_hostage" "0"
L 09/12/2013 - 17:57:02: server_cvar: "cash_player_killed_teammate" "0"
L 09/12/2013 - 17:57:02: server_cvar: "cash_player_rescued_hostage" "0"
L 09/12/2013 - 17:57:02: server_cvar: "cash_team_elimination_bomb_map" "0"
L 09/12/2013 - 17:57:02: server_cvar: "cash_team_elimination_hostage_map_t" "0"
L 09/12/2013 - 17:57:02: server_cvar: "cash_team_elimination_hostage_map_ct" "0"
L 09/12/2013 - 17:57:02: server_cvar: "cash_team_hostage_interaction" "0"
L 09/12/2013 - 17:57:02: server_cvar: "cash_team_loser_bonus" "0"
L 09/12/2013 - 17:57:02: server_cvar: "cash_team_loser_bonus_consecutive_rounds" "0"
L 09/12/2013 - 17:57:02: server_cvar: "cash_team_planted_bomb_but_defused" "0"
L 09/12/2013 - 17:57:02: server_cvar: "cash_team_terrorist_win_bomb" "0"
L 09/12/2013 - 17:57:02: server_cvar: "cash_team_win_by_defusing_bomb" "0"
L 09/12/2013 - 17:57:02: server_cvar: "cash_team_win_by_hostage_rescue" "0"
L 09/12/2013 - 17:57:02: server_cvar: "cash_team_win_by_time_running_out_bomb" "0"
L 09/12/2013 - 17:57:02: server_cvar: "cash_team_win_by_time_running_out_hostage" "0"
L 09/12/2013 - 17:57:02: server_cvar: "mp_buy_anywhere" "1"
L 09/12/2013 - 17:57:02: server_cvar: "mp_buy_during_immunity" "1"
Unknown command "mp_deathcam_skippable"
L 09/12/2013 - 17:57:02: server_cvar: "mp_friendlyfire" "1"
L 09/12/2013 - 17:57:02: server_cvar: "mp_roundtime" "10"
L 09/12/2013 - 17:57:02: server_cvar: "mp_timelimit" "10"
L 09/12/2013 - 17:57:02: server_cvar: "sv_alltalk" "1"
L 09/12/2013 - 17:57:02: server_cvar: "sv_deadtalk" "1"
exec: couldn't exec gamemode_deathmatch_server.cfg
Attempted to create unknown entity type ai_addon_builder!
Can't init ai_addon_builder
gas_door has Door model (models/props_doors/doorglassmain01_small.mdl) with no door_options or m_nPhysicsMaterial specified! Verify that SKIN is valid, and has a corresponding options block in the model QC file
door_metal01 has Door model (models/props_doors/doorglassmain01_small.mdl) with no door_options or m_nPhysicsMaterial specified! Verify that SKIN is valid, and has a corresponding options block in the model QC file
grocery_door_l has Door model (models/props_doors/doorglassmain01_small.mdl) with no door_options or m_nPhysicsMaterial specified! Verify that SKIN is valid, and has a corresponding options block in the model QC file
grocery_door_r has Door model (models/props_doors/doorglassmain01_small.mdl) with no door_options or m_nPhysicsMaterial specified! Verify that SKIN is valid, and has a corresponding options block in the model QC file
prop_door_rotating has Door model (models/props_urban/outhouse_door001.mdl) with no door_options or m_nPhysicsMaterial specified! Verify that SKIN is valid, and has a corresponding options block in the model QC file
prop_door_rotating has Door model (models/props_urban/outhouse_door001.mdl) with no door_options or m_nPhysicsMaterial specified! Verify that SKIN is valid, and has a corresponding options block in the model QC file
Commentary: Could not find commentary data file 'maps/de_bank_commentary.txt'. 
Error parsing BotProfile.db - unknown attribute 'Rank'
Error parsing BotProfile.db - unknown attribute 'Rank'
Error parsing BotProfile.db - unknown attribute 'Rank'
Error parsing BotProfile.db - unknown attribute 'Rank'
Error parsing BotProfile.db - unknown attribute 'Rank'
Error parsing BotProfile.db - unknown attribute 'Rank'
Error parsing BotProfile.db - unknown attribute 'Rank'
Error parsing BotProfile.db - unknown attribute 'Rank'
L 09/12/2013 - 17:57:02: "GOTV<5><BOT><>" connected, address "none"
PutClientInServer: no info_player_start on level
L 09/12/2013 - 17:57:02: "GOTV<5><BOT><>" entered the game
L 09/12/2013 - 17:57:02: "GOTV<5><BOT><Unassigned>" changed name to "Battle Pro Beta TV GOTV"
L 09/12/2013 - 17:57:02: World triggered "Round_Start"
GOTV broadcast active.
L 09/12/2013 - 17:57:02: "Cuchillin<6><STEAM_1:1:56695116><>" connected, address "190.15.199.82:6849"
Client "Cuchillin" connected (190.15.199.82:6849).
L 09/12/2013 - 17:57:03: "Cuchillin<6><STEAM_1:1:56695116><>" STEAM USERID validated
L 09/12/2013 - 17:57:20: "Cuchillin<6><STEAM_1:1:56695116><>" entered the game
L 09/12/2013 - 17:57:23: "cmarrero01<7><STEAM_1:1:56372835><>" connected, address "190.15.199.82:6881"
Client "cmarrero01" connected (190.15.199.82:6881).
L 09/12/2013 - 17:57:24: "cmarrero01<7><STEAM_1:1:56372835><>" STEAM USERID validated
CreateFragmentsFromFile: 'downloads/1ab72a88.dat' doesn't exist.
L 09/12/2013 - 17:57:27: "Cuchillin<6><STEAM_1:1:56695116><Unassigned>" triggered "clantag" (value "")
Giving up attempts to make more random spawn points. Current count: 42.
L 09/12/2013 - 17:57:38: "Cuchillin<6><STEAM_1:1:56695116>" switched from team <Unassigned> to <CT>
L 09/12/2013 - 17:57:39: "Cuchillin<6><STEAM_1:1:56695116><CT>" triggered "clantag" (value "")
Game will not start until both teams have players.
L 09/12/2013 - 17:57:45: "Cuchillin<6><STEAM_1:1:56695116><CT>" purchased "m4a1_silencer"
CreateFragmentsFromFile: 'downloads/1ab72a88.dat' doesn't exist.
L 09/12/2013 - 17:59:50: "cmarrero01<7><STEAM_1:1:56372835><>" entered the game
CreateFragmentsFromFile: 'downloads/1ab72a88.dat' doesn't exist.
CreateFragmentsFromFile: 'downloads/1ab72a88.dat' doesn't exist.
L 09/12/2013 - 18:00:36: "cmarrero01<7><STEAM_1:1:56372835><Unassigned>" triggered "clantag" (value "")
L 09/12/2013 - 18:01:08: "cmarrero01<7><STEAM_1:1:56372835>" switched from team <Unassigned> to <TERRORIST>
L 09/12/2013 - 18:01:09: "cmarrero01<7><STEAM_1:1:56372835><TERRORIST>" triggered "clantag" (value "")
L 09/12/2013 - 18:01:09: World triggered "Game_Commencing"
Attempted to create unknown entity type ai_addon_builder!
Can't init ai_addon_builder
gas_door has Door model (models/props_doors/doorglassmain01_small.mdl) with no door_options or m_nPhysicsMaterial specified! Verify that SKIN is valid, and has a corresponding options block in the model QC file
prop_door_rotating has Door model (models/props_urban/outhouse_door001.mdl) with no door_options or m_nPhysicsMaterial specified! Verify that SKIN is valid, and has a corresponding options block in the model QC file
door_metal01 has Door model (models/props_doors/doorglassmain01_small.mdl) with no door_options or m_nPhysicsMaterial specified! Verify that SKIN is valid, and has a corresponding options block in the model QC file
grocery_door_l has Door model (models/props_doors/doorglassmain01_small.mdl) with no door_options or m_nPhysicsMaterial specified! Verify that SKIN is valid, and has a corresponding options block in the model QC file
grocery_door_r has Door model (models/props_doors/doorglassmain01_small.mdl) with no door_options or m_nPhysicsMaterial specified! Verify that SKIN is valid, and has a corresponding options block in the model QC file
prop_door_rotating has Door model (models/props_urban/outhouse_door001.mdl) with no door_options or m_nPhysicsMaterial specified! Verify that SKIN is valid, and has a corresponding options block in the model QC file
L 09/12/2013 - 18:01:09: World triggered "Round_Start"
L 09/12/2013 - 18:01:09: "cmarrero01<7><STEAM_1:1:56372835><TERRORIST>" purchased "nova"
L 09/12/2013 - 18:01:09: "cmarrero01<7><STEAM_1:1:56372835><TERRORIST>" purchased "p250"
L 09/12/2013 - 18:01:10: "Cuchillin<6><STEAM_1:1:56695116><CT>" purchased "m4a1_silencer"
L 09/12/2013 - 18:01:20: "cmarrero01<7><STEAM_1:1:56372835><TERRORIST>" purchased "awp"
L 09/12/2013 - 18:01:25: "cmarrero01<7><STEAM_1:1:56372835><TERRORIST>" [354 446 -25] killed "Cuchillin<6><STEAM_1:1:56695116><CT>" [-20 -338 169] with "awp"
L 09/12/2013 - 18:01:28: "Cuchillin<6><STEAM_1:1:56695116><CT>" purchased "m4a1_silencer"
L 09/12/2013 - 18:01:31: "Cuchillin<6><STEAM_1:1:56695116><CT>" [632 659 -30] killed "cmarrero01<7><STEAM_1:1:56372835><TERRORIST>" [430 787 39] with "m4a1_silencer"
L 09/12/2013 - 18:01:35: "cmarrero01<7><STEAM_1:1:56372835><TERRORIST>" purchased "mp7"
L 09/12/2013 - 18:01:35: "cmarrero01<7><STEAM_1:1:56372835><TERRORIST>" purchased "tec9"
L 09/12/2013 - 18:01:42: "cmarrero01<7><STEAM_1:1:56372835><TERRORIST>" purchased "awp"
L 09/12/2013 - 18:01:59: "Cuchillin<6><STEAM_1:1:56695116><CT>" purchased "m4a1_silencer"
L 09/12/2013 - 18:01:59: "Cuchillin<6><STEAM_1:1:56695116><CT>" purchased "mp7"
L 09/12/2013 - 18:01:59: "Cuchillin<6><STEAM_1:1:56695116><CT>" purchased "awp"
L 09/12/2013 - 18:02:39: "cmarrero01<7><STEAM_1:1:56372835><TERRORIST>" [-203 -316 -25] killed "Cuchillin<6><STEAM_1:1:56695116><CT>" [1534 -604 36] with "awp"
L 09/12/2013 - 18:02:43: "Cuchillin<6><STEAM_1:1:56695116><CT>" purchased "awp"
L 09/12/2013 - 18:02:43: "Cuchillin<6><STEAM_1:1:56695116><CT>" purchased "aug"
L 09/12/2013 - 18:03:03: "Cuchillin<6><STEAM_1:1:56695116><CT>" purchased "aug"
L 09/12/2013 - 18:03:03: "Cuchillin<6><STEAM_1:1:56695116><CT>" purchased "elite"
L 09/12/2013 - 18:03:55: "Cuchillin<6><STEAM_1:1:56695116><CT>" [-277 -1647 -28] killed "cmarrero01<7><STEAM_1:1:56372835><TERRORIST>" [-311 -1664 41] with "elite"
L 09/12/2013 - 18:03:56: "Cuchillin<6><STEAM_1:1:56695116><CT>" purchased "aug"
L 09/12/2013 - 18:03:56: "Cuchillin<6><STEAM_1:1:56695116><CT>" purchased "m249"
L 09/12/2013 - 18:03:57: "cmarrero01<7><STEAM_1:1:56372835><TERRORIST>" purchased "ak47"
L 09/12/2013 - 18:03:57: "cmarrero01<7><STEAM_1:1:56372835><TERRORIST>" purchased "p250"
L 09/12/2013 - 18:03:58: "cmarrero01<7><STEAM_1:1:56372835><TERRORIST>" purchased "awp"
L 09/12/2013 - 18:03:59: "Cuchillin<6><STEAM_1:1:56695116><CT>" purchased "awp"
L 09/12/2013 - 18:04:33: "cmarrero01<7><STEAM_1:1:56372835><TERRORIST>" [57 -2003 -28] killed "Cuchillin<6><STEAM_1:1:56695116><CT>" [20 -1956 36] with "p250"
L 09/12/2013 - 18:04:37: "Cuchillin<6><STEAM_1:1:56695116><CT>" purchased "awp"
L 09/12/2013 - 18:05:09: "cmarrero01<7><STEAM_1:1:56372835><TERRORIST>" purchased "ak47"
L 09/12/2013 - 18:05:09: "cmarrero01<7><STEAM_1:1:56372835><TERRORIST>" purchased "deagle"
L 09/12/2013 - 18:05:09: "cmarrero01<7><STEAM_1:1:56372835><TERRORIST>" purchased "xm1014"
L 09/12/2013 - 18:05:32: "Cuchillin<6><STEAM_1:1:56695116><CT>" [126 -401 192] killed "cmarrero01<7><STEAM_1:1:56372835><TERRORIST>" [1285 -339 37] with "awp"
L 09/12/2013 - 18:05:35: "cmarrero01<7><STEAM_1:1:56372835><TERRORIST>" purchased "ump45"
L 09/12/2013 - 18:05:35: "cmarrero01<7><STEAM_1:1:56372835><TERRORIST>" purchased "elite"
L 09/12/2013 - 18:05:39: "cmarrero01<7><STEAM_1:1:56372835><TERRORIST>" purchased "awp"
L 09/12/2013 - 18:05:59: "Cuchillin<6><STEAM_1:1:56695116><CT>" [-148 -174 148] killed "cmarrero01<7><STEAM_1:1:56372835><TERRORIST>" [1597 -735 17] with "awp"
L 09/12/2013 - 18:06:02: "cmarrero01<7><STEAM_1:1:56372835><TERRORIST>" purchased "ak47"
L 09/12/2013 - 18:06:02: "cmarrero01<7><STEAM_1:1:56372835><TERRORIST>" purchased "glock"
L 09/12/2013 - 18:06:03: "cmarrero01<7><STEAM_1:1:56372835><TERRORIST>" purchased "awp"
L 09/12/2013 - 18:06:12: "Cuchillin<6><STEAM_1:1:56695116><CT>" purchased "awp"
L 09/12/2013 - 18:06:12: "Cuchillin<6><STEAM_1:1:56695116><CT>" purchased "negev"
L 09/12/2013 - 18:06:12: "Cuchillin<6><STEAM_1:1:56695116><CT>" purchased "awp"
L 09/12/2013 - 18:06:16: "Cuchillin<6><STEAM_1:1:56695116><CT>" [257 742 -27] killed "cmarrero01<7><STEAM_1:1:56372835><TERRORIST>" [172 -1580 36] with "awp"
L 09/12/2013 - 18:06:19: "cmarrero01<7><STEAM_1:1:56372835><TERRORIST>" purchased "awp"
L 09/12/2013 - 18:06:19: "cmarrero01<7><STEAM_1:1:56372835><TERRORIST>" purchased "deagle"
L 09/12/2013 - 18:06:24: "Cuchillin<6><STEAM_1:1:56695116><CT>" [-3 842 -32] killed "cmarrero01<7><STEAM_1:1:56372835><TERRORIST>" [969 -1532 23] with "awp"
L 09/12/2013 - 18:06:28: "cmarrero01<7><STEAM_1:1:56372835><TERRORIST>" purchased "galilar"
L 09/12/2013 - 18:06:28: "cmarrero01<7><STEAM_1:1:56372835><TERRORIST>" purchased "deagle"
L 09/12/2013 - 18:06:29: "cmarrero01<7><STEAM_1:1:56372835><TERRORIST>" purchased "awp"
L 09/12/2013 - 18:06:37: "cmarrero01<7><STEAM_1:1:56372835><TERRORIST>" [575 -908 -30] killed "Cuchillin<6><STEAM_1:1:56695116><CT>" [642 561 35] with "awp"
L 09/12/2013 - 18:06:40: "Cuchillin<6><STEAM_1:1:56695116><CT>" purchased "awp"
L 09/12/2013 - 18:07:16: "Cuchillin<6><STEAM_1:1:56695116><CT>" purchased "awp"
L 09/12/2013 - 18:07:16: "Cuchillin<6><STEAM_1:1:56695116><CT>" purchased "deagle"
L 09/12/2013 - 18:08:22: "Cuchillin<6><STEAM_1:1:56695116><CT>" purchased "awp"
L 09/12/2013 - 18:08:22: "Cuchillin<6><STEAM_1:1:56695116><CT>" purchased "ump45"
L 09/12/2013 - 18:08:22: "Cuchillin<6><STEAM_1:1:56695116><CT>" purchased "awp"
L 09/12/2013 - 18:09:33: "Cuchillin<6><STEAM_1:1:56695116><CT>" purchased "awp"
L 09/12/2013 - 18:09:33: "Cuchillin<6><STEAM_1:1:56695116><CT>" purchased "bizon"
L 09/12/2013 - 18:09:34: "Cuchillin<6><STEAM_1:1:56695116><CT>" purchased "awp"
L 09/12/2013 - 18:09:45: "cmarrero01<7><STEAM_1:1:56372835><TERRORIST>" [-552 -248 -25] killed "Cuchillin<6><STEAM_1:1:56695116><CT>" [-520 -264 39] with "awp" (headshot)
L 09/12/2013 - 18:09:48: "Cuchillin<6><STEAM_1:1:56695116><CT>" purchased "awp"
L 09/12/2013 - 18:09:56: "Cuchillin<6><STEAM_1:1:56695116><CT>" [1247 -578 -27] killed "cmarrero01<7><STEAM_1:1:56372835><TERRORIST>" [-551 -269 39] with "awp"
L 09/12/2013 - 18:10:00: "cmarrero01<7><STEAM_1:1:56372835><TERRORIST>" purchased "sawedoff"
L 09/12/2013 - 18:10:00: "cmarrero01<7><STEAM_1:1:56372835><TERRORIST>" purchased "elite"
L 09/12/2013 - 18:10:01: "cmarrero01<7><STEAM_1:1:56372835><TERRORIST>" purchased "awp"
L 09/12/2013 - 18:10:11: "Cuchillin<6><STEAM_1:1:56695116><CT>" [1326 -163 -26] killed "cmarrero01<7><STEAM_1:1:56372835><TERRORIST>" [353 -249 39] with "awp"
L 09/12/2013 - 18:10:15: "cmarrero01<7><STEAM_1:1:56372835><TERRORIST>" purchased "mac10"
L 09/12/2013 - 18:10:15: "cmarrero01<7><STEAM_1:1:56372835><TERRORIST>" purchased "tec9"
L 09/12/2013 - 18:10:15: "cmarrero01<7><STEAM_1:1:56372835><TERRORIST>" purchased "awp"
L 09/12/2013 - 18:10:40: "Cuchillin<6><STEAM_1:1:56695116><CT>" [1388 -47 -26] killed "cmarrero01<7><STEAM_1:1:56372835><TERRORIST>" [-63 -770 69] with "awp"
L 09/12/2013 - 18:10:44: "cmarrero01<7><STEAM_1:1:56372835><TERRORIST>" purchased "g3sg1"
L 09/12/2013 - 18:10:44: "cmarrero01<7><STEAM_1:1:56372835><TERRORIST>" purchased "glock"
L 09/12/2013 - 18:10:45: "cmarrero01<7><STEAM_1:1:56372835><TERRORIST>" purchased "awp"
L 09/12/2013 - 18:10:53: "Cuchillin<6><STEAM_1:1:56695116><CT>" [1330 -167 -26] killed "cmarrero01<7><STEAM_1:1:56372835><TERRORIST>" [666 -273 35] with "awp"
L 09/12/2013 - 18:10:56: "cmarrero01<7><STEAM_1:1:56372835><TERRORIST>" purchased "ak47"
L 09/12/2013 - 18:10:56: "cmarrero01<7><STEAM_1:1:56372835><TERRORIST>" purchased "deagle"
L 09/12/2013 - 18:11:00: "cmarrero01<7><STEAM_1:1:56372835><TERRORIST>" purchased "awp"
L 09/12/2013 - 18:11:02: "Cuchillin<6><STEAM_1:1:56695116><CT>" [1326 4 -26] killed "cmarrero01<7><STEAM_1:1:56372835><TERRORIST>" [1014 574 36] with "awp"
L 09/12/2013 - 18:11:04: "cmarrero01<7><STEAM_1:1:56372835><TERRORIST>" purchased "p90"
L 09/12/2013 - 18:11:04: "cmarrero01<7><STEAM_1:1:56372835><TERRORIST>" purchased "glock"
L 09/12/2013 - 18:11:05: "cmarrero01<7><STEAM_1:1:56372835><TERRORIST>" purchased "awp"
L 09/12/2013 - 18:11:09: Team "CT" triggered "SFUI_Notice_CTs_Win" (CT "0") (T "0")
L 09/12/2013 - 18:11:09: Team "CT" scored "0" with "1" players
L 09/12/2013 - 18:11:09: Team "TERRORIST" scored "0" with "1" players
L 09/12/2013 - 18:11:09: World triggered "Round_End"
L 09/12/2013 - 18:11:09: World triggered "Intermission_Time_Limit"
Going to intermission...
CHANGELEVEL: Looking for next level in mapgroup 'mg_bomb'
Looking for next map in mapgroup 'mg_bomb'...
CHANGELEVEL: Choosing map 'de_mirage' (previous was de_bank)
